nn_mfld_kfold_gs.py start!
1/81
(1000, 1, 0.001, 0.001)
val_acc_mean = 0.9676535307061412
time: 178.925443649292
-------------------------------------------------------------------------
2/81
(1000, 1, 0.001, 1e-05)
val_acc_mean = 0.9705141028205642
time: 162.38995575904846
-------------------------------------------------------------------------
3/81
(1000, 1, 0.001, 1e-07)
val_acc_mean = 0.9677935587117424
time: 160.1633858680725
-------------------------------------------------------------------------
4/81
(1000, 1, 1e-05, 0.001)
val_acc_mean = 0.9843968793758752
time: 167.6843023300171
-------------------------------------------------------------------------
5/81
(1000, 1, 1e-05, 1e-05)
val_acc_mean = 0.9849169833966792
time: 168.2449278831482
-------------------------------------------------------------------------
6/81
(1000, 1, 1e-05, 1e-07)
val_acc_mean = 0.9844768953790759
time: 163.8203055858612
-------------------------------------------------------------------------
7/81
(1000, 1, 1e-07, 0.001)
val_acc_mean = 0.988877775555111
time: 168.2179934978485
-------------------------------------------------------------------------
8/81
(1000, 1, 1e-07, 1e-05)
val_acc_mean = 0.9863972794558912
time: 162.12998819351196
-------------------------------------------------------------------------
9/81
(1000, 1, 1e-07, 1e-07)
val_acc_mean = 0.9833966793358672
time: 162.77074694633484
-------------------------------------------------------------------------
10/81
(1000, 0.1, 0.001, 0.001)
val_acc_mean = 0.9772954590918184
time: 159.97375082969666
-------------------------------------------------------------------------
11/81
(1000, 0.1, 0.001, 1e-05)
val_acc_mean = 0.9763552710542107
time: 163.06292700767517
-------------------------------------------------------------------------
12/81
(1000, 0.1, 0.001, 1e-07)
val_acc_mean = 0.9755551110222044
time: 159.64172220230103
-------------------------------------------------------------------------
13/81
(1000, 0.1, 1e-05, 0.001)
val_acc_mean = 0.985997199439888
time: 170.04501008987427
-------------------------------------------------------------------------
14/81
(1000, 0.1, 1e-05, 1e-05)
val_acc_mean = 0.9838367673534707
time: 159.94660902023315
-------------------------------------------------------------------------
15/81
(1000, 0.1, 1e-05, 1e-07)
val_acc_mean = 0.9843968793758752
time: 159.846581697464
-------------------------------------------------------------------------
16/81
(1000, 0.1, 1e-07, 0.001)
val_acc_mean = 0.9860372074414883
time: 161.70987939834595
-------------------------------------------------------------------------
17/81
(1000, 0.1, 1e-07, 1e-05)
val_acc_mean = 0.9833366673334666
time: 170.13715434074402
-------------------------------------------------------------------------
18/81
(1000, 0.1, 1e-07, 1e-07)
val_acc_mean = 0.9825565113022605
time: 162.44844007492065
-------------------------------------------------------------------------
19/81
(1000, 0.01, 0.001, 0.001)
val_acc_mean = 0.9570914182836567
time: 168.94496870040894
-------------------------------------------------------------------------
20/81
(1000, 0.01, 0.001, 1e-05)
val_acc_mean = 0.942988597719544
time: 178.28732681274414
-------------------------------------------------------------------------
21/81
(1000, 0.01, 0.001, 1e-07)
val_acc_mean = 0.9433286657331467
time: 185.6224446296692
-------------------------------------------------------------------------
22/81
(1000, 0.01, 1e-05, 0.001)
val_acc_mean = 0.959371874374875
time: 173.69334769248962
-------------------------------------------------------------------------
23/81
(1000, 0.01, 1e-05, 1e-05)
val_acc_mean = 0.951010202040408
time: 182.47506427764893
-------------------------------------------------------------------------
24/81
(1000, 0.01, 1e-05, 1e-07)
val_acc_mean = 0.9412082416483297
time: 168.4523220062256
-------------------------------------------------------------------------
25/81
(1000, 0.01, 1e-07, 0.001)
val_acc_mean = 0.9615523104620924
time: 180.73097944259644
-------------------------------------------------------------------------
26/81
(1000, 0.01, 1e-07, 1e-05)
val_acc_mean = 0.9359671934386876
time: 179.60536336898804
-------------------------------------------------------------------------
27/81
(1000, 0.01, 1e-07, 1e-07)
val_acc_mean = 0.9500300060012001
time: 185.44860577583313
-------------------------------------------------------------------------
28/81
(3000, 1, 0.001, 0.001)
val_acc_mean = 0.9717343468693738
time: 181.2326033115387
-------------------------------------------------------------------------
29/81
(3000, 1, 0.001, 1e-05)
val_acc_mean = 0.9705741148229645
time: 173.4083869457245
-------------------------------------------------------------------------
30/81
(3000, 1, 0.001, 1e-07)
val_acc_mean = 0.9686137227445488
time: 169.64103531837463
-------------------------------------------------------------------------
31/81
(3000, 1, 1e-05, 0.001)
val_acc_mean = 0.9877775555111021
time: 181.48942112922668
-------------------------------------------------------------------------
32/81
(3000, 1, 1e-05, 1e-05)
val_acc_mean = 0.9875575115023004
time: 172.04949188232422
-------------------------------------------------------------------------
33/81
(3000, 1, 1e-05, 1e-07)
val_acc_mean = 0.9869373874774954
time: 178.72420120239258
-------------------------------------------------------------------------
34/81
(3000, 1, 1e-07, 0.001)
val_acc_mean = 0.988117623524705
time: 175.67684698104858
-------------------------------------------------------------------------
35/81
(3000, 1, 1e-07, 1e-05)
val_acc_mean = 0.9890378075615123
time: 171.71922135353088
-------------------------------------------------------------------------
36/81
(3000, 1, 1e-07, 1e-07)
val_acc_mean = 0.9866373274654932
time: 174.2031388282776
-------------------------------------------------------------------------
37/81
(3000, 0.1, 0.001, 0.001)
val_acc_mean = 0.9773554710942187
time: 180.19476222991943
-------------------------------------------------------------------------
38/81
(3000, 0.1, 0.001, 1e-05)
val_acc_mean = 0.9765553110622124
time: 187.37180495262146
-------------------------------------------------------------------------
39/81
(3000, 0.1, 0.001, 1e-07)
val_acc_mean = 0.9757151430286057
time: 173.7542598247528
-------------------------------------------------------------------------
40/81
(3000, 0.1, 1e-05, 0.001)
val_acc_mean = 0.9869373874774956
time: 148.83791136741638
-------------------------------------------------------------------------
41/81
(3000, 0.1, 1e-05, 1e-05)
val_acc_mean = 0.9856371274254851
time: 144.7401087284088
-------------------------------------------------------------------------
42/81
(3000, 0.1, 1e-05, 1e-07)
val_acc_mean = 0.9852170434086819
time: 147.3391613960266
-------------------------------------------------------------------------
43/81
(3000, 0.1, 1e-07, 0.001)
val_acc_mean = 0.9861172234446889
time: 150.2445683479309
-------------------------------------------------------------------------
44/81
(3000, 0.1, 1e-07, 1e-05)
val_acc_mean = 0.9831966393278655
time: 149.2488214969635
-------------------------------------------------------------------------
45/81
(3000, 0.1, 1e-07, 1e-07)
val_acc_mean = 0.983496699339868
time: 148.04390382766724
-------------------------------------------------------------------------
46/81
(3000, 0.01, 0.001, 0.001)
val_acc_mean = 0.9573314662932587
time: 149.40529489517212
-------------------------------------------------------------------------
47/81
(3000, 0.01, 0.001, 1e-05)
val_acc_mean = 0.9468893778755751
time: 148.28317737579346
-------------------------------------------------------------------------
48/81
(3000, 0.01, 0.001, 1e-07)
val_acc_mean = 0.9458291658331668
time: 159.65340542793274
-------------------------------------------------------------------------
49/81
(3000, 0.01, 1e-05, 0.001)
val_acc_mean = 0.9609321864372875
time: 165.054101228714
-------------------------------------------------------------------------
50/81
(3000, 0.01, 1e-05, 1e-05)
val_acc_mean = 0.9468493698739747
time: 162.59897637367249
-------------------------------------------------------------------------
51/81
(3000, 0.01, 1e-05, 1e-07)
val_acc_mean = 0.9545909181836368
time: 174.91429090499878
-------------------------------------------------------------------------
52/81
(3000, 0.01, 1e-07, 0.001)
val_acc_mean = 0.9605721144228845
time: 168.04894042015076
-------------------------------------------------------------------------
53/81
(3000, 0.01, 1e-07, 1e-05)
val_acc_mean = 0.9525505101020204
time: 162.76361918449402
-------------------------------------------------------------------------
54/81
(3000, 0.01, 1e-07, 1e-07)
val_acc_mean = 0.9467093418683736
time: 172.56055355072021
-------------------------------------------------------------------------
55/81
(5000, 1, 0.001, 0.001)
val_acc_mean = 0.9719543908781756
time: 167.6134307384491
-------------------------------------------------------------------------
56/81
(5000, 1, 0.001, 1e-05)
val_acc_mean = 0.9710942188437688
time: 176.92181372642517
-------------------------------------------------------------------------
57/81
(5000, 1, 0.001, 1e-07)
val_acc_mean = 0.9705141028205642
time: 173.82406163215637
-------------------------------------------------------------------------
58/81
(5000, 1, 1e-05, 0.001)
val_acc_mean = 0.9879775955191038
time: 178.3273468017578
-------------------------------------------------------------------------
59/81
(5000, 1, 1e-05, 1e-05)
val_acc_mean = 0.9867973594718944
time: 178.4360110759735
-------------------------------------------------------------------------
60/81
(5000, 1, 1e-05, 1e-07)
val_acc_mean = 0.9854370874174835
time: 173.6693570613861
-------------------------------------------------------------------------
61/81
(5000, 1, 1e-07, 0.001)
val_acc_mean = 0.9872574514902981
time: 167.88110613822937
-------------------------------------------------------------------------
62/81
(5000, 1, 1e-07, 1e-05)
val_acc_mean = 0.9827365473094618
time: 176.2440688610077
-------------------------------------------------------------------------
63/81
(5000, 1, 1e-07, 1e-07)
val_acc_mean = 0.9857171434286857
time: 179.75123643875122
-------------------------------------------------------------------------
64/81
(5000, 0.1, 0.001, 0.001)
val_acc_mean = 0.9772354470894179
time: 177.31436777114868
-------------------------------------------------------------------------
65/81
(5000, 0.1, 0.001, 1e-05)
val_acc_mean = 0.9757951590318064
time: 183.7538275718689
-------------------------------------------------------------------------
66/81
(5000, 0.1, 0.001, 1e-07)
val_acc_mean = 0.9767753550710141
time: 179.60279846191406
-------------------------------------------------------------------------
67/81
(5000, 0.1, 1e-05, 0.001)
val_acc_mean = 0.9864372874574915
time: 174.03863883018494
-------------------------------------------------------------------------
68/81
(5000, 0.1, 1e-05, 1e-05)
val_acc_mean = 0.984876975395079
time: 174.90169310569763
-------------------------------------------------------------------------
69/81
(5000, 0.1, 1e-05, 1e-07)
val_acc_mean = 0.9848569713942789
time: 183.81123447418213
-------------------------------------------------------------------------
70/81
(5000, 0.1, 1e-07, 0.001)
val_acc_mean = 0.9870374074814963
time: 178.0242476463318
-------------------------------------------------------------------------
71/81
(5000, 0.1, 1e-07, 1e-05)
val_acc_mean = 0.983496699339868
time: 169.03352665901184
-------------------------------------------------------------------------
72/81
(5000, 0.1, 1e-07, 1e-07)
val_acc_mean = 0.9840368073614723
time: 166.5064091682434
-------------------------------------------------------------------------
73/81
(5000, 0.01, 0.001, 0.001)
val_acc_mean = 0.9574514902980595
time: 170.42711997032166
-------------------------------------------------------------------------
74/81
(5000, 0.01, 0.001, 1e-05)
val_acc_mean = 0.9482696539307861
time: 179.67093682289124
-------------------------------------------------------------------------
75/81
(5000, 0.01, 0.001, 1e-07)
val_acc_mean = 0.9451890378075616
time: 170.31990361213684
-------------------------------------------------------------------------
76/81
(5000, 0.01, 1e-05, 0.001)
val_acc_mean = 0.9613722744548909
time: 179.50658631324768
-------------------------------------------------------------------------
77/81
(5000, 0.01, 1e-05, 1e-05)
val_acc_mean = 0.9531906381276254
time: 170.85124230384827
-------------------------------------------------------------------------
78/81
(5000, 0.01, 1e-05, 1e-07)
val_acc_mean = 0.947609521904381
time: 136.25491905212402
-------------------------------------------------------------------------
79/81
(5000, 0.01, 1e-07, 0.001)
val_acc_mean = 0.9607521504300859
time: 131.67449235916138
-------------------------------------------------------------------------
80/81
(5000, 0.01, 1e-07, 1e-05)
val_acc_mean = 0.9494898979795959
time: 157.67929553985596
-------------------------------------------------------------------------
81/81
(5000, 0.01, 1e-07, 1e-07)
val_acc_mean = 0.9542308461692338
time: 178.89572882652283
-------------------------------------------------------------------------
best param
(3000, 1, 1e-07, 1e-05)
max_val_acc = 0.9890378075615123
