nn_mfld_kfold_gs.py start!
1/144
(1000, 2, 0.001, 0.001)
val_acc_mean = 0.6202503956147428
time: 5677.63263463974
-------------------------------------------------------------------------
2/144
(1000, 2, 0.001, 1e-05)
val_acc_mean = 0.6553422872357064
time: 4928.497747898102
-------------------------------------------------------------------------
3/144
(1000, 2, 0.001, 1e-07)
val_acc_mean = 0.6043645432565623
time: 4849.84121632576
-------------------------------------------------------------------------
4/144
(1000, 2, 1e-05, 0.001)
val_acc_mean = 0.778999581885594
time: 4769.212074041367
-------------------------------------------------------------------------
5/144
(1000, 2, 1e-05, 1e-05)
val_acc_mean = 0.7740168638766595
time: 4754.18386554718
-------------------------------------------------------------------------
6/144
(1000, 2, 1e-05, 1e-07)
val_acc_mean = 0.7982009845203251
time: 4751.84296131134
-------------------------------------------------------------------------
7/144
(1000, 2, 1e-07, 0.001)
val_acc_mean = 0.8735437831702388
time: 5143.082226276398
-------------------------------------------------------------------------
8/144
(1000, 2, 1e-07, 1e-05)
val_acc_mean = 0.8808328002183089
time: 5240.154181003571
-------------------------------------------------------------------------
9/144
(1000, 2, 1e-07, 1e-07)
val_acc_mean = 0.8825044276488416
time: 5247.786224126816
-------------------------------------------------------------------------
10/144
(1000, 1, 0.001, 0.001)
val_acc_mean = 0.6088609617314156
time: 5251.055108308792
-------------------------------------------------------------------------
11/144
(1000, 1, 0.001, 1e-05)
val_acc_mean = 0.6895220126096283
time: 5224.808012247086
-------------------------------------------------------------------------
12/144
(1000, 1, 0.001, 1e-07)
val_acc_mean = 0.651422410691982
time: 5244.711136817932
-------------------------------------------------------------------------
13/144
(1000, 1, 1e-05, 0.001)
val_acc_mean = 0.7981793708836942
time: 5194.547088384628
-------------------------------------------------------------------------
14/144
(1000, 1, 1e-05, 1e-05)
val_acc_mean = 0.8282004565008586
time: 5227.896137714386
-------------------------------------------------------------------------
15/144
(1000, 1, 1e-05, 1e-07)
val_acc_mean = 0.8220409221388356
time: 5218.429178953171
-------------------------------------------------------------------------
16/144
(1000, 1, 1e-07, 0.001)
val_acc_mean = 0.8808735783142174
time: 5187.468519449234
-------------------------------------------------------------------------
17/144
(1000, 1, 1e-07, 1e-05)
val_acc_mean = 0.8900688300161568
time: 5177.8434426784515
-------------------------------------------------------------------------
18/144
(1000, 1, 1e-07, 1e-07)
val_acc_mean = 0.8910090502177358
time: 5129.932901144028
-------------------------------------------------------------------------
19/144
(1000, 0.1, 0.001, 0.001)
val_acc_mean = 0.7536234833500135
time: 5139.753512620926
-------------------------------------------------------------------------
20/144
(1000, 0.1, 0.001, 1e-05)
val_acc_mean = 0.7672936924271265
time: 4995.248339891434
-------------------------------------------------------------------------
21/144
(1000, 0.1, 0.001, 1e-07)
val_acc_mean = 0.7393122524197965
time: 5132.456645727158
-------------------------------------------------------------------------
22/144
(1000, 0.1, 1e-05, 0.001)
val_acc_mean = 0.8024908926107622
time: 5068.776037931442
-------------------------------------------------------------------------
23/144
(1000, 0.1, 1e-05, 1e-05)
val_acc_mean = 0.8591915820322591
time: 5056.1871383190155
-------------------------------------------------------------------------
24/144
(1000, 0.1, 1e-05, 1e-07)
val_acc_mean = 0.8470727579440178
time: 5024.349311590195
-------------------------------------------------------------------------
25/144
(1000, 0.1, 1e-07, 0.001)
val_acc_mean = 0.8682685111844906
time: 5041.9458820819855
-------------------------------------------------------------------------
26/144
(1000, 0.1, 1e-07, 1e-05)
val_acc_mean = 0.8615604603334311
time: 4943.378163814545
-------------------------------------------------------------------------
27/144
(1000, 0.1, 1e-07, 1e-07)
val_acc_mean = 0.8492520102270502
time: 4612.396316289902
-------------------------------------------------------------------------
28/144
(1000, 0.01, 0.001, 0.001)
val_acc_mean = 0.8044336554788076
time: 4629.716927528381
-------------------------------------------------------------------------
29/144
(1000, 0.01, 0.001, 1e-05)
val_acc_mean = 0.8039280747279131
time: 4594.272998094559
-------------------------------------------------------------------------
30/144
(1000, 0.01, 0.001, 1e-07)
val_acc_mean = 0.8030632001198285
time: 4649.875906467438
-------------------------------------------------------------------------
31/144
(1000, 0.01, 1e-05, 0.001)
val_acc_mean = 0.8845290006360939
time: 4630.989675283432
-------------------------------------------------------------------------
32/144
(1000, 0.01, 1e-05, 1e-05)
val_acc_mean = 0.878520059380101
time: 4641.5709891319275
-------------------------------------------------------------------------
33/144
(1000, 0.01, 1e-05, 1e-07)
val_acc_mean = 0.8402722039506398
time: 4922.377186536789
-------------------------------------------------------------------------
34/144
(1000, 0.01, 1e-07, 0.001)
val_acc_mean = 0.8871989020822104
time: 4908.829661369324
-------------------------------------------------------------------------
35/144
(1000, 0.01, 1e-07, 1e-05)
val_acc_mean = 0.8813836230678991
time: 4754.870306253433
-------------------------------------------------------------------------
36/144
(1000, 0.01, 1e-07, 1e-07)
val_acc_mean = 0.8898021197702548
time: 4290.167755842209
-------------------------------------------------------------------------
37/144
(3000, 2, 0.001, 0.001)
val_acc_mean = 0.5587650350243991
time: 5467.775363445282
-------------------------------------------------------------------------
38/144
(3000, 2, 0.001, 1e-05)
val_acc_mean = 0.5964470531868815
time: 5982.737275600433
-------------------------------------------------------------------------
39/144
(3000, 2, 0.001, 1e-07)
val_acc_mean = 0.6377651889177743
time: 6005.646915912628
-------------------------------------------------------------------------
40/144
(3000, 2, 1e-05, 0.001)
val_acc_mean = 0.7462268237225719
time: 6009.303523778915
-------------------------------------------------------------------------
41/144
(3000, 2, 1e-05, 1e-05)
val_acc_mean = 0.7948146985016288
time: 6015.844603061676
-------------------------------------------------------------------------
42/144
(3000, 2, 1e-05, 1e-07)
val_acc_mean = 0.7714631328229602
time: 5996.87161564827
-------------------------------------------------------------------------
43/144
(3000, 2, 1e-07, 0.001)
val_acc_mean = 0.8825690077578082
time: 6021.425365447998
-------------------------------------------------------------------------
44/144
(3000, 2, 1e-07, 1e-05)
val_acc_mean = 0.8723261170466949
time: 5935.515331029892
-------------------------------------------------------------------------
45/144
(3000, 2, 1e-07, 1e-07)
val_acc_mean = 0.8951332922092694
time: 5721.755763530731
-------------------------------------------------------------------------
46/144
(3000, 1, 0.001, 0.001)
val_acc_mean = 0.5952380601232209
time: 5687.354288339615
-------------------------------------------------------------------------
47/144
(3000, 1, 0.001, 1e-05)
val_acc_mean = 0.6718329243282137
time: 5674.380486726761
-------------------------------------------------------------------------
48/144
(3000, 1, 0.001, 1e-07)
val_acc_mean = 0.6593439544120481
time: 5704.971489906311
-------------------------------------------------------------------------
49/144
(3000, 1, 1e-05, 0.001)
val_acc_mean = 0.8136567473845208
time: 5713.619837284088
-------------------------------------------------------------------------
50/144
(3000, 1, 1e-05, 1e-05)
val_acc_mean = 0.8165268330626425
time: 5662.744284152985
-------------------------------------------------------------------------
51/144
(3000, 1, 1e-05, 1e-07)
val_acc_mean = 0.8259155534595299
time: 5600.112055778503
-------------------------------------------------------------------------
52/144
(3000, 1, 1e-07, 0.001)
val_acc_mean = 0.893502543316212
time: 5571.155273675919
-------------------------------------------------------------------------
53/144
(3000, 1, 1e-07, 1e-05)
val_acc_mean = 0.9106644137428781
time: 5585.217588186264
-------------------------------------------------------------------------
54/144
(3000, 1, 1e-07, 1e-07)
val_acc_mean = 0.9159181771853492
time: 5587.355204582214
-------------------------------------------------------------------------
55/144
(3000, 0.1, 0.001, 0.001)
val_acc_mean = 0.7414507595165768
time: 5586.13548874855
-------------------------------------------------------------------------
56/144
(3000, 0.1, 0.001, 1e-05)
val_acc_mean = 0.768109017150451
time: 5588.248654603958
-------------------------------------------------------------------------
57/144
(3000, 0.1, 0.001, 1e-07)
val_acc_mean = 0.7578962726102307
time: 5602.0279812812805
-------------------------------------------------------------------------
58/144
(3000, 0.1, 1e-05, 0.001)
val_acc_mean = 0.8861834400381843
time: 5582.829973697662
-------------------------------------------------------------------------
59/144
(3000, 0.1, 1e-05, 1e-05)
val_acc_mean = 0.8591267779200834
time: 5570.260031223297
-------------------------------------------------------------------------
60/144
(3000, 0.1, 1e-05, 1e-07)
val_acc_mean = 0.8076886391201498
time: 5535.823068380356
-------------------------------------------------------------------------
61/144
(3000, 0.1, 1e-07, 0.001)
val_acc_mean = 0.88177732401703
time: 5542.547722816467
-------------------------------------------------------------------------
62/144
(3000, 0.1, 1e-07, 1e-05)
val_acc_mean = 0.8642990680928888
time: 5538.269859790802
-------------------------------------------------------------------------
63/144
(3000, 0.1, 1e-07, 1e-07)
val_acc_mean = 0.8560438874344868
time: 5542.440505981445
-------------------------------------------------------------------------
64/144
(3000, 0.01, 0.001, 0.001)
val_acc_mean = 0.8075618170152656
time: 5520.5893478393555
-------------------------------------------------------------------------
65/144
(3000, 0.01, 0.001, 1e-05)
val_acc_mean = 0.805647059454713
time: 5457.6079251766205
-------------------------------------------------------------------------
66/144
(3000, 0.01, 0.001, 1e-07)
val_acc_mean = 0.8052899196294145
time: 5439.408526659012
-------------------------------------------------------------------------
67/144
(3000, 0.01, 1e-05, 0.001)
val_acc_mean = 0.8820225951030232
time: 5459.997668027878
-------------------------------------------------------------------------
68/144
(3000, 0.01, 1e-05, 1e-05)
val_acc_mean = 0.8630857366015426
time: 5466.667472600937
-------------------------------------------------------------------------
69/144
(3000, 0.01, 1e-05, 1e-07)
val_acc_mean = 0.8732187889741703
time: 5440.886425256729
-------------------------------------------------------------------------
70/144
(3000, 0.01, 1e-07, 0.001)
val_acc_mean = 0.8707986179881908
time: 5453.758994817734
-------------------------------------------------------------------------
71/144
(3000, 0.01, 1e-07, 1e-05)
val_acc_mean = 0.8800991754987593
time: 5432.224690437317
-------------------------------------------------------------------------
72/144
(3000, 0.01, 1e-07, 1e-07)
val_acc_mean = 0.8819730610019377
time: 5480.736063718796
-------------------------------------------------------------------------
73/144
(5000, 2, 0.001, 0.001)
val_acc_mean = 0.6048289774483713
time: 5500.788274526596
-------------------------------------------------------------------------
74/144
(5000, 2, 0.001, 1e-05)
val_acc_mean = 0.5389307386893745
time: 5479.939544439316
-------------------------------------------------------------------------
75/144
(5000, 2, 0.001, 1e-07)
val_acc_mean = 0.6011135020392986
time: 5463.451664447784
-------------------------------------------------------------------------
76/144
(5000, 2, 1e-05, 0.001)
val_acc_mean = 0.7754409002292899
time: 5467.418870210648
-------------------------------------------------------------------------
77/144
(5000, 2, 1e-05, 1e-05)
val_acc_mean = 0.79038491238376
time: 5470.232360601425
-------------------------------------------------------------------------
78/144
(5000, 2, 1e-05, 1e-07)
val_acc_mean = 0.805524399264189
time: 5507.176547288895
-------------------------------------------------------------------------
79/144
(5000, 2, 1e-07, 0.001)
val_acc_mean = 0.8864544657074127
time: 5475.356404542923
-------------------------------------------------------------------------
80/144
(5000, 2, 1e-07, 1e-05)
val_acc_mean = 0.8917319007277644
time: 5478.675906181335
-------------------------------------------------------------------------
81/144
(5000, 2, 1e-07, 1e-07)
val_acc_mean = 0.8957959209411845
time: 5460.629608869553
-------------------------------------------------------------------------
82/144
(5000, 1, 0.001, 0.001)
val_acc_mean = 0.6349383581690602
time: 5493.764348268509
-------------------------------------------------------------------------
83/144
(5000, 1, 0.001, 1e-05)
val_acc_mean = 0.6495443146273988
time: 5464.742954730988
-------------------------------------------------------------------------
84/144
(5000, 1, 0.001, 1e-07)
val_acc_mean = 0.6388905108003358
time: 5475.633546113968
-------------------------------------------------------------------------
85/144
(5000, 1, 1e-05, 0.001)
val_acc_mean = 0.8268192315841454
time: 5508.334033489227
-------------------------------------------------------------------------
86/144
(5000, 1, 1e-05, 1e-05)
val_acc_mean = 0.8401945737049303
time: 5471.556046485901
-------------------------------------------------------------------------
87/144
(5000, 1, 1e-05, 1e-07)
val_acc_mean = 0.8068626380368311
time: 5483.72859787941
-------------------------------------------------------------------------
88/144
(5000, 1, 1e-07, 0.001)
val_acc_mean = 0.9069467483142093
time: 5497.279933929443
-------------------------------------------------------------------------
89/144
(5000, 1, 1e-07, 1e-05)
val_acc_mean = 0.9154599194787589
time: 5474.6477909088135
-------------------------------------------------------------------------
90/144
(5000, 1, 1e-07, 1e-07)
val_acc_mean = 0.893741372394844
time: 5502.104460477829
-------------------------------------------------------------------------
91/144
(5000, 0.1, 0.001, 0.001)
val_acc_mean = 0.7673216569562686
time: 5516.0016412734985
-------------------------------------------------------------------------
92/144
(5000, 0.1, 0.001, 1e-05)
val_acc_mean = 0.7560137188146723
time: 5474.513688325882
-------------------------------------------------------------------------
93/144
(5000, 0.1, 0.001, 1e-07)
val_acc_mean = 0.7675045057375314
time: 5489.727381229401
-------------------------------------------------------------------------
94/144
(5000, 0.1, 1e-05, 0.001)
val_acc_mean = 0.8830573951110339
time: 5480.902978181839
-------------------------------------------------------------------------
95/144
(5000, 0.1, 1e-05, 1e-05)
val_acc_mean = 0.7978848967834952
time: 5492.605790138245
-------------------------------------------------------------------------
96/144
(5000, 0.1, 1e-05, 1e-07)
val_acc_mean = 0.8182306422258258
time: 5490.738200426102
-------------------------------------------------------------------------
97/144
(5000, 0.1, 1e-07, 0.001)
val_acc_mean = 0.8638796366526128
time: 5475.440279483795
-------------------------------------------------------------------------
98/144
(5000, 0.1, 1e-07, 1e-05)
val_acc_mean = 0.8473030408570322
time: 5453.480906248093
-------------------------------------------------------------------------
99/144
(5000, 0.1, 1e-07, 1e-07)
val_acc_mean = 0.8819494555673748
time: 5472.385894060135
-------------------------------------------------------------------------
100/144
(5000, 0.01, 0.001, 0.001)
val_acc_mean = 0.8076866101542095
time: 5458.979890584946
-------------------------------------------------------------------------
101/144
(5000, 0.01, 0.001, 1e-05)
val_acc_mean = 0.8071057177146352
time: 5445.634438753128
-------------------------------------------------------------------------
102/144
(5000, 0.01, 0.001, 1e-07)
val_acc_mean = 0.8055782136803391
time: 5560.148714065552
-------------------------------------------------------------------------
103/144
(5000, 0.01, 1e-05, 0.001)
val_acc_mean = 0.8687440484509512
time: 5901.933143615723
-------------------------------------------------------------------------
104/144
(5000, 0.01, 1e-05, 1e-05)
val_acc_mean = 0.8925623975200795
time: 5531.2158370018005
-------------------------------------------------------------------------
105/144
(5000, 0.01, 1e-05, 1e-07)
val_acc_mean = 0.8723196544418694
time: 4873.108147621155
-------------------------------------------------------------------------
106/144
(5000, 0.01, 1e-07, 0.001)
val_acc_mean = 0.897381578860761
time: 5326.552738189697
-------------------------------------------------------------------------
107/144
(5000, 0.01, 1e-07, 1e-05)
val_acc_mean = 0.8867858390770051
time: 5462.636280059814
-------------------------------------------------------------------------
108/144
(5000, 0.01, 1e-07, 1e-07)
val_acc_mean = 0.8777455989611728
time: 5472.409501314163
-------------------------------------------------------------------------
109/144
(7000, 2, 0.001, 0.001)
val_acc_mean = 0.5973529353558831
time: 5479.473385095596
-------------------------------------------------------------------------
110/144
(7000, 2, 0.001, 1e-05)
val_acc_mean = 0.5998075518052591
time: 5494.040745973587
-------------------------------------------------------------------------
111/144
(7000, 2, 0.001, 1e-07)
val_acc_mean = 0.5887816863083819
time: 5472.652473211288
-------------------------------------------------------------------------
112/144
(7000, 2, 1e-05, 0.001)
val_acc_mean = 0.7825494404676746
time: 5481.020296573639
-------------------------------------------------------------------------
113/144
(7000, 2, 1e-05, 1e-05)
val_acc_mean = 0.8002878487985494
time: 5485.29366517067
-------------------------------------------------------------------------
114/144
(7000, 2, 1e-05, 1e-07)
val_acc_mean = 0.793831415852788
time: 5613.0723423957825
-------------------------------------------------------------------------
115/144
(7000, 2, 1e-07, 0.001)
val_acc_mean = 0.8851657608738537
time: 5465.3934943675995
-------------------------------------------------------------------------
116/144
(7000, 2, 1e-07, 1e-05)
val_acc_mean = 0.8754068890715263
time: 4068.157528400421
-------------------------------------------------------------------------
117/144
(7000, 2, 1e-07, 1e-07)
val_acc_mean = 0.882254909759164
time: 3830.5722358226776
-------------------------------------------------------------------------
118/144
(7000, 1, 0.001, 0.001)
val_acc_mean = 0.6363152437092161
time: 3645.165999174118
-------------------------------------------------------------------------
119/144
(7000, 1, 0.001, 1e-05)
val_acc_mean = 0.6450110996853274
time: 3563.9793927669525
-------------------------------------------------------------------------
120/144
(7000, 1, 0.001, 1e-07)
val_acc_mean = 0.5969611715635461
time: 3547.1897208690643
-------------------------------------------------------------------------
121/144
(7000, 1, 1e-05, 0.001)
val_acc_mean = 0.8302937837542
time: 3544.007651567459
-------------------------------------------------------------------------
122/144
(7000, 1, 1e-05, 1e-05)
val_acc_mean = 0.8155113974018852
time: 3538.3116698265076
-------------------------------------------------------------------------
123/144
(7000, 1, 1e-05, 1e-07)
val_acc_mean = 0.8281187273829154
time: 3504.329085111618
-------------------------------------------------------------------------
124/144
(7000, 1, 1e-07, 0.001)
val_acc_mean = 0.896897463629901
time: 3382.0502195358276
-------------------------------------------------------------------------
125/144
(7000, 1, 1e-07, 1e-05)
val_acc_mean = 0.8993458019953302
time: 3385.2701382637024
-------------------------------------------------------------------------
126/144
(7000, 1, 1e-07, 1e-07)
val_acc_mean = 0.9047974935763226
time: 3387.8712871074677
-------------------------------------------------------------------------
127/144
(7000, 0.1, 0.001, 0.001)
val_acc_mean = 0.7676895180162618
time: 3381.174491405487
-------------------------------------------------------------------------
128/144
(7000, 0.1, 0.001, 1e-05)
val_acc_mean = 0.7640579780144107
time: 3380.888207912445
-------------------------------------------------------------------------
129/144
(7000, 0.1, 0.001, 1e-07)
val_acc_mean = 0.7414573088621841
time: 3377.4207932949066
-------------------------------------------------------------------------
130/144
(7000, 0.1, 1e-05, 0.001)
val_acc_mean = 0.8406830865638281
time: 3378.9704973697662
-------------------------------------------------------------------------
131/144
(7000, 0.1, 1e-05, 1e-05)
val_acc_mean = 0.8257627016679756
time: 3406.387236595154
-------------------------------------------------------------------------
132/144
(7000, 0.1, 1e-05, 1e-07)
val_acc_mean = 0.8465715234663597
time: 3408.4438807964325
-------------------------------------------------------------------------
133/144
(7000, 0.1, 1e-07, 0.001)
val_acc_mean = 0.8989327359352199
time: 3399.1133365631104
-------------------------------------------------------------------------
134/144
(7000, 0.1, 1e-07, 1e-05)
val_acc_mean = 0.809816617950389
time: 3403.1085035800934
-------------------------------------------------------------------------
135/144
(7000, 0.1, 1e-07, 1e-07)
val_acc_mean = 0.8540692464496707
time: 3434.953372001648
-------------------------------------------------------------------------
136/144
(7000, 0.01, 0.001, 0.001)
val_acc_mean = 0.8098853549053511
time: 3795.2604761123657
-------------------------------------------------------------------------
137/144
(7000, 0.01, 0.001, 1e-05)
val_acc_mean = 0.8069787862580451
time: 3861.0708091259003
-------------------------------------------------------------------------
138/144
(7000, 0.01, 0.001, 1e-07)
val_acc_mean = 0.806126825241716
time: 3862.956691265106
-------------------------------------------------------------------------
139/144
(7000, 0.01, 1e-05, 0.001)
val_acc_mean = 0.883287553189529
time: 4055.3756325244904
-------------------------------------------------------------------------
140/144
(7000, 0.01, 1e-05, 1e-05)
val_acc_mean = 0.8893524666890513
time: 4278.2281765937805
-------------------------------------------------------------------------
