nn_mfld_kfold_gs.py start!
1/108
(1000, 1, 0.001, 0.001)
val_acc_mean = 0.9609
time: 794.6606199741364
-------------------------------------------------------------------------
2/108
(1000, 1, 0.001, 1e-05)
val_acc_mean = 0.9628666666666665
time: 788.8005661964417
-------------------------------------------------------------------------
3/108
(1000, 1, 0.001, 1e-07)
val_acc_mean = 0.9595499999999999
time: 769.3263945579529
-------------------------------------------------------------------------
4/108
(1000, 1, 1e-05, 0.001)
val_acc_mean = 0.9775333333333333
time: 895.7104296684265
-------------------------------------------------------------------------
5/108
(1000, 1, 1e-05, 1e-05)
val_acc_mean = 0.9850999999999999
time: 788.9421291351318
-------------------------------------------------------------------------
6/108
(1000, 1, 1e-05, 1e-07)
val_acc_mean = 0.9830833333333334
time: 783.4380507469177
-------------------------------------------------------------------------
7/108
(1000, 1, 1e-07, 0.001)
val_acc_mean = 0.9858166666666668
time: 792.1365067958832
-------------------------------------------------------------------------
8/108
(1000, 1, 1e-07, 1e-05)
val_acc_mean = 0.9951666666666666
time: 800.0106310844421
-------------------------------------------------------------------------
9/108
(1000, 1, 1e-07, 1e-07)
val_acc_mean = 0.9960666666666667
time: 802.6288123130798
-------------------------------------------------------------------------
10/108
(1000, 0.1, 0.001, 0.001)
val_acc_mean = 0.9708333333333334
time: 804.5940189361572
-------------------------------------------------------------------------
11/108
(1000, 0.1, 0.001, 1e-05)
val_acc_mean = 0.9723333333333333
time: 816.311772108078
-------------------------------------------------------------------------
12/108
(1000, 0.1, 0.001, 1e-07)
val_acc_mean = 0.9712833333333334
time: 818.4195771217346
-------------------------------------------------------------------------
13/108
(1000, 0.1, 1e-05, 0.001)
val_acc_mean = 0.9860833333333334
time: 816.297532081604
-------------------------------------------------------------------------
14/108
(1000, 0.1, 1e-05, 1e-05)
val_acc_mean = 0.9945333333333333
time: 705.6051514148712
-------------------------------------------------------------------------
15/108
(1000, 0.1, 1e-05, 1e-07)
val_acc_mean = 0.9950166666666667
time: 721.2603392601013
-------------------------------------------------------------------------
16/108
(1000, 0.1, 1e-07, 0.001)
val_acc_mean = 0.9870833333333333
time: 726.8014600276947
-------------------------------------------------------------------------
17/108
(1000, 0.1, 1e-07, 1e-05)
val_acc_mean = 0.9952666666666665
time: 728.6630282402039
-------------------------------------------------------------------------
18/108
(1000, 0.1, 1e-07, 1e-07)
val_acc_mean = 0.9951666666666666
time: 728.5518882274628
-------------------------------------------------------------------------
19/108
(1000, 0.01, 0.001, 0.001)
val_acc_mean = 0.9662000000000001
time: 706.7133815288544
-------------------------------------------------------------------------
20/108
(1000, 0.01, 0.001, 1e-05)
val_acc_mean = 0.9662833333333334
time: 703.6184134483337
-------------------------------------------------------------------------
21/108
(1000, 0.01, 0.001, 1e-07)
val_acc_mean = 0.9663666666666668
time: 737.7329258918762
-------------------------------------------------------------------------
22/108
(1000, 0.01, 1e-05, 0.001)
val_acc_mean = 0.9805833333333333
time: 738.7052843570709
-------------------------------------------------------------------------
23/108
(1000, 0.01, 1e-05, 1e-05)
val_acc_mean = 0.9800999999999999
time: 738.9527242183685
-------------------------------------------------------------------------
24/108
(1000, 0.01, 1e-05, 1e-07)
val_acc_mean = 0.9798833333333332
time: 737.7875187397003
-------------------------------------------------------------------------
25/108
(1000, 0.01, 1e-07, 0.001)
val_acc_mean = 0.9809166666666667
time: 736.181117773056
-------------------------------------------------------------------------
26/108
(1000, 0.01, 1e-07, 1e-05)
val_acc_mean = 0.9797166666666668
time: 734.2625193595886
-------------------------------------------------------------------------
27/108
(1000, 0.01, 1e-07, 1e-07)
val_acc_mean = 0.9795166666666667
time: 724.2167158126831
-------------------------------------------------------------------------
28/108
(3000, 1, 0.001, 0.001)
val_acc_mean = 0.94955
time: 703.3631634712219
-------------------------------------------------------------------------
29/108
(3000, 1, 0.001, 1e-05)
val_acc_mean = 0.9606666666666668
time: 702.9802284240723
-------------------------------------------------------------------------
30/108
(3000, 1, 0.001, 1e-07)
val_acc_mean = 0.94945
time: 703.0837788581848
-------------------------------------------------------------------------
31/108
(3000, 1, 1e-05, 0.001)
val_acc_mean = 0.9813833333333333
time: 703.6320266723633
-------------------------------------------------------------------------
32/108
(3000, 1, 1e-05, 1e-05)
val_acc_mean = 0.9861500000000001
time: 698.5445804595947
-------------------------------------------------------------------------
33/108
(3000, 1, 1e-05, 1e-07)
val_acc_mean = 0.9876000000000001
time: 698.371280670166
-------------------------------------------------------------------------
34/108
(3000, 1, 1e-07, 0.001)
val_acc_mean = 0.9869166666666667
time: 695.587170124054
-------------------------------------------------------------------------
35/108
(3000, 1, 1e-07, 1e-05)
val_acc_mean = 0.9958
time: 696.7417387962341
-------------------------------------------------------------------------
36/108
(3000, 1, 1e-07, 1e-07)
val_acc_mean = 0.9954833333333333
time: 697.2587995529175
-------------------------------------------------------------------------
37/108
(3000, 0.1, 0.001, 0.001)
val_acc_mean = 0.97095
time: 698.2081644535065
-------------------------------------------------------------------------
38/108
(3000, 0.1, 0.001, 1e-05)
val_acc_mean = 0.9721833333333333
time: 695.1949198246002
-------------------------------------------------------------------------
39/108
(3000, 0.1, 0.001, 1e-07)
val_acc_mean = 0.9721166666666667
time: 697.4749705791473
-------------------------------------------------------------------------
40/108
(3000, 0.1, 1e-05, 0.001)
val_acc_mean = 0.9908000000000001
time: 695.3260638713837
-------------------------------------------------------------------------
41/108
(3000, 0.1, 1e-05, 1e-05)
val_acc_mean = 0.9945499999999999
time: 695.6601867675781
-------------------------------------------------------------------------
42/108
(3000, 0.1, 1e-05, 1e-07)
val_acc_mean = 0.9948666666666668
time: 699.0067648887634
-------------------------------------------------------------------------
43/108
(3000, 0.1, 1e-07, 0.001)
val_acc_mean = 0.9915333333333333
time: 700.0128629207611
-------------------------------------------------------------------------
44/108
(3000, 0.1, 1e-07, 1e-05)
val_acc_mean = 0.9955999999999999
time: 696.4188389778137
-------------------------------------------------------------------------
45/108
(3000, 0.1, 1e-07, 1e-07)
val_acc_mean = 0.9953
time: 699.017032623291
-------------------------------------------------------------------------
46/108
(3000, 0.01, 0.001, 0.001)
val_acc_mean = 0.9671833333333334
time: 699.968599319458
-------------------------------------------------------------------------
47/108
(3000, 0.01, 0.001, 1e-05)
val_acc_mean = 0.96675
time: 698.2664341926575
-------------------------------------------------------------------------
48/108
(3000, 0.01, 0.001, 1e-07)
val_acc_mean = 0.9657833333333334
time: 699.2051510810852
-------------------------------------------------------------------------
49/108
(3000, 0.01, 1e-05, 0.001)
val_acc_mean = 0.9813666666666666
time: 697.6254005432129
-------------------------------------------------------------------------
50/108
(3000, 0.01, 1e-05, 1e-05)
val_acc_mean = 0.9798666666666666
time: 699.7063293457031
-------------------------------------------------------------------------
51/108
(3000, 0.01, 1e-05, 1e-07)
val_acc_mean = 0.9797499999999999
time: 701.7895460128784
-------------------------------------------------------------------------
52/108
(3000, 0.01, 1e-07, 0.001)
val_acc_mean = 0.9821333333333333
time: 700.2551474571228
-------------------------------------------------------------------------
53/108
(3000, 0.01, 1e-07, 1e-05)
val_acc_mean = 0.9797166666666668
time: 701.4595093727112
-------------------------------------------------------------------------
54/108
(3000, 0.01, 1e-07, 1e-07)
val_acc_mean = 0.9797166666666668
time: 699.2288947105408
-------------------------------------------------------------------------
55/108
(5000, 1, 0.001, 0.001)
val_acc_mean = 0.95745
time: 710.9680700302124
-------------------------------------------------------------------------
56/108
(5000, 1, 0.001, 1e-05)
val_acc_mean = 0.9383666666666667
time: 708.8039937019348
-------------------------------------------------------------------------
57/108
(5000, 1, 0.001, 1e-07)
val_acc_mean = 0.9567666666666668
time: 711.3642535209656
-------------------------------------------------------------------------
58/108
(5000, 1, 1e-05, 0.001)
val_acc_mean = 0.9813833333333333
time: 710.3844978809357
-------------------------------------------------------------------------
59/108
(5000, 1, 1e-05, 1e-05)
val_acc_mean = 0.9880166666666668
time: 714.6490724086761
-------------------------------------------------------------------------
60/108
(5000, 1, 1e-05, 1e-07)
val_acc_mean = 0.98655
time: 708.0293521881104
-------------------------------------------------------------------------
61/108
(5000, 1, 1e-07, 0.001)
val_acc_mean = 0.9862166666666667
time: 712.2869389057159
-------------------------------------------------------------------------
62/108
(5000, 1, 1e-07, 1e-05)
val_acc_mean = 0.9964500000000001
time: 711.7389900684357
-------------------------------------------------------------------------
63/108
(5000, 1, 1e-07, 1e-07)
val_acc_mean = 0.9963166666666666
time: 712.3171224594116
-------------------------------------------------------------------------
64/108
(5000, 0.1, 0.001, 0.001)
val_acc_mean = 0.9714499999999999
time: 710.3591606616974
-------------------------------------------------------------------------
65/108
(5000, 0.1, 0.001, 1e-05)
val_acc_mean = 0.9719166666666667
time: 707.8257894515991
-------------------------------------------------------------------------
66/108
(5000, 0.1, 0.001, 1e-07)
val_acc_mean = 0.9722333333333333
time: 710.1166679859161
-------------------------------------------------------------------------
67/108
(5000, 0.1, 1e-05, 0.001)
val_acc_mean = 0.9918166666666668
time: 711.4440953731537
-------------------------------------------------------------------------
68/108
(5000, 0.1, 1e-05, 1e-05)
val_acc_mean = 0.9942
time: 713.1548953056335
-------------------------------------------------------------------------
69/108
(5000, 0.1, 1e-05, 1e-07)
val_acc_mean = 0.99475
time: 712.4181792736053
-------------------------------------------------------------------------
70/108
(5000, 0.1, 1e-07, 0.001)
val_acc_mean = 0.9924833333333334
time: 712.5596947669983
-------------------------------------------------------------------------
71/108
(5000, 0.1, 1e-07, 1e-05)
val_acc_mean = 0.9955833333333335
time: 701.9911544322968
-------------------------------------------------------------------------
72/108
(5000, 0.1, 1e-07, 1e-07)
val_acc_mean = 0.9948166666666667
time: 693.0159769058228
-------------------------------------------------------------------------
73/108
(5000, 0.01, 0.001, 0.001)
val_acc_mean = 0.9667999999999999
time: 700.1657609939575
-------------------------------------------------------------------------
74/108
(5000, 0.01, 0.001, 1e-05)
val_acc_mean = 0.9667166666666667
time: 714.0956256389618
-------------------------------------------------------------------------
75/108
(5000, 0.01, 0.001, 1e-07)
val_acc_mean = 0.9663999999999999
time: 712.1179838180542
-------------------------------------------------------------------------
76/108
(5000, 0.01, 1e-05, 0.001)
val_acc_mean = 0.98155
time: 712.7201380729675
-------------------------------------------------------------------------
77/108
(5000, 0.01, 1e-05, 1e-05)
val_acc_mean = 0.9803666666666666
time: 711.6149113178253
-------------------------------------------------------------------------
78/108
(5000, 0.01, 1e-05, 1e-07)
val_acc_mean = 0.9790833333333332
time: 713.064061164856
-------------------------------------------------------------------------
79/108
(5000, 0.01, 1e-07, 0.001)
val_acc_mean = 0.9808833333333334
time: 713.9677278995514
-------------------------------------------------------------------------
80/108
(5000, 0.01, 1e-07, 1e-05)
val_acc_mean = 0.9797666666666667
time: 711.9060969352722
-------------------------------------------------------------------------
81/108
(5000, 0.01, 1e-07, 1e-07)
val_acc_mean = 0.9795333333333334
time: 712.5032939910889
-------------------------------------------------------------------------
82/108
(7000, 1, 0.001, 0.001)
val_acc_mean = 0.9533666666666667
time: 712.4529187679291
-------------------------------------------------------------------------
83/108
(7000, 1, 0.001, 1e-05)
val_acc_mean = 0.962
time: 693.6032764911652
-------------------------------------------------------------------------
84/108
(7000, 1, 0.001, 1e-07)
val_acc_mean = 0.9498666666666666
time: 709.8639013767242
-------------------------------------------------------------------------
85/108
(7000, 1, 1e-05, 0.001)
val_acc_mean = 0.9819666666666667
time: 711.4905450344086
-------------------------------------------------------------------------
86/108
(7000, 1, 1e-05, 1e-05)
val_acc_mean = 0.9895833333333334
time: 702.0338451862335
-------------------------------------------------------------------------
87/108
(7000, 1, 1e-05, 1e-07)
val_acc_mean = 0.9870833333333333
time: 707.0173079967499
-------------------------------------------------------------------------
88/108
(7000, 1, 1e-07, 0.001)
val_acc_mean = 0.9857333333333334
time: 714.4717586040497
-------------------------------------------------------------------------
89/108
(7000, 1, 1e-07, 1e-05)
val_acc_mean = 0.9957833333333334
time: 715.6278870105743
-------------------------------------------------------------------------
90/108
(7000, 1, 1e-07, 1e-07)
val_acc_mean = 0.9962166666666666
time: 676.0019195079803
-------------------------------------------------------------------------
91/108
(7000, 0.1, 0.001, 0.001)
val_acc_mean = 0.9715833333333335
time: 677.4344165325165
-------------------------------------------------------------------------
92/108
(7000, 0.1, 0.001, 1e-05)
val_acc_mean = 0.9725333333333334
time: 672.2611842155457
-------------------------------------------------------------------------
93/108
(7000, 0.1, 0.001, 1e-07)
val_acc_mean = 0.97205
time: 675.5742259025574
-------------------------------------------------------------------------
94/108
(7000, 0.1, 1e-05, 0.001)
val_acc_mean = 0.9923166666666667
time: 671.2206287384033
-------------------------------------------------------------------------
95/108
(7000, 0.1, 1e-05, 1e-05)
val_acc_mean = 0.9945666666666666
time: 673.4622528553009
-------------------------------------------------------------------------
96/108
(7000, 0.1, 1e-05, 1e-07)
val_acc_mean = 0.9954166666666667
time: 675.069650888443
-------------------------------------------------------------------------
97/108
(7000, 0.1, 1e-07, 0.001)
val_acc_mean = 0.9933333333333334
time: 677.6718735694885
-------------------------------------------------------------------------
98/108
(7000, 0.1, 1e-07, 1e-05)
val_acc_mean = 0.9951833333333333
time: 671.6024036407471
-------------------------------------------------------------------------
99/108
(7000, 0.1, 1e-07, 1e-07)
val_acc_mean = 0.9951000000000001
time: 674.9113247394562
-------------------------------------------------------------------------
100/108
(7000, 0.01, 0.001, 0.001)
val_acc_mean = 0.9672666666666668
time: 675.3229038715363
-------------------------------------------------------------------------
101/108
(7000, 0.01, 0.001, 1e-05)
val_acc_mean = 0.9666499999999999
time: 656.4597210884094
-------------------------------------------------------------------------
102/108
(7000, 0.01, 0.001, 1e-07)
val_acc_mean = 0.9663333333333333
time: 667.2919824123383
-------------------------------------------------------------------------
103/108
(7000, 0.01, 1e-05, 0.001)
val_acc_mean = 0.98145
time: 676.0335912704468
-------------------------------------------------------------------------
104/108
(7000, 0.01, 1e-05, 1e-05)
val_acc_mean = 0.97995
time: 663.1524527072906
-------------------------------------------------------------------------
105/108
(7000, 0.01, 1e-05, 1e-07)
val_acc_mean = 0.9793499999999999
time: 650.3173499107361
-------------------------------------------------------------------------
106/108
(7000, 0.01, 1e-07, 0.001)
val_acc_mean = 0.98145
time: 663.5647256374359
-------------------------------------------------------------------------
107/108
(7000, 0.01, 1e-07, 1e-05)
val_acc_mean = 0.98085
time: 677.192453622818
-------------------------------------------------------------------------
108/108
(7000, 0.01, 1e-07, 1e-07)
val_acc_mean = 0.9805166666666667
time: 671.5513331890106
-------------------------------------------------------------------------
best param
(5000, 1, 1e-07, 1e-05)
max_val_acc = 0.9964500000000001
(3000, 0.1, 1e-07, 1e-05)
max_val_acc = 0.9955999999999999
(3000, 0.01, 1e-07, 0.001)
max_val_acc = 0.9821333333333333
