nn_mfld_kfold_gs.py start!
1/252
(1000, 0.8, 0.001, 0.001)
val_acc_mean = 0.6200157500000001
time: 7508.059118747711
-------------------------------------------------------------------------
2/252
(1000, 0.8, 0.001, 1e-05)
val_acc_mean = 0.62021525
time: 7467.173019886017
-------------------------------------------------------------------------
3/252
(1000, 0.8, 0.001, 1e-07)
val_acc_mean = 0.62002
time: 7521.555594921112
-------------------------------------------------------------------------
4/252
(1000, 0.8, 1e-05, 0.001)
val_acc_mean = 0.6201274999999999
time: 7490.3003396987915
-------------------------------------------------------------------------
5/252
(1000, 0.8, 1e-05, 1e-05)
val_acc_mean = 0.6202315
time: 7473.853920459747
-------------------------------------------------------------------------
6/252
(1000, 0.8, 1e-05, 1e-07)
val_acc_mean = 0.620239
time: 7541.252905845642
-------------------------------------------------------------------------
7/252
(1000, 0.8, 1e-07, 0.001)
val_acc_mean = 0.6197874999999999
time: 7519.108818531036
-------------------------------------------------------------------------
8/252
(1000, 0.8, 1e-07, 1e-05)
val_acc_mean = 0.6202242499999999
time: 7543.48433804512
-------------------------------------------------------------------------
9/252
(1000, 0.8, 1e-07, 1e-07)
val_acc_mean = 0.6201770000000001
time: 7519.5412583351135
-------------------------------------------------------------------------
10/252
(1000, 0.7, 0.001, 0.001)
val_acc_mean = 0.6202154999999999
time: 7514.22888469696
-------------------------------------------------------------------------
11/252
(1000, 0.7, 0.001, 1e-05)
val_acc_mean = 0.62017425
time: 7517.7259430885315
-------------------------------------------------------------------------
12/252
(1000, 0.7, 0.001, 1e-07)
val_acc_mean = 0.620235
time: 7496.2725694179535
-------------------------------------------------------------------------
13/252
(1000, 0.7, 1e-05, 0.001)
val_acc_mean = 0.6201325000000001
time: 7501.482648611069
-------------------------------------------------------------------------
14/252
(1000, 0.7, 1e-05, 1e-05)
val_acc_mean = 0.6203044999999999
time: 7468.774448394775
-------------------------------------------------------------------------
15/252
(1000, 0.7, 1e-05, 1e-07)
val_acc_mean = 0.6200355
time: 7489.330671548843
-------------------------------------------------------------------------
16/252
(1000, 0.7, 1e-07, 0.001)
val_acc_mean = 0.620248
time: 7447.974749803543
-------------------------------------------------------------------------
17/252
(1000, 0.7, 1e-07, 1e-05)
val_acc_mean = 0.620217
time: 7505.152186155319
-------------------------------------------------------------------------
18/252
(1000, 0.7, 1e-07, 1e-07)
val_acc_mean = 0.61992475
time: 7466.295981168747
-------------------------------------------------------------------------
19/252
(1000, 0.6, 0.001, 0.001)
val_acc_mean = 0.6200600000000001
time: 7470.876573801041
-------------------------------------------------------------------------
20/252
(1000, 0.6, 0.001, 1e-05)
val_acc_mean = 0.6202995
time: 7454.800154924393
-------------------------------------------------------------------------
21/252
(1000, 0.6, 0.001, 1e-07)
val_acc_mean = 0.6202495000000001
time: 7527.469336271286
-------------------------------------------------------------------------
22/252
(1000, 0.6, 1e-05, 0.001)
val_acc_mean = 0.620292
time: 7478.280630111694
-------------------------------------------------------------------------
23/252
(1000, 0.6, 1e-05, 1e-05)
val_acc_mean = 0.6202272499999999
time: 7446.137836456299
-------------------------------------------------------------------------
24/252
(1000, 0.6, 1e-05, 1e-07)
val_acc_mean = 0.620301
time: 7444.45991396904
-------------------------------------------------------------------------
