nn_mfld_kfold_gs.py start!
1/144
(1000, 2, 0.001, 0.001)
val_acc_mean = 0.7840919540229885
time: 458.26636123657227
-------------------------------------------------------------------------
2/144
(1000, 2, 0.001, 1e-05)
val_acc_mean = 0.5324827586206897
time: 487.7761342525482
-------------------------------------------------------------------------
3/144
(1000, 2, 0.001, 1e-07)
val_acc_mean = 0.6585747126436783
time: 486.5933527946472
-------------------------------------------------------------------------
4/144
(1000, 2, 1e-05, 0.001)
val_acc_mean = 0.9011264367816091
time: 502.55861496925354
-------------------------------------------------------------------------
5/144
(1000, 2, 1e-05, 1e-05)
val_acc_mean = 0.9424597701149425
time: 495.82673501968384
-------------------------------------------------------------------------
6/144
(1000, 2, 1e-05, 1e-07)
val_acc_mean = 0.8656091954022989
time: 501.63842606544495
-------------------------------------------------------------------------
7/144
(1000, 2, 1e-07, 0.001)
val_acc_mean = 0.976551724137931
time: 498.77615308761597
-------------------------------------------------------------------------
8/144
(1000, 2, 1e-07, 1e-05)
val_acc_mean = 0.9800000000000001
time: 502.34910225868225
-------------------------------------------------------------------------
9/144
(1000, 2, 1e-07, 1e-07)
val_acc_mean = 0.977977011494253
time: 498.4899055957794
-------------------------------------------------------------------------
10/144
(1000, 1, 0.001, 0.001)
val_acc_mean = 0.8961149425287356
time: 498.43898844718933
-------------------------------------------------------------------------
11/144
(1000, 1, 0.001, 1e-05)
val_acc_mean = 0.873103448275862
time: 502.4096169471741
-------------------------------------------------------------------------
12/144
(1000, 1, 0.001, 1e-07)
val_acc_mean = 0.8637471264367816
time: 495.9658477306366
-------------------------------------------------------------------------
13/144
(1000, 1, 1e-05, 0.001)
val_acc_mean = 0.9733103448275863
time: 490.82857036590576
-------------------------------------------------------------------------
14/144
(1000, 1, 1e-05, 1e-05)
val_acc_mean = 0.9882528735632183
time: 493.36305117607117
-------------------------------------------------------------------------
15/144
(1000, 1, 1e-05, 1e-07)
val_acc_mean = 0.9893563218390806
time: 490.51595425605774
-------------------------------------------------------------------------
16/144
(1000, 1, 1e-07, 0.001)
val_acc_mean = 0.9959770114942529
time: 497.381867647171
-------------------------------------------------------------------------
17/144
(1000, 1, 1e-07, 1e-05)
val_acc_mean = 0.9894712643678162
time: 497.79824662208557
-------------------------------------------------------------------------
18/144
(1000, 1, 1e-07, 1e-07)
val_acc_mean = 0.9922758620689655
time: 500.30230355262756
-------------------------------------------------------------------------
19/144
(1000, 0.1, 0.001, 0.001)
val_acc_mean = 0.9607816091954022
time: 512.8716764450073
-------------------------------------------------------------------------
20/144
(1000, 0.1, 0.001, 1e-05)
val_acc_mean = 0.9539540229885057
time: 499.0660536289215
-------------------------------------------------------------------------
21/144
(1000, 0.1, 0.001, 1e-07)
val_acc_mean = 0.959264367816092
time: 495.72546577453613
-------------------------------------------------------------------------
22/144
(1000, 0.1, 1e-05, 0.001)
val_acc_mean = 0.9906436781609195
time: 496.28182315826416
-------------------------------------------------------------------------
23/144
(1000, 0.1, 1e-05, 1e-05)
val_acc_mean = 0.9831034482758622
time: 488.84198331832886
-------------------------------------------------------------------------
24/144
(1000, 0.1, 1e-05, 1e-07)
val_acc_mean = 0.9858160919540231
time: 500.59602665901184
-------------------------------------------------------------------------
25/144
(1000, 0.1, 1e-07, 0.001)
val_acc_mean = 0.9882528735632183
time: 512.7680180072784
-------------------------------------------------------------------------
26/144
(1000, 0.1, 1e-07, 1e-05)
val_acc_mean = 0.9832413793103448
time: 498.4405105113983
-------------------------------------------------------------------------
27/144
(1000, 0.1, 1e-07, 1e-07)
val_acc_mean = 0.9885517241379311
time: 498.9177596569061
-------------------------------------------------------------------------
28/144
(1000, 0.01, 0.001, 0.001)
val_acc_mean = 0.9358620689655173
time: 496.0387439727783
-------------------------------------------------------------------------
29/144
(1000, 0.01, 0.001, 1e-05)
val_acc_mean = 0.9304137931034482
time: 502.9140236377716
-------------------------------------------------------------------------
30/144
(1000, 0.01, 0.001, 1e-07)
val_acc_mean = 0.932
time: 500.704797744751
-------------------------------------------------------------------------
31/144
(1000, 0.01, 1e-05, 0.001)
val_acc_mean = 0.9568965517241379
time: 495.536235332489
-------------------------------------------------------------------------
32/144
(1000, 0.01, 1e-05, 1e-05)
val_acc_mean = 0.9502758620689654
time: 501.01192116737366
-------------------------------------------------------------------------
33/144
(1000, 0.01, 1e-05, 1e-07)
val_acc_mean = 0.9529425287356321
time: 486.4384443759918
-------------------------------------------------------------------------
34/144
(1000, 0.01, 1e-07, 0.001)
val_acc_mean = 0.9566436781609197
time: 498.0287277698517
-------------------------------------------------------------------------
35/144
(1000, 0.01, 1e-07, 1e-05)
val_acc_mean = 0.9518850574712643
time: 498.72005105018616
-------------------------------------------------------------------------
36/144
(1000, 0.01, 1e-07, 1e-07)
val_acc_mean = 0.9535172413793104
time: 501.25736474990845
-------------------------------------------------------------------------
37/144
(3000, 2, 0.001, 0.001)
val_acc_mean = 0.7840919540229885
time: 566.1554894447327
-------------------------------------------------------------------------
38/144
(3000, 2, 0.001, 1e-05)
val_acc_mean = 0.7840919540229886
time: 559.874477148056
-------------------------------------------------------------------------
39/144
(3000, 2, 0.001, 1e-07)
val_acc_mean = 0.6572183908045977
time: 563.7493727207184
-------------------------------------------------------------------------
40/144
(3000, 2, 1e-05, 0.001)
val_acc_mean = 0.7986206896551724
time: 559.557808637619
-------------------------------------------------------------------------
41/144
(3000, 2, 1e-05, 1e-05)
val_acc_mean = 0.8175862068965518
time: 562.1876375675201
-------------------------------------------------------------------------
42/144
(3000, 2, 1e-05, 1e-07)
val_acc_mean = 0.8222528735632183
time: 555.5955820083618
-------------------------------------------------------------------------
43/144
(3000, 2, 1e-07, 0.001)
val_acc_mean = 0.9530344827586207
time: 564.4923124313354
-------------------------------------------------------------------------
44/144
(3000, 2, 1e-07, 1e-05)
val_acc_mean = 0.9716551724137931
time: 556.3318936824799
-------------------------------------------------------------------------
45/144
(3000, 2, 1e-07, 1e-07)
val_acc_mean = 0.9592873563218391
time: 571.5454616546631
-------------------------------------------------------------------------
46/144
(3000, 1, 0.001, 0.001)
val_acc_mean = 0.8622068965517242
time: 565.620011806488
-------------------------------------------------------------------------
47/144
(3000, 1, 0.001, 1e-05)
val_acc_mean = 0.8558850574712643
time: 563.8630509376526
-------------------------------------------------------------------------
48/144
(3000, 1, 0.001, 1e-07)
val_acc_mean = 0.8380229885057471
time: 561.0483222007751
-------------------------------------------------------------------------
49/144
(3000, 1, 1e-05, 0.001)
val_acc_mean = 0.9857471264367816
time: 564.4707551002502
-------------------------------------------------------------------------
50/144
(3000, 1, 1e-05, 1e-05)
val_acc_mean = 0.981287356321839
time: 575.2188839912415
-------------------------------------------------------------------------
51/144
(3000, 1, 1e-05, 1e-07)
val_acc_mean = 0.9631954022988506
time: 567.7096030712128
-------------------------------------------------------------------------
52/144
(3000, 1, 1e-07, 0.001)
val_acc_mean = 0.995632183908046
time: 571.6486253738403
-------------------------------------------------------------------------
53/144
(3000, 1, 1e-07, 1e-05)
val_acc_mean = 0.9847126436781609
time: 562.3517100811005
-------------------------------------------------------------------------
54/144
(3000, 1, 1e-07, 1e-07)
val_acc_mean = 0.9915402298850575
time: 561.3397777080536
-------------------------------------------------------------------------
55/144
(3000, 0.1, 0.001, 0.001)
val_acc_mean = 0.957287356321839
time: 560.4612407684326
-------------------------------------------------------------------------
56/144
(3000, 0.1, 0.001, 1e-05)
val_acc_mean = 0.9486436781609197
time: 570.7249855995178
-------------------------------------------------------------------------
57/144
(3000, 0.1, 0.001, 1e-07)
val_acc_mean = 0.9526206896551723
time: 570.5629932880402
-------------------------------------------------------------------------
58/144
(3000, 0.1, 1e-05, 0.001)
val_acc_mean = 0.9897011494252874
time: 571.8756976127625
-------------------------------------------------------------------------
59/144
(3000, 0.1, 1e-05, 1e-05)
val_acc_mean = 0.9836091954022989
time: 569.6726319789886
-------------------------------------------------------------------------
60/144
(3000, 0.1, 1e-05, 1e-07)
val_acc_mean = 0.9839310344827586
time: 566.5154800415039
-------------------------------------------------------------------------
61/144
(3000, 0.1, 1e-07, 0.001)
val_acc_mean = 0.9894712643678162
time: 575.322262763977
-------------------------------------------------------------------------
62/144
(3000, 0.1, 1e-07, 1e-05)
val_acc_mean = 0.9839310344827586
time: 569.7370185852051
-------------------------------------------------------------------------
63/144
(3000, 0.1, 1e-07, 1e-07)
val_acc_mean = 0.9822758620689654
time: 573.3780679702759
-------------------------------------------------------------------------
64/144
(3000, 0.01, 0.001, 0.001)
val_acc_mean = 0.9339540229885058
time: 566.1711492538452
-------------------------------------------------------------------------
65/144
(3000, 0.01, 0.001, 1e-05)
val_acc_mean = 0.9342528735632184
time: 566.4108331203461
-------------------------------------------------------------------------
66/144
(3000, 0.01, 0.001, 1e-07)
val_acc_mean = 0.9366666666666668
time: 565.1002521514893
-------------------------------------------------------------------------
67/144
(3000, 0.01, 1e-05, 0.001)
val_acc_mean = 0.959977011494253
time: 572.4706525802612
-------------------------------------------------------------------------
68/144
(3000, 0.01, 1e-05, 1e-05)
val_acc_mean = 0.9515862068965518
time: 566.0342898368835
-------------------------------------------------------------------------
69/144
(3000, 0.01, 1e-05, 1e-07)
val_acc_mean = 0.9511264367816092
time: 568.3226177692413
-------------------------------------------------------------------------
70/144
(3000, 0.01, 1e-07, 0.001)
val_acc_mean = 0.9550114942528735
time: 572.1821568012238
-------------------------------------------------------------------------
71/144
(3000, 0.01, 1e-07, 1e-05)
val_acc_mean = 0.9521149425287356
time: 566.5230755805969
-------------------------------------------------------------------------
72/144
(3000, 0.01, 1e-07, 1e-07)
val_acc_mean = 0.9533103448275861
time: 564.1750688552856
-------------------------------------------------------------------------
73/144
(5000, 2, 0.001, 0.001)
val_acc_mean = 0.7840919540229885
time: 590.8263366222382
-------------------------------------------------------------------------
74/144
(5000, 2, 0.001, 1e-05)
val_acc_mean = 0.6570804597701149
time: 583.2227871417999
-------------------------------------------------------------------------
75/144
(5000, 2, 0.001, 1e-07)
val_acc_mean = 0.7840919540229885
time: 585.7225267887115
-------------------------------------------------------------------------
76/144
(5000, 2, 1e-05, 0.001)
val_acc_mean = 0.7856551724137931
time: 594.452098608017
-------------------------------------------------------------------------
77/144
(5000, 2, 1e-05, 1e-05)
val_acc_mean = 0.7840919540229885
time: 594.0763745307922
-------------------------------------------------------------------------
78/144
(5000, 2, 1e-05, 1e-07)
val_acc_mean = 0.8304827586206895
time: 590.7797396183014
-------------------------------------------------------------------------
79/144
(5000, 2, 1e-07, 0.001)
val_acc_mean = 0.9125057471264368
time: 583.8190445899963
-------------------------------------------------------------------------
80/144
(5000, 2, 1e-07, 1e-05)
val_acc_mean = 0.9381379310344828
time: 584.0094237327576
-------------------------------------------------------------------------
81/144
(5000, 2, 1e-07, 1e-07)
val_acc_mean = 0.916
time: 584.8065629005432
-------------------------------------------------------------------------
82/144
(5000, 1, 0.001, 0.001)
val_acc_mean = 0.9000689655172414
time: 597.5114479064941
-------------------------------------------------------------------------
83/144
(5000, 1, 0.001, 1e-05)
val_acc_mean = 0.8676551724137932
time: 543.1148834228516
-------------------------------------------------------------------------
84/144
(5000, 1, 0.001, 1e-07)
val_acc_mean = 0.8586666666666666
time: 546.356262922287
-------------------------------------------------------------------------
85/144
(5000, 1, 1e-05, 0.001)
val_acc_mean = 0.988390804597701
time: 552.7093682289124
-------------------------------------------------------------------------
86/144
(5000, 1, 1e-05, 1e-05)
val_acc_mean = 0.9682758620689655
time: 549.7340445518494
-------------------------------------------------------------------------
87/144
(5000, 1, 1e-05, 1e-07)
val_acc_mean = 0.9878620689655172
time: 536.749321937561
-------------------------------------------------------------------------
88/144
(5000, 1, 1e-07, 0.001)
val_acc_mean = 0.985103448275862
time: 541.2167956829071
-------------------------------------------------------------------------
89/144
(5000, 1, 1e-07, 1e-05)
val_acc_mean = 0.9934942528735633
time: 547.6500828266144
-------------------------------------------------------------------------
90/144
(5000, 1, 1e-07, 1e-07)
val_acc_mean = 0.9836781609195402
time: 545.9174852371216
-------------------------------------------------------------------------
91/144
(5000, 0.1, 0.001, 0.001)
val_acc_mean = 0.9608275862068967
time: 543.9226126670837
-------------------------------------------------------------------------
92/144
(5000, 0.1, 0.001, 1e-05)
val_acc_mean = 0.9524827586206897
time: 540.0953404903412
-------------------------------------------------------------------------
93/144
(5000, 0.1, 0.001, 1e-07)
val_acc_mean = 0.9492413793103449
time: 545.0951738357544
-------------------------------------------------------------------------
94/144
(5000, 0.1, 1e-05, 0.001)
val_acc_mean = 0.991425287356322
time: 548.5567705631256
-------------------------------------------------------------------------
95/144
(5000, 0.1, 1e-05, 1e-05)
val_acc_mean = 0.9833563218390806
time: 541.7280752658844
-------------------------------------------------------------------------
96/144
(5000, 0.1, 1e-05, 1e-07)
val_acc_mean = 0.9815632183908047
time: 541.0031752586365
-------------------------------------------------------------------------
97/144
(5000, 0.1, 1e-07, 0.001)
val_acc_mean = 0.9873333333333333
time: 541.5130727291107
-------------------------------------------------------------------------
98/144
(5000, 0.1, 1e-07, 1e-05)
val_acc_mean = 0.980735632183908
time: 545.9855341911316
-------------------------------------------------------------------------
99/144
(5000, 0.1, 1e-07, 1e-07)
val_acc_mean = 0.9839310344827586
time: 540.0132336616516
-------------------------------------------------------------------------
100/144
(5000, 0.01, 0.001, 0.001)
val_acc_mean = 0.9363218390804597
time: 543.2292835712433
-------------------------------------------------------------------------
101/144
(5000, 0.01, 0.001, 1e-05)
val_acc_mean = 0.9338850574712645
time: 550.5759148597717
-------------------------------------------------------------------------
102/144
(5000, 0.01, 0.001, 1e-07)
val_acc_mean = 0.9307126436781609
time: 543.3059151172638
-------------------------------------------------------------------------
103/144
(5000, 0.01, 1e-05, 0.001)
val_acc_mean = 0.9580689655172414
time: 540.6549699306488
-------------------------------------------------------------------------
104/144
(5000, 0.01, 1e-05, 1e-05)
val_acc_mean = 0.9569655172413795
time: 544.2308008670807
-------------------------------------------------------------------------
105/144
(5000, 0.01, 1e-05, 1e-07)
val_acc_mean = 0.9530344827586207
time: 548.2036848068237
-------------------------------------------------------------------------
106/144
(5000, 0.01, 1e-07, 0.001)
val_acc_mean = 0.9589885057471264
time: 544.0819699764252
-------------------------------------------------------------------------
107/144
(5000, 0.01, 1e-07, 1e-05)
val_acc_mean = 0.9523678160919541
time: 536.010050535202
-------------------------------------------------------------------------
108/144
(5000, 0.01, 1e-07, 1e-07)
val_acc_mean = 0.9518390804597701
time: 542.0070600509644
-------------------------------------------------------------------------
109/144
(7000, 2, 0.001, 0.001)
val_acc_mean = 0.5304827586206897
time: 543.4269313812256
-------------------------------------------------------------------------
110/144
(7000, 2, 0.001, 1e-05)
val_acc_mean = 0.7840919540229885
time: 547.5550487041473
-------------------------------------------------------------------------
111/144
(7000, 2, 0.001, 1e-07)
val_acc_mean = 0.6565747126436782
time: 537.8801300525665
-------------------------------------------------------------------------
112/144
(7000, 2, 1e-05, 0.001)
val_acc_mean = 0.7840919540229885
time: 545.6855709552765
-------------------------------------------------------------------------
113/144
(7000, 2, 1e-05, 1e-05)
val_acc_mean = 0.7840919540229885
time: 539.875207901001
-------------------------------------------------------------------------
114/144
(7000, 2, 1e-05, 1e-07)
val_acc_mean = 0.8189885057471263
time: 536.7713530063629
-------------------------------------------------------------------------
115/144
(7000, 2, 1e-07, 0.001)
val_acc_mean = 0.900183908045977
time: 549.1710903644562
-------------------------------------------------------------------------
116/144
(7000, 2, 1e-07, 1e-05)
val_acc_mean = 0.8498850574712644
time: 544.0006272792816
-------------------------------------------------------------------------
117/144
(7000, 2, 1e-07, 1e-07)
val_acc_mean = 0.878551724137931
time: 552.3878781795502
-------------------------------------------------------------------------
118/144
(7000, 1, 0.001, 0.001)
val_acc_mean = 0.8777241379310345
time: 536.6992824077606
-------------------------------------------------------------------------
119/144
(7000, 1, 0.001, 1e-05)
val_acc_mean = 0.8685747126436782
time: 540.8521058559418
-------------------------------------------------------------------------
120/144
(7000, 1, 0.001, 1e-07)
val_acc_mean = 0.9015862068965517
time: 544.2793190479279
-------------------------------------------------------------------------
121/144
(7000, 1, 1e-05, 0.001)
val_acc_mean = 0.9799080459770115
time: 549.2809104919434
-------------------------------------------------------------------------
122/144
(7000, 1, 1e-05, 1e-05)
val_acc_mean = 0.9842068965517241
time: 544.7459919452667
-------------------------------------------------------------------------
123/144
(7000, 1, 1e-05, 1e-07)
val_acc_mean = 0.983425287356322
time: 537.7800328731537
-------------------------------------------------------------------------
124/144
(7000, 1, 1e-07, 0.001)
val_acc_mean = 0.9844827586206897
time: 542.3846879005432
-------------------------------------------------------------------------
125/144
(7000, 1, 1e-07, 1e-05)
val_acc_mean = 0.9943678160919541
time: 540.9583880901337
-------------------------------------------------------------------------
126/144
(7000, 1, 1e-07, 1e-07)
val_acc_mean = 0.9913793103448276
time: 539.2312502861023
-------------------------------------------------------------------------
127/144
(7000, 0.1, 0.001, 0.001)
val_acc_mean = 0.9527586206896551
time: 535.339519739151
-------------------------------------------------------------------------
128/144
(7000, 0.1, 0.001, 1e-05)
val_acc_mean = 0.9543218390804599
time: 540.7936227321625
-------------------------------------------------------------------------
129/144
(7000, 0.1, 0.001, 1e-07)
val_acc_mean = 0.9519080459770114
time: 547.1462054252625
-------------------------------------------------------------------------
130/144
(7000, 0.1, 1e-05, 0.001)
val_acc_mean = 0.9842758620689656
time: 546.9713125228882
-------------------------------------------------------------------------
131/144
(7000, 0.1, 1e-05, 1e-05)
val_acc_mean = 0.9781149425287357
time: 538.5227375030518
-------------------------------------------------------------------------
132/144
(7000, 0.1, 1e-05, 1e-07)
val_acc_mean = 0.9826206896551725
time: 551.3219618797302
-------------------------------------------------------------------------
133/144
(7000, 0.1, 1e-07, 0.001)
val_acc_mean = 0.9910804597701149
time: 547.4198262691498
-------------------------------------------------------------------------
134/144
(7000, 0.1, 1e-07, 1e-05)
val_acc_mean = 0.9850574712643677
time: 543.257212638855
-------------------------------------------------------------------------
135/144
(7000, 0.1, 1e-07, 1e-07)
val_acc_mean = 0.9860229885057471
time: 546.8824899196625
-------------------------------------------------------------------------
136/144
(7000, 0.01, 0.001, 0.001)
val_acc_mean = 0.9361149425287356
time: 539.6094031333923
-------------------------------------------------------------------------
137/144
(7000, 0.01, 0.001, 1e-05)
val_acc_mean = 0.9357471264367817
time: 539.9667904376984
-------------------------------------------------------------------------
138/144
(7000, 0.01, 0.001, 1e-07)
val_acc_mean = 0.933632183908046
time: 538.2217128276825
-------------------------------------------------------------------------
139/144
(7000, 0.01, 1e-05, 0.001)
val_acc_mean = 0.9544137931034482
time: 544.7929689884186
-------------------------------------------------------------------------
140/144
(7000, 0.01, 1e-05, 1e-05)
val_acc_mean = 0.9534022988505747
time: 543.8846666812897
-------------------------------------------------------------------------
141/144
(7000, 0.01, 1e-05, 1e-07)
val_acc_mean = 0.9521609195402299
time: 538.1951947212219
-------------------------------------------------------------------------
142/144
(7000, 0.01, 1e-07, 0.001)
val_acc_mean = 0.9562068965517241
time: 540.6408519744873
-------------------------------------------------------------------------
143/144
(7000, 0.01, 1e-07, 1e-05)
val_acc_mean = 0.952551724137931
time: 538.7883543968201
-------------------------------------------------------------------------
144/144
(7000, 0.01, 1e-07, 1e-07)
val_acc_mean = 0.9518850574712644
time: 546.0783891677856
-------------------------------------------------------------------------
best param
(1000, 1, 1e-07, 0.001)
max_val_acc = 0.9959770114942529
