nn_mfld_kfold_gs.py start!
1/252
(1000, 0.8, 0.001, 0.001)
val_acc_mean = 0.6729999999999999
time: 124.25992369651794
-------------------------------------------------------------------------
2/252
(1000, 0.8, 0.001, 1e-05)
val_acc_mean = 0.6856
time: 121.24479055404663
-------------------------------------------------------------------------
3/252
(1000, 0.8, 0.001, 1e-07)
val_acc_mean = 0.6741999999999999
time: 121.79188013076782
-------------------------------------------------------------------------
4/252
(1000, 0.8, 1e-05, 0.001)
val_acc_mean = 0.9625999999999999
time: 121.19516611099243
-------------------------------------------------------------------------
5/252
(1000, 0.8, 1e-05, 1e-05)
val_acc_mean = 0.9539333333333333
time: 120.78161025047302
-------------------------------------------------------------------------
6/252
(1000, 0.8, 1e-05, 1e-07)
val_acc_mean = 0.9621333333333333
time: 121.15796160697937
-------------------------------------------------------------------------
7/252
(1000, 0.8, 1e-07, 0.001)
val_acc_mean = 0.9650000000000001
time: 121.22496247291565
-------------------------------------------------------------------------
8/252
(1000, 0.8, 1e-07, 1e-05)
val_acc_mean = 0.9635333333333334
time: 122.16121578216553
-------------------------------------------------------------------------
9/252
(1000, 0.8, 1e-07, 1e-07)
val_acc_mean = 0.9674666666666667
time: 121.4595160484314
-------------------------------------------------------------------------
10/252
(1000, 0.7, 0.001, 0.001)
val_acc_mean = 0.7163999999999999
time: 121.28128433227539
-------------------------------------------------------------------------
11/252
(1000, 0.7, 0.001, 1e-05)
val_acc_mean = 0.7123999999999999
time: 121.29419541358948
-------------------------------------------------------------------------
12/252
(1000, 0.7, 0.001, 1e-07)
val_acc_mean = 0.7223333333333333
time: 121.2677059173584
-------------------------------------------------------------------------
13/252
(1000, 0.7, 1e-05, 0.001)
val_acc_mean = 0.9552666666666667
time: 122.48177576065063
-------------------------------------------------------------------------
14/252
(1000, 0.7, 1e-05, 1e-05)
val_acc_mean = 0.9548
time: 121.43109655380249
-------------------------------------------------------------------------
15/252
(1000, 0.7, 1e-05, 1e-07)
val_acc_mean = 0.9556666666666667
time: 121.30114483833313
-------------------------------------------------------------------------
16/252
(1000, 0.7, 1e-07, 0.001)
val_acc_mean = 0.9661333333333333
time: 122.38537812232971
-------------------------------------------------------------------------
17/252
(1000, 0.7, 1e-07, 1e-05)
val_acc_mean = 0.9588666666666666
time: 121.37456440925598
-------------------------------------------------------------------------
18/252
(1000, 0.7, 1e-07, 1e-07)
val_acc_mean = 0.96
time: 122.0808515548706
-------------------------------------------------------------------------
19/252
(1000, 0.6, 0.001, 0.001)
val_acc_mean = 0.7424666666666667
time: 122.50390982627869
-------------------------------------------------------------------------
20/252
(1000, 0.6, 0.001, 1e-05)
val_acc_mean = 0.7160666666666666
time: 121.50452780723572
-------------------------------------------------------------------------
21/252
(1000, 0.6, 0.001, 1e-07)
val_acc_mean = 0.7245333333333334
time: 122.81940388679504
-------------------------------------------------------------------------
22/252
(1000, 0.6, 1e-05, 0.001)
val_acc_mean = 0.9545999999999999
time: 121.67642188072205
-------------------------------------------------------------------------
23/252
(1000, 0.6, 1e-05, 1e-05)
val_acc_mean = 0.9521333333333333
time: 122.11314249038696
-------------------------------------------------------------------------
24/252
(1000, 0.6, 1e-05, 1e-07)
val_acc_mean = 0.9531333333333334
time: 122.14199995994568
-------------------------------------------------------------------------
25/252
(1000, 0.6, 1e-07, 0.001)
val_acc_mean = 0.9590666666666667
time: 120.94649147987366
-------------------------------------------------------------------------
26/252
(1000, 0.6, 1e-07, 1e-05)
val_acc_mean = 0.9566000000000001
time: 122.36457324028015
-------------------------------------------------------------------------
27/252
(1000, 0.6, 1e-07, 1e-07)
val_acc_mean = 0.9559333333333335
time: 120.68403816223145
-------------------------------------------------------------------------
28/252
(1000, 0.5, 0.001, 0.001)
val_acc_mean = 0.7417333333333334
time: 121.09772777557373
-------------------------------------------------------------------------
29/252
(1000, 0.5, 0.001, 1e-05)
val_acc_mean = 0.7564666666666666
time: 121.50697875022888
-------------------------------------------------------------------------
30/252
(1000, 0.5, 0.001, 1e-07)
val_acc_mean = 0.7457333333333332
time: 121.71921586990356
-------------------------------------------------------------------------
31/252
(1000, 0.5, 1e-05, 0.001)
val_acc_mean = 0.9529333333333332
time: 122.16863512992859
-------------------------------------------------------------------------
32/252
(1000, 0.5, 1e-05, 1e-05)
val_acc_mean = 0.9503333333333334
time: 121.38495516777039
-------------------------------------------------------------------------
33/252
(1000, 0.5, 1e-05, 1e-07)
val_acc_mean = 0.9481333333333332
time: 122.05336213111877
-------------------------------------------------------------------------
34/252
(1000, 0.5, 1e-07, 0.001)
val_acc_mean = 0.9577333333333333
time: 124.13842940330505
-------------------------------------------------------------------------
35/252
(1000, 0.5, 1e-07, 1e-05)
val_acc_mean = 0.9525333333333335
time: 125.54835891723633
-------------------------------------------------------------------------
36/252
(1000, 0.5, 1e-07, 1e-07)
val_acc_mean = 0.9522666666666666
time: 121.97708439826965
-------------------------------------------------------------------------
37/252
(1000, 0.4, 0.001, 0.001)
val_acc_mean = 0.752
time: 121.75701475143433
-------------------------------------------------------------------------
38/252
(1000, 0.4, 0.001, 1e-05)
val_acc_mean = 0.748
time: 120.89477801322937
-------------------------------------------------------------------------
39/252
(1000, 0.4, 0.001, 1e-07)
val_acc_mean = 0.7528666666666666
time: 122.50398588180542
-------------------------------------------------------------------------
40/252
(1000, 0.4, 1e-05, 0.001)
val_acc_mean = 0.9416666666666667
time: 123.61283230781555
-------------------------------------------------------------------------
41/252
(1000, 0.4, 1e-05, 1e-05)
val_acc_mean = 0.9404
time: 133.71171379089355
-------------------------------------------------------------------------
42/252
(1000, 0.4, 1e-05, 1e-07)
val_acc_mean = 0.9372
time: 132.44583106040955
-------------------------------------------------------------------------
43/252
(1000, 0.4, 1e-07, 0.001)
val_acc_mean = 0.9470000000000001
time: 131.83523726463318
-------------------------------------------------------------------------
44/252
(1000, 0.4, 1e-07, 1e-05)
val_acc_mean = 0.9454666666666667
time: 135.390239238739
-------------------------------------------------------------------------
45/252
(1000, 0.4, 1e-07, 1e-07)
val_acc_mean = 0.9406666666666668
time: 132.68067979812622
-------------------------------------------------------------------------
46/252
(1000, 0.3, 0.001, 0.001)
val_acc_mean = 0.7535333333333334
time: 121.3260269165039
-------------------------------------------------------------------------
47/252
(1000, 0.3, 0.001, 1e-05)
val_acc_mean = 0.7562
time: 121.47413635253906
-------------------------------------------------------------------------
48/252
(1000, 0.3, 0.001, 1e-07)
val_acc_mean = 0.7515333333333334
time: 121.44251132011414
-------------------------------------------------------------------------
49/252
(1000, 0.3, 1e-05, 0.001)
val_acc_mean = 0.9315333333333333
time: 121.98761177062988
-------------------------------------------------------------------------
50/252
(1000, 0.3, 1e-05, 1e-05)
val_acc_mean = 0.9276666666666665
time: 121.01511120796204
-------------------------------------------------------------------------
51/252
(1000, 0.3, 1e-05, 1e-07)
val_acc_mean = 0.9279333333333334
time: 121.68265080451965
-------------------------------------------------------------------------
52/252
(1000, 0.3, 1e-07, 0.001)
val_acc_mean = 0.9355333333333334
time: 121.68291449546814
-------------------------------------------------------------------------
53/252
(1000, 0.3, 1e-07, 1e-05)
val_acc_mean = 0.9314
time: 121.3936824798584
-------------------------------------------------------------------------
54/252
(1000, 0.3, 1e-07, 1e-07)
val_acc_mean = 0.9313333333333332
time: 121.04239869117737
-------------------------------------------------------------------------
55/252
(1000, 0.2, 0.001, 0.001)
val_acc_mean = 0.7569333333333332
time: 122.6500678062439
-------------------------------------------------------------------------
56/252
(1000, 0.2, 0.001, 1e-05)
val_acc_mean = 0.7589333333333333
time: 121.7111508846283
-------------------------------------------------------------------------
57/252
(1000, 0.2, 0.001, 1e-07)
val_acc_mean = 0.7554000000000001
time: 121.3838357925415
-------------------------------------------------------------------------
58/252
(1000, 0.2, 1e-05, 0.001)
val_acc_mean = 0.9117333333333333
time: 120.8286612033844
-------------------------------------------------------------------------
59/252
(1000, 0.2, 1e-05, 1e-05)
val_acc_mean = 0.9021333333333332
time: 120.93971180915833
-------------------------------------------------------------------------
60/252
(1000, 0.2, 1e-05, 1e-07)
val_acc_mean = 0.9026666666666667
time: 120.84529209136963
-------------------------------------------------------------------------
61/252
(1000, 0.2, 1e-07, 0.001)
val_acc_mean = 0.9123333333333333
time: 121.86746835708618
-------------------------------------------------------------------------
62/252
(1000, 0.2, 1e-07, 1e-05)
val_acc_mean = 0.9077999999999999
time: 123.1346025466919
-------------------------------------------------------------------------
63/252
(1000, 0.2, 1e-07, 1e-07)
val_acc_mean = 0.905
time: 121.21656227111816
-------------------------------------------------------------------------
64/252
(3000, 0.8, 0.001, 0.001)
val_acc_mean = 0.7058
time: 123.7583110332489
-------------------------------------------------------------------------
65/252
(3000, 0.8, 0.001, 1e-05)
val_acc_mean = 0.7128
time: 124.38403415679932
-------------------------------------------------------------------------
66/252
(3000, 0.8, 0.001, 1e-07)
val_acc_mean = 0.6928000000000001
time: 124.13982653617859
-------------------------------------------------------------------------
67/252
(3000, 0.8, 1e-05, 0.001)
val_acc_mean = 0.9635999999999999
time: 124.50526928901672
-------------------------------------------------------------------------
68/252
(3000, 0.8, 1e-05, 1e-05)
val_acc_mean = 0.9624
time: 124.44439387321472
-------------------------------------------------------------------------
69/252
(3000, 0.8, 1e-05, 1e-07)
val_acc_mean = 0.961
time: 124.227698802948
-------------------------------------------------------------------------
70/252
(3000, 0.8, 1e-07, 0.001)
val_acc_mean = 0.9700666666666666
time: 124.32071137428284
-------------------------------------------------------------------------
71/252
(3000, 0.8, 1e-07, 1e-05)
val_acc_mean = 0.9698666666666667
time: 123.8904914855957
-------------------------------------------------------------------------
72/252
(3000, 0.8, 1e-07, 1e-07)
val_acc_mean = 0.9692000000000001
time: 124.14209127426147
-------------------------------------------------------------------------
73/252
(3000, 0.7, 0.001, 0.001)
val_acc_mean = 0.7404666666666666
time: 123.85626101493835
-------------------------------------------------------------------------
74/252
(3000, 0.7, 0.001, 1e-05)
val_acc_mean = 0.7068
time: 124.15661787986755
-------------------------------------------------------------------------
75/252
(3000, 0.7, 0.001, 1e-07)
val_acc_mean = 0.7044666666666666
time: 125.03367829322815
-------------------------------------------------------------------------
76/252
(3000, 0.7, 1e-05, 0.001)
val_acc_mean = 0.9580666666666666
time: 124.9617269039154
-------------------------------------------------------------------------
77/252
(3000, 0.7, 1e-05, 1e-05)
val_acc_mean = 0.959
time: 124.03640508651733
-------------------------------------------------------------------------
78/252
(3000, 0.7, 1e-05, 1e-07)
val_acc_mean = 0.9568
time: 124.87771034240723
-------------------------------------------------------------------------
79/252
(3000, 0.7, 1e-07, 0.001)
val_acc_mean = 0.9638
time: 123.98818397521973
-------------------------------------------------------------------------
80/252
(3000, 0.7, 1e-07, 1e-05)
val_acc_mean = 0.9643999999999998
time: 124.42418766021729
-------------------------------------------------------------------------
81/252
(3000, 0.7, 1e-07, 1e-07)
val_acc_mean = 0.9651333333333334
time: 124.21971249580383
-------------------------------------------------------------------------
82/252
(3000, 0.6, 0.001, 0.001)
val_acc_mean = 0.7428666666666667
time: 124.3884506225586
-------------------------------------------------------------------------
83/252
(3000, 0.6, 0.001, 1e-05)
val_acc_mean = 0.7337333333333333
time: 124.01745367050171
-------------------------------------------------------------------------
84/252
(3000, 0.6, 0.001, 1e-07)
val_acc_mean = 0.7356
time: 124.34404158592224
-------------------------------------------------------------------------
85/252
(3000, 0.6, 1e-05, 0.001)
val_acc_mean = 0.9540666666666666
time: 125.6747522354126
-------------------------------------------------------------------------
86/252
(3000, 0.6, 1e-05, 1e-05)
val_acc_mean = 0.9537333333333334
time: 124.88718438148499
-------------------------------------------------------------------------
87/252
(3000, 0.6, 1e-05, 1e-07)
val_acc_mean = 0.9554
time: 123.59698033332825
-------------------------------------------------------------------------
88/252
(3000, 0.6, 1e-07, 0.001)
val_acc_mean = 0.9609333333333334
time: 123.58838987350464
-------------------------------------------------------------------------
89/252
(3000, 0.6, 1e-07, 1e-05)
val_acc_mean = 0.9610666666666667
time: 123.1716718673706
-------------------------------------------------------------------------
90/252
(3000, 0.6, 1e-07, 1e-07)
val_acc_mean = 0.9581333333333333
time: 124.11941838264465
-------------------------------------------------------------------------
91/252
(3000, 0.5, 0.001, 0.001)
val_acc_mean = 0.7287999999999999
time: 123.6588773727417
-------------------------------------------------------------------------
92/252
(3000, 0.5, 0.001, 1e-05)
val_acc_mean = 0.7434666666666667
time: 124.90281510353088
-------------------------------------------------------------------------
93/252
(3000, 0.5, 0.001, 1e-07)
val_acc_mean = 0.7346
time: 124.63959288597107
-------------------------------------------------------------------------
94/252
(3000, 0.5, 1e-05, 0.001)
val_acc_mean = 0.9542666666666667
time: 124.11080884933472
-------------------------------------------------------------------------
95/252
(3000, 0.5, 1e-05, 1e-05)
val_acc_mean = 0.9499333333333333
time: 124.01486659049988
-------------------------------------------------------------------------
96/252
(3000, 0.5, 1e-05, 1e-07)
val_acc_mean = 0.9511333333333333
time: 124.2993381023407
-------------------------------------------------------------------------
97/252
(3000, 0.5, 1e-07, 0.001)
val_acc_mean = 0.9580666666666667
time: 124.62286972999573
-------------------------------------------------------------------------
98/252
(3000, 0.5, 1e-07, 1e-05)
val_acc_mean = 0.9525333333333332
time: 124.75819206237793
-------------------------------------------------------------------------
99/252
(3000, 0.5, 1e-07, 1e-07)
val_acc_mean = 0.9519333333333334
time: 124.22370839118958
-------------------------------------------------------------------------
100/252
(3000, 0.4, 0.001, 0.001)
val_acc_mean = 0.7490666666666665
time: 124.77651739120483
-------------------------------------------------------------------------
101/252
(3000, 0.4, 0.001, 1e-05)
val_acc_mean = 0.7544666666666668
time: 124.28725051879883
-------------------------------------------------------------------------
102/252
(3000, 0.4, 0.001, 1e-07)
val_acc_mean = 0.7495333333333333
time: 123.88365197181702
-------------------------------------------------------------------------
103/252
(3000, 0.4, 1e-05, 0.001)
val_acc_mean = 0.9457333333333333
time: 124.82442831993103
-------------------------------------------------------------------------
104/252
(3000, 0.4, 1e-05, 1e-05)
val_acc_mean = 0.9407333333333332
time: 125.0168719291687
-------------------------------------------------------------------------
105/252
(3000, 0.4, 1e-05, 1e-07)
val_acc_mean = 0.9402666666666667
time: 124.19390439987183
-------------------------------------------------------------------------
106/252
(3000, 0.4, 1e-07, 0.001)
val_acc_mean = 0.9480666666666666
time: 124.73857736587524
-------------------------------------------------------------------------
107/252
(3000, 0.4, 1e-07, 1e-05)
val_acc_mean = 0.9464666666666666
time: 125.1085205078125
-------------------------------------------------------------------------
108/252
(3000, 0.4, 1e-07, 1e-07)
val_acc_mean = 0.9456666666666667
time: 123.6996738910675
-------------------------------------------------------------------------
109/252
(3000, 0.3, 0.001, 0.001)
val_acc_mean = 0.7596
time: 125.39929413795471
-------------------------------------------------------------------------
110/252
(3000, 0.3, 0.001, 1e-05)
val_acc_mean = 0.7534
time: 124.16757154464722
-------------------------------------------------------------------------
111/252
(3000, 0.3, 0.001, 1e-07)
val_acc_mean = 0.7528666666666667
time: 141.26259565353394
-------------------------------------------------------------------------
112/252
(3000, 0.3, 1e-05, 0.001)
val_acc_mean = 0.9301999999999999
time: 138.38235092163086
-------------------------------------------------------------------------
113/252
(3000, 0.3, 1e-05, 1e-05)
val_acc_mean = 0.9237333333333334
time: 136.37838530540466
-------------------------------------------------------------------------
114/252
(3000, 0.3, 1e-05, 1e-07)
val_acc_mean = 0.9242666666666667
time: 137.25386929512024
-------------------------------------------------------------------------
115/252
(3000, 0.3, 1e-07, 0.001)
val_acc_mean = 0.9335333333333334
time: 136.54238104820251
-------------------------------------------------------------------------
116/252
(3000, 0.3, 1e-07, 1e-05)
val_acc_mean = 0.9297333333333333
time: 136.46016764640808
-------------------------------------------------------------------------
117/252
(3000, 0.3, 1e-07, 1e-07)
val_acc_mean = 0.9314
time: 135.11063647270203
-------------------------------------------------------------------------
118/252
(3000, 0.2, 0.001, 0.001)
val_acc_mean = 0.7569333333333332
time: 135.25604557991028
-------------------------------------------------------------------------
119/252
(3000, 0.2, 0.001, 1e-05)
val_acc_mean = 0.7559333333333333
time: 138.06717681884766
-------------------------------------------------------------------------
120/252
(3000, 0.2, 0.001, 1e-07)
val_acc_mean = 0.7538666666666668
time: 136.07407307624817
-------------------------------------------------------------------------
121/252
(3000, 0.2, 1e-05, 0.001)
val_acc_mean = 0.9129333333333334
time: 135.80011630058289
-------------------------------------------------------------------------
122/252
(3000, 0.2, 1e-05, 1e-05)
val_acc_mean = 0.9056
time: 135.99334931373596
-------------------------------------------------------------------------
123/252
(3000, 0.2, 1e-05, 1e-07)
val_acc_mean = 0.9037333333333333
time: 135.55711126327515
-------------------------------------------------------------------------
124/252
(3000, 0.2, 1e-07, 0.001)
val_acc_mean = 0.9152000000000001
time: 136.0535032749176
-------------------------------------------------------------------------
125/252
(3000, 0.2, 1e-07, 1e-05)
val_acc_mean = 0.9054
time: 134.47095131874084
-------------------------------------------------------------------------
126/252
(3000, 0.2, 1e-07, 1e-07)
val_acc_mean = 0.9067333333333334
time: 136.1472020149231
-------------------------------------------------------------------------
127/252
(5000, 0.8, 0.001, 0.001)
val_acc_mean = 0.7002
time: 135.41439819335938
-------------------------------------------------------------------------
128/252
(5000, 0.8, 0.001, 1e-05)
val_acc_mean = 0.7030666666666667
time: 134.62665343284607
-------------------------------------------------------------------------
129/252
(5000, 0.8, 0.001, 1e-07)
val_acc_mean = 0.687
time: 136.5694122314453
-------------------------------------------------------------------------
130/252
(5000, 0.8, 1e-05, 0.001)
val_acc_mean = 0.9562666666666667
time: 134.5238790512085
-------------------------------------------------------------------------
131/252
(5000, 0.8, 1e-05, 1e-05)
val_acc_mean = 0.9575333333333333
time: 134.46899604797363
-------------------------------------------------------------------------
132/252
(5000, 0.8, 1e-05, 1e-07)
val_acc_mean = 0.9605333333333335
time: 141.31543731689453
-------------------------------------------------------------------------
133/252
(5000, 0.8, 1e-07, 0.001)
val_acc_mean = 0.968
time: 142.64806365966797
-------------------------------------------------------------------------
134/252
(5000, 0.8, 1e-07, 1e-05)
val_acc_mean = 0.9662666666666666
time: 139.84240746498108
-------------------------------------------------------------------------
135/252
(5000, 0.8, 1e-07, 1e-07)
val_acc_mean = 0.9640000000000001
time: 139.34122896194458
-------------------------------------------------------------------------
136/252
(5000, 0.7, 0.001, 0.001)
val_acc_mean = 0.7223333333333333
time: 139.87867999076843
-------------------------------------------------------------------------
137/252
(5000, 0.7, 0.001, 1e-05)
val_acc_mean = 0.7291333333333332
time: 138.26776599884033
-------------------------------------------------------------------------
138/252
(5000, 0.7, 0.001, 1e-07)
val_acc_mean = 0.724
time: 137.9821617603302
-------------------------------------------------------------------------
139/252
(5000, 0.7, 1e-05, 0.001)
val_acc_mean = 0.9623999999999999
time: 138.68736100196838
-------------------------------------------------------------------------
140/252
(5000, 0.7, 1e-05, 1e-05)
val_acc_mean = 0.9581333333333333
time: 136.83732771873474
-------------------------------------------------------------------------
141/252
(5000, 0.7, 1e-05, 1e-07)
val_acc_mean = 0.9596
time: 137.31230401992798
-------------------------------------------------------------------------
142/252
(5000, 0.7, 1e-07, 0.001)
val_acc_mean = 0.9640666666666666
time: 136.49901843070984
-------------------------------------------------------------------------
143/252
(5000, 0.7, 1e-07, 1e-05)
val_acc_mean = 0.9677333333333333
time: 138.34591841697693
-------------------------------------------------------------------------
144/252
(5000, 0.7, 1e-07, 1e-07)
val_acc_mean = 0.9650000000000001
time: 137.38717436790466
-------------------------------------------------------------------------
145/252
(5000, 0.6, 0.001, 0.001)
val_acc_mean = 0.7344666666666667
time: 137.05144119262695
-------------------------------------------------------------------------
146/252
(5000, 0.6, 0.001, 1e-05)
val_acc_mean = 0.7289333333333333
time: 137.0553331375122
-------------------------------------------------------------------------
147/252
(5000, 0.6, 0.001, 1e-07)
val_acc_mean = 0.7363333333333333
time: 137.92124485969543
-------------------------------------------------------------------------
148/252
(5000, 0.6, 1e-05, 0.001)
val_acc_mean = 0.9556666666666667
time: 137.2403473854065
-------------------------------------------------------------------------
149/252
(5000, 0.6, 1e-05, 1e-05)
val_acc_mean = 0.9522666666666668
time: 135.15462803840637
-------------------------------------------------------------------------
150/252
(5000, 0.6, 1e-05, 1e-07)
val_acc_mean = 0.9523333333333334
time: 136.93974471092224
-------------------------------------------------------------------------
151/252
(5000, 0.6, 1e-07, 0.001)
val_acc_mean = 0.9553333333333333
time: 136.5146942138672
-------------------------------------------------------------------------
152/252
(5000, 0.6, 1e-07, 1e-05)
val_acc_mean = 0.9597999999999999
time: 136.0224175453186
-------------------------------------------------------------------------
153/252
(5000, 0.6, 1e-07, 1e-07)
val_acc_mean = 0.9612666666666667
time: 137.00386023521423
-------------------------------------------------------------------------
154/252
(5000, 0.5, 0.001, 0.001)
val_acc_mean = 0.7333999999999999
time: 137.16428995132446
-------------------------------------------------------------------------
155/252
(5000, 0.5, 0.001, 1e-05)
val_acc_mean = 0.7485999999999999
time: 136.5010688304901
-------------------------------------------------------------------------
156/252
(5000, 0.5, 0.001, 1e-07)
val_acc_mean = 0.7506
time: 135.0438687801361
-------------------------------------------------------------------------
157/252
(5000, 0.5, 1e-05, 0.001)
val_acc_mean = 0.9507999999999999
time: 136.94231486320496
-------------------------------------------------------------------------
158/252
(5000, 0.5, 1e-05, 1e-05)
val_acc_mean = 0.9502666666666666
time: 138.47350692749023
-------------------------------------------------------------------------
159/252
(5000, 0.5, 1e-05, 1e-07)
val_acc_mean = 0.9480666666666666
time: 137.47615456581116
-------------------------------------------------------------------------
160/252
(5000, 0.5, 1e-07, 0.001)
val_acc_mean = 0.9552666666666667
time: 136.5582160949707
-------------------------------------------------------------------------
161/252
(5000, 0.5, 1e-07, 1e-05)
val_acc_mean = 0.9543333333333333
time: 134.7625994682312
-------------------------------------------------------------------------
162/252
(5000, 0.5, 1e-07, 1e-07)
val_acc_mean = 0.9516
time: 136.8435652256012
-------------------------------------------------------------------------
163/252
(5000, 0.4, 0.001, 0.001)
val_acc_mean = 0.7477333333333332
time: 135.41940188407898
-------------------------------------------------------------------------
164/252
(5000, 0.4, 0.001, 1e-05)
val_acc_mean = 0.7504
time: 136.18246698379517
-------------------------------------------------------------------------
165/252
(5000, 0.4, 0.001, 1e-07)
val_acc_mean = 0.7502666666666666
time: 135.0612826347351
-------------------------------------------------------------------------
166/252
(5000, 0.4, 1e-05, 0.001)
val_acc_mean = 0.9428000000000001
time: 135.77928280830383
-------------------------------------------------------------------------
167/252
(5000, 0.4, 1e-05, 1e-05)
val_acc_mean = 0.9421333333333333
time: 135.09237432479858
-------------------------------------------------------------------------
168/252
(5000, 0.4, 1e-05, 1e-07)
val_acc_mean = 0.9432666666666666
time: 136.53728103637695
-------------------------------------------------------------------------
169/252
(5000, 0.4, 1e-07, 0.001)
val_acc_mean = 0.9490666666666666
time: 136.92012119293213
-------------------------------------------------------------------------
170/252
(5000, 0.4, 1e-07, 1e-05)
val_acc_mean = 0.9440666666666667
time: 136.07408165931702
-------------------------------------------------------------------------
171/252
(5000, 0.4, 1e-07, 1e-07)
val_acc_mean = 0.9453333333333334
time: 136.30056285858154
-------------------------------------------------------------------------
172/252
(5000, 0.3, 0.001, 0.001)
val_acc_mean = 0.7539333333333333
time: 135.55545616149902
-------------------------------------------------------------------------
173/252
(5000, 0.3, 0.001, 1e-05)
val_acc_mean = 0.7490666666666667
time: 136.65790557861328
-------------------------------------------------------------------------
