nn_ntk_kfold_gs.py start!
1/12
(1, 0.001)
val_acc_mean = 0.7883333333333333
time: 764.8530089855194
-------------------------------------------------------------------------
2/12
(1, 1e-05)
val_acc_mean = 0.9707166666666668
time: 709.7077834606171
-------------------------------------------------------------------------
3/12
(1, 1e-07)
val_acc_mean = 0.9838333333333333
time: 671.6484854221344
-------------------------------------------------------------------------
4/12
(0.1, 0.001)
val_acc_mean = 0.7871166666666667
time: 603.267183303833
-------------------------------------------------------------------------
5/12
(0.1, 1e-05)
val_acc_mean = 0.9283666666666667
time: 605.4137279987335
-------------------------------------------------------------------------
6/12
(0.1, 1e-07)
val_acc_mean = 0.9306000000000001
time: 605.1409544944763
-------------------------------------------------------------------------
7/12
(0.01, 0.001)
val_acc_mean = 0.6278666666666666
time: 613.8092505931854
-------------------------------------------------------------------------
8/12
(0.01, 1e-05)
val_acc_mean = 0.8062166666666666
time: 610.2024970054626
-------------------------------------------------------------------------
9/12
(0.01, 1e-07)
val_acc_mean = 0.80885
time: 607.1590738296509
-------------------------------------------------------------------------
10/12
(0.001, 0.001)
val_acc_mean = 0.5075
time: 607.2592771053314
-------------------------------------------------------------------------
11/12
(0.001, 1e-05)
val_acc_mean = 0.5144666666666666
time: 547.2205309867859
-------------------------------------------------------------------------
12/12
(0.001, 1e-07)
val_acc_mean = 0.5216333333333333
time: 542.2425465583801
-------------------------------------------------------------------------
best param
(1, 1e-07)
max_val_acc = 0.9838333333333333
(0.1, 1e-07)
max_val_acc = 0.9306000000000001
(0.01, 1e-07)
max_val_acc = 0.80885
(0.001, 1e-07)
max_val_acc = 0.5216333333333333
