nn_mfld_kfold_gs.py start!
1/81
(1000, 1, 0.001, 0.001)
val_acc_mean = 0.06204861111111112
time: 1014.9764823913574
-------------------------------------------------------------------------
2/81
(1000, 1, 0.001, 1e-05)
val_acc_mean = 0.021377314814814814
time: 1061.2123775482178
-------------------------------------------------------------------------
3/81
(1000, 1, 0.001, 1e-07)
val_acc_mean = 0.02616898148148148
time: 1060.0418529510498
-------------------------------------------------------------------------
4/81
(1000, 1, 1e-05, 0.001)
val_acc_mean = 0.748599537037037
time: 1080.0481395721436
-------------------------------------------------------------------------
5/81
(1000, 1, 1e-05, 1e-05)
val_acc_mean = 0.7014004629629629
time: 1081.7221920490265
-------------------------------------------------------------------------
6/81
(1000, 1, 1e-05, 1e-07)
val_acc_mean = 0.6874537037037036
time: 1067.4553275108337
-------------------------------------------------------------------------
7/81
(1000, 1, 1e-07, 0.001)
val_acc_mean = 0.8427083333333334
time: 1091.365478515625
-------------------------------------------------------------------------
8/81
(1000, 1, 1e-07, 1e-05)
val_acc_mean = 0.7990972222222223
time: 1088.5395531654358
-------------------------------------------------------------------------
9/81
(1000, 1, 1e-07, 1e-07)
val_acc_mean = 0.7898842592592593
time: 1070.4403903484344
-------------------------------------------------------------------------
