nn_ntk_kfold_gs.py start!
1/48
(1000, 1, 0.001)
val_acc_mean = 0.5890418080503513
time: 6440.124836683273
-------------------------------------------------------------------------
2/48
(1000, 1, 1e-05)
val_acc_mean = 0.016436859751792855
time: 10505.632136821747
-------------------------------------------------------------------------
3/48
(1000, 1, 1e-07)
val_acc_mean = 0.016436859728649642
time: 8904.444411993027
-------------------------------------------------------------------------
4/48
(1000, 0.1, 0.001)
val_acc_mean = 0.7916585731534681
time: 10946.734482049942
-------------------------------------------------------------------------
5/48
(1000, 0.1, 1e-05)
val_acc_mean = 0.925031573199085
time: 8491.158892154694
-------------------------------------------------------------------------
6/48
(1000, 0.1, 1e-07)
val_acc_mean = 0.9602223841881834
time: 4496.210732221603
-------------------------------------------------------------------------
7/48
(1000, 0.01, 0.001)
val_acc_mean = 0.8243881139948123
time: 4393.228571653366
-------------------------------------------------------------------------
8/48
(1000, 0.01, 1e-05)
val_acc_mean = 0.9175188994422356
time: 4376.0245769023895
-------------------------------------------------------------------------
9/48
(1000, 0.01, 1e-07)
val_acc_mean = 0.8555752832513347
time: 8722.117671728134
-------------------------------------------------------------------------
10/48
(1000, 0.001, 0.001)
val_acc_mean = 0.8435013635790923
time: 10840.482109069824
-------------------------------------------------------------------------
