nn_mfld_kfold_gs.py start!
1/81
(1000, 1, 0.001, 0.001)
val_acc_mean = 0.944
time: 18.72880983352661
-------------------------------------------------------------------------
2/81
(1000, 1, 0.001, 1e-05)
val_acc_mean = 0.933
time: 15.117042064666748
-------------------------------------------------------------------------
3/81
(1000, 1, 0.001, 1e-07)
val_acc_mean = 0.946
time: 14.796512842178345
-------------------------------------------------------------------------
4/81
(1000, 1, 1e-05, 0.001)
val_acc_mean = 0.9775
time: 14.74861764907837
-------------------------------------------------------------------------
5/81
(1000, 1, 1e-05, 1e-05)
val_acc_mean = 0.976
time: 14.880228757858276
-------------------------------------------------------------------------
6/81
(1000, 1, 1e-05, 1e-07)
val_acc_mean = 0.9734999999999999
time: 15.777610540390015
-------------------------------------------------------------------------
7/81
(1000, 1, 1e-07, 0.001)
val_acc_mean = 0.9715
time: 15.330004453659058
-------------------------------------------------------------------------
8/81
(1000, 1, 1e-07, 1e-05)
val_acc_mean = 0.9745000000000001
time: 15.264752388000488
-------------------------------------------------------------------------
9/81
(1000, 1, 1e-07, 1e-07)
val_acc_mean = 0.9705
time: 15.20539116859436
-------------------------------------------------------------------------
10/81
(1000, 0.1, 0.001, 0.001)
val_acc_mean = 0.9490000000000001
time: 15.309647798538208
-------------------------------------------------------------------------
11/81
(1000, 0.1, 0.001, 1e-05)
val_acc_mean = 0.7609999999999999
time: 14.832316160202026
-------------------------------------------------------------------------
12/81
(1000, 0.1, 0.001, 1e-07)
val_acc_mean = 0.7470000000000001
time: 15.933932542800903
-------------------------------------------------------------------------
13/81
(1000, 0.1, 1e-05, 0.001)
val_acc_mean = 0.954
time: 15.571238040924072
-------------------------------------------------------------------------
14/81
(1000, 0.1, 1e-05, 1e-05)
val_acc_mean = 0.784
time: 15.107635736465454
-------------------------------------------------------------------------
15/81
(1000, 0.1, 1e-05, 1e-07)
val_acc_mean = 0.8314999999999999
time: 15.295597553253174
-------------------------------------------------------------------------
16/81
(1000, 0.1, 1e-07, 0.001)
val_acc_mean = 0.952
time: 15.755099534988403
-------------------------------------------------------------------------
17/81
(1000, 0.1, 1e-07, 1e-05)
val_acc_mean = 0.8045000000000002
time: 16.0331449508667
-------------------------------------------------------------------------
18/81
(1000, 0.1, 1e-07, 1e-07)
val_acc_mean = 0.78
time: 16.031259536743164
-------------------------------------------------------------------------
19/81
(1000, 0.01, 0.001, 0.001)
val_acc_mean = 0.5295
time: 15.71181321144104
-------------------------------------------------------------------------
20/81
(1000, 0.01, 0.001, 1e-05)
val_acc_mean = 0.5255
time: 15.238567352294922
-------------------------------------------------------------------------
21/81
(1000, 0.01, 0.001, 1e-07)
val_acc_mean = 0.5255
time: 15.69605541229248
-------------------------------------------------------------------------
22/81
(1000, 0.01, 1e-05, 0.001)
val_acc_mean = 0.53
time: 14.352558135986328
-------------------------------------------------------------------------
23/81
(1000, 0.01, 1e-05, 1e-05)
val_acc_mean = 0.5255
time: 15.060397863388062
-------------------------------------------------------------------------
24/81
(1000, 0.01, 1e-05, 1e-07)
val_acc_mean = 0.5254999999999999
time: 14.492424726486206
-------------------------------------------------------------------------
25/81
(1000, 0.01, 1e-07, 0.001)
val_acc_mean = 0.532
time: 14.800291776657104
-------------------------------------------------------------------------
26/81
(1000, 0.01, 1e-07, 1e-05)
val_acc_mean = 0.5255
time: 14.280909538269043
-------------------------------------------------------------------------
27/81
(1000, 0.01, 1e-07, 1e-07)
val_acc_mean = 0.5255
time: 14.508963584899902
-------------------------------------------------------------------------
28/81
(3000, 1, 0.001, 0.001)
val_acc_mean = 0.9550000000000001
time: 14.83229923248291
-------------------------------------------------------------------------
29/81
(3000, 1, 0.001, 1e-05)
val_acc_mean = 0.943
time: 14.818747520446777
-------------------------------------------------------------------------
30/81
(3000, 1, 0.001, 1e-07)
val_acc_mean = 0.9415000000000001
time: 14.985767841339111
-------------------------------------------------------------------------
31/81
(3000, 1, 1e-05, 0.001)
val_acc_mean = 0.9734999999999999
time: 14.74878191947937
-------------------------------------------------------------------------
32/81
(3000, 1, 1e-05, 1e-05)
val_acc_mean = 0.9780000000000001
time: 14.815745115280151
-------------------------------------------------------------------------
33/81
(3000, 1, 1e-05, 1e-07)
val_acc_mean = 0.975
time: 14.730989217758179
-------------------------------------------------------------------------
34/81
(3000, 1, 1e-07, 0.001)
val_acc_mean = 0.9755
time: 14.67436408996582
-------------------------------------------------------------------------
35/81
(3000, 1, 1e-07, 1e-05)
val_acc_mean = 0.982
time: 14.537009000778198
-------------------------------------------------------------------------
36/81
(3000, 1, 1e-07, 1e-07)
val_acc_mean = 0.969
time: 14.64874529838562
-------------------------------------------------------------------------
37/81
(3000, 0.1, 0.001, 0.001)
val_acc_mean = 0.943
time: 14.534175157546997
-------------------------------------------------------------------------
38/81
(3000, 0.1, 0.001, 1e-05)
val_acc_mean = 0.7105
time: 14.23012375831604
-------------------------------------------------------------------------
39/81
(3000, 0.1, 0.001, 1e-07)
val_acc_mean = 0.6990000000000001
time: 14.824194192886353
-------------------------------------------------------------------------
40/81
(3000, 0.1, 1e-05, 0.001)
val_acc_mean = 0.9455
time: 14.816697835922241
-------------------------------------------------------------------------
41/81
(3000, 0.1, 1e-05, 1e-05)
val_acc_mean = 0.812
time: 14.62208890914917
-------------------------------------------------------------------------
42/81
(3000, 0.1, 1e-05, 1e-07)
val_acc_mean = 0.7655000000000001
time: 14.963360071182251
-------------------------------------------------------------------------
43/81
(3000, 0.1, 1e-07, 0.001)
val_acc_mean = 0.9490000000000001
time: 14.67994499206543
-------------------------------------------------------------------------
44/81
(3000, 0.1, 1e-07, 1e-05)
val_acc_mean = 0.7785
time: 14.865510940551758
-------------------------------------------------------------------------
45/81
(3000, 0.1, 1e-07, 1e-07)
val_acc_mean = 0.7839999999999999
time: 14.476425170898438
-------------------------------------------------------------------------
46/81
(3000, 0.01, 0.001, 0.001)
val_acc_mean = 0.5279999999999999
time: 14.670103549957275
-------------------------------------------------------------------------
47/81
(3000, 0.01, 0.001, 1e-05)
val_acc_mean = 0.5255000000000001
time: 14.44529676437378
-------------------------------------------------------------------------
48/81
(3000, 0.01, 0.001, 1e-07)
val_acc_mean = 0.5254999999999999
time: 15.146633625030518
-------------------------------------------------------------------------
49/81
(3000, 0.01, 1e-05, 0.001)
val_acc_mean = 0.533
time: 14.739739179611206
-------------------------------------------------------------------------
50/81
(3000, 0.01, 1e-05, 1e-05)
val_acc_mean = 0.5254999999999999
time: 14.348020315170288
-------------------------------------------------------------------------
51/81
(3000, 0.01, 1e-05, 1e-07)
val_acc_mean = 0.5255000000000001
time: 14.74884819984436
-------------------------------------------------------------------------
52/81
(3000, 0.01, 1e-07, 0.001)
val_acc_mean = 0.5315000000000001
time: 14.313543558120728
-------------------------------------------------------------------------
53/81
(3000, 0.01, 1e-07, 1e-05)
val_acc_mean = 0.5255
time: 14.470588207244873
-------------------------------------------------------------------------
54/81
(3000, 0.01, 1e-07, 1e-07)
val_acc_mean = 0.5255
time: 14.412011861801147
-------------------------------------------------------------------------
55/81
(5000, 1, 0.001, 0.001)
val_acc_mean = 0.9505000000000001
time: 14.34995174407959
-------------------------------------------------------------------------
56/81
(5000, 1, 0.001, 1e-05)
val_acc_mean = 0.9359999999999999
time: 14.310855865478516
-------------------------------------------------------------------------
57/81
(5000, 1, 0.001, 1e-07)
val_acc_mean = 0.9415000000000001
time: 14.640036821365356
-------------------------------------------------------------------------
58/81
(5000, 1, 1e-05, 0.001)
val_acc_mean = 0.9785
time: 15.110340595245361
-------------------------------------------------------------------------
59/81
(5000, 1, 1e-05, 1e-05)
val_acc_mean = 0.976
time: 14.690376996994019
-------------------------------------------------------------------------
60/81
(5000, 1, 1e-05, 1e-07)
val_acc_mean = 0.9705
time: 14.418386697769165
-------------------------------------------------------------------------
61/81
(5000, 1, 1e-07, 0.001)
val_acc_mean = 0.978
time: 14.42561650276184
-------------------------------------------------------------------------
62/81
(5000, 1, 1e-07, 1e-05)
val_acc_mean = 0.9734999999999999
time: 14.685250759124756
-------------------------------------------------------------------------
63/81
(5000, 1, 1e-07, 1e-07)
val_acc_mean = 0.9724999999999999
time: 14.501516342163086
-------------------------------------------------------------------------
64/81
(5000, 0.1, 0.001, 0.001)
val_acc_mean = 0.943
time: 14.501822471618652
-------------------------------------------------------------------------
65/81
(5000, 0.1, 0.001, 1e-05)
val_acc_mean = 0.7475
time: 14.353832483291626
-------------------------------------------------------------------------
66/81
(5000, 0.1, 0.001, 1e-07)
val_acc_mean = 0.714
time: 14.162603855133057
-------------------------------------------------------------------------
67/81
(5000, 0.1, 1e-05, 0.001)
val_acc_mean = 0.9530000000000001
time: 14.526315212249756
-------------------------------------------------------------------------
68/81
(5000, 0.1, 1e-05, 1e-05)
val_acc_mean = 0.7845000000000001
time: 14.561038255691528
-------------------------------------------------------------------------
69/81
(5000, 0.1, 1e-05, 1e-07)
val_acc_mean = 0.7565
time: 14.396412134170532
-------------------------------------------------------------------------
70/81
(5000, 0.1, 1e-07, 0.001)
val_acc_mean = 0.9515
time: 14.460376024246216
-------------------------------------------------------------------------
71/81
(5000, 0.1, 1e-07, 1e-05)
val_acc_mean = 0.7785
time: 14.312652111053467
-------------------------------------------------------------------------
72/81
(5000, 0.1, 1e-07, 1e-07)
val_acc_mean = 0.7775000000000001
time: 14.81862998008728
-------------------------------------------------------------------------
73/81
(5000, 0.01, 0.001, 0.001)
val_acc_mean = 0.528
time: 14.486465692520142
-------------------------------------------------------------------------
74/81
(5000, 0.01, 0.001, 1e-05)
val_acc_mean = 0.5255000000000001
time: 14.37262749671936
-------------------------------------------------------------------------
75/81
(5000, 0.01, 0.001, 1e-07)
val_acc_mean = 0.5254999999999999
time: 14.302405834197998
-------------------------------------------------------------------------
76/81
(5000, 0.01, 1e-05, 0.001)
val_acc_mean = 0.5269999999999999
time: 14.530595302581787
-------------------------------------------------------------------------
77/81
(5000, 0.01, 1e-05, 1e-05)
val_acc_mean = 0.5255
time: 14.27530312538147
-------------------------------------------------------------------------
78/81
(5000, 0.01, 1e-05, 1e-07)
val_acc_mean = 0.5255
time: 14.565418243408203
-------------------------------------------------------------------------
79/81
(5000, 0.01, 1e-07, 0.001)
val_acc_mean = 0.531
time: 14.668301820755005
-------------------------------------------------------------------------
80/81
(5000, 0.01, 1e-07, 1e-05)
val_acc_mean = 0.5255
time: 14.391477346420288
-------------------------------------------------------------------------
81/81
(5000, 0.01, 1e-07, 1e-07)
val_acc_mean = 0.5255
time: 14.206458568572998
-------------------------------------------------------------------------
best param
(3000, 1, 1e-07, 1e-05)
max_val_acc = 0.982
