nn_ntk_kfold_gs.py start!
1/12
(1, 0.001)
val_acc_mean = 0.9029205841168233
time: 643.4380383491516
-------------------------------------------------------------------------
2/12
(1, 1e-05)
val_acc_mean = 0.9798959791958393
time: 596.8747539520264
-------------------------------------------------------------------------
3/12
(1, 1e-07)
val_acc_mean = 0.986117223444689
time: 556.0600972175598
-------------------------------------------------------------------------
4/12
(0.1, 0.001)
val_acc_mean = 0.9029205841168233
time: 529.4162051677704
-------------------------------------------------------------------------
5/12
(0.1, 1e-05)
val_acc_mean = 0.9553910782156431
time: 499.942058801651
-------------------------------------------------------------------------
6/12
(0.1, 1e-07)
val_acc_mean = 0.9578715743148629
time: 501.0695643424988
-------------------------------------------------------------------------
7/12
(0.01, 0.001)
val_acc_mean = 0.9029205841168233
time: 500.31731700897217
-------------------------------------------------------------------------
8/12
(0.01, 1e-05)
val_acc_mean = 0.9107021404280855
time: 508.7672665119171
-------------------------------------------------------------------------
9/12
(0.01, 1e-07)
val_acc_mean = 0.9105621124224845
time: 505.95739102363586
-------------------------------------------------------------------------
10/12
(0.001, 0.001)
val_acc_mean = 0.9029205841168233
time: 503.4075093269348
-------------------------------------------------------------------------
11/12
(0.001, 1e-05)
val_acc_mean = 0.9029205841168233
time: 505.78126072883606
-------------------------------------------------------------------------
12/12
(0.001, 1e-07)
val_acc_mean = 0.9029205841168233
time: 506.48418951034546
-------------------------------------------------------------------------
best param
(1, 1e-07)
max_val_acc = 0.986117223444689
(0.1, 1e-07)
max_val_acc = 0.9578715743148629
(0.01, 1e-05)
max_val_acc = 0.9107021404280855
(0.001, 0.001)
max_val_acc = 0.9029205841168233
