nn_mfld_kfold_gs.py start!
1/81
(1000, 1, 0.001, 0.001)
val_acc_mean = 0.8757931034482758
time: 98.41466045379639
-------------------------------------------------------------------------
2/81
(1000, 1, 0.001, 1e-05)
val_acc_mean = 0.8821149425287356
time: 109.60512685775757
-------------------------------------------------------------------------
3/81
(1000, 1, 0.001, 1e-07)
val_acc_mean = 0.878183908045977
time: 103.84223771095276
-------------------------------------------------------------------------
4/81
(1000, 1, 1e-05, 0.001)
val_acc_mean = 0.978735632183908
time: 105.33356285095215
-------------------------------------------------------------------------
5/81
(1000, 1, 1e-05, 1e-05)
val_acc_mean = 0.9800919540229884
time: 106.2994737625122
-------------------------------------------------------------------------
6/81
(1000, 1, 1e-05, 1e-07)
val_acc_mean = 0.9665517241379309
time: 108.49385166168213
-------------------------------------------------------------------------
7/81
(1000, 1, 1e-07, 0.001)
val_acc_mean = 0.968896551724138
time: 103.84076046943665
-------------------------------------------------------------------------
8/81
(1000, 1, 1e-07, 1e-05)
val_acc_mean = 0.9697471264367816
time: 101.61817336082458
-------------------------------------------------------------------------
9/81
(1000, 1, 1e-07, 1e-07)
val_acc_mean = 0.9731494252873564
time: 106.22905802726746
-------------------------------------------------------------------------
10/81
(1000, 0.1, 0.001, 0.001)
val_acc_mean = 0.9527356321839081
time: 107.33157539367676
-------------------------------------------------------------------------
11/81
(1000, 0.1, 0.001, 1e-05)
val_acc_mean = 0.9314022988505748
time: 108.25920915603638
-------------------------------------------------------------------------
12/81
(1000, 0.1, 0.001, 1e-07)
val_acc_mean = 0.9386896551724139
time: 105.61299705505371
-------------------------------------------------------------------------
13/81
(1000, 0.1, 1e-05, 0.001)
val_acc_mean = 0.9679540229885057
time: 110.38062119483948
-------------------------------------------------------------------------
14/81
(1000, 0.1, 1e-05, 1e-05)
val_acc_mean = 0.9585747126436781
time: 106.00030899047852
-------------------------------------------------------------------------
15/81
(1000, 0.1, 1e-05, 1e-07)
val_acc_mean = 0.9590574712643678
time: 104.92803597450256
-------------------------------------------------------------------------
16/81
(1000, 0.1, 1e-07, 0.001)
val_acc_mean = 0.9723218390804597
time: 110.37431049346924
-------------------------------------------------------------------------
17/81
(1000, 0.1, 1e-07, 1e-05)
val_acc_mean = 0.9588735632183909
time: 111.86217641830444
-------------------------------------------------------------------------
18/81
(1000, 0.1, 1e-07, 1e-07)
val_acc_mean = 0.9479080459770115
time: 108.86376738548279
-------------------------------------------------------------------------
19/81
(1000, 0.01, 0.001, 0.001)
val_acc_mean = 0.8866206896551725
time: 105.28314900398254
-------------------------------------------------------------------------
20/81
(1000, 0.01, 0.001, 1e-05)
val_acc_mean = 0.8820229885057472
time: 108.93042731285095
-------------------------------------------------------------------------
21/81
(1000, 0.01, 0.001, 1e-07)
val_acc_mean = 0.8828275862068965
time: 111.63953995704651
-------------------------------------------------------------------------
22/81
(1000, 0.01, 1e-05, 0.001)
val_acc_mean = 0.8928735632183908
time: 110.7761504650116
-------------------------------------------------------------------------
23/81
(1000, 0.01, 1e-05, 1e-05)
val_acc_mean = 0.8892643678160919
time: 111.33537936210632
-------------------------------------------------------------------------
24/81
(1000, 0.01, 1e-05, 1e-07)
val_acc_mean = 0.8894712643678162
time: 111.74586319923401
-------------------------------------------------------------------------
25/81
(1000, 0.01, 1e-07, 0.001)
val_acc_mean = 0.8949425287356322
time: 110.1803617477417
-------------------------------------------------------------------------
26/81
(1000, 0.01, 1e-07, 1e-05)
val_acc_mean = 0.891655172413793
time: 111.30153727531433
-------------------------------------------------------------------------
27/81
(1000, 0.01, 1e-07, 1e-07)
val_acc_mean = 0.8909425287356323
time: 111.35213780403137
-------------------------------------------------------------------------
28/81
(3000, 1, 0.001, 0.001)
val_acc_mean = 0.8854712643678161
time: 119.05937767028809
-------------------------------------------------------------------------
29/81
(3000, 1, 0.001, 1e-05)
val_acc_mean = 0.8769885057471265
time: 124.37557721138
-------------------------------------------------------------------------
30/81
(3000, 1, 0.001, 1e-07)
val_acc_mean = 0.8834022988505748
time: 124.63574624061584
-------------------------------------------------------------------------
31/81
(3000, 1, 1e-05, 0.001)
val_acc_mean = 0.9600919540229885
time: 126.27578806877136
-------------------------------------------------------------------------
32/81
(3000, 1, 1e-05, 1e-05)
val_acc_mean = 0.9787816091954022
time: 121.92779731750488
-------------------------------------------------------------------------
33/81
(3000, 1, 1e-05, 1e-07)
val_acc_mean = 0.9783908045977011
time: 124.66183924674988
-------------------------------------------------------------------------
34/81
(3000, 1, 1e-07, 0.001)
val_acc_mean = 0.9836091954022989
time: 121.60866260528564
-------------------------------------------------------------------------
35/81
(3000, 1, 1e-07, 1e-05)
val_acc_mean = 0.9549655172413793
time: 123.61118936538696
-------------------------------------------------------------------------
36/81
(3000, 1, 1e-07, 1e-07)
val_acc_mean = 0.9822758620689654
time: 124.74087834358215
-------------------------------------------------------------------------
37/81
(3000, 0.1, 0.001, 0.001)
val_acc_mean = 0.9344597701149426
time: 119.19339275360107
-------------------------------------------------------------------------
38/81
(3000, 0.1, 0.001, 1e-05)
val_acc_mean = 0.9357701149425287
time: 120.66393566131592
-------------------------------------------------------------------------
39/81
(3000, 0.1, 0.001, 1e-07)
val_acc_mean = 0.9323218390804598
time: 121.09146475791931
-------------------------------------------------------------------------
40/81
(3000, 0.1, 1e-05, 0.001)
val_acc_mean = 0.9725747126436781
time: 121.61732578277588
-------------------------------------------------------------------------
41/81
(3000, 0.1, 1e-05, 1e-05)
val_acc_mean = 0.9498850574712643
time: 118.52225542068481
-------------------------------------------------------------------------
42/81
(3000, 0.1, 1e-05, 1e-07)
val_acc_mean = 0.9629655172413794
time: 118.54397773742676
-------------------------------------------------------------------------
43/81
(3000, 0.1, 1e-07, 0.001)
val_acc_mean = 0.9638390804597702
time: 116.38828659057617
-------------------------------------------------------------------------
44/81
(3000, 0.1, 1e-07, 1e-05)
val_acc_mean = 0.9654482758620689
time: 120.72941064834595
-------------------------------------------------------------------------
45/81
(3000, 0.1, 1e-07, 1e-07)
val_acc_mean = 0.9520919540229885
time: 118.62159419059753
-------------------------------------------------------------------------
46/81
(3000, 0.01, 0.001, 0.001)
val_acc_mean = 0.8856321839080461
time: 116.50063133239746
-------------------------------------------------------------------------
47/81
(3000, 0.01, 0.001, 1e-05)
val_acc_mean = 0.8837701149425288
time: 116.22462892532349
-------------------------------------------------------------------------
48/81
(3000, 0.01, 0.001, 1e-07)
val_acc_mean = 0.8838390804597701
time: 120.76600408554077
-------------------------------------------------------------------------
49/81
(3000, 0.01, 1e-05, 0.001)
val_acc_mean = 0.893057471264368
time: 120.2483479976654
-------------------------------------------------------------------------
50/81
(3000, 0.01, 1e-05, 1e-05)
val_acc_mean = 0.8915862068965517
time: 120.01100564002991
-------------------------------------------------------------------------
51/81
(3000, 0.01, 1e-05, 1e-07)
val_acc_mean = 0.8893793103448274
time: 121.71178984642029
-------------------------------------------------------------------------
52/81
(3000, 0.01, 1e-07, 0.001)
val_acc_mean = 0.8920229885057471
time: 121.95278978347778
-------------------------------------------------------------------------
53/81
(3000, 0.01, 1e-07, 1e-05)
val_acc_mean = 0.8926666666666666
time: 121.79154872894287
-------------------------------------------------------------------------
54/81
(3000, 0.01, 1e-07, 1e-07)
val_acc_mean = 0.8866206896551725
time: 120.41394400596619
-------------------------------------------------------------------------
55/81
(5000, 1, 0.001, 0.001)
val_acc_mean = 0.8831494252873562
time: 123.61197876930237
-------------------------------------------------------------------------
56/81
(5000, 1, 0.001, 1e-05)
val_acc_mean = 0.8967126436781608
time: 123.28608274459839
-------------------------------------------------------------------------
57/81
(5000, 1, 0.001, 1e-07)
val_acc_mean = 0.8950804597701151
time: 125.80500173568726
-------------------------------------------------------------------------
58/81
(5000, 1, 1e-05, 0.001)
val_acc_mean = 0.9439540229885057
time: 121.95520830154419
-------------------------------------------------------------------------
59/81
(5000, 1, 1e-05, 1e-05)
val_acc_mean = 0.9628045977011495
time: 124.18310308456421
-------------------------------------------------------------------------
60/81
(5000, 1, 1e-05, 1e-07)
val_acc_mean = 0.9826436781609195
time: 126.97461557388306
-------------------------------------------------------------------------
61/81
(5000, 1, 1e-07, 0.001)
val_acc_mean = 0.9712183908045976
time: 124.37468767166138
-------------------------------------------------------------------------
62/81
(5000, 1, 1e-07, 1e-05)
val_acc_mean = 0.973816091954023
time: 127.74359178543091
-------------------------------------------------------------------------
63/81
(5000, 1, 1e-07, 1e-07)
val_acc_mean = 0.9756091954022988
time: 128.18763399124146
-------------------------------------------------------------------------
64/81
(5000, 0.1, 0.001, 0.001)
val_acc_mean = 0.9456321839080462
time: 125.37380123138428
-------------------------------------------------------------------------
65/81
(5000, 0.1, 0.001, 1e-05)
val_acc_mean = 0.9308505747126435
time: 122.78923606872559
-------------------------------------------------------------------------
66/81
(5000, 0.1, 0.001, 1e-07)
val_acc_mean = 0.9370114942528737
time: 123.99165606498718
-------------------------------------------------------------------------
67/81
(5000, 0.1, 1e-05, 0.001)
val_acc_mean = 0.9730574712643678
time: 125.92070865631104
-------------------------------------------------------------------------
68/81
(5000, 0.1, 1e-05, 1e-05)
val_acc_mean = 0.9574252873563219
time: 126.24249649047852
-------------------------------------------------------------------------
69/81
(5000, 0.1, 1e-05, 1e-07)
val_acc_mean = 0.9572413793103449
time: 124.2964997291565
-------------------------------------------------------------------------
70/81
(5000, 0.1, 1e-07, 0.001)
val_acc_mean = 0.960896551724138
time: 125.60122203826904
-------------------------------------------------------------------------
71/81
(5000, 0.1, 1e-07, 1e-05)
val_acc_mean = 0.9662068965517241
time: 121.88417482376099
-------------------------------------------------------------------------
72/81
(5000, 0.1, 1e-07, 1e-07)
val_acc_mean = 0.9598160919540231
time: 121.49349284172058
-------------------------------------------------------------------------
73/81
(5000, 0.01, 0.001, 0.001)
val_acc_mean = 0.8874712643678162
time: 129.25839018821716
-------------------------------------------------------------------------
74/81
(5000, 0.01, 0.001, 1e-05)
val_acc_mean = 0.8833333333333332
time: 125.23467421531677
-------------------------------------------------------------------------
75/81
(5000, 0.01, 0.001, 1e-07)
val_acc_mean = 0.8834022988505748
time: 128.07436108589172
-------------------------------------------------------------------------
76/81
(5000, 0.01, 1e-05, 0.001)
val_acc_mean = 0.894896551724138
time: 120.84328246116638
-------------------------------------------------------------------------
77/81
(5000, 0.01, 1e-05, 1e-05)
val_acc_mean = 0.8913793103448275
time: 123.31284403800964
-------------------------------------------------------------------------
78/81
(5000, 0.01, 1e-05, 1e-07)
val_acc_mean = 0.8923448275862069
time: 126.71025824546814
-------------------------------------------------------------------------
79/81
(5000, 0.01, 1e-07, 0.001)
val_acc_mean = 0.8937701149425289
time: 126.36487317085266
-------------------------------------------------------------------------
80/81
(5000, 0.01, 1e-07, 1e-05)
val_acc_mean = 0.8890804597701149
time: 126.89907932281494
-------------------------------------------------------------------------
81/81
(5000, 0.01, 1e-07, 1e-07)
val_acc_mean = 0.8930344827586207
time: 124.26250076293945
-------------------------------------------------------------------------
best param
(3000, 1, 1e-07, 0.001)
max_val_acc = 0.9836091954022989
