dataset letter is loaded
--------------------------------------
[08:47:30] WARNING: /tmp/abs_40obctay9q/croots/recipe/xgboost-split_1659548945886/work/src/learner.cc:576: 
Parameters: { "silent" } might not be used.

  This could be a false alarm, with some parameters getting used by language bindings but
  then being mistakenly passed down to XGBoost core, or some parameter actually being used
  but getting flagged wrongly here. Please open an issue if you find any such cases.


[08:49:08] WARNING: /tmp/abs_40obctay9q/croots/recipe/xgboost-split_1659548945886/work/src/learner.cc:576: 
Parameters: { "silent" } might not be used.

  This could be a false alarm, with some parameters getting used by language bindings but
  then being mistakenly passed down to XGBoost core, or some parameter actually being used
  but getting flagged wrongly here. Please open an issue if you find any such cases.


[08:51:00] WARNING: /tmp/abs_40obctay9q/croots/recipe/xgboost-split_1659548945886/work/src/learner.cc:576: 
Parameters: { "silent" } might not be used.

  This could be a false alarm, with some parameters getting used by language bindings but
  then being mistakenly passed down to XGBoost core, or some parameter actually being used
  but getting flagged wrongly here. Please open an issue if you find any such cases.


[08:52:51] WARNING: /tmp/abs_40obctay9q/croots/recipe/xgboost-split_1659548945886/work/src/learner.cc:576: 
Parameters: { "silent" } might not be used.

  This could be a false alarm, with some parameters getting used by language bindings but
  then being mistakenly passed down to XGBoost core, or some parameter actually being used
  but getting flagged wrongly here. Please open an issue if you find any such cases.


[08:54:17] WARNING: /tmp/abs_40obctay9q/croots/recipe/xgboost-split_1659548945886/work/src/learner.cc:576: 
Parameters: { "silent" } might not be used.

  This could be a false alarm, with some parameters getting used by language bindings but
  then being mistakenly passed down to XGBoost core, or some parameter actually being used
  but getting flagged wrongly here. Please open an issue if you find any such cases.


[08:55:32] WARNING: /tmp/abs_40obctay9q/croots/recipe/xgboost-split_1659548945886/work/src/learner.cc:576: 
Parameters: { "silent" } might not be used.

  This could be a false alarm, with some parameters getting used by language bindings but
  then being mistakenly passed down to XGBoost core, or some parameter actually being used
  but getting flagged wrongly here. Please open an issue if you find any such cases.


[09:00:56] WARNING: /tmp/abs_40obctay9q/croots/recipe/xgboost-split_1659548945886/work/src/learner.cc:576: 
Parameters: { "silent" } might not be used.

  This could be a false alarm, with some parameters getting used by language bindings but
  then being mistakenly passed down to XGBoost core, or some parameter actually being used
  but getting flagged wrongly here. Please open an issue if you find any such cases.


[09:05:55] WARNING: /tmp/abs_40obctay9q/croots/recipe/xgboost-split_1659548945886/work/src/learner.cc:576: 
Parameters: { "silent" } might not be used.

  This could be a false alarm, with some parameters getting used by language bindings but
  then being mistakenly passed down to XGBoost core, or some parameter actually being used
  but getting flagged wrongly here. Please open an issue if you find any such cases.


[09:18:06] WARNING: /tmp/abs_40obctay9q/croots/recipe/xgboost-split_1659548945886/work/src/learner.cc:576: 
Parameters: { "silent" } might not be used.

  This could be a false alarm, with some parameters getting used by language bindings but
  then being mistakenly passed down to XGBoost core, or some parameter actually being used
  but getting flagged wrongly here. Please open an issue if you find any such cases.


[09:29:07] WARNING: /tmp/abs_40obctay9q/croots/recipe/xgboost-split_1659548945886/work/src/learner.cc:576: 
Parameters: { "silent" } might not be used.

  This could be a false alarm, with some parameters getting used by language bindings but
  then being mistakenly passed down to XGBoost core, or some parameter actually being used
  but getting flagged wrongly here. Please open an issue if you find any such cases.


[09:40:16] WARNING: /tmp/abs_40obctay9q/croots/recipe/xgboost-split_1659548945886/work/src/learner.cc:576: 
Parameters: { "silent" } might not be used.

  This could be a false alarm, with some parameters getting used by language bindings but
  then being mistakenly passed down to XGBoost core, or some parameter actually being used
  but getting flagged wrongly here. Please open an issue if you find any such cases.


[09:44:04] WARNING: /tmp/abs_40obctay9q/croots/recipe/xgboost-split_1659548945886/work/src/learner.cc:576: 
Parameters: { "silent" } might not be used.

  This could be a false alarm, with some parameters getting used by language bindings but
  then being mistakenly passed down to XGBoost core, or some parameter actually being used
  but getting flagged wrongly here. Please open an issue if you find any such cases.


[09:47:52] WARNING: /tmp/abs_40obctay9q/croots/recipe/xgboost-split_1659548945886/work/src/learner.cc:576: 
Parameters: { "silent" } might not be used.

  This could be a false alarm, with some parameters getting used by language bindings but
  then being mistakenly passed down to XGBoost core, or some parameter actually being used
  but getting flagged wrongly here. Please open an issue if you find any such cases.


[09:51:26] WARNING: /tmp/abs_40obctay9q/croots/recipe/xgboost-split_1659548945886/work/src/learner.cc:576: 
Parameters: { "silent" } might not be used.

  This could be a false alarm, with some parameters getting used by language bindings but
  then being mistakenly passed down to XGBoost core, or some parameter actually being used
  but getting flagged wrongly here. Please open an issue if you find any such cases.


[09:55:17] WARNING: /tmp/abs_40obctay9q/croots/recipe/xgboost-split_1659548945886/work/src/learner.cc:576: 
Parameters: { "silent" } might not be used.

  This could be a false alarm, with some parameters getting used by language bindings but
  then being mistakenly passed down to XGBoost core, or some parameter actually being used
  but getting flagged wrongly here. Please open an issue if you find any such cases.


[09:59:16] WARNING: /tmp/abs_40obctay9q/croots/recipe/xgboost-split_1659548945886/work/src/learner.cc:576: 
Parameters: { "silent" } might not be used.

  This could be a false alarm, with some parameters getting used by language bindings but
  then being mistakenly passed down to XGBoost core, or some parameter actually being used
  but getting flagged wrongly here. Please open an issue if you find any such cases.


[10:08:00] WARNING: /tmp/abs_40obctay9q/croots/recipe/xgboost-split_1659548945886/work/src/learner.cc:576: 
Parameters: { "silent" } might not be used.

  This could be a false alarm, with some parameters getting used by language bindings but
  then being mistakenly passed down to XGBoost core, or some parameter actually being used
  but getting flagged wrongly here. Please open an issue if you find any such cases.


[10:16:21] WARNING: /tmp/abs_40obctay9q/croots/recipe/xgboost-split_1659548945886/work/src/learner.cc:576: 
Parameters: { "silent" } might not be used.

  This could be a false alarm, with some parameters getting used by language bindings but
  then being mistakenly passed down to XGBoost core, or some parameter actually being used
  but getting flagged wrongly here. Please open an issue if you find any such cases.


[10:24:52] WARNING: /tmp/abs_40obctay9q/croots/recipe/xgboost-split_1659548945886/work/src/learner.cc:576: 
Parameters: { "silent" } might not be used.

  This could be a false alarm, with some parameters getting used by language bindings but
  then being mistakenly passed down to XGBoost core, or some parameter actually being used
  but getting flagged wrongly here. Please open an issue if you find any such cases.


[10:33:12] WARNING: /tmp/abs_40obctay9q/croots/recipe/xgboost-split_1659548945886/work/src/learner.cc:576: 
Parameters: { "silent" } might not be used.

  This could be a false alarm, with some parameters getting used by language bindings but
  then being mistakenly passed down to XGBoost core, or some parameter actually being used
  but getting flagged wrongly here. Please open an issue if you find any such cases.


[10:41:28] WARNING: /tmp/abs_40obctay9q/croots/recipe/xgboost-split_1659548945886/work/src/learner.cc:576: 
Parameters: { "silent" } might not be used.

  This could be a false alarm, with some parameters getting used by language bindings but
  then being mistakenly passed down to XGBoost core, or some parameter actually being used
  but getting flagged wrongly here. Please open an issue if you find any such cases.


[10:44:10] WARNING: /tmp/abs_40obctay9q/croots/recipe/xgboost-split_1659548945886/work/src/learner.cc:576: 
Parameters: { "silent" } might not be used.

  This could be a false alarm, with some parameters getting used by language bindings but
  then being mistakenly passed down to XGBoost core, or some parameter actually being used
  but getting flagged wrongly here. Please open an issue if you find any such cases.


[10:46:52] WARNING: /tmp/abs_40obctay9q/croots/recipe/xgboost-split_1659548945886/work/src/learner.cc:576: 
Parameters: { "silent" } might not be used.

  This could be a false alarm, with some parameters getting used by language bindings but
  then being mistakenly passed down to XGBoost core, or some parameter actually being used
  but getting flagged wrongly here. Please open an issue if you find any such cases.


[10:49:34] WARNING: /tmp/abs_40obctay9q/croots/recipe/xgboost-split_1659548945886/work/src/learner.cc:576: 
Parameters: { "silent" } might not be used.

  This could be a false alarm, with some parameters getting used by language bindings but
  then being mistakenly passed down to XGBoost core, or some parameter actually being used
  but getting flagged wrongly here. Please open an issue if you find any such cases.


[10:52:15] WARNING: /tmp/abs_40obctay9q/croots/recipe/xgboost-split_1659548945886/work/src/learner.cc:576: 
Parameters: { "silent" } might not be used.

  This could be a false alarm, with some parameters getting used by language bindings but
  then being mistakenly passed down to XGBoost core, or some parameter actually being used
  but getting flagged wrongly here. Please open an issue if you find any such cases.


[10:54:57] WARNING: /tmp/abs_40obctay9q/croots/recipe/xgboost-split_1659548945886/work/src/learner.cc:576: 
Parameters: { "silent" } might not be used.

  This could be a false alarm, with some parameters getting used by language bindings but
  then being mistakenly passed down to XGBoost core, or some parameter actually being used
  but getting flagged wrongly here. Please open an issue if you find any such cases.


[11:03:03] WARNING: /tmp/abs_40obctay9q/croots/recipe/xgboost-split_1659548945886/work/src/learner.cc:576: 
Parameters: { "silent" } might not be used.

  This could be a false alarm, with some parameters getting used by language bindings but
  then being mistakenly passed down to XGBoost core, or some parameter actually being used
  but getting flagged wrongly here. Please open an issue if you find any such cases.


[11:11:06] WARNING: /tmp/abs_40obctay9q/croots/recipe/xgboost-split_1659548945886/work/src/learner.cc:576: 
Parameters: { "silent" } might not be used.

  This could be a false alarm, with some parameters getting used by language bindings but
  then being mistakenly passed down to XGBoost core, or some parameter actually being used
  but getting flagged wrongly here. Please open an issue if you find any such cases.


[11:19:19] WARNING: /tmp/abs_40obctay9q/croots/recipe/xgboost-split_1659548945886/work/src/learner.cc:576: 
Parameters: { "silent" } might not be used.

  This could be a false alarm, with some parameters getting used by language bindings but
  then being mistakenly passed down to XGBoost core, or some parameter actually being used
  but getting flagged wrongly here. Please open an issue if you find any such cases.


[11:27:19] WARNING: /tmp/abs_40obctay9q/croots/recipe/xgboost-split_1659548945886/work/src/learner.cc:576: 
Parameters: { "silent" } might not be used.

  This could be a false alarm, with some parameters getting used by language bindings but
  then being mistakenly passed down to XGBoost core, or some parameter actually being used
  but getting flagged wrongly here. Please open an issue if you find any such cases.


[11:35:01] WARNING: /tmp/abs_40obctay9q/croots/recipe/xgboost-split_1659548945886/work/src/learner.cc:576: 
Parameters: { "silent" } might not be used.

  This could be a false alarm, with some parameters getting used by language bindings but
  then being mistakenly passed down to XGBoost core, or some parameter actually being used
  but getting flagged wrongly here. Please open an issue if you find any such cases.


[11:37:35] WARNING: /tmp/abs_40obctay9q/croots/recipe/xgboost-split_1659548945886/work/src/learner.cc:576: 
Parameters: { "silent" } might not be used.

  This could be a false alarm, with some parameters getting used by language bindings but
  then being mistakenly passed down to XGBoost core, or some parameter actually being used
  but getting flagged wrongly here. Please open an issue if you find any such cases.


[11:40:09] WARNING: /tmp/abs_40obctay9q/croots/recipe/xgboost-split_1659548945886/work/src/learner.cc:576: 
Parameters: { "silent" } might not be used.

  This could be a false alarm, with some parameters getting used by language bindings but
  then being mistakenly passed down to XGBoost core, or some parameter actually being used
  but getting flagged wrongly here. Please open an issue if you find any such cases.


[11:42:42] WARNING: /tmp/abs_40obctay9q/croots/recipe/xgboost-split_1659548945886/work/src/learner.cc:576: 
Parameters: { "silent" } might not be used.

  This could be a false alarm, with some parameters getting used by language bindings but
  then being mistakenly passed down to XGBoost core, or some parameter actually being used
  but getting flagged wrongly here. Please open an issue if you find any such cases.


[11:45:15] WARNING: /tmp/abs_40obctay9q/croots/recipe/xgboost-split_1659548945886/work/src/learner.cc:576: 
Parameters: { "silent" } might not be used.

  This could be a false alarm, with some parameters getting used by language bindings but
  then being mistakenly passed down to XGBoost core, or some parameter actually being used
  but getting flagged wrongly here. Please open an issue if you find any such cases.


[11:47:48] WARNING: /tmp/abs_40obctay9q/croots/recipe/xgboost-split_1659548945886/work/src/learner.cc:576: 
Parameters: { "silent" } might not be used.

  This could be a false alarm, with some parameters getting used by language bindings but
  then being mistakenly passed down to XGBoost core, or some parameter actually being used
  but getting flagged wrongly here. Please open an issue if you find any such cases.


[11:55:28] WARNING: /tmp/abs_40obctay9q/croots/recipe/xgboost-split_1659548945886/work/src/learner.cc:576: 
Parameters: { "silent" } might not be used.

  This could be a false alarm, with some parameters getting used by language bindings but
  then being mistakenly passed down to XGBoost core, or some parameter actually being used
  but getting flagged wrongly here. Please open an issue if you find any such cases.


[12:03:08] WARNING: /tmp/abs_40obctay9q/croots/recipe/xgboost-split_1659548945886/work/src/learner.cc:576: 
Parameters: { "silent" } might not be used.

  This could be a false alarm, with some parameters getting used by language bindings but
  then being mistakenly passed down to XGBoost core, or some parameter actually being used
  but getting flagged wrongly here. Please open an issue if you find any such cases.


[12:10:50] WARNING: /tmp/abs_40obctay9q/croots/recipe/xgboost-split_1659548945886/work/src/learner.cc:576: 
Parameters: { "silent" } might not be used.

  This could be a false alarm, with some parameters getting used by language bindings but
  then being mistakenly passed down to XGBoost core, or some parameter actually being used
  but getting flagged wrongly here. Please open an issue if you find any such cases.


[12:18:33] WARNING: /tmp/abs_40obctay9q/croots/recipe/xgboost-split_1659548945886/work/src/learner.cc:576: 
Parameters: { "silent" } might not be used.

  This could be a false alarm, with some parameters getting used by language bindings but
  then being mistakenly passed down to XGBoost core, or some parameter actually being used
  but getting flagged wrongly here. Please open an issue if you find any such cases.


[12:26:07] WARNING: /tmp/abs_40obctay9q/croots/recipe/xgboost-split_1659548945886/work/src/learner.cc:576: 
Parameters: { "silent" } might not be used.

  This could be a false alarm, with some parameters getting used by language bindings but
  then being mistakenly passed down to XGBoost core, or some parameter actually being used
  but getting flagged wrongly here. Please open an issue if you find any such cases.


[12:28:37] WARNING: /tmp/abs_40obctay9q/croots/recipe/xgboost-split_1659548945886/work/src/learner.cc:576: 
Parameters: { "silent" } might not be used.

  This could be a false alarm, with some parameters getting used by language bindings but
  then being mistakenly passed down to XGBoost core, or some parameter actually being used
  but getting flagged wrongly here. Please open an issue if you find any such cases.


[12:31:07] WARNING: /tmp/abs_40obctay9q/croots/recipe/xgboost-split_1659548945886/work/src/learner.cc:576: 
Parameters: { "silent" } might not be used.

  This could be a false alarm, with some parameters getting used by language bindings but
  then being mistakenly passed down to XGBoost core, or some parameter actually being used
  but getting flagged wrongly here. Please open an issue if you find any such cases.


[12:33:38] WARNING: /tmp/abs_40obctay9q/croots/recipe/xgboost-split_1659548945886/work/src/learner.cc:576: 
Parameters: { "silent" } might not be used.

  This could be a false alarm, with some parameters getting used by language bindings but
  then being mistakenly passed down to XGBoost core, or some parameter actually being used
  but getting flagged wrongly here. Please open an issue if you find any such cases.


[12:36:05] WARNING: /tmp/abs_40obctay9q/croots/recipe/xgboost-split_1659548945886/work/src/learner.cc:576: 
Parameters: { "silent" } might not be used.

  This could be a false alarm, with some parameters getting used by language bindings but
  then being mistakenly passed down to XGBoost core, or some parameter actually being used
  but getting flagged wrongly here. Please open an issue if you find any such cases.


[12:38:32] WARNING: /tmp/abs_40obctay9q/croots/recipe/xgboost-split_1659548945886/work/src/learner.cc:576: 
Parameters: { "silent" } might not be used.

  This could be a false alarm, with some parameters getting used by language bindings but
  then being mistakenly passed down to XGBoost core, or some parameter actually being used
  but getting flagged wrongly here. Please open an issue if you find any such cases.


[12:45:48] WARNING: /tmp/abs_40obctay9q/croots/recipe/xgboost-split_1659548945886/work/src/learner.cc:576: 
Parameters: { "silent" } might not be used.

  This could be a false alarm, with some parameters getting used by language bindings but
  then being mistakenly passed down to XGBoost core, or some parameter actually being used
  but getting flagged wrongly here. Please open an issue if you find any such cases.


[12:53:08] WARNING: /tmp/abs_40obctay9q/croots/recipe/xgboost-split_1659548945886/work/src/learner.cc:576: 
Parameters: { "silent" } might not be used.

  This could be a false alarm, with some parameters getting used by language bindings but
  then being mistakenly passed down to XGBoost core, or some parameter actually being used
  but getting flagged wrongly here. Please open an issue if you find any such cases.


[13:00:30] WARNING: /tmp/abs_40obctay9q/croots/recipe/xgboost-split_1659548945886/work/src/learner.cc:576: 
Parameters: { "silent" } might not be used.

  This could be a false alarm, with some parameters getting used by language bindings but
  then being mistakenly passed down to XGBoost core, or some parameter actually being used
  but getting flagged wrongly here. Please open an issue if you find any such cases.


[13:07:50] WARNING: /tmp/abs_40obctay9q/croots/recipe/xgboost-split_1659548945886/work/src/learner.cc:576: 
Parameters: { "silent" } might not be used.

  This could be a false alarm, with some parameters getting used by language bindings but
  then being mistakenly passed down to XGBoost core, or some parameter actually being used
  but getting flagged wrongly here. Please open an issue if you find any such cases.


[13:15:10] WARNING: /tmp/abs_40obctay9q/croots/recipe/xgboost-split_1659548945886/work/src/learner.cc:576: 
Parameters: { "silent" } might not be used.

  This could be a false alarm, with some parameters getting used by language bindings but
  then being mistakenly passed down to XGBoost core, or some parameter actually being used
  but getting flagged wrongly here. Please open an issue if you find any such cases.


[13:17:36] WARNING: /tmp/abs_40obctay9q/croots/recipe/xgboost-split_1659548945886/work/src/learner.cc:576: 
Parameters: { "silent" } might not be used.

  This could be a false alarm, with some parameters getting used by language bindings but
  then being mistakenly passed down to XGBoost core, or some parameter actually being used
  but getting flagged wrongly here. Please open an issue if you find any such cases.


[13:20:02] WARNING: /tmp/abs_40obctay9q/croots/recipe/xgboost-split_1659548945886/work/src/learner.cc:576: 
Parameters: { "silent" } might not be used.

  This could be a false alarm, with some parameters getting used by language bindings but
  then being mistakenly passed down to XGBoost core, or some parameter actually being used
  but getting flagged wrongly here. Please open an issue if you find any such cases.


[13:22:27] WARNING: /tmp/abs_40obctay9q/croots/recipe/xgboost-split_1659548945886/work/src/learner.cc:576: 
Parameters: { "silent" } might not be used.

  This could be a false alarm, with some parameters getting used by language bindings but
  then being mistakenly passed down to XGBoost core, or some parameter actually being used
  but getting flagged wrongly here. Please open an issue if you find any such cases.


[13:24:53] WARNING: /tmp/abs_40obctay9q/croots/recipe/xgboost-split_1659548945886/work/src/learner.cc:576: 
Parameters: { "silent" } might not be used.

  This could be a false alarm, with some parameters getting used by language bindings but
  then being mistakenly passed down to XGBoost core, or some parameter actually being used
  but getting flagged wrongly here. Please open an issue if you find any such cases.


[13:27:19] WARNING: /tmp/abs_40obctay9q/croots/recipe/xgboost-split_1659548945886/work/src/learner.cc:576: 
Parameters: { "silent" } might not be used.

  This could be a false alarm, with some parameters getting used by language bindings but
  then being mistakenly passed down to XGBoost core, or some parameter actually being used
  but getting flagged wrongly here. Please open an issue if you find any such cases.


[13:34:37] WARNING: /tmp/abs_40obctay9q/croots/recipe/xgboost-split_1659548945886/work/src/learner.cc:576: 
Parameters: { "silent" } might not be used.

  This could be a false alarm, with some parameters getting used by language bindings but
  then being mistakenly passed down to XGBoost core, or some parameter actually being used
  but getting flagged wrongly here. Please open an issue if you find any such cases.


[13:41:54] WARNING: /tmp/abs_40obctay9q/croots/recipe/xgboost-split_1659548945886/work/src/learner.cc:576: 
Parameters: { "silent" } might not be used.

  This could be a false alarm, with some parameters getting used by language bindings but
  then being mistakenly passed down to XGBoost core, or some parameter actually being used
  but getting flagged wrongly here. Please open an issue if you find any such cases.


[13:49:18] WARNING: /tmp/abs_40obctay9q/croots/recipe/xgboost-split_1659548945886/work/src/learner.cc:576: 
Parameters: { "silent" } might not be used.

  This could be a false alarm, with some parameters getting used by language bindings but
  then being mistakenly passed down to XGBoost core, or some parameter actually being used
  but getting flagged wrongly here. Please open an issue if you find any such cases.


[13:56:41] WARNING: /tmp/abs_40obctay9q/croots/recipe/xgboost-split_1659548945886/work/src/learner.cc:576: 
Parameters: { "silent" } might not be used.

  This could be a false alarm, with some parameters getting used by language bindings but
  then being mistakenly passed down to XGBoost core, or some parameter actually being used
  but getting flagged wrongly here. Please open an issue if you find any such cases.


[14:03:59] WARNING: /tmp/abs_40obctay9q/croots/recipe/xgboost-split_1659548945886/work/src/learner.cc:576: 
Parameters: { "silent" } might not be used.

  This could be a false alarm, with some parameters getting used by language bindings but
  then being mistakenly passed down to XGBoost core, or some parameter actually being used
  but getting flagged wrongly here. Please open an issue if you find any such cases.


[14:06:26] WARNING: /tmp/abs_40obctay9q/croots/recipe/xgboost-split_1659548945886/work/src/learner.cc:576: 
Parameters: { "silent" } might not be used.

  This could be a false alarm, with some parameters getting used by language bindings but
  then being mistakenly passed down to XGBoost core, or some parameter actually being used
  but getting flagged wrongly here. Please open an issue if you find any such cases.


[14:08:52] WARNING: /tmp/abs_40obctay9q/croots/recipe/xgboost-split_1659548945886/work/src/learner.cc:576: 
Parameters: { "silent" } might not be used.

  This could be a false alarm, with some parameters getting used by language bindings but
  then being mistakenly passed down to XGBoost core, or some parameter actually being used
  but getting flagged wrongly here. Please open an issue if you find any such cases.


[14:11:20] WARNING: /tmp/abs_40obctay9q/croots/recipe/xgboost-split_1659548945886/work/src/learner.cc:576: 
Parameters: { "silent" } might not be used.

  This could be a false alarm, with some parameters getting used by language bindings but
  then being mistakenly passed down to XGBoost core, or some parameter actually being used
  but getting flagged wrongly here. Please open an issue if you find any such cases.


[14:13:47] WARNING: /tmp/abs_40obctay9q/croots/recipe/xgboost-split_1659548945886/work/src/learner.cc:576: 
Parameters: { "silent" } might not be used.

  This could be a false alarm, with some parameters getting used by language bindings but
  then being mistakenly passed down to XGBoost core, or some parameter actually being used
  but getting flagged wrongly here. Please open an issue if you find any such cases.


[14:16:14] WARNING: /tmp/abs_40obctay9q/croots/recipe/xgboost-split_1659548945886/work/src/learner.cc:576: 
Parameters: { "silent" } might not be used.

  This could be a false alarm, with some parameters getting used by language bindings but
  then being mistakenly passed down to XGBoost core, or some parameter actually being used
  but getting flagged wrongly here. Please open an issue if you find any such cases.


[14:23:34] WARNING: /tmp/abs_40obctay9q/croots/recipe/xgboost-split_1659548945886/work/src/learner.cc:576: 
Parameters: { "silent" } might not be used.

  This could be a false alarm, with some parameters getting used by language bindings but
  then being mistakenly passed down to XGBoost core, or some parameter actually being used
  but getting flagged wrongly here. Please open an issue if you find any such cases.


[14:30:53] WARNING: /tmp/abs_40obctay9q/croots/recipe/xgboost-split_1659548945886/work/src/learner.cc:576: 
Parameters: { "silent" } might not be used.

  This could be a false alarm, with some parameters getting used by language bindings but
  then being mistakenly passed down to XGBoost core, or some parameter actually being used
  but getting flagged wrongly here. Please open an issue if you find any such cases.


[14:38:17] WARNING: /tmp/abs_40obctay9q/croots/recipe/xgboost-split_1659548945886/work/src/learner.cc:576: 
Parameters: { "silent" } might not be used.

  This could be a false alarm, with some parameters getting used by language bindings but
  then being mistakenly passed down to XGBoost core, or some parameter actually being used
  but getting flagged wrongly here. Please open an issue if you find any such cases.


[14:45:35] WARNING: /tmp/abs_40obctay9q/croots/recipe/xgboost-split_1659548945886/work/src/learner.cc:576: 
Parameters: { "silent" } might not be used.

  This could be a false alarm, with some parameters getting used by language bindings but
  then being mistakenly passed down to XGBoost core, or some parameter actually being used
  but getting flagged wrongly here. Please open an issue if you find any such cases.


[14:52:55] WARNING: /tmp/abs_40obctay9q/croots/recipe/xgboost-split_1659548945886/work/src/learner.cc:576: 
Parameters: { "silent" } might not be used.

  This could be a false alarm, with some parameters getting used by language bindings but
  then being mistakenly passed down to XGBoost core, or some parameter actually being used
  but getting flagged wrongly here. Please open an issue if you find any such cases.


[14:55:22] WARNING: /tmp/abs_40obctay9q/croots/recipe/xgboost-split_1659548945886/work/src/learner.cc:576: 
Parameters: { "silent" } might not be used.

  This could be a false alarm, with some parameters getting used by language bindings but
  then being mistakenly passed down to XGBoost core, or some parameter actually being used
  but getting flagged wrongly here. Please open an issue if you find any such cases.


[14:57:47] WARNING: /tmp/abs_40obctay9q/croots/recipe/xgboost-split_1659548945886/work/src/learner.cc:576: 
Parameters: { "silent" } might not be used.

  This could be a false alarm, with some parameters getting used by language bindings but
  then being mistakenly passed down to XGBoost core, or some parameter actually being used
  but getting flagged wrongly here. Please open an issue if you find any such cases.


[15:00:13] WARNING: /tmp/abs_40obctay9q/croots/recipe/xgboost-split_1659548945886/work/src/learner.cc:576: 
Parameters: { "silent" } might not be used.

  This could be a false alarm, with some parameters getting used by language bindings but
  then being mistakenly passed down to XGBoost core, or some parameter actually being used
  but getting flagged wrongly here. Please open an issue if you find any such cases.


[15:02:39] WARNING: /tmp/abs_40obctay9q/croots/recipe/xgboost-split_1659548945886/work/src/learner.cc:576: 
Parameters: { "silent" } might not be used.

  This could be a false alarm, with some parameters getting used by language bindings but
  then being mistakenly passed down to XGBoost core, or some parameter actually being used
  but getting flagged wrongly here. Please open an issue if you find any such cases.


[15:05:05] WARNING: /tmp/abs_40obctay9q/croots/recipe/xgboost-split_1659548945886/work/src/learner.cc:576: 
Parameters: { "silent" } might not be used.

  This could be a false alarm, with some parameters getting used by language bindings but
  then being mistakenly passed down to XGBoost core, or some parameter actually being used
  but getting flagged wrongly here. Please open an issue if you find any such cases.


[15:12:23] WARNING: /tmp/abs_40obctay9q/croots/recipe/xgboost-split_1659548945886/work/src/learner.cc:576: 
Parameters: { "silent" } might not be used.

  This could be a false alarm, with some parameters getting used by language bindings but
  then being mistakenly passed down to XGBoost core, or some parameter actually being used
  but getting flagged wrongly here. Please open an issue if you find any such cases.


[15:19:44] WARNING: /tmp/abs_40obctay9q/croots/recipe/xgboost-split_1659548945886/work/src/learner.cc:576: 
Parameters: { "silent" } might not be used.

  This could be a false alarm, with some parameters getting used by language bindings but
  then being mistakenly passed down to XGBoost core, or some parameter actually being used
  but getting flagged wrongly here. Please open an issue if you find any such cases.


[15:27:07] WARNING: /tmp/abs_40obctay9q/croots/recipe/xgboost-split_1659548945886/work/src/learner.cc:576: 
Parameters: { "silent" } might not be used.

  This could be a false alarm, with some parameters getting used by language bindings but
  then being mistakenly passed down to XGBoost core, or some parameter actually being used
  but getting flagged wrongly here. Please open an issue if you find any such cases.


[15:34:45] WARNING: /tmp/abs_40obctay9q/croots/recipe/xgboost-split_1659548945886/work/src/learner.cc:576: 
Parameters: { "silent" } might not be used.

  This could be a false alarm, with some parameters getting used by language bindings but
  then being mistakenly passed down to XGBoost core, or some parameter actually being used
  but getting flagged wrongly here. Please open an issue if you find any such cases.


[15:40:27] WARNING: /tmp/abs_40obctay9q/croots/recipe/xgboost-split_1659548945886/work/src/learner.cc:576: 
Parameters: { "silent" } might not be used.

  This could be a false alarm, with some parameters getting used by language bindings but
  then being mistakenly passed down to XGBoost core, or some parameter actually being used
  but getting flagged wrongly here. Please open an issue if you find any such cases.


[15:42:20] WARNING: /tmp/abs_40obctay9q/croots/recipe/xgboost-split_1659548945886/work/src/learner.cc:576: 
Parameters: { "silent" } might not be used.

  This could be a false alarm, with some parameters getting used by language bindings but
  then being mistakenly passed down to XGBoost core, or some parameter actually being used
  but getting flagged wrongly here. Please open an issue if you find any such cases.


[15:44:14] WARNING: /tmp/abs_40obctay9q/croots/recipe/xgboost-split_1659548945886/work/src/learner.cc:576: 
Parameters: { "silent" } might not be used.

  This could be a false alarm, with some parameters getting used by language bindings but
  then being mistakenly passed down to XGBoost core, or some parameter actually being used
  but getting flagged wrongly here. Please open an issue if you find any such cases.


[15:46:08] WARNING: /tmp/abs_40obctay9q/croots/recipe/xgboost-split_1659548945886/work/src/learner.cc:576: 
Parameters: { "silent" } might not be used.

  This could be a false alarm, with some parameters getting used by language bindings but
  then being mistakenly passed down to XGBoost core, or some parameter actually being used
  but getting flagged wrongly here. Please open an issue if you find any such cases.


[15:48:01] WARNING: /tmp/abs_40obctay9q/croots/recipe/xgboost-split_1659548945886/work/src/learner.cc:576: 
Parameters: { "silent" } might not be used.

  This could be a false alarm, with some parameters getting used by language bindings but
  then being mistakenly passed down to XGBoost core, or some parameter actually being used
  but getting flagged wrongly here. Please open an issue if you find any such cases.


[15:49:55] WARNING: /tmp/abs_40obctay9q/croots/recipe/xgboost-split_1659548945886/work/src/learner.cc:576: 
Parameters: { "silent" } might not be used.

  This could be a false alarm, with some parameters getting used by language bindings but
  then being mistakenly passed down to XGBoost core, or some parameter actually being used
  but getting flagged wrongly here. Please open an issue if you find any such cases.


[16:01:17] WARNING: /tmp/abs_40obctay9q/croots/recipe/xgboost-split_1659548945886/work/src/learner.cc:576: 
Parameters: { "silent" } might not be used.

  This could be a false alarm, with some parameters getting used by language bindings but
  then being mistakenly passed down to XGBoost core, or some parameter actually being used
  but getting flagged wrongly here. Please open an issue if you find any such cases.


[16:12:41] WARNING: /tmp/abs_40obctay9q/croots/recipe/xgboost-split_1659548945886/work/src/learner.cc:576: 
Parameters: { "silent" } might not be used.

  This could be a false alarm, with some parameters getting used by language bindings but
  then being mistakenly passed down to XGBoost core, or some parameter actually being used
  but getting flagged wrongly here. Please open an issue if you find any such cases.


[16:24:04] WARNING: /tmp/abs_40obctay9q/croots/recipe/xgboost-split_1659548945886/work/src/learner.cc:576: 
Parameters: { "silent" } might not be used.

  This could be a false alarm, with some parameters getting used by language bindings but
  then being mistakenly passed down to XGBoost core, or some parameter actually being used
  but getting flagged wrongly here. Please open an issue if you find any such cases.


[16:35:29] WARNING: /tmp/abs_40obctay9q/croots/recipe/xgboost-split_1659548945886/work/src/learner.cc:576: 
Parameters: { "silent" } might not be used.

  This could be a false alarm, with some parameters getting used by language bindings but
  then being mistakenly passed down to XGBoost core, or some parameter actually being used
  but getting flagged wrongly here. Please open an issue if you find any such cases.


[16:46:47] WARNING: /tmp/abs_40obctay9q/croots/recipe/xgboost-split_1659548945886/work/src/learner.cc:576: 
Parameters: { "silent" } might not be used.

  This could be a false alarm, with some parameters getting used by language bindings but
  then being mistakenly passed down to XGBoost core, or some parameter actually being used
  but getting flagged wrongly here. Please open an issue if you find any such cases.


[16:48:40] WARNING: /tmp/abs_40obctay9q/croots/recipe/xgboost-split_1659548945886/work/src/learner.cc:576: 
Parameters: { "silent" } might not be used.

  This could be a false alarm, with some parameters getting used by language bindings but
  then being mistakenly passed down to XGBoost core, or some parameter actually being used
  but getting flagged wrongly here. Please open an issue if you find any such cases.


[16:50:34] WARNING: /tmp/abs_40obctay9q/croots/recipe/xgboost-split_1659548945886/work/src/learner.cc:576: 
Parameters: { "silent" } might not be used.

  This could be a false alarm, with some parameters getting used by language bindings but
  then being mistakenly passed down to XGBoost core, or some parameter actually being used
  but getting flagged wrongly here. Please open an issue if you find any such cases.


[16:52:27] WARNING: /tmp/abs_40obctay9q/croots/recipe/xgboost-split_1659548945886/work/src/learner.cc:576: 
Parameters: { "silent" } might not be used.

  This could be a false alarm, with some parameters getting used by language bindings but
  then being mistakenly passed down to XGBoost core, or some parameter actually being used
  but getting flagged wrongly here. Please open an issue if you find any such cases.


[16:54:21] WARNING: /tmp/abs_40obctay9q/croots/recipe/xgboost-split_1659548945886/work/src/learner.cc:576: 
Parameters: { "silent" } might not be used.

  This could be a false alarm, with some parameters getting used by language bindings but
  then being mistakenly passed down to XGBoost core, or some parameter actually being used
  but getting flagged wrongly here. Please open an issue if you find any such cases.


[16:56:15] WARNING: /tmp/abs_40obctay9q/croots/recipe/xgboost-split_1659548945886/work/src/learner.cc:576: 
Parameters: { "silent" } might not be used.

  This could be a false alarm, with some parameters getting used by language bindings but
  then being mistakenly passed down to XGBoost core, or some parameter actually being used
  but getting flagged wrongly here. Please open an issue if you find any such cases.


[17:07:38] WARNING: /tmp/abs_40obctay9q/croots/recipe/xgboost-split_1659548945886/work/src/learner.cc:576: 
Parameters: { "silent" } might not be used.

  This could be a false alarm, with some parameters getting used by language bindings but
  then being mistakenly passed down to XGBoost core, or some parameter actually being used
  but getting flagged wrongly here. Please open an issue if you find any such cases.


[17:18:59] WARNING: /tmp/abs_40obctay9q/croots/recipe/xgboost-split_1659548945886/work/src/learner.cc:576: 
Parameters: { "silent" } might not be used.

  This could be a false alarm, with some parameters getting used by language bindings but
  then being mistakenly passed down to XGBoost core, or some parameter actually being used
  but getting flagged wrongly here. Please open an issue if you find any such cases.


[17:30:20] WARNING: /tmp/abs_40obctay9q/croots/recipe/xgboost-split_1659548945886/work/src/learner.cc:576: 
Parameters: { "silent" } might not be used.

  This could be a false alarm, with some parameters getting used by language bindings but
  then being mistakenly passed down to XGBoost core, or some parameter actually being used
  but getting flagged wrongly here. Please open an issue if you find any such cases.


[17:41:42] WARNING: /tmp/abs_40obctay9q/croots/recipe/xgboost-split_1659548945886/work/src/learner.cc:576: 
Parameters: { "silent" } might not be used.

  This could be a false alarm, with some parameters getting used by language bindings but
  then being mistakenly passed down to XGBoost core, or some parameter actually being used
  but getting flagged wrongly here. Please open an issue if you find any such cases.


[17:53:05] WARNING: /tmp/abs_40obctay9q/croots/recipe/xgboost-split_1659548945886/work/src/learner.cc:576: 
Parameters: { "silent" } might not be used.

  This could be a false alarm, with some parameters getting used by language bindings but
  then being mistakenly passed down to XGBoost core, or some parameter actually being used
  but getting flagged wrongly here. Please open an issue if you find any such cases.


[17:54:58] WARNING: /tmp/abs_40obctay9q/croots/recipe/xgboost-split_1659548945886/work/src/learner.cc:576: 
Parameters: { "silent" } might not be used.

  This could be a false alarm, with some parameters getting used by language bindings but
  then being mistakenly passed down to XGBoost core, or some parameter actually being used
  but getting flagged wrongly here. Please open an issue if you find any such cases.


[17:56:52] WARNING: /tmp/abs_40obctay9q/croots/recipe/xgboost-split_1659548945886/work/src/learner.cc:576: 
Parameters: { "silent" } might not be used.

  This could be a false alarm, with some parameters getting used by language bindings but
  then being mistakenly passed down to XGBoost core, or some parameter actually being used
  but getting flagged wrongly here. Please open an issue if you find any such cases.


[17:58:46] WARNING: /tmp/abs_40obctay9q/croots/recipe/xgboost-split_1659548945886/work/src/learner.cc:576: 
Parameters: { "silent" } might not be used.

  This could be a false alarm, with some parameters getting used by language bindings but
  then being mistakenly passed down to XGBoost core, or some parameter actually being used
  but getting flagged wrongly here. Please open an issue if you find any such cases.


[18:00:39] WARNING: /tmp/abs_40obctay9q/croots/recipe/xgboost-split_1659548945886/work/src/learner.cc:576: 
Parameters: { "silent" } might not be used.

  This could be a false alarm, with some parameters getting used by language bindings but
  then being mistakenly passed down to XGBoost core, or some parameter actually being used
  but getting flagged wrongly here. Please open an issue if you find any such cases.


[18:02:32] WARNING: /tmp/abs_40obctay9q/croots/recipe/xgboost-split_1659548945886/work/src/learner.cc:576: 
Parameters: { "silent" } might not be used.

  This could be a false alarm, with some parameters getting used by language bindings but
  then being mistakenly passed down to XGBoost core, or some parameter actually being used
  but getting flagged wrongly here. Please open an issue if you find any such cases.


[18:13:53] WARNING: /tmp/abs_40obctay9q/croots/recipe/xgboost-split_1659548945886/work/src/learner.cc:576: 
Parameters: { "silent" } might not be used.

  This could be a false alarm, with some parameters getting used by language bindings but
  then being mistakenly passed down to XGBoost core, or some parameter actually being used
  but getting flagged wrongly here. Please open an issue if you find any such cases.


[18:25:14] WARNING: /tmp/abs_40obctay9q/croots/recipe/xgboost-split_1659548945886/work/src/learner.cc:576: 
Parameters: { "silent" } might not be used.

  This could be a false alarm, with some parameters getting used by language bindings but
  then being mistakenly passed down to XGBoost core, or some parameter actually being used
  but getting flagged wrongly here. Please open an issue if you find any such cases.


[18:36:35] WARNING: /tmp/abs_40obctay9q/croots/recipe/xgboost-split_1659548945886/work/src/learner.cc:576: 
Parameters: { "silent" } might not be used.

  This could be a false alarm, with some parameters getting used by language bindings but
  then being mistakenly passed down to XGBoost core, or some parameter actually being used
  but getting flagged wrongly here. Please open an issue if you find any such cases.


[18:47:57] WARNING: /tmp/abs_40obctay9q/croots/recipe/xgboost-split_1659548945886/work/src/learner.cc:576: 
Parameters: { "silent" } might not be used.

  This could be a false alarm, with some parameters getting used by language bindings but
  then being mistakenly passed down to XGBoost core, or some parameter actually being used
  but getting flagged wrongly here. Please open an issue if you find any such cases.


[18:59:15] WARNING: /tmp/abs_40obctay9q/croots/recipe/xgboost-split_1659548945886/work/src/learner.cc:576: 
Parameters: { "silent" } might not be used.

  This could be a false alarm, with some parameters getting used by language bindings but
  then being mistakenly passed down to XGBoost core, or some parameter actually being used
  but getting flagged wrongly here. Please open an issue if you find any such cases.


[19:01:06] WARNING: /tmp/abs_40obctay9q/croots/recipe/xgboost-split_1659548945886/work/src/learner.cc:576: 
Parameters: { "silent" } might not be used.

  This could be a false alarm, with some parameters getting used by language bindings but
  then being mistakenly passed down to XGBoost core, or some parameter actually being used
  but getting flagged wrongly here. Please open an issue if you find any such cases.


[19:02:58] WARNING: /tmp/abs_40obctay9q/croots/recipe/xgboost-split_1659548945886/work/src/learner.cc:576: 
Parameters: { "silent" } might not be used.

  This could be a false alarm, with some parameters getting used by language bindings but
  then being mistakenly passed down to XGBoost core, or some parameter actually being used
  but getting flagged wrongly here. Please open an issue if you find any such cases.


[19:04:51] WARNING: /tmp/abs_40obctay9q/croots/recipe/xgboost-split_1659548945886/work/src/learner.cc:576: 
Parameters: { "silent" } might not be used.

  This could be a false alarm, with some parameters getting used by language bindings but
  then being mistakenly passed down to XGBoost core, or some parameter actually being used
  but getting flagged wrongly here. Please open an issue if you find any such cases.


[19:06:43] WARNING: /tmp/abs_40obctay9q/croots/recipe/xgboost-split_1659548945886/work/src/learner.cc:576: 
Parameters: { "silent" } might not be used.

  This could be a false alarm, with some parameters getting used by language bindings but
  then being mistakenly passed down to XGBoost core, or some parameter actually being used
  but getting flagged wrongly here. Please open an issue if you find any such cases.


[19:08:35] WARNING: /tmp/abs_40obctay9q/croots/recipe/xgboost-split_1659548945886/work/src/learner.cc:576: 
Parameters: { "silent" } might not be used.

  This could be a false alarm, with some parameters getting used by language bindings but
  then being mistakenly passed down to XGBoost core, or some parameter actually being used
  but getting flagged wrongly here. Please open an issue if you find any such cases.


[19:19:45] WARNING: /tmp/abs_40obctay9q/croots/recipe/xgboost-split_1659548945886/work/src/learner.cc:576: 
Parameters: { "silent" } might not be used.

  This could be a false alarm, with some parameters getting used by language bindings but
  then being mistakenly passed down to XGBoost core, or some parameter actually being used
  but getting flagged wrongly here. Please open an issue if you find any such cases.


[19:30:57] WARNING: /tmp/abs_40obctay9q/croots/recipe/xgboost-split_1659548945886/work/src/learner.cc:576: 
Parameters: { "silent" } might not be used.

  This could be a false alarm, with some parameters getting used by language bindings but
  then being mistakenly passed down to XGBoost core, or some parameter actually being used
  but getting flagged wrongly here. Please open an issue if you find any such cases.


[19:42:10] WARNING: /tmp/abs_40obctay9q/croots/recipe/xgboost-split_1659548945886/work/src/learner.cc:576: 
Parameters: { "silent" } might not be used.

  This could be a false alarm, with some parameters getting used by language bindings but
  then being mistakenly passed down to XGBoost core, or some parameter actually being used
  but getting flagged wrongly here. Please open an issue if you find any such cases.


[19:53:25] WARNING: /tmp/abs_40obctay9q/croots/recipe/xgboost-split_1659548945886/work/src/learner.cc:576: 
Parameters: { "silent" } might not be used.

  This could be a false alarm, with some parameters getting used by language bindings but
  then being mistakenly passed down to XGBoost core, or some parameter actually being used
  but getting flagged wrongly here. Please open an issue if you find any such cases.


[20:04:39] WARNING: /tmp/abs_40obctay9q/croots/recipe/xgboost-split_1659548945886/work/src/learner.cc:576: 
Parameters: { "silent" } might not be used.

  This could be a false alarm, with some parameters getting used by language bindings but
  then being mistakenly passed down to XGBoost core, or some parameter actually being used
  but getting flagged wrongly here. Please open an issue if you find any such cases.


[20:06:31] WARNING: /tmp/abs_40obctay9q/croots/recipe/xgboost-split_1659548945886/work/src/learner.cc:576: 
Parameters: { "silent" } might not be used.

  This could be a false alarm, with some parameters getting used by language bindings but
  then being mistakenly passed down to XGBoost core, or some parameter actually being used
  but getting flagged wrongly here. Please open an issue if you find any such cases.


[20:08:23] WARNING: /tmp/abs_40obctay9q/croots/recipe/xgboost-split_1659548945886/work/src/learner.cc:576: 
Parameters: { "silent" } might not be used.

  This could be a false alarm, with some parameters getting used by language bindings but
  then being mistakenly passed down to XGBoost core, or some parameter actually being used
  but getting flagged wrongly here. Please open an issue if you find any such cases.


[20:10:16] WARNING: /tmp/abs_40obctay9q/croots/recipe/xgboost-split_1659548945886/work/src/learner.cc:576: 
Parameters: { "silent" } might not be used.

  This could be a false alarm, with some parameters getting used by language bindings but
  then being mistakenly passed down to XGBoost core, or some parameter actually being used
  but getting flagged wrongly here. Please open an issue if you find any such cases.


[20:12:08] WARNING: /tmp/abs_40obctay9q/croots/recipe/xgboost-split_1659548945886/work/src/learner.cc:576: 
Parameters: { "silent" } might not be used.

  This could be a false alarm, with some parameters getting used by language bindings but
  then being mistakenly passed down to XGBoost core, or some parameter actually being used
  but getting flagged wrongly here. Please open an issue if you find any such cases.


[20:13:59] WARNING: /tmp/abs_40obctay9q/croots/recipe/xgboost-split_1659548945886/work/src/learner.cc:576: 
Parameters: { "silent" } might not be used.

  This could be a false alarm, with some parameters getting used by language bindings but
  then being mistakenly passed down to XGBoost core, or some parameter actually being used
  but getting flagged wrongly here. Please open an issue if you find any such cases.


[20:24:56] WARNING: /tmp/abs_40obctay9q/croots/recipe/xgboost-split_1659548945886/work/src/learner.cc:576: 
Parameters: { "silent" } might not be used.

  This could be a false alarm, with some parameters getting used by language bindings but
  then being mistakenly passed down to XGBoost core, or some parameter actually being used
  but getting flagged wrongly here. Please open an issue if you find any such cases.


[20:35:57] WARNING: /tmp/abs_40obctay9q/croots/recipe/xgboost-split_1659548945886/work/src/learner.cc:576: 
Parameters: { "silent" } might not be used.

  This could be a false alarm, with some parameters getting used by language bindings but
  then being mistakenly passed down to XGBoost core, or some parameter actually being used
  but getting flagged wrongly here. Please open an issue if you find any such cases.


[20:47:06] WARNING: /tmp/abs_40obctay9q/croots/recipe/xgboost-split_1659548945886/work/src/learner.cc:576: 
Parameters: { "silent" } might not be used.

  This could be a false alarm, with some parameters getting used by language bindings but
  then being mistakenly passed down to XGBoost core, or some parameter actually being used
  but getting flagged wrongly here. Please open an issue if you find any such cases.


[20:58:17] WARNING: /tmp/abs_40obctay9q/croots/recipe/xgboost-split_1659548945886/work/src/learner.cc:576: 
Parameters: { "silent" } might not be used.

  This could be a false alarm, with some parameters getting used by language bindings but
  then being mistakenly passed down to XGBoost core, or some parameter actually being used
  but getting flagged wrongly here. Please open an issue if you find any such cases.


[21:09:30] WARNING: /tmp/abs_40obctay9q/croots/recipe/xgboost-split_1659548945886/work/src/learner.cc:576: 
Parameters: { "silent" } might not be used.

  This could be a false alarm, with some parameters getting used by language bindings but
  then being mistakenly passed down to XGBoost core, or some parameter actually being used
  but getting flagged wrongly here. Please open an issue if you find any such cases.


[21:11:25] WARNING: /tmp/abs_40obctay9q/croots/recipe/xgboost-split_1659548945886/work/src/learner.cc:576: 
Parameters: { "silent" } might not be used.

  This could be a false alarm, with some parameters getting used by language bindings but
  then being mistakenly passed down to XGBoost core, or some parameter actually being used
  but getting flagged wrongly here. Please open an issue if you find any such cases.


[21:13:19] WARNING: /tmp/abs_40obctay9q/croots/recipe/xgboost-split_1659548945886/work/src/learner.cc:576: 
Parameters: { "silent" } might not be used.

  This could be a false alarm, with some parameters getting used by language bindings but
  then being mistakenly passed down to XGBoost core, or some parameter actually being used
  but getting flagged wrongly here. Please open an issue if you find any such cases.


[21:15:13] WARNING: /tmp/abs_40obctay9q/croots/recipe/xgboost-split_1659548945886/work/src/learner.cc:576: 
Parameters: { "silent" } might not be used.

  This could be a false alarm, with some parameters getting used by language bindings but
  then being mistakenly passed down to XGBoost core, or some parameter actually being used
  but getting flagged wrongly here. Please open an issue if you find any such cases.


[21:17:09] WARNING: /tmp/abs_40obctay9q/croots/recipe/xgboost-split_1659548945886/work/src/learner.cc:576: 
Parameters: { "silent" } might not be used.

  This could be a false alarm, with some parameters getting used by language bindings but
  then being mistakenly passed down to XGBoost core, or some parameter actually being used
  but getting flagged wrongly here. Please open an issue if you find any such cases.


[21:19:03] WARNING: /tmp/abs_40obctay9q/croots/recipe/xgboost-split_1659548945886/work/src/learner.cc:576: 
Parameters: { "silent" } might not be used.

  This could be a false alarm, with some parameters getting used by language bindings but
  then being mistakenly passed down to XGBoost core, or some parameter actually being used
  but getting flagged wrongly here. Please open an issue if you find any such cases.


[21:30:15] WARNING: /tmp/abs_40obctay9q/croots/recipe/xgboost-split_1659548945886/work/src/learner.cc:576: 
Parameters: { "silent" } might not be used.

  This could be a false alarm, with some parameters getting used by language bindings but
  then being mistakenly passed down to XGBoost core, or some parameter actually being used
  but getting flagged wrongly here. Please open an issue if you find any such cases.


[21:41:24] WARNING: /tmp/abs_40obctay9q/croots/recipe/xgboost-split_1659548945886/work/src/learner.cc:576: 
Parameters: { "silent" } might not be used.

  This could be a false alarm, with some parameters getting used by language bindings but
  then being mistakenly passed down to XGBoost core, or some parameter actually being used
  but getting flagged wrongly here. Please open an issue if you find any such cases.


[21:52:39] WARNING: /tmp/abs_40obctay9q/croots/recipe/xgboost-split_1659548945886/work/src/learner.cc:576: 
Parameters: { "silent" } might not be used.

  This could be a false alarm, with some parameters getting used by language bindings but
  then being mistakenly passed down to XGBoost core, or some parameter actually being used
  but getting flagged wrongly here. Please open an issue if you find any such cases.


[22:03:51] WARNING: /tmp/abs_40obctay9q/croots/recipe/xgboost-split_1659548945886/work/src/learner.cc:576: 
Parameters: { "silent" } might not be used.

  This could be a false alarm, with some parameters getting used by language bindings but
  then being mistakenly passed down to XGBoost core, or some parameter actually being used
  but getting flagged wrongly here. Please open an issue if you find any such cases.


[22:15:03] WARNING: /tmp/abs_40obctay9q/croots/recipe/xgboost-split_1659548945886/work/src/learner.cc:576: 
Parameters: { "silent" } might not be used.

  This could be a false alarm, with some parameters getting used by language bindings but
  then being mistakenly passed down to XGBoost core, or some parameter actually being used
  but getting flagged wrongly here. Please open an issue if you find any such cases.


[22:16:57] WARNING: /tmp/abs_40obctay9q/croots/recipe/xgboost-split_1659548945886/work/src/learner.cc:576: 
Parameters: { "silent" } might not be used.

  This could be a false alarm, with some parameters getting used by language bindings but
  then being mistakenly passed down to XGBoost core, or some parameter actually being used
  but getting flagged wrongly here. Please open an issue if you find any such cases.


[22:18:51] WARNING: /tmp/abs_40obctay9q/croots/recipe/xgboost-split_1659548945886/work/src/learner.cc:576: 
Parameters: { "silent" } might not be used.

  This could be a false alarm, with some parameters getting used by language bindings but
  then being mistakenly passed down to XGBoost core, or some parameter actually being used
  but getting flagged wrongly here. Please open an issue if you find any such cases.


[22:20:45] WARNING: /tmp/abs_40obctay9q/croots/recipe/xgboost-split_1659548945886/work/src/learner.cc:576: 
Parameters: { "silent" } might not be used.

  This could be a false alarm, with some parameters getting used by language bindings but
  then being mistakenly passed down to XGBoost core, or some parameter actually being used
  but getting flagged wrongly here. Please open an issue if you find any such cases.


[22:22:39] WARNING: /tmp/abs_40obctay9q/croots/recipe/xgboost-split_1659548945886/work/src/learner.cc:576: 
Parameters: { "silent" } might not be used.

  This could be a false alarm, with some parameters getting used by language bindings but
  then being mistakenly passed down to XGBoost core, or some parameter actually being used
  but getting flagged wrongly here. Please open an issue if you find any such cases.


[22:24:34] WARNING: /tmp/abs_40obctay9q/croots/recipe/xgboost-split_1659548945886/work/src/learner.cc:576: 
Parameters: { "silent" } might not be used.

  This could be a false alarm, with some parameters getting used by language bindings but
  then being mistakenly passed down to XGBoost core, or some parameter actually being used
  but getting flagged wrongly here. Please open an issue if you find any such cases.


[22:35:41] WARNING: /tmp/abs_40obctay9q/croots/recipe/xgboost-split_1659548945886/work/src/learner.cc:576: 
Parameters: { "silent" } might not be used.

  This could be a false alarm, with some parameters getting used by language bindings but
  then being mistakenly passed down to XGBoost core, or some parameter actually being used
  but getting flagged wrongly here. Please open an issue if you find any such cases.


[22:46:52] WARNING: /tmp/abs_40obctay9q/croots/recipe/xgboost-split_1659548945886/work/src/learner.cc:576: 
Parameters: { "silent" } might not be used.

  This could be a false alarm, with some parameters getting used by language bindings but
  then being mistakenly passed down to XGBoost core, or some parameter actually being used
  but getting flagged wrongly here. Please open an issue if you find any such cases.


[22:58:03] WARNING: /tmp/abs_40obctay9q/croots/recipe/xgboost-split_1659548945886/work/src/learner.cc:576: 
Parameters: { "silent" } might not be used.

  This could be a false alarm, with some parameters getting used by language bindings but
  then being mistakenly passed down to XGBoost core, or some parameter actually being used
  but getting flagged wrongly here. Please open an issue if you find any such cases.


[23:09:13] WARNING: /tmp/abs_40obctay9q/croots/recipe/xgboost-split_1659548945886/work/src/learner.cc:576: 
Parameters: { "silent" } might not be used.

  This could be a false alarm, with some parameters getting used by language bindings but
  then being mistakenly passed down to XGBoost core, or some parameter actually being used
  but getting flagged wrongly here. Please open an issue if you find any such cases.


[23:20:32] WARNING: /tmp/abs_40obctay9q/croots/recipe/xgboost-split_1659548945886/work/src/learner.cc:576: 
Parameters: { "silent" } might not be used.

  This could be a false alarm, with some parameters getting used by language bindings but
  then being mistakenly passed down to XGBoost core, or some parameter actually being used
  but getting flagged wrongly here. Please open an issue if you find any such cases.


[23:22:26] WARNING: /tmp/abs_40obctay9q/croots/recipe/xgboost-split_1659548945886/work/src/learner.cc:576: 
Parameters: { "silent" } might not be used.

  This could be a false alarm, with some parameters getting used by language bindings but
  then being mistakenly passed down to XGBoost core, or some parameter actually being used
  but getting flagged wrongly here. Please open an issue if you find any such cases.


[23:24:20] WARNING: /tmp/abs_40obctay9q/croots/recipe/xgboost-split_1659548945886/work/src/learner.cc:576: 
Parameters: { "silent" } might not be used.

  This could be a false alarm, with some parameters getting used by language bindings but
  then being mistakenly passed down to XGBoost core, or some parameter actually being used
  but getting flagged wrongly here. Please open an issue if you find any such cases.


[23:26:15] WARNING: /tmp/abs_40obctay9q/croots/recipe/xgboost-split_1659548945886/work/src/learner.cc:576: 
Parameters: { "silent" } might not be used.

  This could be a false alarm, with some parameters getting used by language bindings but
  then being mistakenly passed down to XGBoost core, or some parameter actually being used
  but getting flagged wrongly here. Please open an issue if you find any such cases.


[23:28:09] WARNING: /tmp/abs_40obctay9q/croots/recipe/xgboost-split_1659548945886/work/src/learner.cc:576: 
Parameters: { "silent" } might not be used.

  This could be a false alarm, with some parameters getting used by language bindings but
  then being mistakenly passed down to XGBoost core, or some parameter actually being used
  but getting flagged wrongly here. Please open an issue if you find any such cases.


[23:30:02] WARNING: /tmp/abs_40obctay9q/croots/recipe/xgboost-split_1659548945886/work/src/learner.cc:576: 
Parameters: { "silent" } might not be used.

  This could be a false alarm, with some parameters getting used by language bindings but
  then being mistakenly passed down to XGBoost core, or some parameter actually being used
  but getting flagged wrongly here. Please open an issue if you find any such cases.


[23:41:11] WARNING: /tmp/abs_40obctay9q/croots/recipe/xgboost-split_1659548945886/work/src/learner.cc:576: 
Parameters: { "silent" } might not be used.

  This could be a false alarm, with some parameters getting used by language bindings but
  then being mistakenly passed down to XGBoost core, or some parameter actually being used
  but getting flagged wrongly here. Please open an issue if you find any such cases.


[23:52:27] WARNING: /tmp/abs_40obctay9q/croots/recipe/xgboost-split_1659548945886/work/src/learner.cc:576: 
Parameters: { "silent" } might not be used.

  This could be a false alarm, with some parameters getting used by language bindings but
  then being mistakenly passed down to XGBoost core, or some parameter actually being used
  but getting flagged wrongly here. Please open an issue if you find any such cases.


[00:03:36] WARNING: /tmp/abs_40obctay9q/croots/recipe/xgboost-split_1659548945886/work/src/learner.cc:576: 
Parameters: { "silent" } might not be used.

  This could be a false alarm, with some parameters getting used by language bindings but
  then being mistakenly passed down to XGBoost core, or some parameter actually being used
  but getting flagged wrongly here. Please open an issue if you find any such cases.


[00:14:47] WARNING: /tmp/abs_40obctay9q/croots/recipe/xgboost-split_1659548945886/work/src/learner.cc:576: 
Parameters: { "silent" } might not be used.

  This could be a false alarm, with some parameters getting used by language bindings but
  then being mistakenly passed down to XGBoost core, or some parameter actually being used
  but getting flagged wrongly here. Please open an issue if you find any such cases.


[00:26:01] WARNING: /tmp/abs_40obctay9q/croots/recipe/xgboost-split_1659548945886/work/src/learner.cc:576: 
Parameters: { "silent" } might not be used.

  This could be a false alarm, with some parameters getting used by language bindings but
  then being mistakenly passed down to XGBoost core, or some parameter actually being used
  but getting flagged wrongly here. Please open an issue if you find any such cases.


[00:27:55] WARNING: /tmp/abs_40obctay9q/croots/recipe/xgboost-split_1659548945886/work/src/learner.cc:576: 
Parameters: { "silent" } might not be used.

  This could be a false alarm, with some parameters getting used by language bindings but
  then being mistakenly passed down to XGBoost core, or some parameter actually being used
  but getting flagged wrongly here. Please open an issue if you find any such cases.


[00:29:49] WARNING: /tmp/abs_40obctay9q/croots/recipe/xgboost-split_1659548945886/work/src/learner.cc:576: 
Parameters: { "silent" } might not be used.

  This could be a false alarm, with some parameters getting used by language bindings but
  then being mistakenly passed down to XGBoost core, or some parameter actually being used
  but getting flagged wrongly here. Please open an issue if you find any such cases.


[00:31:43] WARNING: /tmp/abs_40obctay9q/croots/recipe/xgboost-split_1659548945886/work/src/learner.cc:576: 
Parameters: { "silent" } might not be used.

  This could be a false alarm, with some parameters getting used by language bindings but
  then being mistakenly passed down to XGBoost core, or some parameter actually being used
  but getting flagged wrongly here. Please open an issue if you find any such cases.


[00:33:38] WARNING: /tmp/abs_40obctay9q/croots/recipe/xgboost-split_1659548945886/work/src/learner.cc:576: 
Parameters: { "silent" } might not be used.

  This could be a false alarm, with some parameters getting used by language bindings but
  then being mistakenly passed down to XGBoost core, or some parameter actually being used
  but getting flagged wrongly here. Please open an issue if you find any such cases.


[00:35:31] WARNING: /tmp/abs_40obctay9q/croots/recipe/xgboost-split_1659548945886/work/src/learner.cc:576: 
Parameters: { "silent" } might not be used.

  This could be a false alarm, with some parameters getting used by language bindings but
  then being mistakenly passed down to XGBoost core, or some parameter actually being used
  but getting flagged wrongly here. Please open an issue if you find any such cases.


[00:54:06] WARNING: /tmp/abs_40obctay9q/croots/recipe/xgboost-split_1659548945886/work/src/learner.cc:576: 
Parameters: { "silent" } might not be used.

  This could be a false alarm, with some parameters getting used by language bindings but
  then being mistakenly passed down to XGBoost core, or some parameter actually being used
  but getting flagged wrongly here. Please open an issue if you find any such cases.


[01:16:39] WARNING: /tmp/abs_40obctay9q/croots/recipe/xgboost-split_1659548945886/work/src/learner.cc:576: 
Parameters: { "silent" } might not be used.

  This could be a false alarm, with some parameters getting used by language bindings but
  then being mistakenly passed down to XGBoost core, or some parameter actually being used
  but getting flagged wrongly here. Please open an issue if you find any such cases.


[01:39:53] WARNING: /tmp/abs_40obctay9q/croots/recipe/xgboost-split_1659548945886/work/src/learner.cc:576: 
Parameters: { "silent" } might not be used.

  This could be a false alarm, with some parameters getting used by language bindings but
  then being mistakenly passed down to XGBoost core, or some parameter actually being used
  but getting flagged wrongly here. Please open an issue if you find any such cases.


[02:03:30] WARNING: /tmp/abs_40obctay9q/croots/recipe/xgboost-split_1659548945886/work/src/learner.cc:576: 
Parameters: { "silent" } might not be used.

  This could be a false alarm, with some parameters getting used by language bindings but
  then being mistakenly passed down to XGBoost core, or some parameter actually being used
  but getting flagged wrongly here. Please open an issue if you find any such cases.


[02:27:10] WARNING: /tmp/abs_40obctay9q/croots/recipe/xgboost-split_1659548945886/work/src/learner.cc:576: 
Parameters: { "silent" } might not be used.

  This could be a false alarm, with some parameters getting used by language bindings but
  then being mistakenly passed down to XGBoost core, or some parameter actually being used
  but getting flagged wrongly here. Please open an issue if you find any such cases.


[02:29:36] WARNING: /tmp/abs_40obctay9q/croots/recipe/xgboost-split_1659548945886/work/src/learner.cc:576: 
Parameters: { "silent" } might not be used.

  This could be a false alarm, with some parameters getting used by language bindings but
  then being mistakenly passed down to XGBoost core, or some parameter actually being used
  but getting flagged wrongly here. Please open an issue if you find any such cases.


[02:32:03] WARNING: /tmp/abs_40obctay9q/croots/recipe/xgboost-split_1659548945886/work/src/learner.cc:576: 
Parameters: { "silent" } might not be used.

  This could be a false alarm, with some parameters getting used by language bindings but
  then being mistakenly passed down to XGBoost core, or some parameter actually being used
  but getting flagged wrongly here. Please open an issue if you find any such cases.


[02:34:30] WARNING: /tmp/abs_40obctay9q/croots/recipe/xgboost-split_1659548945886/work/src/learner.cc:576: 
Parameters: { "silent" } might not be used.

  This could be a false alarm, with some parameters getting used by language bindings but
  then being mistakenly passed down to XGBoost core, or some parameter actually being used
  but getting flagged wrongly here. Please open an issue if you find any such cases.


[02:36:54] WARNING: /tmp/abs_40obctay9q/croots/recipe/xgboost-split_1659548945886/work/src/learner.cc:576: 
Parameters: { "silent" } might not be used.

  This could be a false alarm, with some parameters getting used by language bindings but
  then being mistakenly passed down to XGBoost core, or some parameter actually being used
  but getting flagged wrongly here. Please open an issue if you find any such cases.


[02:39:19] WARNING: /tmp/abs_40obctay9q/croots/recipe/xgboost-split_1659548945886/work/src/learner.cc:576: 
Parameters: { "silent" } might not be used.

  This could be a false alarm, with some parameters getting used by language bindings but
  then being mistakenly passed down to XGBoost core, or some parameter actually being used
  but getting flagged wrongly here. Please open an issue if you find any such cases.


[03:03:05] WARNING: /tmp/abs_40obctay9q/croots/recipe/xgboost-split_1659548945886/work/src/learner.cc:576: 
Parameters: { "silent" } might not be used.

  This could be a false alarm, with some parameters getting used by language bindings but
  then being mistakenly passed down to XGBoost core, or some parameter actually being used
  but getting flagged wrongly here. Please open an issue if you find any such cases.


[03:34:23] WARNING: /tmp/abs_40obctay9q/croots/recipe/xgboost-split_1659548945886/work/src/learner.cc:576: 
Parameters: { "silent" } might not be used.

  This could be a false alarm, with some parameters getting used by language bindings but
  then being mistakenly passed down to XGBoost core, or some parameter actually being used
  but getting flagged wrongly here. Please open an issue if you find any such cases.


[04:17:48] WARNING: /tmp/abs_40obctay9q/croots/recipe/xgboost-split_1659548945886/work/src/learner.cc:576: 
Parameters: { "silent" } might not be used.

  This could be a false alarm, with some parameters getting used by language bindings but
  then being mistakenly passed down to XGBoost core, or some parameter actually being used
  but getting flagged wrongly here. Please open an issue if you find any such cases.


[05:05:14] WARNING: /tmp/abs_40obctay9q/croots/recipe/xgboost-split_1659548945886/work/src/learner.cc:576: 
Parameters: { "silent" } might not be used.

  This could be a false alarm, with some parameters getting used by language bindings but
  then being mistakenly passed down to XGBoost core, or some parameter actually being used
  but getting flagged wrongly here. Please open an issue if you find any such cases.

