nn_ntk_3layler_kfold_gs.py start!
1/12
(1, 0.001)
val_acc_mean = 0.11236666666666666
time: 4399.78973698616
-------------------------------------------------------------------------
2/12
(1, 1e-05)
val_acc_mean = 0.7779833333333334
time: 3715.3138308525085
-------------------------------------------------------------------------
3/12
(1, 1e-07)
val_acc_mean = 0.9265666666666668
time: 3120.4813270568848
-------------------------------------------------------------------------
4/12
(0.1, 0.001)
val_acc_mean = 0.11236666666666668
time: 1565.1907229423523
-------------------------------------------------------------------------
5/12
(0.1, 1e-05)
val_acc_mean = 0.11236666666666666
time: 1491.5559096336365
-------------------------------------------------------------------------
6/12
(0.1, 1e-07)
val_acc_mean = 0.11236666666666668
time: 1550.585278749466
-------------------------------------------------------------------------
7/12
(0.01, 0.001)
val_acc_mean = 0.11236666666666668
time: 1549.4754769802094
-------------------------------------------------------------------------
8/12
(0.01, 1e-05)
val_acc_mean = 0.11236666666666668
time: 1530.7804336547852
-------------------------------------------------------------------------
9/12
(0.01, 1e-07)
val_acc_mean = 0.11236666666666666
time: 1563.5214998722076
-------------------------------------------------------------------------
10/12
(0.001, 0.001)
val_acc_mean = 0.10641666666666667
time: 1500.9436073303223
-------------------------------------------------------------------------
11/12
(0.001, 1e-05)
val_acc_mean = 0.10776666666666668
time: 1544.134407043457
-------------------------------------------------------------------------
12/12
(0.001, 1e-07)
val_acc_mean = 0.10706666666666667
time: 1516.0599052906036
-------------------------------------------------------------------------
best param
(1, 1e-07)
max_val_acc = 0.9265666666666668
(0.1, 0.001)
max_val_acc = 0.11236666666666668
(0.01, 0.001)
max_val_acc = 0.11236666666666668
(0.001, 1e-05)
max_val_acc = 0.10776666666666668
