nn_ntk_kfold_gs.py start!
1/12
(1, 0.001)
val_acc_mean = 0.6630465391411514
time: 4989.201934337616
-------------------------------------------------------------------------
2/12
(1, 1e-05)
val_acc_mean = 0.8148551435851417
time: 4123.446790218353
-------------------------------------------------------------------------
3/12
(1, 1e-07)
val_acc_mean = 0.8872268846630627
time: 3671.3692564964294
-------------------------------------------------------------------------
4/12
(0.1, 0.001)
val_acc_mean = 0.6634015251428474
time: 3870.7595539093018
-------------------------------------------------------------------------
5/12
(0.1, 1e-05)
val_acc_mean = 0.7949222465872403
time: 3867.9872691631317
-------------------------------------------------------------------------
6/12
(0.1, 1e-07)
val_acc_mean = 0.8291298929347676
time: 3655.185558795929
-------------------------------------------------------------------------
7/12
(0.01, 0.001)
val_acc_mean = 0.6628227935855574
time: 3576.9378638267517
-------------------------------------------------------------------------
8/12
(0.01, 1e-05)
val_acc_mean = 0.7388389836515846
time: 3545.9310898780823
-------------------------------------------------------------------------
9/12
(0.01, 1e-07)
val_acc_mean = 0.7410872310984645
time: 3587.5347979068756
-------------------------------------------------------------------------
10/12
(0.001, 0.001)
val_acc_mean = 0.5994785978276982
time: 3548.1786217689514
-------------------------------------------------------------------------
11/12
(0.001, 1e-05)
val_acc_mean = 0.6645590647226205
time: 3584.210085630417
-------------------------------------------------------------------------
12/12
(0.001, 1e-07)
val_acc_mean = 0.66556377984298
time: 3541.811352491379
-------------------------------------------------------------------------
best param
(1, 1e-07)
max_val_acc = 0.8872268846630627
(0.1, 1e-07)
max_val_acc = 0.8291298929347676
(0.01, 1e-07)
max_val_acc = 0.7410872310984645
(0.001, 1e-07)
max_val_acc = 0.66556377984298
