nn_ntk_3layler_kfold_gs.py start!
1/12
(1, 0.001)
val_acc_mean = 0.4879100915114531
time: 22719.432466506958
-------------------------------------------------------------------------
2/12
(1, 1e-05)
val_acc_mean = 0.775477685680336
time: 14773.814749956131
-------------------------------------------------------------------------
3/12
(1, 1e-07)
val_acc_mean = 0.8848710091938955
time: 10880.623394489288
-------------------------------------------------------------------------
4/12
(0.1, 0.001)
val_acc_mean = 0.4879100871605281
time: 10547.262074708939
-------------------------------------------------------------------------
5/12
(0.1, 1e-05)
val_acc_mean = 0.728531550832669
time: 10551.477444410324
-------------------------------------------------------------------------
6/12
(0.1, 1e-07)
val_acc_mean = 0.7629607845381194
time: 10551.020114898682
-------------------------------------------------------------------------
7/12
(0.01, 0.001)
val_acc_mean = 0.4879100859339375
time: 10552.825333833694
-------------------------------------------------------------------------
8/12
(0.01, 1e-05)
val_acc_mean = 0.4879100961169535
time: 14194.890519618988
-------------------------------------------------------------------------
9/12
(0.01, 1e-07)
val_acc_mean = 0.507107385785231
time: 12373.681400299072
-------------------------------------------------------------------------
10/12
(0.001, 0.001)
val_acc_mean = 0.48791008676709335
time: 11872.053915262222
-------------------------------------------------------------------------
11/12
(0.001, 1e-05)
val_acc_mean = 0.48791008151358284
time: 10703.752945899963
-------------------------------------------------------------------------
12/12
(0.001, 1e-07)
val_acc_mean = 0.4879100926223276
time: 10686.240297079086
-------------------------------------------------------------------------
best param
(1, 1e-07)
max_val_acc = 0.8848710091938955
(0.1, 1e-07)
max_val_acc = 0.7629607845381194
(0.01, 1e-07)
max_val_acc = 0.507107385785231
(0.001, 1e-07)
max_val_acc = 0.4879100926223276
