nn_ntk_kfold_gs.py start!
1/48
(1000, 1, 0.001)
val_acc_mean = 0.26260000000000006
time: 153.9882173538208
-------------------------------------------------------------------------
2/48
(1000, 1, 1e-05)
val_acc_mean = 0.07093333333333333
time: 150.54774022102356
-------------------------------------------------------------------------
3/48
(1000, 1, 1e-07)
val_acc_mean = 0.3368666666666667
time: 151.25393676757812
-------------------------------------------------------------------------
4/48
(1000, 0.1, 0.001)
val_acc_mean = 0.8440000000000001
time: 150.29536366462708
-------------------------------------------------------------------------
5/48
(1000, 0.1, 1e-05)
val_acc_mean = 0.9514666666666667
time: 150.2251682281494
-------------------------------------------------------------------------
6/48
(1000, 0.1, 1e-07)
val_acc_mean = 0.9516
time: 149.9545168876648
-------------------------------------------------------------------------
7/48
(1000, 0.01, 0.001)
val_acc_mean = 0.7106
time: 143.69428491592407
-------------------------------------------------------------------------
8/48
(1000, 0.01, 1e-05)
val_acc_mean = 0.7487999999999999
time: 148.2797977924347
-------------------------------------------------------------------------
9/48
(1000, 0.01, 1e-07)
val_acc_mean = 0.7454
time: 149.91002225875854
-------------------------------------------------------------------------
10/48
(1000, 0.001, 0.001)
val_acc_mean = 0.3060666666666667
time: 149.32027792930603
-------------------------------------------------------------------------
11/48
(1000, 0.001, 1e-05)
val_acc_mean = 0.3425333333333333
time: 150.52990174293518
-------------------------------------------------------------------------
12/48
(1000, 0.001, 1e-07)
val_acc_mean = 0.3446
time: 150.83997225761414
-------------------------------------------------------------------------
13/48
(3000, 1, 0.001)
val_acc_mean = 0.20826666666666666
time: 149.42093682289124
-------------------------------------------------------------------------
14/48
(3000, 1, 1e-05)
val_acc_mean = 0.7795333333333333
time: 148.35150456428528
-------------------------------------------------------------------------
15/48
(3000, 1, 1e-07)
val_acc_mean = 0.2224
time: 148.7660207748413
-------------------------------------------------------------------------
16/48
(3000, 0.1, 0.001)
val_acc_mean = 0.8511333333333333
time: 148.82097482681274
-------------------------------------------------------------------------
17/48
(3000, 0.1, 1e-05)
val_acc_mean = 0.9527333333333333
time: 148.10676908493042
-------------------------------------------------------------------------
18/48
(3000, 0.1, 1e-07)
val_acc_mean = 0.9556000000000001
time: 148.56636834144592
-------------------------------------------------------------------------
19/48
(3000, 0.01, 0.001)
val_acc_mean = 0.7114666666666667
time: 148.7130401134491
-------------------------------------------------------------------------
20/48
(3000, 0.01, 1e-05)
val_acc_mean = 0.7431333333333333
time: 149.47352290153503
-------------------------------------------------------------------------
21/48
(3000, 0.01, 1e-07)
val_acc_mean = 0.7474000000000001
time: 150.33594346046448
-------------------------------------------------------------------------
22/48
(3000, 0.001, 0.001)
val_acc_mean = 0.30946666666666667
time: 150.9256227016449
-------------------------------------------------------------------------
23/48
(3000, 0.001, 1e-05)
val_acc_mean = 0.33140000000000003
time: 150.2216305732727
-------------------------------------------------------------------------
24/48
(3000, 0.001, 1e-07)
val_acc_mean = 0.34786666666666666
time: 150.35010075569153
-------------------------------------------------------------------------
25/48
(5000, 1, 0.001)
val_acc_mean = 0.3733333333333333
time: 197.39812517166138
-------------------------------------------------------------------------
26/48
(5000, 1, 1e-05)
val_acc_mean = 0.4141333333333333
time: 197.6511390209198
-------------------------------------------------------------------------
27/48
(5000, 1, 1e-07)
val_acc_mean = 0.6059333333333334
time: 197.68824744224548
-------------------------------------------------------------------------
28/48
(5000, 0.1, 0.001)
val_acc_mean = 0.8530000000000001
time: 197.94994282722473
-------------------------------------------------------------------------
29/48
(5000, 0.1, 1e-05)
val_acc_mean = 0.9560000000000001
time: 198.4268832206726
-------------------------------------------------------------------------
30/48
(5000, 0.1, 1e-07)
val_acc_mean = 0.9543333333333333
time: 197.8781852722168
-------------------------------------------------------------------------
31/48
(5000, 0.01, 0.001)
val_acc_mean = 0.7055333333333333
time: 197.67756819725037
-------------------------------------------------------------------------
32/48
(5000, 0.01, 1e-05)
val_acc_mean = 0.7428
time: 197.90369200706482
-------------------------------------------------------------------------
33/48
(5000, 0.01, 1e-07)
val_acc_mean = 0.7406
time: 197.66744303703308
-------------------------------------------------------------------------
34/48
(5000, 0.001, 0.001)
val_acc_mean = 0.3184666666666667
time: 197.77900195121765
-------------------------------------------------------------------------
35/48
(5000, 0.001, 1e-05)
val_acc_mean = 0.34886666666666666
time: 197.64943861961365
-------------------------------------------------------------------------
36/48
(5000, 0.001, 1e-07)
val_acc_mean = 0.3310666666666667
time: 197.82635617256165
-------------------------------------------------------------------------
37/48
(7000, 1, 0.001)
val_acc_mean = 0.29419999999999996
time: 342.9668302536011
-------------------------------------------------------------------------
38/48
(7000, 1, 1e-05)
val_acc_mean = 0.4142
time: 342.9474091529846
-------------------------------------------------------------------------
39/48
(7000, 1, 1e-07)
val_acc_mean = 0.2222
time: 342.56175112724304
-------------------------------------------------------------------------
40/48
(7000, 0.1, 0.001)
val_acc_mean = 0.8492666666666666
time: 343.9707543849945
-------------------------------------------------------------------------
41/48
(7000, 0.1, 1e-05)
val_acc_mean = 0.9538
time: 342.9741542339325
-------------------------------------------------------------------------
42/48
(7000, 0.1, 1e-07)
val_acc_mean = 0.9551333333333332
time: 342.6665930747986
-------------------------------------------------------------------------
43/48
(7000, 0.01, 0.001)
val_acc_mean = 0.7061333333333334
time: 342.47978019714355
-------------------------------------------------------------------------
44/48
(7000, 0.01, 1e-05)
val_acc_mean = 0.7454
time: 342.44406175613403
-------------------------------------------------------------------------
45/48
(7000, 0.01, 1e-07)
val_acc_mean = 0.7404666666666666
time: 342.49392199516296
-------------------------------------------------------------------------
46/48
(7000, 0.001, 0.001)
val_acc_mean = 0.32193333333333335
time: 342.54131388664246
-------------------------------------------------------------------------
47/48
(7000, 0.001, 1e-05)
val_acc_mean = 0.3358
time: 347.4768319129944
-------------------------------------------------------------------------
48/48
(7000, 0.001, 1e-07)
val_acc_mean = 0.3476666666666667
time: 350.14467334747314
-------------------------------------------------------------------------
best param
(3000, 1, 1e-05)
max_val_acc = 0.7795333333333333
(5000, 0.1, 1e-05)
max_val_acc = 0.9560000000000001
(1000, 0.01, 1e-05)
max_val_acc = 0.7487999999999999
(5000, 0.001, 1e-05)
max_val_acc = 0.34886666666666666
