nn_mfld_kfold_gs.py start!
1/144
(1000, 2, 0.001, 0.001)
val_acc_mean = 0.37542591649106327
time: 22309.287327051163
-------------------------------------------------------------------------
2/144
(1000, 2, 0.001, 1e-05)
val_acc_mean = 0.5828164537337533
time: 21263.42839241028
-------------------------------------------------------------------------
3/144
(1000, 2, 0.001, 1e-07)
val_acc_mean = 0.6746565856398871
time: 11376.033220767975
-------------------------------------------------------------------------
4/144
(1000, 2, 1e-05, 0.001)
val_acc_mean = 0.8353310967980418
time: 4741.325616598129
-------------------------------------------------------------------------
5/144
(1000, 2, 1e-05, 1e-05)
val_acc_mean = 0.9731878409976616
time: 4802.798406362534
-------------------------------------------------------------------------
6/144
(1000, 2, 1e-05, 1e-07)
val_acc_mean = 0.9708495713172253
time: 7943.401695489883
-------------------------------------------------------------------------
7/144
(1000, 2, 1e-07, 0.001)
val_acc_mean = 0.843905725052073
time: 19729.16810441017
-------------------------------------------------------------------------
8/144
(1000, 2, 1e-07, 1e-05)
val_acc_mean = 0.9692907248636009
time: 20384.4258518219
-------------------------------------------------------------------------
9/144
(1000, 2, 1e-07, 1e-07)
val_acc_mean = 0.9716289945440375
time: 10982.870963335037
-------------------------------------------------------------------------
10/144
(1000, 1, 0.001, 0.001)
val_acc_mean = 0.4536825619556349
time: 362.0717465877533
-------------------------------------------------------------------------
11/144
(1000, 1, 0.001, 1e-05)
val_acc_mean = 0.7393755859353626
time: 365.8561067581177
-------------------------------------------------------------------------
12/144
(1000, 1, 0.001, 1e-07)
val_acc_mean = 0.7779245698276879
time: 372.0110981464386
-------------------------------------------------------------------------
13/144
(1000, 1, 1e-05, 0.001)
val_acc_mean = 0.9103416451545046
time: 365.2613146305084
-------------------------------------------------------------------------
14/144
(1000, 1, 1e-05, 1e-05)
val_acc_mean = 0.9725643024162121
time: 370.1212408542633
-------------------------------------------------------------------------
15/144
(1000, 1, 1e-05, 1e-07)
val_acc_mean = 0.9696024941543258
time: 367.25846767425537
-------------------------------------------------------------------------
16/144
(1000, 1, 1e-07, 0.001)
val_acc_mean = 0.9150263313728184
time: 373.0401089191437
-------------------------------------------------------------------------
17/144
(1000, 1, 1e-07, 1e-05)
val_acc_mean = 0.9710054559625878
time: 373.865948677063
-------------------------------------------------------------------------
18/144
(1000, 1, 1e-07, 1e-07)
val_acc_mean = 0.9699142634450506
time: 370.29123520851135
-------------------------------------------------------------------------
19/144
(1000, 0.1, 0.001, 0.001)
val_acc_mean = 0.9298346431129264
time: 372.0374228954315
-------------------------------------------------------------------------
20/144
(1000, 0.1, 0.001, 1e-05)
val_acc_mean = 0.8386396936781603
time: 371.94652485847473
-------------------------------------------------------------------------
21/144
(1000, 0.1, 0.001, 1e-07)
val_acc_mean = 0.7924952851582496
time: 372.2361431121826
-------------------------------------------------------------------------
22/144
(1000, 0.1, 1e-05, 0.001)
val_acc_mean = 0.9611842369252057
time: 374.0344159603119
-------------------------------------------------------------------------
23/144
(1000, 0.1, 1e-05, 1e-05)
val_acc_mean = 0.9148846733292558
time: 371.7151334285736
-------------------------------------------------------------------------
24/144
(1000, 0.1, 1e-05, 1e-07)
val_acc_mean = 0.8727953327018506
time: 371.51609683036804
-------------------------------------------------------------------------
25/144
(1000, 0.1, 1e-07, 0.001)
val_acc_mean = 0.9561955634889465
time: 372.8571813106537
-------------------------------------------------------------------------
26/144
(1000, 0.1, 1e-07, 1e-05)
val_acc_mean = 0.9173791924397163
time: 371.6168749332428
-------------------------------------------------------------------------
27/144
(1000, 0.1, 1e-07, 1e-07)
val_acc_mean = 0.8715487419185
time: 376.71835374832153
-------------------------------------------------------------------------
28/144
(1000, 0.01, 0.001, 0.001)
val_acc_mean = 0.3397652975487687
time: 376.4732246398926
-------------------------------------------------------------------------
29/144
(1000, 0.01, 0.001, 1e-05)
val_acc_mean = 0.029942740967627796
time: 371.4846935272217
-------------------------------------------------------------------------
30/144
(1000, 0.01, 0.001, 1e-07)
val_acc_mean = 0.02728954052939982
time: 372.77266335487366
-------------------------------------------------------------------------
31/144
(1000, 0.01, 1e-05, 0.001)
val_acc_mean = 0.38984281428934475
time: 380.30627179145813
-------------------------------------------------------------------------
32/144
(1000, 0.01, 1e-05, 1e-05)
val_acc_mean = 0.03368798508760303
time: 381.59909534454346
-------------------------------------------------------------------------
33/144
(1000, 0.01, 1e-05, 1e-07)
val_acc_mean = 0.026823588921733022
time: 378.47194600105286
-------------------------------------------------------------------------
34/144
(1000, 0.01, 1e-07, 0.001)
val_acc_mean = 0.39296914043358305
time: 375.0736622810364
-------------------------------------------------------------------------
35/144
(1000, 0.01, 1e-07, 1e-05)
val_acc_mean = 0.040236599331471314
time: 373.00442600250244
-------------------------------------------------------------------------
36/144
(1000, 0.01, 1e-07, 1e-07)
val_acc_mean = 0.029161980197056674
time: 376.4626441001892
-------------------------------------------------------------------------
37/144
(3000, 2, 0.001, 0.001)
val_acc_mean = 0.40783229146780836
time: 730.4329192638397
-------------------------------------------------------------------------
38/144
(3000, 2, 0.001, 1e-05)
val_acc_mean = 0.6223034205857713
time: 732.1201171875
-------------------------------------------------------------------------
39/144
(3000, 2, 0.001, 1e-07)
val_acc_mean = 0.5811239744991202
time: 728.7828297615051
-------------------------------------------------------------------------
40/144
(3000, 2, 1e-05, 0.001)
val_acc_mean = 0.9295248193403964
time: 727.0314500331879
-------------------------------------------------------------------------
41/144
(3000, 2, 1e-05, 1e-05)
val_acc_mean = 0.9706936866718628
time: 730.9947330951691
-------------------------------------------------------------------------
42/144
(3000, 2, 1e-05, 1e-07)
val_acc_mean = 0.9675759937646141
time: 730.7472927570343
-------------------------------------------------------------------------
43/144
(3000, 2, 1e-07, 0.001)
val_acc_mean = 0.9254664683859373
time: 730.0984663963318
-------------------------------------------------------------------------
44/144
(3000, 2, 1e-07, 1e-05)
val_acc_mean = 0.967108339828527
time: 728.1118485927582
-------------------------------------------------------------------------
45/144
(3000, 2, 1e-07, 1e-07)
val_acc_mean = 0.9692907248636009
time: 732.3701705932617
-------------------------------------------------------------------------
46/144
(3000, 1, 0.001, 0.001)
val_acc_mean = 0.3410680651699957
time: 730.0520701408386
-------------------------------------------------------------------------
47/144
(3000, 1, 0.001, 1e-05)
val_acc_mean = 0.6860599973492315
time: 732.0820531845093
-------------------------------------------------------------------------
48/144
(3000, 1, 0.001, 1e-07)
val_acc_mean = 0.8045928820784944
time: 732.0044076442719
-------------------------------------------------------------------------
49/144
(3000, 1, 1e-05, 0.001)
val_acc_mean = 0.9600926796230074
time: 729.0625431537628
-------------------------------------------------------------------------
50/144
(3000, 1, 1e-05, 1e-05)
val_acc_mean = 0.9713172252533125
time: 729.7625126838684
-------------------------------------------------------------------------
51/144
(3000, 1, 1e-05, 1e-07)
val_acc_mean = 0.96539360872954
time: 730.6890506744385
-------------------------------------------------------------------------
52/144
(3000, 1, 1e-07, 0.001)
val_acc_mean = 0.961495641431269
time: 727.6460165977478
-------------------------------------------------------------------------
53/144
(3000, 1, 1e-07, 1e-05)
val_acc_mean = 0.9702260327357756
time: 727.5506300926208
-------------------------------------------------------------------------
54/144
(3000, 1, 1e-07, 1e-07)
val_acc_mean = 0.9680436477007014
time: 731.8398141860962
-------------------------------------------------------------------------
55/144
(3000, 0.1, 0.001, 0.001)
val_acc_mean = 0.9332636189313511
time: 730.3336246013641
-------------------------------------------------------------------------
56/144
(3000, 0.1, 0.001, 1e-05)
val_acc_mean = 0.8426935456217937
time: 731.2384445667267
-------------------------------------------------------------------------
57/144
(3000, 0.1, 0.001, 1e-07)
val_acc_mean = 0.7702030513020988
time: 730.3264405727386
-------------------------------------------------------------------------
58/144
(3000, 0.1, 1e-05, 0.001)
val_acc_mean = 0.9638339111117056
time: 729.5013954639435
-------------------------------------------------------------------------
59/144
(3000, 0.1, 1e-05, 1e-05)
val_acc_mean = 0.9109870708156464
time: 727.1388647556305
-------------------------------------------------------------------------
60/144
(3000, 0.1, 1e-05, 1e-07)
val_acc_mean = 0.8403710832766904
time: 731.0322625637054
-------------------------------------------------------------------------
61/144
(3000, 0.1, 1e-07, 0.001)
val_acc_mean = 0.963366135580731
time: 730.9755082130432
-------------------------------------------------------------------------
62/144
(3000, 0.1, 1e-07, 1e-05)
val_acc_mean = 0.9165996476180169
time: 732.699214220047
-------------------------------------------------------------------------
63/144
(3000, 0.1, 1e-07, 1e-07)
val_acc_mean = 0.8428652376024892
time: 732.910876750946
-------------------------------------------------------------------------
64/144
(3000, 0.01, 0.001, 0.001)
val_acc_mean = 0.3481915800404425
time: 792.3784477710724
-------------------------------------------------------------------------
65/144
(3000, 0.01, 0.001, 1e-05)
val_acc_mean = 0.028849602931895917
time: 952.8850090503693
-------------------------------------------------------------------------
66/144
(3000, 0.01, 0.001, 1e-07)
val_acc_mean = 0.039133612109877994
time: 729.3858637809753
-------------------------------------------------------------------------
67/144
(3000, 0.01, 1e-05, 0.001)
val_acc_mean = 0.40653110458011466
time: 771.3949117660522
-------------------------------------------------------------------------
68/144
(3000, 0.01, 1e-05, 1e-05)
val_acc_mean = 0.03384338335341676
time: 8536.690287351608
-------------------------------------------------------------------------
69/144
(3000, 0.01, 1e-05, 1e-07)
val_acc_mean = 0.02058674396858961
time: 709.1484227180481
-------------------------------------------------------------------------
70/144
(3000, 0.01, 1e-07, 0.001)
val_acc_mean = 0.39842875086788354
time: 1055.5169794559479
-------------------------------------------------------------------------
71/144
(3000, 0.01, 1e-07, 1e-05)
val_acc_mean = 0.03852126025804867
time: 914.40855884552
-------------------------------------------------------------------------
72/144
(3000, 0.01, 1e-07, 1e-07)
val_acc_mean = 0.02915894032487722
time: 1494.5322103500366
-------------------------------------------------------------------------
73/144
(5000, 2, 0.001, 0.001)
val_acc_mean = 0.24549314630418415
time: 1654.9394636154175
-------------------------------------------------------------------------
74/144
(5000, 2, 0.001, 1e-05)
val_acc_mean = 0.5154331878653167
time: 1976.145058631897
-------------------------------------------------------------------------
75/144
(5000, 2, 0.001, 1e-07)
val_acc_mean = 0.5823005266274563
time: 3386.1282329559326
-------------------------------------------------------------------------
76/144
(5000, 2, 1e-05, 0.001)
val_acc_mean = 0.9482368133384729
time: 19201.098222494125
-------------------------------------------------------------------------
77/144
(5000, 2, 1e-05, 1e-05)
val_acc_mean = 0.9692907248636009
time: 21271.03950238228
-------------------------------------------------------------------------
78/144
(5000, 2, 1e-05, 1e-07)
val_acc_mean = 0.97116134060795
time: 4335.553735494614
-------------------------------------------------------------------------
79/144
(5000, 2, 1e-07, 0.001)
val_acc_mean = 0.9541662664168298
time: 1091.361091852188
-------------------------------------------------------------------------
80/144
(5000, 2, 1e-07, 1e-05)
val_acc_mean = 0.9694466095089634
time: 1089.8500571250916
-------------------------------------------------------------------------
81/144
(5000, 2, 1e-07, 1e-07)
val_acc_mean = 0.9720966484801247
time: 1089.8487565517426
-------------------------------------------------------------------------
82/144
(5000, 1, 0.001, 0.001)
val_acc_mean = 0.5122182190483254
time: 1089.5908160209656
-------------------------------------------------------------------------
83/144
(5000, 1, 0.001, 1e-05)
val_acc_mean = 0.7838490375156706
time: 1084.6031811237335
-------------------------------------------------------------------------
84/144
(5000, 1, 0.001, 1e-07)
val_acc_mean = 0.8304775152814374
time: 1090.781102180481
-------------------------------------------------------------------------
85/144
(5000, 1, 1e-05, 0.001)
val_acc_mean = 0.9700699049006388
time: 1090.7518048286438
-------------------------------------------------------------------------
86/144
(5000, 1, 1e-05, 1e-05)
val_acc_mean = 0.9700701480904131
time: 1091.5568311214447
-------------------------------------------------------------------------
87/144
(5000, 1, 1e-05, 1e-07)
val_acc_mean = 0.9689789555728762
time: 1091.2744450569153
-------------------------------------------------------------------------
88/144
(5000, 1, 1e-07, 0.001)
val_acc_mean = 0.9688229493326265
time: 1089.7559232711792
-------------------------------------------------------------------------
89/144
(5000, 1, 1e-07, 1e-05)
val_acc_mean = 0.9660171473109898
time: 1089.502941608429
-------------------------------------------------------------------------
90/144
(5000, 1, 1e-07, 1e-07)
val_acc_mean = 0.967108339828527
time: 1089.968230009079
-------------------------------------------------------------------------
91/144
(5000, 0.1, 0.001, 0.001)
val_acc_mean = 0.9293660164177417
time: 1092.3292036056519
-------------------------------------------------------------------------
92/144
(5000, 0.1, 0.001, 1e-05)
val_acc_mean = 0.8378612432104454
time: 1089.6089522838593
-------------------------------------------------------------------------
93/144
(5000, 0.1, 0.001, 1e-07)
val_acc_mean = 0.7613184776806505
time: 1088.6068799495697
-------------------------------------------------------------------------
94/144
(5000, 0.1, 1e-05, 0.001)
val_acc_mean = 0.9597801807629593
time: 1091.531058549881
-------------------------------------------------------------------------
95/144
(5000, 0.1, 1e-05, 1e-05)
val_acc_mean = 0.9125472548130297
time: 1090.7564325332642
-------------------------------------------------------------------------
96/144
(5000, 0.1, 1e-05, 1e-07)
val_acc_mean = 0.8275884207620837
time: 1091.1371178627014
-------------------------------------------------------------------------
97/144
(5000, 0.1, 1e-07, 0.001)
val_acc_mean = 0.9625868339488062
time: 1089.497385263443
-------------------------------------------------------------------------
98/144
(5000, 0.1, 1e-07, 1e-05)
val_acc_mean = 0.9088055369447826
time: 1091.7870616912842
-------------------------------------------------------------------------
99/144
(5000, 0.1, 1e-07, 1e-07)
val_acc_mean = 0.8313297738456693
time: 1093.0670719146729
-------------------------------------------------------------------------
100/144
(5000, 0.01, 0.001, 0.001)
val_acc_mean = 0.37002175332531617
time: 1091.8316175937653
-------------------------------------------------------------------------
101/144
(5000, 0.01, 0.001, 1e-05)
val_acc_mean = 0.02588694350579947
time: 1089.5796172618866
-------------------------------------------------------------------------
102/144
(5000, 0.01, 0.001, 1e-07)
val_acc_mean = 0.028225942755559015
time: 1089.2036592960358
-------------------------------------------------------------------------
103/144
(5000, 0.01, 1e-05, 0.001)
val_acc_mean = 0.41121323730579784
time: 1090.5186491012573
-------------------------------------------------------------------------
104/144
(5000, 0.01, 1e-05, 1e-05)
val_acc_mean = 0.03524756111055043
time: 1090.8609573841095
-------------------------------------------------------------------------
105/144
(5000, 0.01, 1e-05, 1e-07)
val_acc_mean = 0.022769736978099548
time: 1091.7316265106201
-------------------------------------------------------------------------
106/144
(5000, 0.01, 1e-07, 0.001)
val_acc_mean = 0.41401636423991645
time: 1089.0843179225922
-------------------------------------------------------------------------
107/144
(5000, 0.01, 1e-07, 1e-05)
val_acc_mean = 0.027763395804733203
time: 1090.35182929039
-------------------------------------------------------------------------
108/144
(5000, 0.01, 1e-07, 1e-07)
val_acc_mean = 0.02432943459593411
time: 1092.2792167663574
-------------------------------------------------------------------------
109/144
(7000, 2, 0.001, 0.001)
val_acc_mean = 0.3526294286377846
time: 1456.02725481987
-------------------------------------------------------------------------
110/144
(7000, 2, 0.001, 1e-05)
val_acc_mean = 0.5794256587099025
time: 1457.283430814743
-------------------------------------------------------------------------
111/144
(7000, 2, 0.001, 1e-07)
val_acc_mean = 0.6344404142494616
time: 1459.657372713089
-------------------------------------------------------------------------
112/144
(7000, 2, 1e-05, 0.001)
val_acc_mean = 0.9536992204551783
time: 1460.2381715774536
-------------------------------------------------------------------------
113/144
(7000, 2, 1e-05, 1e-05)
val_acc_mean = 0.9696023725594387
time: 1458.5266292095184
-------------------------------------------------------------------------
114/144
(7000, 2, 1e-05, 1e-07)
val_acc_mean = 0.9688229493326265
time: 1456.9188141822815
-------------------------------------------------------------------------
115/144
(7000, 2, 1e-07, 0.001)
val_acc_mean = 0.9540125704794367
time: 1458.6595685482025
-------------------------------------------------------------------------
116/144
(7000, 2, 1e-07, 1e-05)
val_acc_mean = 0.973655494933749
time: 1457.1375472545624
-------------------------------------------------------------------------
117/144
(7000, 2, 1e-07, 1e-07)
val_acc_mean = 0.9705378020265003
time: 1460.0482001304626
-------------------------------------------------------------------------
118/144
(7000, 1, 0.001, 0.001)
val_acc_mean = 0.40515829830387295
time: 15929.32660484314
-------------------------------------------------------------------------
119/144
(7000, 1, 0.001, 1e-05)
val_acc_mean = 0.7497139480279134
time: 22244.268204927444
-------------------------------------------------------------------------
120/144
(7000, 1, 0.001, 1e-07)
val_acc_mean = 0.7681093089397778
time: 22243.377935171127
-------------------------------------------------------------------------
121/144
(7000, 1, 1e-05, 0.001)
val_acc_mean = 0.9699142634450506
time: 21847.288410186768
-------------------------------------------------------------------------
122/144
(7000, 1, 1e-05, 1e-05)
val_acc_mean = 0.9700701480904131
time: 22450.05604171753
-------------------------------------------------------------------------
123/144
(7000, 1, 1e-05, 1e-07)
val_acc_mean = 0.9683554169914264
time: 22243.28818297386
-------------------------------------------------------------------------
124/144
(7000, 1, 1e-07, 0.001)
val_acc_mean = 0.968199532346064
time: 22240.871730804443
-------------------------------------------------------------------------
125/144
(7000, 1, 1e-07, 1e-05)
val_acc_mean = 0.9720966484801247
time: 20783.886871099472
-------------------------------------------------------------------------
126/144
(7000, 1, 1e-07, 1e-07)
val_acc_mean = 0.9672642244738892
time: 2195.352031469345
-------------------------------------------------------------------------
127/144
(7000, 0.1, 0.001, 0.001)
val_acc_mean = 0.9301467771883128
time: 1457.469572544098
-------------------------------------------------------------------------
128/144
(7000, 0.1, 0.001, 1e-05)
val_acc_mean = 0.8416015019400465
time: 1455.2612054347992
-------------------------------------------------------------------------
129/144
(7000, 0.1, 0.001, 1e-07)
val_acc_mean = 0.7552376389677566
time: 1453.26744389534
-------------------------------------------------------------------------
130/144
(7000, 0.1, 1e-05, 0.001)
val_acc_mean = 0.9625870771385806
time: 1455.8655614852905
-------------------------------------------------------------------------
131/144
(7000, 0.1, 1e-05, 1e-05)
val_acc_mean = 0.9139498518366299
time: 1453.040444612503
-------------------------------------------------------------------------
132/144
(7000, 0.1, 1e-05, 1e-07)
val_acc_mean = 0.8208850162268376
time: 1454.9699246883392
-------------------------------------------------------------------------
133/144
(7000, 0.1, 1e-07, 0.001)
val_acc_mean = 0.959625755256243
time: 1453.8045454025269
-------------------------------------------------------------------------
134/144
(7000, 0.1, 1e-07, 1e-05)
val_acc_mean = 0.9108321589293812
time: 1455.5563170909882
-------------------------------------------------------------------------
135/144
(7000, 0.1, 1e-07, 1e-07)
val_acc_mean = 0.8182352204454506
time: 1454.372231245041
-------------------------------------------------------------------------
136/144
(7000, 0.01, 0.001, 0.001)
val_acc_mean = 0.35942196222533235
time: 1459.3972687721252
-------------------------------------------------------------------------
137/144
(7000, 0.01, 0.001, 1e-05)
val_acc_mean = 0.024797696506457294
time: 1462.6345024108887
-------------------------------------------------------------------------
138/144
(7000, 0.01, 0.001, 1e-07)
val_acc_mean = 0.025260365052170285
time: 1459.8408155441284
-------------------------------------------------------------------------
139/144
(7000, 0.01, 1e-05, 0.001)
val_acc_mean = 0.42415458114817184
time: 1457.152822971344
-------------------------------------------------------------------------
140/144
(7000, 0.01, 1e-05, 1e-05)
val_acc_mean = 0.026668433845693656
time: 1456.2047884464264
-------------------------------------------------------------------------
141/144
(7000, 0.01, 1e-05, 1e-07)
val_acc_mean = 0.02572935653201654
time: 1455.4199426174164
-------------------------------------------------------------------------
142/144
(7000, 0.01, 1e-07, 0.001)
val_acc_mean = 0.4215114730855797
time: 1457.2566690444946
-------------------------------------------------------------------------
143/144
(7000, 0.01, 1e-07, 1e-05)
val_acc_mean = 0.031349472217392205
time: 1458.7111229896545
-------------------------------------------------------------------------
144/144
(7000, 0.01, 1e-07, 1e-07)
val_acc_mean = 0.021206026728988102
time: 1455.156673669815
-------------------------------------------------------------------------
best param
(7000, 2, 1e-07, 1e-05)
max_val_acc = 0.973655494933749
