nn_mfld_kfold_gs.py start!
1/81
(1000, 1, 0.001, 0.001)
val_acc_mean = 0.7432638888888891
time: 239.39997601509094
-------------------------------------------------------------------------
2/81
(1000, 1, 0.001, 1e-05)
val_acc_mean = 0.7454976851851852
time: 245.0268394947052
-------------------------------------------------------------------------
3/81
(1000, 1, 0.001, 1e-07)
val_acc_mean = 0.7467939814814815
time: 243.40860629081726
-------------------------------------------------------------------------
4/81
(1000, 1, 1e-05, 0.001)
val_acc_mean = 0.9392939814814815
time: 242.09167194366455
-------------------------------------------------------------------------
5/81
(1000, 1, 1e-05, 1e-05)
val_acc_mean = 0.9707870370370371
time: 238.22333550453186
-------------------------------------------------------------------------
6/81
(1000, 1, 1e-05, 1e-07)
val_acc_mean = 0.9692476851851852
time: 241.62845158576965
-------------------------------------------------------------------------
7/81
(1000, 1, 1e-07, 0.001)
val_acc_mean = 0.9468634259259261
time: 241.74242854118347
-------------------------------------------------------------------------
8/81
(1000, 1, 1e-07, 1e-05)
val_acc_mean = 0.9778819444444444
time: 248.69598150253296
-------------------------------------------------------------------------
9/81
(1000, 1, 1e-07, 1e-07)
val_acc_mean = 0.9793865740740741
time: 251.84316396713257
-------------------------------------------------------------------------
10/81
(1000, 0.1, 0.001, 0.001)
val_acc_mean = 0.8414120370370369
time: 280.5879509449005
-------------------------------------------------------------------------
11/81
(1000, 0.1, 0.001, 1e-05)
val_acc_mean = 0.8373842592592592
time: 267.39226818084717
-------------------------------------------------------------------------
12/81
(1000, 0.1, 0.001, 1e-07)
val_acc_mean = 0.8375462962962963
time: 266.206426858902
-------------------------------------------------------------------------
13/81
(1000, 0.1, 1e-05, 0.001)
val_acc_mean = 0.9373726851851852
time: 264.5799503326416
-------------------------------------------------------------------------
14/81
(1000, 0.1, 1e-05, 1e-05)
val_acc_mean = 0.9308796296296296
time: 261.39048171043396
-------------------------------------------------------------------------
15/81
(1000, 0.1, 1e-05, 1e-07)
val_acc_mean = 0.9275115740740741
time: 241.094229221344
-------------------------------------------------------------------------
16/81
(1000, 0.1, 1e-07, 0.001)
val_acc_mean = 0.937164351851852
time: 236.3492076396942
-------------------------------------------------------------------------
17/81
(1000, 0.1, 1e-07, 1e-05)
val_acc_mean = 0.9325231481481481
time: 244.0271475315094
-------------------------------------------------------------------------
18/81
(1000, 0.1, 1e-07, 1e-07)
val_acc_mean = 0.9296064814814816
time: 233.63931679725647
-------------------------------------------------------------------------
19/81
(1000, 0.01, 0.001, 0.001)
val_acc_mean = 0.681724537037037
time: 242.14412236213684
-------------------------------------------------------------------------
20/81
(1000, 0.01, 0.001, 1e-05)
val_acc_mean = 0.5753819444444443
time: 238.64250826835632
-------------------------------------------------------------------------
21/81
(1000, 0.01, 0.001, 1e-07)
val_acc_mean = 0.5657175925925927
time: 244.76145458221436
-------------------------------------------------------------------------
22/81
(1000, 0.01, 1e-05, 0.001)
val_acc_mean = 0.7198726851851852
time: 218.3417956829071
-------------------------------------------------------------------------
23/81
(1000, 0.01, 1e-05, 1e-05)
val_acc_mean = 0.6068749999999999
time: 212.0232229232788
-------------------------------------------------------------------------
24/81
(1000, 0.01, 1e-05, 1e-07)
val_acc_mean = 0.6050694444444444
time: 220.67541408538818
-------------------------------------------------------------------------
25/81
(1000, 0.01, 1e-07, 0.001)
val_acc_mean = 0.7197569444444445
time: 223.5221450328827
-------------------------------------------------------------------------
26/81
(1000, 0.01, 1e-07, 1e-05)
val_acc_mean = 0.6096643518518519
time: 206.8390018939972
-------------------------------------------------------------------------
27/81
(1000, 0.01, 1e-07, 1e-07)
val_acc_mean = 0.6035185185185185
time: 221.3417248725891
-------------------------------------------------------------------------
28/81
(3000, 1, 0.001, 0.001)
val_acc_mean = 0.7474074074074075
time: 221.50551176071167
-------------------------------------------------------------------------
29/81
(3000, 1, 0.001, 1e-05)
val_acc_mean = 0.7449421296296296
time: 215.87783980369568
-------------------------------------------------------------------------
30/81
(3000, 1, 0.001, 1e-07)
val_acc_mean = 0.7499421296296296
time: 214.53738117218018
-------------------------------------------------------------------------
31/81
(3000, 1, 1e-05, 0.001)
val_acc_mean = 0.9532060185185186
time: 219.11854696273804
-------------------------------------------------------------------------
32/81
(3000, 1, 1e-05, 1e-05)
val_acc_mean = 0.9714004629629629
time: 212.46074223518372
-------------------------------------------------------------------------
33/81
(3000, 1, 1e-05, 1e-07)
val_acc_mean = 0.9709953703703704
time: 215.4733009338379
-------------------------------------------------------------------------
34/81
(3000, 1, 1e-07, 0.001)
val_acc_mean = 0.951388888888889
time: 218.83537530899048
-------------------------------------------------------------------------
35/81
(3000, 1, 1e-07, 1e-05)
val_acc_mean = 0.9791666666666666
time: 217.31673002243042
-------------------------------------------------------------------------
36/81
(3000, 1, 1e-07, 1e-07)
val_acc_mean = 0.9787962962962963
time: 217.24381041526794
-------------------------------------------------------------------------
37/81
(3000, 0.1, 0.001, 0.001)
val_acc_mean = 0.844386574074074
time: 200.41454648971558
-------------------------------------------------------------------------
38/81
(3000, 0.1, 0.001, 1e-05)
val_acc_mean = 0.838761574074074
time: 210.56337022781372
-------------------------------------------------------------------------
39/81
(3000, 0.1, 0.001, 1e-07)
val_acc_mean = 0.8356828703703704
time: 243.435804605484
-------------------------------------------------------------------------
40/81
(3000, 0.1, 1e-05, 0.001)
val_acc_mean = 0.9426620370370371
time: 234.4040768146515
-------------------------------------------------------------------------
41/81
(3000, 0.1, 1e-05, 1e-05)
val_acc_mean = 0.9308796296296296
time: 240.87938332557678
-------------------------------------------------------------------------
42/81
(3000, 0.1, 1e-05, 1e-07)
val_acc_mean = 0.9288425925925926
time: 248.20881819725037
-------------------------------------------------------------------------
43/81
(3000, 0.1, 1e-07, 0.001)
val_acc_mean = 0.9429745370370369
time: 245.5887267589569
-------------------------------------------------------------------------
44/81
(3000, 0.1, 1e-07, 1e-05)
val_acc_mean = 0.9316319444444444
time: 240.75577068328857
-------------------------------------------------------------------------
45/81
(3000, 0.1, 1e-07, 1e-07)
val_acc_mean = 0.9320370370370371
time: 240.1492304801941
-------------------------------------------------------------------------
46/81
(3000, 0.01, 0.001, 0.001)
val_acc_mean = 0.6820254629629628
time: 238.1278781890869
-------------------------------------------------------------------------
47/81
(3000, 0.01, 0.001, 1e-05)
val_acc_mean = 0.5710995370370371
time: 238.7694947719574
-------------------------------------------------------------------------
48/81
(3000, 0.01, 0.001, 1e-07)
val_acc_mean = 0.5674074074074074
time: 229.55023741722107
-------------------------------------------------------------------------
49/81
(3000, 0.01, 1e-05, 0.001)
val_acc_mean = 0.7204513888888888
time: 244.02099704742432
-------------------------------------------------------------------------
50/81
(3000, 0.01, 1e-05, 1e-05)
val_acc_mean = 0.6074768518518519
time: 229.7730758190155
-------------------------------------------------------------------------
51/81
(3000, 0.01, 1e-05, 1e-07)
val_acc_mean = 0.6017476851851852
time: 193.97505593299866
-------------------------------------------------------------------------
52/81
(3000, 0.01, 1e-07, 0.001)
val_acc_mean = 0.7209722222222222
time: 195.8314230442047
-------------------------------------------------------------------------
53/81
(3000, 0.01, 1e-07, 1e-05)
val_acc_mean = 0.6108449074074074
time: 221.68222451210022
-------------------------------------------------------------------------
54/81
(3000, 0.01, 1e-07, 1e-07)
val_acc_mean = 0.6004166666666666
time: 230.32530426979065
-------------------------------------------------------------------------
55/81
(5000, 1, 0.001, 0.001)
val_acc_mean = 0.7418055555555556
time: 232.7041518688202
-------------------------------------------------------------------------
56/81
(5000, 1, 0.001, 1e-05)
val_acc_mean = 0.7516435185185185
time: 242.31180024147034
-------------------------------------------------------------------------
57/81
(5000, 1, 0.001, 1e-07)
val_acc_mean = 0.7466319444444444
time: 234.2569010257721
-------------------------------------------------------------------------
58/81
(5000, 1, 1e-05, 0.001)
val_acc_mean = 0.954224537037037
time: 235.03136610984802
-------------------------------------------------------------------------
59/81
(5000, 1, 1e-05, 1e-05)
val_acc_mean = 0.9717129629629631
time: 237.72186946868896
-------------------------------------------------------------------------
60/81
(5000, 1, 1e-05, 1e-07)
val_acc_mean = 0.9712962962962963
time: 235.51136016845703
-------------------------------------------------------------------------
61/81
(5000, 1, 1e-07, 0.001)
val_acc_mean = 0.9571180555555555
time: 235.74042916297913
-------------------------------------------------------------------------
62/81
(5000, 1, 1e-07, 1e-05)
val_acc_mean = 0.9795023148148149
time: 234.21318244934082
-------------------------------------------------------------------------
63/81
(5000, 1, 1e-07, 1e-07)
val_acc_mean = 0.9790162037037039
time: 234.58991312980652
-------------------------------------------------------------------------
64/81
(5000, 0.1, 0.001, 0.001)
val_acc_mean = 0.8452083333333332
time: 226.347229719162
-------------------------------------------------------------------------
65/81
(5000, 0.1, 0.001, 1e-05)
val_acc_mean = 0.8352777777777778
time: 229.655659198761
-------------------------------------------------------------------------
66/81
(5000, 0.1, 0.001, 1e-07)
val_acc_mean = 0.8361458333333334
time: 233.6607506275177
-------------------------------------------------------------------------
67/81
(5000, 0.1, 1e-05, 0.001)
val_acc_mean = 0.9435185185185185
time: 232.62011408805847
-------------------------------------------------------------------------
68/81
(5000, 0.1, 1e-05, 1e-05)
val_acc_mean = 0.9311805555555555
time: 228.31050276756287
-------------------------------------------------------------------------
69/81
(5000, 0.1, 1e-05, 1e-07)
val_acc_mean = 0.9313888888888888
time: 230.74412965774536
-------------------------------------------------------------------------
70/81
(5000, 0.1, 1e-07, 0.001)
val_acc_mean = 0.9428125000000002
time: 231.05242538452148
-------------------------------------------------------------------------
71/81
(5000, 0.1, 1e-07, 1e-05)
val_acc_mean = 0.9323148148148148
time: 231.5313684940338
-------------------------------------------------------------------------
72/81
(5000, 0.1, 1e-07, 1e-07)
val_acc_mean = 0.9313310185185186
time: 233.00349235534668
-------------------------------------------------------------------------
73/81
(5000, 0.01, 0.001, 0.001)
val_acc_mean = 0.6855555555555555
time: 233.2414996623993
-------------------------------------------------------------------------
74/81
(5000, 0.01, 0.001, 1e-05)
val_acc_mean = 0.5726041666666667
time: 232.87514352798462
-------------------------------------------------------------------------
75/81
(5000, 0.01, 0.001, 1e-07)
val_acc_mean = 0.5649768518518519
time: 229.73025512695312
-------------------------------------------------------------------------
76/81
(5000, 0.01, 1e-05, 0.001)
val_acc_mean = 0.7217592592592592
time: 226.9575810432434
-------------------------------------------------------------------------
77/81
(5000, 0.01, 1e-05, 1e-05)
val_acc_mean = 0.6040046296296296
time: 228.14103746414185
-------------------------------------------------------------------------
78/81
(5000, 0.01, 1e-05, 1e-07)
val_acc_mean = 0.5987152777777778
time: 225.02071571350098
-------------------------------------------------------------------------
79/81
(5000, 0.01, 1e-07, 0.001)
val_acc_mean = 0.7221759259259259
time: 231.47683811187744
-------------------------------------------------------------------------
80/81
(5000, 0.01, 1e-07, 1e-05)
val_acc_mean = 0.608449074074074
time: 231.82480120658875
-------------------------------------------------------------------------
81/81
(5000, 0.01, 1e-07, 1e-07)
val_acc_mean = 0.598761574074074
time: 224.78568077087402
-------------------------------------------------------------------------
best param
(5000, 1, 1e-07, 1e-05)
max_val_acc = 0.9795023148148149
