nn_ntk_kfold_gs.py start!
1/12
(1, 0.001)
val_acc_mean = 0.7079965325668878
time: 71.6142430305481
-------------------------------------------------------------------------
2/12
(1, 1e-05)
val_acc_mean = 0.9561114918894219
time: 89.5167646408081
-------------------------------------------------------------------------
3/12
(1, 1e-07)
val_acc_mean = 0.956936417543632
time: 93.72569036483765
-------------------------------------------------------------------------
4/12
(0.1, 0.001)
val_acc_mean = 0.500920825376947
time: 93.6440680027008
-------------------------------------------------------------------------
5/12
(0.1, 1e-05)
val_acc_mean = 0.8132376404531356
time: 93.4000563621521
-------------------------------------------------------------------------
6/12
(0.1, 1e-07)
val_acc_mean = 0.8203640240651892
time: 93.37437462806702
-------------------------------------------------------------------------
7/12
(0.01, 0.001)
val_acc_mean = 0.21150166743292428
time: 93.39481139183044
-------------------------------------------------------------------------
8/12
(0.01, 1e-05)
val_acc_mean = 0.2544378536889897
time: 93.49593019485474
-------------------------------------------------------------------------
9/12
(0.01, 1e-07)
val_acc_mean = 0.2445595241117288
time: 93.90277814865112
-------------------------------------------------------------------------
10/12
(0.001, 0.001)
val_acc_mean = 0.259359295832781
time: 93.50353908538818
-------------------------------------------------------------------------
11/12
(0.001, 1e-05)
val_acc_mean = 0.16801565609983352
time: 92.97129273414612
-------------------------------------------------------------------------
12/12
(0.001, 1e-07)
val_acc_mean = 0.16376673426656924
time: 92.1735200881958
-------------------------------------------------------------------------
best param
(1, 1e-07)
max_val_acc = 0.956936417543632
(0.1, 1e-07)
max_val_acc = 0.8203640240651892
(0.01, 1e-05)
max_val_acc = 0.2544378536889897
(0.001, 0.001)
max_val_acc = 0.259359295832781
