nn_ntk_3layler_kfold_gs.py start!
1/12
(1, 0.001)
val_acc_mean = 0.9029205841168235
time: 2440.0480394363403
-------------------------------------------------------------------------
2/12
(1, 1e-05)
val_acc_mean = 0.9563312662532507
time: 2440.5348796844482
-------------------------------------------------------------------------
3/12
(1, 1e-07)
val_acc_mean = 0.9674534906981396
time: 2439.6749877929688
-------------------------------------------------------------------------
4/12
(0.1, 0.001)
val_acc_mean = 0.9029205841168233
time: 2451.2574722766876
-------------------------------------------------------------------------
5/12
(0.1, 1e-05)
val_acc_mean = 0.9029205841168235
time: 2491.615667819977
-------------------------------------------------------------------------
6/12
(0.1, 1e-07)
val_acc_mean = 0.9029205841168233
time: 2478.4163773059845
-------------------------------------------------------------------------
7/12
(0.01, 0.001)
val_acc_mean = 0.9029205841168235
time: 2474.089215040207
-------------------------------------------------------------------------
8/12
(0.01, 1e-05)
val_acc_mean = 0.9029205841168233
time: 2475.24369430542
-------------------------------------------------------------------------
9/12
(0.01, 1e-07)
val_acc_mean = 0.9029205841168235
time: 2456.4617261886597
-------------------------------------------------------------------------
10/12
(0.001, 0.001)
val_acc_mean = 0.9029205841168233
time: 2508.4702327251434
-------------------------------------------------------------------------
11/12
(0.001, 1e-05)
val_acc_mean = 0.9029205841168235
time: 2527.014550924301
-------------------------------------------------------------------------
12/12
(0.001, 1e-07)
val_acc_mean = 0.9029205841168233
time: 2512.0960795879364
-------------------------------------------------------------------------
best param
(1, 1e-07)
max_val_acc = 0.9674534906981396
(0.1, 1e-05)
max_val_acc = 0.9029205841168235
(0.01, 0.001)
max_val_acc = 0.9029205841168235
(0.001, 1e-05)
max_val_acc = 0.9029205841168235
