nn_mfld_kfold_gs.py start!
1/144
(1000, 2, 0.001, 0.001)
val_acc_mean = 0.9582116423284657
time: 618.2427139282227
-------------------------------------------------------------------------
2/144
(1000, 2, 0.001, 1e-05)
val_acc_mean = 0.9537107421484297
time: 624.6470696926117
-------------------------------------------------------------------------
3/144
(1000, 2, 0.001, 1e-07)
val_acc_mean = 0.9549309861972395
time: 623.7450833320618
-------------------------------------------------------------------------
4/144
(1000, 2, 1e-05, 0.001)
val_acc_mean = 0.9776755351070214
time: 619.3348169326782
-------------------------------------------------------------------------
5/144
(1000, 2, 1e-05, 1e-05)
val_acc_mean = 0.9864572914582916
time: 598.4553542137146
-------------------------------------------------------------------------
6/144
(1000, 2, 1e-05, 1e-07)
val_acc_mean = 0.9828365673134627
time: 587.1432554721832
-------------------------------------------------------------------------
7/144
(1000, 2, 1e-07, 0.001)
val_acc_mean = 0.989877975595119
time: 588.2300629615784
-------------------------------------------------------------------------
8/144
(1000, 2, 1e-07, 1e-05)
val_acc_mean = 0.9913582716543308
time: 594.7501718997955
-------------------------------------------------------------------------
9/144
(1000, 2, 1e-07, 1e-07)
val_acc_mean = 0.9900980196039206
time: 585.7143774032593
-------------------------------------------------------------------------
10/144
(1000, 1, 0.001, 0.001)
val_acc_mean = 0.9668933786757352
time: 573.8395099639893
-------------------------------------------------------------------------
11/144
(1000, 1, 0.001, 1e-05)
val_acc_mean = 0.971494298859772
time: 512.4275991916656
-------------------------------------------------------------------------
12/144
(1000, 1, 0.001, 1e-07)
val_acc_mean = 0.9707541508301661
time: 513.4443435668945
-------------------------------------------------------------------------
13/144
(1000, 1, 1e-05, 0.001)
val_acc_mean = 0.9844768953790759
time: 516.7096118927002
-------------------------------------------------------------------------
14/144
(1000, 1, 1e-05, 1e-05)
val_acc_mean = 0.9887177435487098
time: 516.4187657833099
-------------------------------------------------------------------------
15/144
(1000, 1, 1e-05, 1e-07)
val_acc_mean = 0.985997199439888
time: 516.0231213569641
-------------------------------------------------------------------------
16/144
(1000, 1, 1e-07, 0.001)
val_acc_mean = 0.9904980996199241
time: 520.1465022563934
-------------------------------------------------------------------------
17/144
(1000, 1, 1e-07, 1e-05)
val_acc_mean = 0.9920384076815363
time: 513.2636322975159
-------------------------------------------------------------------------
18/144
(1000, 1, 1e-07, 1e-07)
val_acc_mean = 0.9910982196439289
time: 511.4590153694153
-------------------------------------------------------------------------
19/144
(1000, 0.1, 0.001, 0.001)
val_acc_mean = 0.9792358471694339
time: 517.6763615608215
-------------------------------------------------------------------------
20/144
(1000, 0.1, 0.001, 1e-05)
val_acc_mean = 0.9781956391278255
time: 514.1665382385254
-------------------------------------------------------------------------
21/144
(1000, 0.1, 0.001, 1e-07)
val_acc_mean = 0.9772954590918184
time: 515.0607647895813
-------------------------------------------------------------------------
22/144
(1000, 0.1, 1e-05, 0.001)
val_acc_mean = 0.9905581116223245
time: 513.1191840171814
-------------------------------------------------------------------------
23/144
(1000, 0.1, 1e-05, 1e-05)
val_acc_mean = 0.9888577715543109
time: 515.3093056678772
-------------------------------------------------------------------------
24/144
(1000, 0.1, 1e-05, 1e-07)
val_acc_mean = 0.9882576515303061
time: 512.2712707519531
-------------------------------------------------------------------------
25/144
(1000, 0.1, 1e-07, 0.001)
val_acc_mean = 0.9902580516103221
time: 508.77325892448425
-------------------------------------------------------------------------
26/144
(1000, 0.1, 1e-07, 1e-05)
val_acc_mean = 0.9891778355671134
time: 512.5439875125885
-------------------------------------------------------------------------
27/144
(1000, 0.1, 1e-07, 1e-07)
val_acc_mean = 0.9885977195439087
time: 512.6116280555725
-------------------------------------------------------------------------
28/144
(1000, 0.01, 0.001, 0.001)
val_acc_mean = 0.9766553310662133
time: 506.1159927845001
-------------------------------------------------------------------------
29/144
(1000, 0.01, 0.001, 1e-05)
val_acc_mean = 0.9737147429485897
time: 510.2636661529541
-------------------------------------------------------------------------
30/144
(1000, 0.01, 0.001, 1e-07)
val_acc_mean = 0.9728945789157832
time: 512.8966972827911
-------------------------------------------------------------------------
31/144
(1000, 0.01, 1e-05, 0.001)
val_acc_mean = 0.983376675335067
time: 507.8158814907074
-------------------------------------------------------------------------
32/144
(1000, 0.01, 1e-05, 1e-05)
val_acc_mean = 0.9803760752150431
time: 501.4263536930084
-------------------------------------------------------------------------
33/144
(1000, 0.01, 1e-05, 1e-07)
val_acc_mean = 0.9797159431886378
time: 499.6469135284424
-------------------------------------------------------------------------
34/144
(1000, 0.01, 1e-07, 0.001)
val_acc_mean = 0.9828165633126625
time: 495.93955278396606
-------------------------------------------------------------------------
35/144
(1000, 0.01, 1e-07, 1e-05)
val_acc_mean = 0.9799159831966392
time: 498.8167953491211
-------------------------------------------------------------------------
36/144
(1000, 0.01, 1e-07, 1e-07)
val_acc_mean = 0.9697939587917583
time: 498.95892810821533
-------------------------------------------------------------------------
37/144
(3000, 2, 0.001, 0.001)
val_acc_mean = 0.9540908181636327
time: 522.4707188606262
-------------------------------------------------------------------------
38/144
(3000, 2, 0.001, 1e-05)
val_acc_mean = 0.9574114822964592
time: 521.7140412330627
-------------------------------------------------------------------------
39/144
(3000, 2, 0.001, 1e-07)
val_acc_mean = 0.9415283056611322
time: 526.304160118103
-------------------------------------------------------------------------
40/144
(3000, 2, 1e-05, 0.001)
val_acc_mean = 0.9876575315063013
time: 525.8336265087128
-------------------------------------------------------------------------
41/144
(3000, 2, 1e-05, 1e-05)
val_acc_mean = 0.9871774354870974
time: 523.4869239330292
-------------------------------------------------------------------------
42/144
(3000, 2, 1e-05, 1e-07)
val_acc_mean = 0.9860972194438886
time: 522.0259876251221
-------------------------------------------------------------------------
43/144
(3000, 2, 1e-07, 0.001)
val_acc_mean = 0.990998199639928
time: 522.1881356239319
-------------------------------------------------------------------------
44/144
(3000, 2, 1e-07, 1e-05)
val_acc_mean = 0.9923184636927387
time: 522.5781280994415
-------------------------------------------------------------------------
45/144
(3000, 2, 1e-07, 1e-07)
val_acc_mean = 0.9902780556111223
time: 523.7685775756836
-------------------------------------------------------------------------
46/144
(3000, 1, 0.001, 0.001)
val_acc_mean = 0.9674534906981396
time: 520.9167506694794
-------------------------------------------------------------------------
47/144
(3000, 1, 0.001, 1e-05)
val_acc_mean = 0.9698339667933586
time: 520.9513492584229
-------------------------------------------------------------------------
48/144
(3000, 1, 0.001, 1e-07)
val_acc_mean = 0.9705941188237647
time: 520.9281806945801
-------------------------------------------------------------------------
49/144
(3000, 1, 1e-05, 0.001)
val_acc_mean = 0.9875975195039007
time: 520.2854602336884
-------------------------------------------------------------------------
50/144
(3000, 1, 1e-05, 1e-05)
val_acc_mean = 0.9891178235647129
time: 521.6790585517883
-------------------------------------------------------------------------
51/144
(3000, 1, 1e-05, 1e-07)
val_acc_mean = 0.9872174434886976
time: 514.453320980072
-------------------------------------------------------------------------
52/144
(3000, 1, 1e-07, 0.001)
val_acc_mean = 0.9904380876175235
time: 518.2532482147217
-------------------------------------------------------------------------
53/144
(3000, 1, 1e-07, 1e-05)
val_acc_mean = 0.9918383676735347
time: 519.4044709205627
-------------------------------------------------------------------------
54/144
(3000, 1, 1e-07, 1e-07)
val_acc_mean = 0.9911182236447289
time: 523.3638803958893
-------------------------------------------------------------------------
55/144
(3000, 0.1, 0.001, 0.001)
val_acc_mean = 0.9793158631726346
time: 520.2865130901337
-------------------------------------------------------------------------
56/144
(3000, 0.1, 0.001, 1e-05)
val_acc_mean = 0.9780956191238248
time: 516.8783967494965
-------------------------------------------------------------------------
57/144
(3000, 0.1, 0.001, 1e-07)
val_acc_mean = 0.9785157031406282
time: 529.2831082344055
-------------------------------------------------------------------------
58/144
(3000, 0.1, 1e-05, 0.001)
val_acc_mean = 0.9916383276655332
time: 560.8525896072388
-------------------------------------------------------------------------
59/144
(3000, 0.1, 1e-05, 1e-05)
val_acc_mean = 0.9897979595919184
time: 565.583792924881
-------------------------------------------------------------------------
60/144
(3000, 0.1, 1e-05, 1e-07)
val_acc_mean = 0.9897979595919184
time: 568.8449070453644
-------------------------------------------------------------------------
61/144
(3000, 0.1, 1e-07, 0.001)
val_acc_mean = 0.991378275655131
time: 578.7334916591644
-------------------------------------------------------------------------
62/144
(3000, 0.1, 1e-07, 1e-05)
val_acc_mean = 0.989517903580716
time: 575.0716552734375
-------------------------------------------------------------------------
63/144
(3000, 0.1, 1e-07, 1e-07)
val_acc_mean = 0.9894178835767153
time: 572.6539220809937
-------------------------------------------------------------------------
64/144
(3000, 0.01, 0.001, 0.001)
val_acc_mean = 0.9760152030406081
time: 569.8087265491486
-------------------------------------------------------------------------
65/144
(3000, 0.01, 0.001, 1e-05)
val_acc_mean = 0.9747749549909983
time: 577.5120069980621
-------------------------------------------------------------------------
66/144
(3000, 0.01, 0.001, 1e-07)
val_acc_mean = 0.9746349269853971
time: 576.5058810710907
-------------------------------------------------------------------------
67/144
(3000, 0.01, 1e-05, 0.001)
val_acc_mean = 0.9836167233446689
time: 571.3652837276459
-------------------------------------------------------------------------
68/144
(3000, 0.01, 1e-05, 1e-05)
val_acc_mean = 0.9812762552510502
time: 571.4372882843018
-------------------------------------------------------------------------
69/144
(3000, 0.01, 1e-05, 1e-07)
val_acc_mean = 0.9811962392478495
time: 571.5132355690002
-------------------------------------------------------------------------
70/144
(3000, 0.01, 1e-07, 0.001)
val_acc_mean = 0.9832566513302661
time: 580.6515843868256
-------------------------------------------------------------------------
71/144
(3000, 0.01, 1e-07, 1e-05)
val_acc_mean = 0.9819163832766554
time: 578.1288657188416
-------------------------------------------------------------------------
72/144
(3000, 0.01, 1e-07, 1e-07)
val_acc_mean = 0.9817763552710543
time: 576.9415514469147
-------------------------------------------------------------------------
73/144
(5000, 2, 0.001, 0.001)
val_acc_mean = 0.9526705341068213
time: 575.3697226047516
-------------------------------------------------------------------------
74/144
(5000, 2, 0.001, 1e-05)
val_acc_mean = 0.9580516103220644
time: 580.7725086212158
-------------------------------------------------------------------------
75/144
(5000, 2, 0.001, 1e-07)
val_acc_mean = 0.9532706541308261
time: 573.2551622390747
-------------------------------------------------------------------------
76/144
(5000, 2, 1e-05, 0.001)
val_acc_mean = 0.9863572714542908
time: 572.6796736717224
-------------------------------------------------------------------------
77/144
(5000, 2, 1e-05, 1e-05)
val_acc_mean = 0.9872774554910982
time: 576.8253078460693
-------------------------------------------------------------------------
78/144
(5000, 2, 1e-05, 1e-07)
val_acc_mean = 0.9831366273254651
time: 576.7917017936707
-------------------------------------------------------------------------
79/144
(5000, 2, 1e-07, 0.001)
val_acc_mean = 0.9896779355871175
time: 575.147047996521
-------------------------------------------------------------------------
80/144
(5000, 2, 1e-07, 1e-05)
val_acc_mean = 0.984876975395079
time: 574.2530169487
-------------------------------------------------------------------------
81/144
(5000, 2, 1e-07, 1e-07)
val_acc_mean = 0.9913982796559312
time: 577.1362016201019
-------------------------------------------------------------------------
82/144
(5000, 1, 0.001, 0.001)
val_acc_mean = 0.9676335267053411
time: 567.3430707454681
-------------------------------------------------------------------------
83/144
(5000, 1, 0.001, 1e-05)
val_acc_mean = 0.9692338467693539
time: 575.7530846595764
-------------------------------------------------------------------------
84/144
(5000, 1, 0.001, 1e-07)
val_acc_mean = 0.9700340068013602
time: 570.9414517879486
-------------------------------------------------------------------------
85/144
(5000, 1, 1e-05, 0.001)
val_acc_mean = 0.9868973794758953
time: 574.1893558502197
-------------------------------------------------------------------------
86/144
(5000, 1, 1e-05, 1e-05)
val_acc_mean = 0.9882976595319064
time: 574.9294519424438
-------------------------------------------------------------------------
87/144
(5000, 1, 1e-05, 1e-07)
val_acc_mean = 0.9881976395279057
time: 576.2715167999268
-------------------------------------------------------------------------
88/144
(5000, 1, 1e-07, 0.001)
val_acc_mean = 0.9902580516103221
time: 575.0773918628693
-------------------------------------------------------------------------
89/144
(5000, 1, 1e-07, 1e-05)
val_acc_mean = 0.9923984796959392
time: 584.0253114700317
-------------------------------------------------------------------------
90/144
(5000, 1, 1e-07, 1e-07)
val_acc_mean = 0.9900180036007201
time: 572.9011914730072
-------------------------------------------------------------------------
91/144
(5000, 0.1, 0.001, 0.001)
val_acc_mean = 0.9790758151630324
time: 573.033294916153
-------------------------------------------------------------------------
92/144
(5000, 0.1, 0.001, 1e-05)
val_acc_mean = 0.9785557111422285
time: 571.7087736129761
-------------------------------------------------------------------------
93/144
(5000, 0.1, 0.001, 1e-07)
val_acc_mean = 0.9786557311462293
time: 572.7886040210724
-------------------------------------------------------------------------
94/144
(5000, 0.1, 1e-05, 0.001)
val_acc_mean = 0.9917183436687338
time: 577.5921018123627
-------------------------------------------------------------------------
95/144
(5000, 0.1, 1e-05, 1e-05)
val_acc_mean = 0.9904980996199241
time: 574.2957241535187
-------------------------------------------------------------------------
96/144
(5000, 0.1, 1e-05, 1e-07)
val_acc_mean = 0.9896379275855172
time: 577.1607296466827
-------------------------------------------------------------------------
97/144
(5000, 0.1, 1e-07, 0.001)
val_acc_mean = 0.9917183436687338
time: 573.5792162418365
-------------------------------------------------------------------------
98/144
(5000, 0.1, 1e-07, 1e-05)
val_acc_mean = 0.9900580116023205
time: 578.5756258964539
-------------------------------------------------------------------------
99/144
(5000, 0.1, 1e-07, 1e-07)
val_acc_mean = 0.989377875575115
time: 574.8714334964752
-------------------------------------------------------------------------
100/144
(5000, 0.01, 0.001, 0.001)
val_acc_mean = 0.9760552110422086
time: 574.5520303249359
-------------------------------------------------------------------------
101/144
(5000, 0.01, 0.001, 1e-05)
val_acc_mean = 0.9752750550110022
time: 573.8791558742523
-------------------------------------------------------------------------
102/144
(5000, 0.01, 0.001, 1e-07)
val_acc_mean = 0.9746949389877976
time: 577.1429543495178
-------------------------------------------------------------------------
103/144
(5000, 0.01, 1e-05, 0.001)
val_acc_mean = 0.9833366673334666
time: 572.196854352951
-------------------------------------------------------------------------
104/144
(5000, 0.01, 1e-05, 1e-05)
val_acc_mean = 0.9813362672534506
time: 573.3500380516052
-------------------------------------------------------------------------
105/144
(5000, 0.01, 1e-05, 1e-07)
val_acc_mean = 0.9816163232646529
time: 575.5083274841309
-------------------------------------------------------------------------
106/144
(5000, 0.01, 1e-07, 0.001)
val_acc_mean = 0.9837967593518705
time: 579.0134210586548
-------------------------------------------------------------------------
107/144
(5000, 0.01, 1e-07, 1e-05)
val_acc_mean = 0.9810562112422485
time: 576.3384699821472
-------------------------------------------------------------------------
108/144
(5000, 0.01, 1e-07, 1e-07)
val_acc_mean = 0.9816763352670534
time: 579.0994303226471
-------------------------------------------------------------------------
109/144
(7000, 2, 0.001, 0.001)
val_acc_mean = 0.9593718743748749
time: 580.102290391922
-------------------------------------------------------------------------
110/144
(7000, 2, 0.001, 1e-05)
val_acc_mean = 0.9525505101020204
time: 577.1756381988525
-------------------------------------------------------------------------
111/144
(7000, 2, 0.001, 1e-07)
val_acc_mean = 0.9545709141828365
time: 574.1108469963074
-------------------------------------------------------------------------
112/144
(7000, 2, 1e-05, 0.001)
val_acc_mean = 0.9850970194038808
time: 574.7839677333832
-------------------------------------------------------------------------
113/144
(7000, 2, 1e-05, 1e-05)
val_acc_mean = 0.9876575315063011
time: 567.6638600826263
-------------------------------------------------------------------------
114/144
(7000, 2, 1e-05, 1e-07)
val_acc_mean = 0.985517103420684
time: 574.6770370006561
-------------------------------------------------------------------------
115/144
(7000, 2, 1e-07, 0.001)
val_acc_mean = 0.9882176435287058
time: 580.3480956554413
-------------------------------------------------------------------------
116/144
(7000, 2, 1e-07, 1e-05)
val_acc_mean = 0.9907981596319264
time: 576.4112200737
-------------------------------------------------------------------------
117/144
(7000, 2, 1e-07, 1e-07)
val_acc_mean = 0.9913982796559312
time: 576.131335735321
-------------------------------------------------------------------------
118/144
(7000, 1, 0.001, 0.001)
val_acc_mean = 0.9647129425885177
time: 572.2839276790619
-------------------------------------------------------------------------
119/144
(7000, 1, 0.001, 1e-05)
val_acc_mean = 0.9709941988397679
time: 571.3297851085663
-------------------------------------------------------------------------
120/144
(7000, 1, 0.001, 1e-07)
val_acc_mean = 0.9663532706541309
time: 567.1001727581024
-------------------------------------------------------------------------
121/144
(7000, 1, 1e-05, 0.001)
val_acc_mean = 0.988997799559912
time: 575.9469845294952
-------------------------------------------------------------------------
122/144
(7000, 1, 1e-05, 1e-05)
val_acc_mean = 0.9901180236047209
time: 575.2968814373016
-------------------------------------------------------------------------
123/144
(7000, 1, 1e-05, 1e-07)
val_acc_mean = 0.9907981596319264
time: 578.361887216568
-------------------------------------------------------------------------
124/144
(7000, 1, 1e-07, 0.001)
val_acc_mean = 0.9909781956391278
time: 572.3707489967346
-------------------------------------------------------------------------
125/144
(7000, 1, 1e-07, 1e-05)
val_acc_mean = 0.9927585517103422
time: 579.1303308010101
-------------------------------------------------------------------------
126/144
(7000, 1, 1e-07, 1e-07)
val_acc_mean = 0.9920184036807361
time: 571.5478117465973
-------------------------------------------------------------------------
127/144
(7000, 0.1, 0.001, 0.001)
val_acc_mean = 0.978495699139828
time: 576.5869998931885
-------------------------------------------------------------------------
128/144
(7000, 0.1, 0.001, 1e-05)
val_acc_mean = 0.9785357071414283
time: 573.0835340023041
-------------------------------------------------------------------------
129/144
(7000, 0.1, 0.001, 1e-07)
val_acc_mean = 0.9782756551310262
time: 578.7647304534912
-------------------------------------------------------------------------
130/144
(7000, 0.1, 1e-05, 0.001)
val_acc_mean = 0.9920384076815363
time: 573.2921237945557
-------------------------------------------------------------------------
131/144
(7000, 0.1, 1e-05, 1e-05)
val_acc_mean = 0.989377875575115
time: 572.2673065662384
-------------------------------------------------------------------------
132/144
(7000, 0.1, 1e-05, 1e-07)
val_acc_mean = 0.9901780356071214
time: 570.9678332805634
-------------------------------------------------------------------------
133/144
(7000, 0.1, 1e-07, 0.001)
val_acc_mean = 0.9919783956791358
time: 572.7413597106934
-------------------------------------------------------------------------
134/144
(7000, 0.1, 1e-07, 1e-05)
val_acc_mean = 0.9908181636327266
time: 573.9825294017792
-------------------------------------------------------------------------
135/144
(7000, 0.1, 1e-07, 1e-07)
val_acc_mean = 0.989517903580716
time: 572.6402473449707
-------------------------------------------------------------------------
136/144
(7000, 0.01, 0.001, 0.001)
val_acc_mean = 0.9765753150630125
time: 576.4436271190643
-------------------------------------------------------------------------
137/144
(7000, 0.01, 0.001, 1e-05)
val_acc_mean = 0.9752350470094019
time: 571.3209125995636
-------------------------------------------------------------------------
138/144
(7000, 0.01, 0.001, 1e-07)
val_acc_mean = 0.9745149029805962
time: 578.6106216907501
-------------------------------------------------------------------------
139/144
(7000, 0.01, 1e-05, 0.001)
val_acc_mean = 0.9842968593718744
time: 576.7655494213104
-------------------------------------------------------------------------
140/144
(7000, 0.01, 1e-05, 1e-05)
val_acc_mean = 0.9820764152830567
time: 582.058164358139
-------------------------------------------------------------------------
141/144
(7000, 0.01, 1e-05, 1e-07)
val_acc_mean = 0.9814362872574515
time: 572.0506615638733
-------------------------------------------------------------------------
142/144
(7000, 0.01, 1e-07, 0.001)
val_acc_mean = 0.9840768153630727
time: 573.0271236896515
-------------------------------------------------------------------------
143/144
(7000, 0.01, 1e-07, 1e-05)
val_acc_mean = 0.9824164832966593
time: 572.5567922592163
-------------------------------------------------------------------------
144/144
(7000, 0.01, 1e-07, 1e-07)
val_acc_mean = 0.9823364672934588
time: 573.7061638832092
-------------------------------------------------------------------------
best param
(7000, 1, 1e-07, 1e-05)
max_val_acc = 0.9927585517103422
