nn_mfld_kfold_gs.py start!
1/32
(100, 100, 0.1, 1e-05, 1e-05)
val_acc_mean = 0.08668134899071718
---------------------------------------
2/32
(100, 100, 0.1, 1e-05, 1e-10)
val_acc_mean = 0.11658572203234513
---------------------------------------
3/32
(100, 100, 0.1, 1e-10, 1e-05)
val_acc_mean = 0.13510339414478847
---------------------------------------
4/32
(100, 100, 0.1, 1e-10, 1e-10)
val_acc_mean = 0.13153833175619667
---------------------------------------
5/32
(100, 100, 1e-05, 1e-05, 1e-05)
val_acc_mean = 0.9628335756876062
---------------------------------------
6/32
(100, 100, 1e-05, 1e-05, 1e-10)
val_acc_mean = 0.957621350649673
---------------------------------------
7/32
(100, 100, 1e-05, 1e-10, 1e-05)
val_acc_mean = 0.9598155173318572
---------------------------------------
8/32
(100, 100, 1e-05, 1e-10, 1e-10)
val_acc_mean = 0.9632439133528458
---------------------------------------
9/32
(100, 1000, 0.1, 1e-05, 1e-05)
val_acc_mean = 0.10560512673802434
---------------------------------------
10/32
(100, 1000, 0.1, 1e-05, 1e-10)
val_acc_mean = 0.09436603902834839
---------------------------------------
11/32
(100, 1000, 0.1, 1e-10, 1e-05)
val_acc_mean = 0.10122119468524697
---------------------------------------
12/32
(100, 1000, 0.1, 1e-10, 1e-10)
val_acc_mean = 0.09148210782197712
---------------------------------------
13/32
(100, 1000, 1e-05, 1e-05, 1e-05)
val_acc_mean = 0.9698261876911114
---------------------------------------
14/32
(100, 1000, 1e-05, 1e-05, 1e-10)
val_acc_mean = 0.963517641077554
---------------------------------------
15/32
(100, 1000, 1e-05, 1e-10, 1e-05)
val_acc_mean = 0.9685920712064503
---------------------------------------
16/32
(100, 1000, 1e-05, 1e-10, 1e-10)
val_acc_mean = 0.9639284865864387
---------------------------------------
17/32
(200, 100, 0.1, 1e-05, 1e-05)
val_acc_mean = 0.08462463865513975
---------------------------------------
18/32
(200, 100, 0.1, 1e-05, 1e-10)
val_acc_mean = 0.1447006233498608
---------------------------------------
19/32
(200, 100, 0.1, 1e-10, 1e-05)
val_acc_mean = 0.08572220162634105
---------------------------------------
20/32
(200, 100, 0.1, 1e-10, 1e-10)
val_acc_mean = 0.08819088601223679
---------------------------------------
21/32
(200, 100, 1e-05, 1e-05, 1e-05)
val_acc_mean = 0.9639294458466573
---------------------------------------
22/32
(200, 100, 1e-05, 1e-05, 1e-10)
val_acc_mean = 0.9583060931644809
---------------------------------------
23/32
(200, 100, 1e-05, 1e-10, 1e-05)
val_acc_mean = 0.9676320210089274
---------------------------------------
24/32
(200, 100, 1e-05, 1e-10, 1e-10)
val_acc_mean = 0.9629700727739944
---------------------------------------
25/32
(200, 1000, 0.1, 1e-05, 1e-05)
val_acc_mean = 0.1152116099828518
---------------------------------------
26/32
(200, 1000, 0.1, 1e-05, 1e-10)
val_acc_mean = 0.0869563181110022
---------------------------------------
27/32
(200, 1000, 0.1, 1e-10, 1e-05)
val_acc_mean = 0.08352752710051185
---------------------------------------
28/32
(200, 1000, 0.1, 1e-10, 1e-10)
val_acc_mean = 0.11192168599576008
---------------------------------------
29/32
(200, 1000, 1e-05, 1e-05, 1e-05)
val_acc_mean = 0.9581677904117991
---------------------------------------
30/32
(200, 1000, 1e-05, 1e-05, 1e-10)
val_acc_mean = 0.9639280915969369
---------------------------------------
31/32
(200, 1000, 1e-05, 1e-10, 1e-05)
val_acc_mean = 0.9603624649376283
---------------------------------------
32/32
(200, 1000, 1e-05, 1e-10, 1e-10)
val_acc_mean = 0.9632427848114123
---------------------------------------
best param
(100, 1000, 1e-05, 1e-05, 1e-05)
max_val_acc = 0.9698261876911114
test_acc = 0.918784255107125
