nn_mfld_kfold_gs.py start!
1/243
(100, 100, 1e-05, 1e-05, 1e-05)
val_acc_mean = 0.9595410560552172
---------------------------------------
2/243
(100, 100, 1e-05, 1e-05, 1e-08)
val_acc_mean = 0.9620106432742599
---------------------------------------
3/243
(100, 100, 1e-05, 1e-05, 1e-10)
val_acc_mean = 0.9591295898485441
---------------------------------------
4/243
(100, 100, 1e-05, 1e-08, 1e-05)
val_acc_mean = 0.9639295022737288
---------------------------------------
5/243
(100, 100, 1e-05, 1e-08, 1e-08)
val_acc_mean = 0.9594039382710408
---------------------------------------
6/243
(100, 100, 1e-05, 1e-08, 1e-10)
val_acc_mean = 0.9611862437570499
---------------------------------------
7/243
(100, 100, 1e-05, 1e-10, 1e-05)
val_acc_mean = 0.9618725662298647
---------------------------------------
8/243
(100, 100, 1e-05, 1e-10, 1e-08)
val_acc_mean = 0.9576207863789564
---------------------------------------
9/243
(100, 100, 1e-05, 1e-10, 1e-10)
val_acc_mean = 0.962832729281531
---------------------------------------
10/243
(100, 100, 1e-08, 1e-05, 1e-05)
val_acc_mean = 0.6450868666554941
---------------------------------------
11/243
(100, 100, 1e-08, 1e-05, 1e-08)
val_acc_mean = 0.623416501194279
---------------------------------------
12/243
(100, 100, 1e-08, 1e-05, 1e-10)
val_acc_mean = 0.6556506915984041
---------------------------------------
13/243
(100, 100, 1e-08, 1e-08, 1e-05)
val_acc_mean = 0.6448138160556461
---------------------------------------
14/243
(100, 100, 1e-08, 1e-08, 1e-08)
val_acc_mean = 0.6511237169189239
---------------------------------------
15/243
(100, 100, 1e-08, 1e-08, 1e-10)
val_acc_mean = 0.6470126097577078
---------------------------------------
16/243
(100, 100, 1e-08, 1e-10, 1e-05)
val_acc_mean = 0.6445398061955796
---------------------------------------
17/243
(100, 100, 1e-08, 1e-10, 1e-08)
val_acc_mean = 0.642346260211184
---------------------------------------
18/243
(100, 100, 1e-08, 1e-10, 1e-10)
val_acc_mean = 0.6505760921882926
---------------------------------------
19/243
(100, 100, 1e-10, 1e-05, 1e-05)
val_acc_mean = 0.1381200982508172
---------------------------------------
20/243
(100, 100, 1e-10, 1e-05, 1e-08)
val_acc_mean = 0.14566332561975262
---------------------------------------
21/243
(100, 100, 1e-10, 1e-05, 1e-10)
val_acc_mean = 0.16307796133504193
---------------------------------------
22/243
(100, 100, 1e-10, 1e-08, 1e-05)
val_acc_mean = 0.1639016273003201
---------------------------------------
23/243
(100, 100, 1e-10, 1e-08, 1e-08)
val_acc_mean = 0.14100109524946125
---------------------------------------
24/243
(100, 100, 1e-10, 1e-08, 1e-10)
val_acc_mean = 0.14072748037889649
---------------------------------------
25/243
(100, 100, 1e-10, 1e-10, 1e-05)
val_acc_mean = 0.1382595295449326
---------------------------------------
26/243
(100, 100, 1e-10, 1e-10, 1e-08)
val_acc_mean = 0.1308550563452524
---------------------------------------
27/243
(100, 100, 1e-10, 1e-10, 1e-10)
val_acc_mean = 0.20930634765057424
---------------------------------------
28/243
(100, 500, 1e-05, 1e-05, 1e-05)
val_acc_mean = 0.9657122027492399
---------------------------------------
29/243
(100, 500, 1e-05, 1e-05, 1e-08)
val_acc_mean = 0.967220949791756
---------------------------------------
30/243
(100, 500, 1e-05, 1e-05, 1e-10)
val_acc_mean = 0.9662610124483764
---------------------------------------
31/243
(100, 500, 1e-05, 1e-08, 1e-05)
val_acc_mean = 0.9695532499454069
---------------------------------------
32/243
(100, 500, 1e-05, 1e-08, 1e-08)
val_acc_mean = 0.9687294146989136
---------------------------------------
33/243
(100, 500, 1e-05, 1e-08, 1e-10)
val_acc_mean = 0.9687296968342721
---------------------------------------
34/243
(100, 500, 1e-05, 1e-10, 1e-05)
val_acc_mean = 0.9679063130043523
---------------------------------------
35/243
(100, 500, 1e-05, 1e-10, 1e-08)
val_acc_mean = 0.9677691952201757
---------------------------------------
36/243
(100, 500, 1e-05, 1e-10, 1e-10)
val_acc_mean = 0.9676327545608592
---------------------------------------
37/243
(100, 500, 1e-08, 1e-05, 1e-05)
val_acc_mean = 0.9013916044417134
---------------------------------------
38/243
(100, 500, 1e-08, 1e-05, 1e-08)
val_acc_mean = 0.9068777264855696
---------------------------------------
39/243
(100, 500, 1e-08, 1e-05, 1e-10)
val_acc_mean = 0.9039991558510078
---------------------------------------
40/243
(100, 500, 1e-08, 1e-08, 1e-05)
val_acc_mean = 0.9059182969858351
---------------------------------------
41/243
(100, 500, 1e-08, 1e-08, 1e-08)
val_acc_mean = 0.9033119869721178
---------------------------------------
42/243
(100, 500, 1e-08, 1e-08, 1e-10)
val_acc_mean = 0.9061916297210414
---------------------------------------
43/243
(100, 500, 1e-08, 1e-10, 1e-05)
val_acc_mean = 0.8994732532858896
---------------------------------------
44/243
(100, 500, 1e-08, 1e-10, 1e-08)
val_acc_mean = 0.9024893931212015
---------------------------------------
45/243
(100, 500, 1e-08, 1e-10, 1e-10)
val_acc_mean = 0.9071523570434246
---------------------------------------
46/243
(100, 500, 1e-10, 1e-05, 1e-05)
val_acc_mean = 0.29914422703093724
---------------------------------------
47/243
(100, 500, 1e-10, 1e-05, 1e-08)
val_acc_mean = 0.3224535167890288
---------------------------------------
48/243
(100, 500, 1e-10, 1e-05, 1e-10)
val_acc_mean = 0.3160084730890831
---------------------------------------
49/243
(100, 500, 1e-10, 1e-08, 1e-05)
val_acc_mean = 0.33562404673515783
---------------------------------------
50/243
(100, 500, 1e-10, 1e-08, 1e-08)
val_acc_mean = 0.3135419893589828
---------------------------------------
51/243
(100, 500, 1e-10, 1e-08, 1e-10)
val_acc_mean = 0.25894546831366005
---------------------------------------
52/243
(100, 500, 1e-10, 1e-10, 1e-05)
val_acc_mean = 0.20724912947135174
---------------------------------------
53/243
(100, 500, 1e-10, 1e-10, 1e-08)
val_acc_mean = 0.33672364108093955
---------------------------------------
54/243
(100, 500, 1e-10, 1e-10, 1e-10)
val_acc_mean = 0.265271958736011
---------------------------------------
55/243
(100, 1000, 1e-05, 1e-05, 1e-05)
val_acc_mean = 0.9673574468781441
---------------------------------------
56/243
(100, 1000, 1e-05, 1e-05, 1e-08)
val_acc_mean = 0.9677702109074658
---------------------------------------
57/243
(100, 1000, 1e-05, 1e-05, 1e-10)
val_acc_mean = 0.9657119770409531
---------------------------------------
58/243
(100, 1000, 1e-05, 1e-08, 1e-05)
val_acc_mean = 0.9727075232521857
---------------------------------------
59/243
(100, 1000, 1e-05, 1e-08, 1e-08)
val_acc_mean = 0.962831826448384
---------------------------------------
60/243
(100, 1000, 1e-05, 1e-08, 1e-10)
val_acc_mean = 0.9746275672201598
---------------------------------------
61/243
(100, 1000, 1e-05, 1e-10, 1e-05)
val_acc_mean = 0.967768969511889
---------------------------------------
62/243
(100, 1000, 1e-05, 1e-10, 1e-08)
val_acc_mean = 0.9648902295961119
---------------------------------------
63/243
(100, 1000, 1e-05, 1e-10, 1e-10)
val_acc_mean = 0.9674956932037543
---------------------------------------
64/243
(100, 1000, 1e-08, 1e-05, 1e-05)
val_acc_mean = 0.9290945317089108
---------------------------------------
65/243
(100, 1000, 1e-08, 1e-05, 1e-08)
val_acc_mean = 0.9262138168456251
---------------------------------------
66/243
(100, 1000, 1e-08, 1e-05, 1e-10)
val_acc_mean = 0.9275856718122514
---------------------------------------
67/243
(100, 1000, 1e-08, 1e-08, 1e-05)
val_acc_mean = 0.9290938545840506
---------------------------------------
68/243
(100, 1000, 1e-08, 1e-08, 1e-08)
val_acc_mean = 0.9245691369874377
---------------------------------------
69/243
(100, 1000, 1e-08, 1e-08, 1e-10)
val_acc_mean = 0.927859286682816
---------------------------------------
70/243
(100, 1000, 1e-08, 1e-10, 1e-05)
val_acc_mean = 0.9281347636467463
---------------------------------------
71/243
(100, 1000, 1e-08, 1e-10, 1e-08)
val_acc_mean = 0.9258029713367404
---------------------------------------
72/243
(100, 1000, 1e-08, 1e-10, 1e-10)
val_acc_mean = 0.9237455274492312
---------------------------------------
73/243
(100, 1000, 1e-10, 1e-05, 1e-05)
val_acc_mean = 0.38722113035838523
---------------------------------------
74/243
(100, 1000, 1e-10, 1e-05, 1e-08)
val_acc_mean = 0.4478327772445419
---------------------------------------
75/243
(100, 1000, 1e-10, 1e-05, 1e-10)
val_acc_mean = 0.4475587673844754
---------------------------------------
76/243
(100, 1000, 1e-10, 1e-08, 1e-05)
val_acc_mean = 0.35923584202451303
---------------------------------------
77/243
(100, 1000, 1e-10, 1e-08, 1e-08)
val_acc_mean = 0.3841956236291748
---------------------------------------
78/243
(100, 1000, 1e-10, 1e-08, 1e-10)
val_acc_mean = 0.3016244225394552
---------------------------------------
79/243
(100, 1000, 1e-10, 1e-10, 1e-05)
val_acc_mean = 0.3643121342467748
---------------------------------------
80/243
(100, 1000, 1e-10, 1e-10, 1e-08)
val_acc_mean = 0.34744094765881267
---------------------------------------
81/243
(100, 1000, 1e-10, 1e-10, 1e-10)
val_acc_mean = 0.3614321529354209
---------------------------------------
82/243
(200, 100, 1e-05, 1e-05, 1e-05)
val_acc_mean = 0.9603644963122088
---------------------------------------
83/243
(200, 100, 1e-05, 1e-05, 1e-08)
val_acc_mean = 0.9567993210694735
---------------------------------------
84/243
(200, 100, 1e-05, 1e-05, 1e-10)
val_acc_mean = 0.9581694832239496
---------------------------------------
85/243
(200, 100, 1e-05, 1e-08, 1e-05)
val_acc_mean = 0.958580554441121
---------------------------------------
86/243
(200, 100, 1e-05, 1e-08, 1e-08)
val_acc_mean = 0.9639293894195854
---------------------------------------
87/243
(200, 100, 1e-05, 1e-08, 1e-10)
val_acc_mean = 0.959953820084539
---------------------------------------
88/243
(200, 100, 1e-05, 1e-10, 1e-05)
val_acc_mean = 0.9559752036876219
---------------------------------------
89/243
(200, 100, 1e-05, 1e-10, 1e-08)
val_acc_mean = 0.9594032611461806
---------------------------------------
90/243
(200, 100, 1e-05, 1e-10, 1e-10)
val_acc_mean = 0.9569341253437114
---------------------------------------
91/243
(200, 100, 1e-08, 1e-05, 1e-05)
val_acc_mean = 0.8601151450824652
---------------------------------------
92/243
(200, 100, 1e-08, 1e-05, 1e-08)
val_acc_mean = 0.8465373809600388
---------------------------------------
93/243
(200, 100, 1e-08, 1e-05, 1e-10)
val_acc_mean = 0.8609388674748152
---------------------------------------
94/243
(200, 100, 1e-08, 1e-08, 1e-05)
val_acc_mean = 0.8606634469379567
---------------------------------------
95/243
(200, 100, 1e-08, 1e-08, 1e-08)
val_acc_mean = 0.8664218296026575
---------------------------------------
96/243
(200, 100, 1e-08, 1e-08, 1e-10)
val_acc_mean = 0.8661482711591644
---------------------------------------
97/243
(200, 100, 1e-08, 1e-10, 1e-05)
val_acc_mean = 0.8570977074245048
---------------------------------------
98/243
(200, 100, 1e-08, 1e-10, 1e-08)
val_acc_mean = 0.8749242607630409
---------------------------------------
99/243
(200, 100, 1e-08, 1e-10, 1e-10)
val_acc_mean = 0.8638170995469471
---------------------------------------
100/243
(200, 100, 1e-10, 1e-05, 1e-05)
val_acc_mean = 0.1508703029400197
---------------------------------------
101/243
(200, 100, 1e-10, 1e-05, 1e-08)
val_acc_mean = 0.20230956004376485
---------------------------------------
102/243
(200, 100, 1e-10, 1e-05, 1e-10)
val_acc_mean = 0.14798947522259068
---------------------------------------
103/243
(200, 100, 1e-10, 1e-08, 1e-05)
val_acc_mean = 0.22562866811232826
---------------------------------------
104/243
(200, 100, 1e-10, 1e-08, 1e-08)
val_acc_mean = 0.20656235558196342
---------------------------------------
105/243
(200, 100, 1e-10, 1e-08, 1e-10)
val_acc_mean = 0.2739134262010079
---------------------------------------
106/243
(200, 100, 1e-10, 1e-10, 1e-05)
val_acc_mean = 0.22590363723261328
---------------------------------------
107/243
(200, 100, 1e-10, 1e-10, 1e-08)
val_acc_mean = 0.230705129615805
---------------------------------------
108/243
(200, 100, 1e-10, 1e-10, 1e-10)
val_acc_mean = 0.15347576654766196
---------------------------------------
109/243
(200, 500, 1e-05, 1e-05, 1e-05)
val_acc_mean = 0.9659863254634496
---------------------------------------
110/243
(200, 500, 1e-05, 1e-05, 1e-08)
val_acc_mean = 0.9662611253025196
---------------------------------------
111/243
(200, 500, 1e-05, 1e-05, 1e-10)
val_acc_mean = 0.9661234432476263
---------------------------------------
112/243
(200, 500, 1e-05, 1e-08, 1e-05)
val_acc_mean = 0.9681804921456338
---------------------------------------
113/243
(200, 500, 1e-05, 1e-08, 1e-08)
val_acc_mean = 0.9669462628068293
---------------------------------------
114/243
(200, 500, 1e-05, 1e-08, 1e-10)
val_acc_mean = 0.9591286870153972
---------------------------------------
115/243
(200, 500, 1e-05, 1e-10, 1e-05)
val_acc_mean = 0.9681803792914904
---------------------------------------
116/243
(200, 500, 1e-05, 1e-10, 1e-08)
val_acc_mean = 0.9665353608708728
---------------------------------------
117/243
(200, 500, 1e-05, 1e-10, 1e-10)
val_acc_mean = 0.964066168641332
---------------------------------------
118/243
(200, 500, 1e-08, 1e-05, 1e-05)
val_acc_mean = 0.9397919195304816
---------------------------------------
119/243
(200, 500, 1e-08, 1e-05, 1e-08)
val_acc_mean = 0.9327970504441092
---------------------------------------
120/243
(200, 500, 1e-08, 1e-05, 1e-10)
val_acc_mean = 0.9367744818725211
---------------------------------------
121/243
(200, 500, 1e-08, 1e-08, 1e-05)
val_acc_mean = 0.9343059103407687
---------------------------------------
122/243
(200, 500, 1e-08, 1e-08, 1e-08)
val_acc_mean = 0.9345795816384053
---------------------------------------
123/243
(200, 500, 1e-08, 1e-08, 1e-10)
val_acc_mean = 0.9388305715103101
---------------------------------------
124/243
(200, 500, 1e-08, 1e-10, 1e-05)
val_acc_mean = 0.9375978092753692
---------------------------------------
125/243
(200, 500, 1e-08, 1e-10, 1e-08)
val_acc_mean = 0.9386952593924272
---------------------------------------
126/243
(200, 500, 1e-08, 1e-10, 1e-10)
val_acc_mean = 0.932110107273506
---------------------------------------
127/243
(200, 500, 1e-10, 1e-05, 1e-05)
val_acc_mean = 0.39010128095095414
---------------------------------------
128/243
(200, 500, 1e-10, 1e-05, 1e-08)
val_acc_mean = 0.42274885608218943
---------------------------------------
129/243
(200, 500, 1e-10, 1e-05, 1e-10)
val_acc_mean = 0.42108408818648463
---------------------------------------
130/243
(200, 500, 1e-10, 1e-08, 1e-05)
val_acc_mean = 0.4755423629061973
---------------------------------------
131/243
(200, 500, 1e-10, 1e-08, 1e-08)
val_acc_mean = 0.43742666596697094
---------------------------------------
132/243
(200, 500, 1e-10, 1e-08, 1e-10)
val_acc_mean = 0.4538682168311798
---------------------------------------
133/243
(200, 500, 1e-10, 1e-10, 1e-05)
val_acc_mean = 0.39572581860163564
---------------------------------------
134/243
(200, 500, 1e-10, 1e-10, 1e-08)
val_acc_mean = 0.38310533975022
---------------------------------------
135/243
(200, 500, 1e-10, 1e-10, 1e-10)
val_acc_mean = 0.4256165362919176
---------------------------------------
136/243
(200, 1000, 1e-05, 1e-05, 1e-05)
val_acc_mean = 0.9588541128846141
---------------------------------------
137/243
(200, 1000, 1e-05, 1e-05, 1e-08)
val_acc_mean = 0.9577567191946277
---------------------------------------
138/243
(200, 1000, 1e-05, 1e-05, 1e-10)
val_acc_mean = 0.9587163179755773
---------------------------------------
139/243
(200, 1000, 1e-05, 1e-08, 1e-05)
val_acc_mean = 0.9581676211305842
---------------------------------------
140/243
(200, 1000, 1e-05, 1e-08, 1e-08)
val_acc_mean = 0.9517230852742835
---------------------------------------
141/243
(200, 1000, 1e-05, 1e-08, 1e-10)
val_acc_mean = 0.9603617878127683
---------------------------------------
142/243
(200, 1000, 1e-05, 1e-10, 1e-05)
val_acc_mean = 0.9625569137551708
---------------------------------------
143/243
(200, 1000, 1e-05, 1e-10, 1e-08)
val_acc_mean = 0.9624190059919907
---------------------------------------
144/243
(200, 1000, 1e-05, 1e-10, 1e-10)
val_acc_mean = 0.9620082733372494
---------------------------------------
145/243
(200, 1000, 1e-08, 1e-05, 1e-05)
val_acc_mean = 0.9441800836136348
---------------------------------------
146/243
(200, 1000, 1e-08, 1e-05, 1e-08)
val_acc_mean = 0.946099958300394
---------------------------------------
147/243
(200, 1000, 1e-08, 1e-05, 1e-10)
val_acc_mean = 0.945687758541789
---------------------------------------
148/243
(200, 1000, 1e-08, 1e-08, 1e-05)
val_acc_mean = 0.9441794629158463
---------------------------------------
149/243
(200, 1000, 1e-08, 1e-08, 1e-08)
val_acc_mean = 0.9473349211911303
---------------------------------------
150/243
(200, 1000, 1e-08, 1e-08, 1e-10)
val_acc_mean = 0.9415741121623475
---------------------------------------
151/243
(200, 1000, 1e-08, 1e-10, 1e-05)
val_acc_mean = 0.9454140308170809
---------------------------------------
152/243
(200, 1000, 1e-08, 1e-10, 1e-08)
val_acc_mean = 0.9496656413867743
---------------------------------------
153/243
(200, 1000, 1e-08, 1e-10, 1e-10)
val_acc_mean = 0.9439053966287082
---------------------------------------
154/243
(200, 1000, 1e-10, 1e-05, 1e-05)
val_acc_mean = 0.6217637522648416
---------------------------------------
155/243
(200, 1000, 1e-10, 1e-05, 1e-08)
val_acc_mean = 0.6823827346703163
---------------------------------------
156/243
(200, 1000, 1e-10, 1e-05, 1e-10)
val_acc_mean = 0.627929481959983
---------------------------------------
157/243
(200, 1000, 1e-10, 1e-08, 1e-05)
val_acc_mean = 0.6814203145357829
---------------------------------------
158/243
(200, 1000, 1e-10, 1e-08, 1e-08)
val_acc_mean = 0.6671549865449649
---------------------------------------
159/243
(200, 1000, 1e-10, 1e-08, 1e-10)
val_acc_mean = 0.6331418198520594
---------------------------------------
160/243
(200, 1000, 1e-10, 1e-10, 1e-05)
val_acc_mean = 0.6475474819701399
---------------------------------------
161/243
(200, 1000, 1e-10, 1e-10, 1e-08)
val_acc_mean = 0.6504237390947631
---------------------------------------
162/243
(200, 1000, 1e-10, 1e-10, 1e-10)
val_acc_mean = 0.6363010023140742
---------------------------------------
163/243
(300, 100, 1e-05, 1e-05, 1e-05)
val_acc_mean = 0.9496655849597025
---------------------------------------
164/243
(300, 100, 1e-05, 1e-05, 1e-08)
val_acc_mean = 0.9580316318878411
---------------------------------------
165/243
(300, 100, 1e-05, 1e-05, 1e-10)
val_acc_mean = 0.9569345203332132
---------------------------------------
166/243
(300, 100, 1e-05, 1e-08, 1e-05)
val_acc_mean = 0.9577572270382727
---------------------------------------
167/243
(300, 100, 1e-05, 1e-08, 1e-08)
val_acc_mean = 0.9529576531755181
---------------------------------------
168/243
(300, 100, 1e-05, 1e-08, 1e-10)
val_acc_mean = 0.9587171079545808
---------------------------------------
169/243
(300, 100, 1e-05, 1e-10, 1e-05)
val_acc_mean = 0.9558375780598002
---------------------------------------
170/243
(300, 100, 1e-05, 1e-10, 1e-08)
val_acc_mean = 0.9557006859839104
---------------------------------------
171/243
(300, 100, 1e-05, 1e-10, 1e-10)
val_acc_mean = 0.9580320833044144
---------------------------------------
172/243
(300, 100, 1e-08, 1e-05, 1e-05)
val_acc_mean = 0.9096211542834637
---------------------------------------
173/243
(300, 100, 1e-08, 1e-05, 1e-08)
val_acc_mean = 0.9076999253469843
---------------------------------------
174/243
(300, 100, 1e-08, 1e-05, 1e-10)
val_acc_mean = 0.9008447696900856
---------------------------------------
175/243
(300, 100, 1e-08, 1e-08, 1e-05)
val_acc_mean = 0.901667871384647
---------------------------------------
176/243
(300, 100, 1e-08, 1e-08, 1e-08)
val_acc_mean = 0.9019401320054915
---------------------------------------
177/243
(300, 100, 1e-08, 1e-08, 1e-10)
val_acc_mean = 0.9071520184809945
---------------------------------------
178/243
(300, 100, 1e-08, 1e-10, 1e-05)
val_acc_mean = 0.9059167170278281
---------------------------------------
179/243
(300, 100, 1e-08, 1e-10, 1e-08)
val_acc_mean = 0.9094828515307819
---------------------------------------
180/243
(300, 100, 1e-08, 1e-10, 1e-10)
val_acc_mean = 0.9016672506868586
---------------------------------------
181/243
(300, 100, 1e-10, 1e-05, 1e-05)
val_acc_mean = 0.2614323222166359
---------------------------------------
182/243
(300, 100, 1e-10, 1e-05, 1e-08)
val_acc_mean = 0.22014141752703845
---------------------------------------
183/243
(300, 100, 1e-10, 1e-05, 1e-10)
val_acc_mean = 0.2854362856541506
---------------------------------------
184/243
(300, 100, 1e-10, 1e-08, 1e-05)
val_acc_mean = 0.24085590839403473
---------------------------------------
185/243
(300, 100, 1e-10, 1e-08, 1e-08)
val_acc_mean = 0.2415401994922692
---------------------------------------
186/243
(300, 100, 1e-10, 1e-08, 1e-10)
val_acc_mean = 0.2585517766345653
---------------------------------------
187/243
(300, 100, 1e-10, 1e-10, 1e-05)
val_acc_mean = 0.2704850301800193
---------------------------------------
188/243
(300, 100, 1e-10, 1e-10, 1e-08)
val_acc_mean = 0.19792133953353996
---------------------------------------
189/243
(300, 100, 1e-10, 1e-10, 1e-10)
val_acc_mean = 0.17020927108073078
---------------------------------------
190/243
(300, 500, 1e-05, 1e-05, 1e-05)
val_acc_mean = 0.9556983724739716
---------------------------------------
191/243
(300, 500, 1e-05, 1e-05, 1e-08)
val_acc_mean = 0.9635175846504822
---------------------------------------
192/243
(300, 500, 1e-05, 1e-05, 1e-10)
val_acc_mean = 0.9646149219133969
---------------------------------------
193/243
(300, 500, 1e-05, 1e-08, 1e-05)
val_acc_mean = 0.9576189807126626
---------------------------------------
194/243
(300, 500, 1e-05, 1e-08, 1e-08)
val_acc_mean = 0.9599513937204569
---------------------------------------
195/243
(300, 500, 1e-05, 1e-08, 1e-10)
val_acc_mean = 0.9652988180221295
---------------------------------------
196/243
(300, 500, 1e-05, 1e-10, 1e-05)
val_acc_mean = 0.9626931851332724
---------------------------------------
197/243
(300, 500, 1e-05, 1e-10, 1e-08)
val_acc_mean = 0.9602248957368783
---------------------------------------
198/243
(300, 500, 1e-05, 1e-10, 1e-10)
val_acc_mean = 0.9607739875713731
---------------------------------------
199/243
(300, 500, 1e-08, 1e-05, 1e-05)
val_acc_mean = 0.9443165807000229
---------------------------------------
200/243
(300, 500, 1e-08, 1e-05, 1e-08)
val_acc_mean = 0.9511736548773585
---------------------------------------
201/243
(300, 500, 1e-08, 1e-05, 1e-10)
val_acc_mean = 0.9533696272258364
---------------------------------------
202/243
(300, 500, 1e-08, 1e-08, 1e-05)
val_acc_mean = 0.9496664313657778
---------------------------------------
203/243
(300, 500, 1e-08, 1e-08, 1e-08)
val_acc_mean = 0.9481570636254731
---------------------------------------
204/243
(300, 500, 1e-08, 1e-08, 1e-10)
val_acc_mean = 0.946922777859597
---------------------------------------
205/243
(300, 500, 1e-08, 1e-10, 1e-05)
val_acc_mean = 0.9467861679190656
---------------------------------------
206/243
(300, 500, 1e-08, 1e-10, 1e-08)
val_acc_mean = 0.9469231728490989
---------------------------------------
207/243
(300, 500, 1e-08, 1e-10, 1e-10)
val_acc_mean = 0.946785377940062
---------------------------------------
208/243
(300, 500, 1e-10, 1e-05, 1e-05)
val_acc_mean = 0.6087417947984397
---------------------------------------
209/243
(300, 500, 1e-10, 1e-05, 1e-08)
val_acc_mean = 0.6543942864204303
---------------------------------------
210/243
(300, 500, 1e-10, 1e-05, 1e-10)
val_acc_mean = 0.5342603172668533
---------------------------------------
211/243
(300, 500, 1e-10, 1e-08, 1e-05)
val_acc_mean = 0.597344259871493
---------------------------------------
212/243
(300, 500, 1e-10, 1e-08, 1e-08)
val_acc_mean = 0.6367068822406513
---------------------------------------
213/243
(300, 500, 1e-10, 1e-08, 1e-10)
val_acc_mean = 0.6177890857629419
---------------------------------------
214/243
(300, 500, 1e-10, 1e-10, 1e-05)
val_acc_mean = 0.6162776866480569
---------------------------------------
215/243
(300, 500, 1e-10, 1e-10, 1e-08)
val_acc_mean = 0.6026973833074051
---------------------------------------
216/243
(300, 500, 1e-10, 1e-10, 1e-10)
val_acc_mean = 0.7115771987231682
---------------------------------------
217/243
(300, 1000, 1e-05, 1e-05, 1e-05)
val_acc_mean = 0.9515843875321001
---------------------------------------
218/243
(300, 1000, 1e-05, 1e-05, 1e-08)
val_acc_mean = 0.9510358599683219
---------------------------------------
219/243
(300, 1000, 1e-05, 1e-05, 1e-10)
val_acc_mean = 0.948154298698961
---------------------------------------
220/243
(300, 1000, 1e-05, 1e-08, 1e-05)
val_acc_mean = 0.9556985981822583
---------------------------------------
221/243
(300, 1000, 1e-05, 1e-08, 1e-08)
val_acc_mean = 0.9503494810684353
---------------------------------------
222/243
(300, 1000, 1e-05, 1e-08, 1e-10)
val_acc_mean = 0.9573445194360227
---------------------------------------
223/243
(300, 1000, 1e-05, 1e-10, 1e-05)
val_acc_mean = 0.9491149695942726
---------------------------------------
224/243
(300, 1000, 1e-05, 1e-10, 1e-08)
val_acc_mean = 0.9550127835530886
---------------------------------------
225/243
(300, 1000, 1e-05, 1e-10, 1e-10)
val_acc_mean = 0.9528175447565426
---------------------------------------
226/243
(300, 1000, 1e-08, 1e-05, 1e-05)
val_acc_mean = 0.9544666823533926
---------------------------------------
227/243
(300, 1000, 1e-08, 1e-05, 1e-08)
val_acc_mean = 0.9552897840479541
---------------------------------------
228/243
(300, 1000, 1e-08, 1e-05, 1e-10)
val_acc_mean = 0.956112772888372
---------------------------------------
229/243
(300, 1000, 1e-08, 1e-08, 1e-05)
val_acc_mean = 0.9551528355449924
---------------------------------------
230/243
(300, 1000, 1e-08, 1e-08, 1e-08)
val_acc_mean = 0.9592672154763658
---------------------------------------
231/243
(300, 1000, 1e-08, 1e-08, 1e-10)
val_acc_mean = 0.9583067138622695
---------------------------------------
232/243
(300, 1000, 1e-08, 1e-10, 1e-05)
val_acc_mean = 0.955425942571912
---------------------------------------
233/243
(300, 1000, 1e-08, 1e-10, 1e-08)
val_acc_mean = 0.9609124596052702
---------------------------------------
234/243
(300, 1000, 1e-08, 1e-10, 1e-10)
val_acc_mean = 0.9615989513592998
---------------------------------------
235/243
(300, 1000, 1e-10, 1e-05, 1e-05)
val_acc_mean = 0.7672756840512832
---------------------------------------
236/243
(300, 1000, 1e-10, 1e-05, 1e-08)
val_acc_mean = 0.7916789818750604
---------------------------------------
237/243
(300, 1000, 1e-10, 1e-05, 1e-10)
val_acc_mean = 0.741223587193086
---------------------------------------
238/243
(300, 1000, 1e-10, 1e-08, 1e-05)
val_acc_mean = 0.7627497250590932
---------------------------------------
239/243
(300, 1000, 1e-10, 1e-08, 1e-08)
val_acc_mean = 0.7841416793486511
---------------------------------------
240/243
(300, 1000, 1e-10, 1e-08, 1e-10)
val_acc_mean = 0.7691911574264515
---------------------------------------
241/243
(300, 1000, 1e-10, 1e-10, 1e-05)
val_acc_mean = 0.7436921587248385
---------------------------------------
242/243
(300, 1000, 1e-10, 1e-10, 1e-08)
val_acc_mean = 0.7669972728796258
---------------------------------------
243/243
(300, 1000, 1e-10, 1e-10, 1e-10)
val_acc_mean = 0.7552055948570109
---------------------------------------
best param
(100, 1000, 1e-05, 1e-08, 1e-10)
max_val_acc = 0.9746275672201598
test_acc = 0.924265072247135
