nn_ntk_3layler_kfold_gs.py start!
1/12
(1, 0.001)
val_acc_mean = 0.16376504191852095
time: 545.0478677749634
-------------------------------------------------------------------------
2/12
(1, 1e-05)
val_acc_mean = 0.2327621658670322
time: 541.6651272773743
-------------------------------------------------------------------------
3/12
(1, 1e-07)
val_acc_mean = 0.2918847210117233
time: 541.5814654827118
-------------------------------------------------------------------------
4/12
(0.1, 0.001)
val_acc_mean = 0.1637642897638328
time: 540.0495834350586
-------------------------------------------------------------------------
5/12
(0.1, 1e-05)
val_acc_mean = 0.1637620332997684
time: 541.7696259021759
-------------------------------------------------------------------------
6/12
(0.1, 1e-07)
val_acc_mean = 0.16376475986051292
time: 541.7122683525085
-------------------------------------------------------------------------
7/12
(0.01, 0.001)
val_acc_mean = 0.16376344358980868
time: 544.4879641532898
-------------------------------------------------------------------------
8/12
(0.01, 1e-05)
val_acc_mean = 0.16033672085001
time: 542.4887647628784
-------------------------------------------------------------------------
9/12
(0.01, 1e-07)
val_acc_mean = 0.1637614691837523
time: 541.6373481750488
-------------------------------------------------------------------------
10/12
(0.001, 0.001)
val_acc_mean = 0.13428170637573325
time: 542.6726536750793
-------------------------------------------------------------------------
11/12
(0.001, 1e-05)
val_acc_mean = 0.1577321972036769
time: 543.3418262004852
-------------------------------------------------------------------------
12/12
(0.001, 1e-07)
val_acc_mean = 0.10986281638681812
time: 544.0456063747406
-------------------------------------------------------------------------
best param
(1, 1e-07)
max_val_acc = 0.2918847210117233
(0.1, 1e-07)
max_val_acc = 0.16376475986051292
(0.01, 0.001)
max_val_acc = 0.16376344358980868
(0.001, 1e-05)
max_val_acc = 0.1577321972036769
