nn_mfld_kfold_gs.py start!
1/81
(1000, 1, 0.001, 0.001)
M: 1000
val_acc_mean = 0.10218333333333333
time: 289.1142420768738
-------------------------------------------------------------------------
2/81
(1000, 1, 0.001, 1e-05)
M: 1000
val_acc_mean = 0.11041666666666666
time: 286.335485458374
-------------------------------------------------------------------------
3/81
(1000, 1, 0.001, 1e-07)
M: 1000
val_acc_mean = 0.10441666666666667
time: 286.86830592155457
-------------------------------------------------------------------------
4/81
(1000, 1, 1e-05, 0.001)
M: 1000
val_acc_mean = 0.9300166666666666
time: 286.9713318347931
-------------------------------------------------------------------------
5/81
(1000, 1, 1e-05, 1e-05)
M: 1000
val_acc_mean = 0.9141166666666667
time: 285.3543236255646
-------------------------------------------------------------------------
6/81
(1000, 1, 1e-05, 1e-07)
M: 1000
val_acc_mean = 0.91235
time: 279.8458867073059
-------------------------------------------------------------------------
7/81
(1000, 1, 1e-07, 0.001)
M: 1000
val_acc_mean = 0.28045000000000003
time: 289.3328399658203
-------------------------------------------------------------------------
8/81
(1000, 1, 1e-07, 1e-05)
M: 1000
val_acc_mean = 0.23775000000000002
time: 293.4520242214203
-------------------------------------------------------------------------
9/81
(1000, 1, 1e-07, 1e-07)
M: 1000
val_acc_mean = 0.2770333333333333
time: 293.95993280410767
-------------------------------------------------------------------------
