nn_mfld_kfold_gs.py start!
1/81
(1000, 1, 0.001, 0.001)
M: 1000
val_acc_mean = 0.09999998847976958
time: 305.742657661438
-------------------------------------------------------------------------
2/81
(1000, 1, 0.001, 1e-05)
M: 1000
val_acc_mean = 0.08948015087460161
time: 295.8136007785797
-------------------------------------------------------------------------
3/81
(1000, 1, 0.001, 1e-07)
M: 1000
val_acc_mean = 0.10000001848036962
time: 293.24275493621826
-------------------------------------------------------------------------
4/81
(1000, 1, 1e-05, 0.001)
M: 1000
val_acc_mean = 0.1016999748808576
time: 292.3004879951477
-------------------------------------------------------------------------
5/81
(1000, 1, 1e-05, 1e-05)
M: 1000
val_acc_mean = 0.10005998607976958
time: 293.33999276161194
-------------------------------------------------------------------------
6/81
(1000, 1, 1e-05, 1e-07)
M: 1000
val_acc_mean = 0.10216001008192964
time: 292.4193482398987
-------------------------------------------------------------------------
7/81
(1000, 1, 1e-07, 0.001)
M: 1000
val_acc_mean = 0.10099998768055361
time: 292.14408016204834
-------------------------------------------------------------------------
8/81
(1000, 1, 1e-07, 1e-05)
M: 1000
val_acc_mean = 0.10059997287993756
time: 293.0893838405609
-------------------------------------------------------------------------
