nn_mfld_kfold_gs.py start!
1/81
(1000, 1, 0.001, 0.001)
M: 1000
val_acc_mean = 0.038200000000000005
time: 66.26938533782959
-------------------------------------------------------------------------
2/81
(1000, 1, 0.001, 1e-05)
M: 1000
val_acc_mean = 0.04033333333333333
time: 79.88556051254272
-------------------------------------------------------------------------
3/81
(1000, 1, 0.001, 1e-07)
M: 1000
val_acc_mean = 0.04046666666666667
time: 81.26195168495178
-------------------------------------------------------------------------
4/81
(1000, 1, 1e-05, 0.001)
M: 1000
val_acc_mean = 0.49479999999999996
time: 81.6602680683136
-------------------------------------------------------------------------
5/81
(1000, 1, 1e-05, 1e-05)
M: 1000
val_acc_mean = 0.42506666666666665
time: 81.65195918083191
-------------------------------------------------------------------------
6/81
(1000, 1, 1e-05, 1e-07)
M: 1000
val_acc_mean = 0.3612666666666666
time: 80.9618833065033
-------------------------------------------------------------------------
7/81
(1000, 1, 1e-07, 0.001)
M: 1000
val_acc_mean = 0.03893333333333333
time: 80.9430422782898
-------------------------------------------------------------------------
8/81
(1000, 1, 1e-07, 1e-05)
M: 1000
val_acc_mean = 0.05193333333333333
time: 80.93296599388123
-------------------------------------------------------------------------
9/81
(1000, 1, 1e-07, 1e-07)
M: 1000
val_acc_mean = 0.0438
time: 81.40550899505615
-------------------------------------------------------------------------
10/81
(1000, 0.1, 0.001, 0.001)
M: 1000
val_acc_mean = 0.7433333333333333
time: 81.17997026443481
-------------------------------------------------------------------------
11/81
(1000, 0.1, 0.001, 1e-05)
M: 1000
val_acc_mean = 0.7418666666666667
time: 80.9120991230011
-------------------------------------------------------------------------
12/81
(1000, 0.1, 0.001, 1e-07)
M: 1000
val_acc_mean = 0.7131333333333334
time: 81.26073694229126
-------------------------------------------------------------------------
13/81
(1000, 0.1, 1e-05, 0.001)
M: 1000
val_acc_mean = 0.6067333333333332
time: 80.53639793395996
-------------------------------------------------------------------------
14/81
(1000, 0.1, 1e-05, 1e-05)
M: 1000
val_acc_mean = 0.5762666666666666
time: 80.77744054794312
-------------------------------------------------------------------------
15/81
(1000, 0.1, 1e-05, 1e-07)
M: 1000
val_acc_mean = 0.5538
time: 80.12907838821411
-------------------------------------------------------------------------
16/81
(1000, 0.1, 1e-07, 0.001)
M: 1000
val_acc_mean = 0.2166
time: 80.81582307815552
-------------------------------------------------------------------------
17/81
(1000, 0.1, 1e-07, 1e-05)
M: 1000
val_acc_mean = 0.14900000000000002
time: 81.25909614562988
-------------------------------------------------------------------------
18/81
(1000, 0.1, 1e-07, 1e-07)
M: 1000
val_acc_mean = 0.1758666666666667
time: 80.90605354309082
-------------------------------------------------------------------------
19/81
(1000, 0.01, 0.001, 0.001)
M: 1000
val_acc_mean = 0.7562000000000001
time: 81.0103497505188
-------------------------------------------------------------------------
20/81
(1000, 0.01, 0.001, 1e-05)
M: 1000
val_acc_mean = 0.7636
time: 80.86191582679749
-------------------------------------------------------------------------
21/81
(1000, 0.01, 0.001, 1e-07)
M: 1000
val_acc_mean = 0.7552
time: 80.8728518486023
-------------------------------------------------------------------------
22/81
(1000, 0.01, 1e-05, 0.001)
M: 1000
val_acc_mean = 0.8610666666666665
time: 81.11862134933472
-------------------------------------------------------------------------
23/81
(1000, 0.01, 1e-05, 1e-05)
M: 1000
val_acc_mean = 0.9068666666666667
time: 81.24266600608826
-------------------------------------------------------------------------
24/81
(1000, 0.01, 1e-05, 1e-07)
M: 1000
val_acc_mean = 0.9027333333333334
time: 81.243985414505
-------------------------------------------------------------------------
25/81
(1000, 0.01, 1e-07, 0.001)
M: 1000
val_acc_mean = 0.7586666666666666
time: 80.60177731513977
-------------------------------------------------------------------------
26/81
(1000, 0.01, 1e-07, 1e-05)
M: 1000
val_acc_mean = 0.7998
time: 81.18199038505554
-------------------------------------------------------------------------
27/81
(1000, 0.01, 1e-07, 1e-07)
M: 1000
val_acc_mean = 0.8044666666666668
time: 80.8693299293518
-------------------------------------------------------------------------
28/81
(3000, 1, 0.001, 0.001)
M: 3000
val_acc_mean = 0.0362
time: 81.54522275924683
-------------------------------------------------------------------------
29/81
(3000, 1, 0.001, 1e-05)
M: 3000
val_acc_mean = 0.0362
time: 81.15321564674377
-------------------------------------------------------------------------
30/81
(3000, 1, 0.001, 1e-07)
M: 3000
val_acc_mean = 0.0362
time: 81.54800796508789
-------------------------------------------------------------------------
31/81
(3000, 1, 1e-05, 0.001)
M: 3000
val_acc_mean = 0.7992666666666667
time: 81.94514465332031
-------------------------------------------------------------------------
32/81
(3000, 1, 1e-05, 1e-05)
M: 3000
val_acc_mean = 0.7996
time: 81.2676956653595
-------------------------------------------------------------------------
