nn_mfld_kfold_gs.py start!
1/81
(1000, 1, 0.001, 0.001)
M: 1000
val_acc_mean = 0.035866666666666665
time: 60.811660289764404
-------------------------------------------------------------------------
2/81
(1000, 1, 0.001, 1e-05)
M: 1000
val_acc_mean = 0.03866666666666667
time: 59.595531940460205
-------------------------------------------------------------------------
3/81
(1000, 1, 0.001, 1e-07)
M: 1000
val_acc_mean = 0.04033333333333333
time: 64.15285873413086
-------------------------------------------------------------------------
4/81
(1000, 1, 1e-05, 0.001)
M: 1000
val_acc_mean = 0.47446666666666665
time: 64.91958904266357
-------------------------------------------------------------------------
5/81
(1000, 1, 1e-05, 1e-05)
M: 1000
val_acc_mean = 0.4344666666666666
time: 64.58087038993835
-------------------------------------------------------------------------
6/81
(1000, 1, 1e-05, 1e-07)
M: 1000
val_acc_mean = 0.38833333333333336
time: 64.81680583953857
-------------------------------------------------------------------------
7/81
(1000, 1, 1e-07, 0.001)
M: 1000
val_acc_mean = 0.037866666666666667
time: 65.20908498764038
-------------------------------------------------------------------------
8/81
(1000, 1, 1e-07, 1e-05)
M: 1000
val_acc_mean = 0.0378
time: 65.46632075309753
-------------------------------------------------------------------------
9/81
(1000, 1, 1e-07, 1e-07)
M: 1000
val_acc_mean = 0.04006666666666667
time: 65.09964489936829
-------------------------------------------------------------------------
10/81
(1000, 0.1, 0.001, 0.001)
M: 1000
val_acc_mean = 0.7474666666666666
time: 65.23375821113586
-------------------------------------------------------------------------
11/81
(1000, 0.1, 0.001, 1e-05)
M: 1000
val_acc_mean = 0.7554
time: 64.8288733959198
-------------------------------------------------------------------------
12/81
(1000, 0.1, 0.001, 1e-07)
M: 1000
val_acc_mean = 0.6514
time: 65.20559620857239
-------------------------------------------------------------------------
13/81
(1000, 0.1, 1e-05, 0.001)
M: 1000
val_acc_mean = 0.6250666666666667
time: 64.98896098136902
-------------------------------------------------------------------------
14/81
(1000, 0.1, 1e-05, 1e-05)
M: 1000
val_acc_mean = 0.6127999999999999
time: 65.10440444946289
-------------------------------------------------------------------------
15/81
(1000, 0.1, 1e-05, 1e-07)
M: 1000
val_acc_mean = 0.5941333333333333
time: 65.16884732246399
-------------------------------------------------------------------------
16/81
(1000, 0.1, 1e-07, 0.001)
M: 1000
val_acc_mean = 0.1991333333333333
time: 63.675495624542236
-------------------------------------------------------------------------
17/81
(1000, 0.1, 1e-07, 1e-05)
M: 1000
val_acc_mean = 0.2358
time: 64.53567671775818
-------------------------------------------------------------------------
18/81
(1000, 0.1, 1e-07, 1e-07)
M: 1000
val_acc_mean = 0.2218
time: 64.76399230957031
-------------------------------------------------------------------------
19/81
(1000, 0.01, 0.001, 0.001)
M: 1000
val_acc_mean = 0.7577333333333334
time: 64.68077087402344
-------------------------------------------------------------------------
20/81
(1000, 0.01, 0.001, 1e-05)
M: 1000
val_acc_mean = 0.7579333333333333
time: 64.6723701953888
-------------------------------------------------------------------------
21/81
(1000, 0.01, 0.001, 1e-07)
M: 1000
val_acc_mean = 0.7343999999999999
time: 65.06752419471741
-------------------------------------------------------------------------
22/81
(1000, 0.01, 1e-05, 0.001)
M: 1000
val_acc_mean = 0.8491333333333334
time: 64.683584690094
-------------------------------------------------------------------------
23/81
(1000, 0.01, 1e-05, 1e-05)
M: 1000
val_acc_mean = 0.8950666666666667
time: 65.3528881072998
-------------------------------------------------------------------------
24/81
(1000, 0.01, 1e-05, 1e-07)
M: 1000
val_acc_mean = 0.9119999999999999
time: 65.00181269645691
-------------------------------------------------------------------------
25/81
(1000, 0.01, 1e-07, 0.001)
M: 1000
val_acc_mean = 0.7723333333333332
time: 64.9020586013794
-------------------------------------------------------------------------
26/81
(1000, 0.01, 1e-07, 1e-05)
M: 1000
val_acc_mean = 0.8100666666666667
time: 64.82093596458435
-------------------------------------------------------------------------
27/81
(1000, 0.01, 1e-07, 1e-07)
M: 1000
val_acc_mean = 0.797
time: 65.04100322723389
-------------------------------------------------------------------------
28/81
(3000, 1, 0.001, 0.001)
M: 3000
val_acc_mean = 0.0362
time: 65.7449460029602
-------------------------------------------------------------------------
29/81
(3000, 1, 0.001, 1e-05)
M: 3000
val_acc_mean = 0.0362
time: 65.57266330718994
-------------------------------------------------------------------------
30/81
(3000, 1, 0.001, 1e-07)
M: 3000
val_acc_mean = 0.0362
time: 65.76421666145325
-------------------------------------------------------------------------
31/81
(3000, 1, 1e-05, 0.001)
M: 3000
val_acc_mean = 0.7909333333333333
time: 65.85737800598145
-------------------------------------------------------------------------
32/81
(3000, 1, 1e-05, 1e-05)
M: 3000
val_acc_mean = 0.7973333333333333
time: 65.66281747817993
-------------------------------------------------------------------------
33/81
(3000, 1, 1e-05, 1e-07)
M: 3000
val_acc_mean = 0.7890666666666667
time: 66.29508399963379
-------------------------------------------------------------------------
34/81
(3000, 1, 1e-07, 0.001)
M: 3000
val_acc_mean = 0.041
time: 65.85990118980408
-------------------------------------------------------------------------
35/81
(3000, 1, 1e-07, 1e-05)
M: 3000
val_acc_mean = 0.03986666666666667
time: 65.15037631988525
-------------------------------------------------------------------------
36/81
(3000, 1, 1e-07, 1e-07)
M: 3000
val_acc_mean = 0.04586666666666667
time: 65.89449000358582
-------------------------------------------------------------------------
37/81
(3000, 0.1, 0.001, 0.001)
M: 3000
val_acc_mean = 0.4666666666666666
time: 64.87186622619629
-------------------------------------------------------------------------
38/81
(3000, 0.1, 0.001, 1e-05)
M: 3000
val_acc_mean = 0.4346666666666666
time: 65.84227633476257
-------------------------------------------------------------------------
39/81
(3000, 0.1, 0.001, 1e-07)
M: 3000
val_acc_mean = 0.20393333333333333
time: 65.619389295578
-------------------------------------------------------------------------
40/81
(3000, 0.1, 1e-05, 0.001)
M: 3000
val_acc_mean = 0.8024666666666667
time: 65.3192298412323
-------------------------------------------------------------------------
