nn_ntk_kfold_gs.py start!
1/12
(1, 0.001)
val_acc_mean = 0.03626666666666666
time: 191.64319324493408
-------------------------------------------------------------------------
2/12
(1, 1e-05)
val_acc_mean = 0.6628666666666667
time: 191.02494096755981
-------------------------------------------------------------------------
3/12
(1, 1e-07)
val_acc_mean = 0.6871333333333334
time: 190.71334886550903
-------------------------------------------------------------------------
4/12
(0.1, 0.001)
val_acc_mean = 0.05806666666666667
time: 190.78277611732483
-------------------------------------------------------------------------
5/12
(0.1, 1e-05)
val_acc_mean = 0.32706666666666667
time: 188.7305965423584
-------------------------------------------------------------------------
6/12
(0.1, 1e-07)
val_acc_mean = 0.3418
time: 173.4794819355011
-------------------------------------------------------------------------
7/12
(0.01, 0.001)
val_acc_mean = 0.14780000000000001
time: 165.34973526000977
-------------------------------------------------------------------------
8/12
(0.01, 1e-05)
val_acc_mean = 0.13466666666666666
time: 166.23588824272156
-------------------------------------------------------------------------
