nn_ntk_3layler_kfold_gs.py start!
1/12
(1, 0.001)
val_acc_mean = 0.036066666666666664
time: 1067.9823632240295
-------------------------------------------------------------------------
2/12
(1, 1e-05)
val_acc_mean = 0.038599999999999995
time: 1104.9244904518127
-------------------------------------------------------------------------
3/12
(1, 1e-07)
val_acc_mean = 0.043000000000000003
time: 1106.9898936748505
-------------------------------------------------------------------------
4/12
(0.1, 0.001)
val_acc_mean = 0.03613333333333334
time: 1109.6727499961853
-------------------------------------------------------------------------
5/12
(0.1, 1e-05)
val_acc_mean = 0.03433333333333333
time: 1107.4076609611511
-------------------------------------------------------------------------
6/12
(0.1, 1e-07)
val_acc_mean = 0.03926666666666667
time: 1087.8332633972168
-------------------------------------------------------------------------
7/12
(0.01, 0.001)
val_acc_mean = 0.03706666666666667
time: 770.428736448288
-------------------------------------------------------------------------
8/12
(0.01, 1e-05)
val_acc_mean = 0.0426
time: 762.590318441391
-------------------------------------------------------------------------
9/12
(0.01, 1e-07)
val_acc_mean = 0.040466666666666665
time: 752.390077829361
-------------------------------------------------------------------------
10/12
(0.001, 0.001)
val_acc_mean = 0.038266666666666664
time: 780.5050694942474
-------------------------------------------------------------------------
11/12
(0.001, 1e-05)
val_acc_mean = 0.04013333333333333
time: 825.2422382831573
-------------------------------------------------------------------------
12/12
(0.001, 1e-07)
val_acc_mean = 0.039599999999999996
time: 761.1004359722137
-------------------------------------------------------------------------
best param
(1, 1e-07)
max_val_acc = 0.043000000000000003
(0.1, 1e-07)
max_val_acc = 0.03926666666666667
(0.01, 1e-05)
max_val_acc = 0.0426
(0.001, 1e-05)
max_val_acc = 0.04013333333333333
