nn_ntk_kfold_gs.py start!
1/48
(1000, 1, 0.001)
val_acc_mean = 0.26260000000000006
time: 153.9882173538208
-------------------------------------------------------------------------
2/48
(1000, 1, 1e-05)
val_acc_mean = 0.07093333333333333
time: 150.54774022102356
-------------------------------------------------------------------------
3/48
(1000, 1, 1e-07)
val_acc_mean = 0.3368666666666667
time: 151.25393676757812
-------------------------------------------------------------------------
4/48
(1000, 0.1, 0.001)
val_acc_mean = 0.8440000000000001
time: 150.29536366462708
-------------------------------------------------------------------------
5/48
(1000, 0.1, 1e-05)
val_acc_mean = 0.9514666666666667
time: 150.2251682281494
-------------------------------------------------------------------------
