nn_mfld_kfold_gs.py start!
1/81
(1000, 1, 0.001, 0.001)
val_acc_mean = 0.7012837585723906
time: 5579.510228633881
-------------------------------------------------------------------------
2/81
(1000, 1, 0.001, 1e-05)
val_acc_mean = 0.7042269164393957
time: 5259.625463247299
-------------------------------------------------------------------------
3/81
(1000, 1, 0.001, 1e-07)
val_acc_mean = 0.7038718796383356
time: 5428.832956790924
-------------------------------------------------------------------------
4/81
(1000, 1, 1e-05, 0.001)
val_acc_mean = 0.8624166061990497
time: 5333.797148942947
-------------------------------------------------------------------------
5/81
(1000, 1, 1e-05, 1e-05)
val_acc_mean = 0.865271550611804
time: 5335.666731595993
-------------------------------------------------------------------------
6/81
(1000, 1, 1e-05, 1e-07)
val_acc_mean = 0.8636687273209958
time: 5323.835693836212
-------------------------------------------------------------------------
7/81
(1000, 1, 1e-07, 0.001)
val_acc_mean = 0.9138248332457476
time: 5343.152004480362
-------------------------------------------------------------------------
8/81
(1000, 1, 1e-07, 1e-05)
val_acc_mean = 0.9164065389653185
time: 5329.898189306259
-------------------------------------------------------------------------
9/81
(1000, 1, 1e-07, 1e-07)
val_acc_mean = 0.9162451840776757
time: 5274.021898508072
-------------------------------------------------------------------------
10/81
(1000, 0.1, 0.001, 0.001)
val_acc_mean = 0.7164276090603265
time: 5262.887159109116
-------------------------------------------------------------------------
11/81
(1000, 0.1, 0.001, 1e-05)
val_acc_mean = 0.7182498623445431
time: 5249.596870183945
-------------------------------------------------------------------------
12/81
(1000, 0.1, 0.001, 1e-07)
val_acc_mean = 0.7172666644230242
time: 5295.617684364319
-------------------------------------------------------------------------
