nn_ntk_kfold_gs.py start!
1/48
(1000, 1, 0.001)
val_acc_mean = 0.9695939187837569
time: 491.5086052417755
-------------------------------------------------------------------------
2/48
(1000, 1, 1e-05)
val_acc_mean = 0.9930786157231445
time: 490.0030252933502
-------------------------------------------------------------------------
3/48
(1000, 1, 1e-07)
val_acc_mean = 0.9965593118623725
time: 489.6671736240387
-------------------------------------------------------------------------
4/48
(1000, 0.1, 0.001)
val_acc_mean = 0.985997199439888
time: 489.6806969642639
-------------------------------------------------------------------------
5/48
(1000, 0.1, 1e-05)
val_acc_mean = 0.9946589317863573
time: 490.12566471099854
-------------------------------------------------------------------------
6/48
(1000, 0.1, 1e-07)
val_acc_mean = 0.9948789757951589
time: 489.85913920402527
-------------------------------------------------------------------------
7/48
(1000, 0.01, 0.001)
val_acc_mean = 0.9859571914382876
time: 489.2708468437195
-------------------------------------------------------------------------
8/48
(1000, 0.01, 1e-05)
val_acc_mean = 0.9909781956391278
time: 489.2235507965088
-------------------------------------------------------------------------
9/48
(1000, 0.01, 1e-07)
val_acc_mean = 0.9910782156431287
time: 517.6894268989563
-------------------------------------------------------------------------
10/48
(1000, 0.001, 0.001)
val_acc_mean = 0.9686737347469494
time: 542.9766595363617
-------------------------------------------------------------------------
11/48
(1000, 0.001, 1e-05)
val_acc_mean = 0.9704340868173634
time: 498.80053329467773
-------------------------------------------------------------------------
12/48
(1000, 0.001, 1e-07)
val_acc_mean = 0.9695139027805562
time: 491.2878837585449
-------------------------------------------------------------------------
13/48
(3000, 1, 0.001)
val_acc_mean = 0.9611322264452891
time: 514.2926831245422
-------------------------------------------------------------------------
14/48
(3000, 1, 1e-05)
val_acc_mean = 0.9941788357671534
time: 545.0621225833893
-------------------------------------------------------------------------
15/48
(3000, 1, 1e-07)
val_acc_mean = 0.9960392078415683
time: 749.8107047080994
-------------------------------------------------------------------------
16/48
(3000, 0.1, 0.001)
val_acc_mean = 0.9841768353670736
time: 1020.9770798683167
-------------------------------------------------------------------------
17/48
(3000, 0.1, 1e-05)
val_acc_mean = 0.99499899979996
time: 1293.7105450630188
-------------------------------------------------------------------------
18/48
(3000, 0.1, 1e-07)
val_acc_mean = 0.9955391078215643
time: 1296.1806318759918
-------------------------------------------------------------------------
19/48
(3000, 0.01, 0.001)
val_acc_mean = 0.9861772354470894
time: 1158.85054397583
-------------------------------------------------------------------------
20/48
(3000, 0.01, 1e-05)
val_acc_mean = 0.990998199639928
time: 821.0478348731995
-------------------------------------------------------------------------
21/48
(3000, 0.01, 1e-07)
val_acc_mean = 0.9914782956591319
time: 817.3903696537018
-------------------------------------------------------------------------
22/48
(3000, 0.001, 0.001)
val_acc_mean = 0.9658331666333266
time: 819.7290983200073
-------------------------------------------------------------------------
23/48
(3000, 0.001, 1e-05)
val_acc_mean = 0.9681736347269455
time: 560.8426828384399
-------------------------------------------------------------------------
24/48
(3000, 0.001, 1e-07)
val_acc_mean = 0.9683336667333465
time: 1020.6418957710266
-------------------------------------------------------------------------
25/48
(5000, 1, 0.001)
val_acc_mean = 0.9610522104420884
time: 1942.4482357501984
-------------------------------------------------------------------------
26/48
(5000, 1, 1e-05)
val_acc_mean = 0.9939587917583517
time: 1937.114930152893
-------------------------------------------------------------------------
27/48
(5000, 1, 1e-07)
val_acc_mean = 0.9963392678535709
time: 1292.7956628799438
-------------------------------------------------------------------------
28/48
(5000, 0.1, 0.001)
val_acc_mean = 0.985377075415083
time: 1217.4063372612
-------------------------------------------------------------------------
29/48
(5000, 0.1, 1e-05)
val_acc_mean = 0.9950990198039606
time: 1215.3398480415344
-------------------------------------------------------------------------
30/48
(5000, 0.1, 1e-07)
val_acc_mean = 0.9951790358071614
time: 960.9533588886261
-------------------------------------------------------------------------
31/48
(5000, 0.01, 0.001)
val_acc_mean = 0.9862972594518904
time: 853.0506114959717
-------------------------------------------------------------------------
32/48
(5000, 0.01, 1e-05)
val_acc_mean = 0.9907981596319264
time: 856.4372239112854
-------------------------------------------------------------------------
33/48
(5000, 0.01, 1e-07)
val_acc_mean = 0.990878175635127
time: 855.7207989692688
-------------------------------------------------------------------------
34/48
(5000, 0.001, 0.001)
val_acc_mean = 0.9635727145429085
time: 855.4234144687653
-------------------------------------------------------------------------
35/48
(5000, 0.001, 1e-05)
val_acc_mean = 0.9664132826565315
time: 856.1825480461121
-------------------------------------------------------------------------
36/48
(5000, 0.001, 1e-07)
val_acc_mean = 0.9675335067013403
time: 856.496129989624
-------------------------------------------------------------------------
37/48
(7000, 1, 0.001)
val_acc_mean = 0.9744348869773954
time: 1404.1035470962524
-------------------------------------------------------------------------
38/48
(7000, 1, 1e-05)
val_acc_mean = 0.9939787957591518
time: 1400.218565940857
-------------------------------------------------------------------------
39/48
(7000, 1, 1e-07)
val_acc_mean = 0.9962192438487698
time: 1395.0100467205048
-------------------------------------------------------------------------
40/48
(7000, 0.1, 0.001)
val_acc_mean = 0.9827165433086616
time: 1403.981735944748
-------------------------------------------------------------------------
41/48
(7000, 0.1, 1e-05)
val_acc_mean = 0.9869773954790959
time: 1396.5223307609558
-------------------------------------------------------------------------
42/48
(7000, 0.1, 1e-07)
val_acc_mean = 0.9955791158231646
time: 1393.148383140564
-------------------------------------------------------------------------
43/48
(7000, 0.01, 0.001)
val_acc_mean = 0.9857371474294858
time: 1393.1940071582794
-------------------------------------------------------------------------
44/48
(7000, 0.01, 1e-05)
val_acc_mean = 0.9904580916183237
time: 1396.0323138237
-------------------------------------------------------------------------
45/48
(7000, 0.01, 1e-07)
val_acc_mean = 0.9906581316263253
time: 1396.0998694896698
-------------------------------------------------------------------------
46/48
(7000, 0.001, 0.001)
val_acc_mean = 0.963612722544509
time: 1391.1649370193481
-------------------------------------------------------------------------
47/48
(7000, 0.001, 1e-05)
val_acc_mean = 0.9658931786357272
time: 1383.0350081920624
-------------------------------------------------------------------------
48/48
(7000, 0.001, 1e-07)
val_acc_mean = 0.9659931986397281
time: 1383.0616707801819
-------------------------------------------------------------------------
best param
(1000, 1, 1e-07)
max_val_acc = 0.9965593118623725
(7000, 0.1, 1e-07)
max_val_acc = 0.9955791158231646
(3000, 0.01, 1e-07)
max_val_acc = 0.9914782956591319
(1000, 0.001, 1e-05)
max_val_acc = 0.9704340868173634
