nn_mfld_kfold_gs.py start!
1/144
(1000, 2, 0.001, 0.001)
val_acc_mean = 0.6138078703703703
time: 1141.1862943172455
-------------------------------------------------------------------------
2/144
(1000, 2, 0.001, 1e-05)
val_acc_mean = 0.6707060185185185
time: 1146.0882422924042
-------------------------------------------------------------------------
3/144
(1000, 2, 0.001, 1e-07)
val_acc_mean = 0.6529513888888889
time: 1129.6702420711517
-------------------------------------------------------------------------
4/144
(1000, 2, 1e-05, 0.001)
val_acc_mean = 0.9184374999999999
time: 1136.8341181278229
-------------------------------------------------------------------------
5/144
(1000, 2, 1e-05, 1e-05)
val_acc_mean = 0.9494560185185186
time: 1128.233871459961
-------------------------------------------------------------------------
6/144
(1000, 2, 1e-05, 1e-07)
val_acc_mean = 0.9520138888888889
time: 1126.9452106952667
-------------------------------------------------------------------------
7/144
(1000, 2, 1e-07, 0.001)
val_acc_mean = 0.9577083333333333
time: 1146.355565071106
-------------------------------------------------------------------------
8/144
(1000, 2, 1e-07, 1e-05)
val_acc_mean = 0.9816319444444443
time: 1160.073665857315
-------------------------------------------------------------------------
9/144
(1000, 2, 1e-07, 1e-07)
val_acc_mean = 0.981712962962963
time: 1134.4107491970062
-------------------------------------------------------------------------
10/144
(1000, 1, 0.001, 0.001)
val_acc_mean = 0.7436226851851853
time: 1130.6919994354248
-------------------------------------------------------------------------
11/144
(1000, 1, 0.001, 1e-05)
val_acc_mean = 0.7445833333333333
time: 1140.2270011901855
-------------------------------------------------------------------------
12/144
(1000, 1, 0.001, 1e-07)
val_acc_mean = 0.7540277777777777
time: 1139.2547998428345
-------------------------------------------------------------------------
13/144
(1000, 1, 1e-05, 0.001)
val_acc_mean = 0.9249652777777777
time: 1116.8542761802673
-------------------------------------------------------------------------
14/144
(1000, 1, 1e-05, 1e-05)
val_acc_mean = 0.9633912037037037
time: 1149.0468354225159
-------------------------------------------------------------------------
15/144
(1000, 1, 1e-05, 1e-07)
val_acc_mean = 0.9647916666666667
time: 1133.21448802948
-------------------------------------------------------------------------
16/144
(1000, 1, 1e-07, 0.001)
val_acc_mean = 0.9556250000000001
time: 1144.858916759491
-------------------------------------------------------------------------
17/144
(1000, 1, 1e-07, 1e-05)
val_acc_mean = 0.984699074074074
time: 1138.3475680351257
-------------------------------------------------------------------------
18/144
(1000, 1, 1e-07, 1e-07)
val_acc_mean = 0.9849421296296296
time: 1140.5090708732605
-------------------------------------------------------------------------
19/144
(1000, 0.1, 0.001, 0.001)
val_acc_mean = 0.8477314814814815
time: 1144.8392267227173
-------------------------------------------------------------------------
20/144
(1000, 0.1, 0.001, 1e-05)
val_acc_mean = 0.8506597222222222
time: 1159.1808972358704
-------------------------------------------------------------------------
21/144
(1000, 0.1, 0.001, 1e-07)
val_acc_mean = 0.8486111111111112
time: 1149.1139135360718
-------------------------------------------------------------------------
22/144
(1000, 0.1, 1e-05, 0.001)
val_acc_mean = 0.9545370370370371
time: 1124.7659730911255
-------------------------------------------------------------------------
23/144
(1000, 0.1, 1e-05, 1e-05)
val_acc_mean = 0.9697685185185184
time: 1135.6966240406036
-------------------------------------------------------------------------
24/144
(1000, 0.1, 1e-05, 1e-07)
val_acc_mean = 0.9697222222222223
time: 1132.3488161563873
-------------------------------------------------------------------------
25/144
(1000, 0.1, 1e-07, 0.001)
val_acc_mean = 0.9560416666666667
time: 1146.5318336486816
-------------------------------------------------------------------------
26/144
(1000, 0.1, 1e-07, 1e-05)
val_acc_mean = 0.9738425925925925
time: 1150.1645357608795
-------------------------------------------------------------------------
27/144
(1000, 0.1, 1e-07, 1e-07)
val_acc_mean = 0.9737731481481482
time: 1144.4786779880524
-------------------------------------------------------------------------
28/144
(1000, 0.01, 0.001, 0.001)
val_acc_mean = 0.8487152777777778
time: 1164.9014520645142
-------------------------------------------------------------------------
29/144
(1000, 0.01, 0.001, 1e-05)
val_acc_mean = 0.8387499999999999
time: 1152.3201715946198
-------------------------------------------------------------------------
30/144
(1000, 0.01, 0.001, 1e-07)
val_acc_mean = 0.8373263888888889
time: 1149.9013693332672
-------------------------------------------------------------------------
31/144
(1000, 0.01, 1e-05, 0.001)
val_acc_mean = 0.9183564814814815
time: 1139.7343962192535
-------------------------------------------------------------------------
32/144
(1000, 0.01, 1e-05, 1e-05)
val_acc_mean = 0.9016203703703705
time: 1142.2308745384216
-------------------------------------------------------------------------
33/144
(1000, 0.01, 1e-05, 1e-07)
val_acc_mean = 0.9002546296296297
time: 1149.8010609149933
-------------------------------------------------------------------------
34/144
(1000, 0.01, 1e-07, 0.001)
val_acc_mean = 0.9176851851851853
time: 1130.3099420070648
-------------------------------------------------------------------------
35/144
(1000, 0.01, 1e-07, 1e-05)
val_acc_mean = 0.9019791666666667
time: 1148.4467942714691
-------------------------------------------------------------------------
36/144
(1000, 0.01, 1e-07, 1e-07)
val_acc_mean = 0.9005208333333334
time: 1148.937869310379
-------------------------------------------------------------------------
37/144
(3000, 2, 0.001, 0.001)
val_acc_mean = 0.4712037037037037
time: 1144.364398241043
-------------------------------------------------------------------------
38/144
(3000, 2, 0.001, 1e-05)
val_acc_mean = 0.6342592592592593
time: 1153.686844110489
-------------------------------------------------------------------------
39/144
(3000, 2, 0.001, 1e-07)
val_acc_mean = 0.6463773148148148
time: 1080.8377878665924
-------------------------------------------------------------------------
40/144
(3000, 2, 1e-05, 0.001)
val_acc_mean = 0.9220949074074074
time: 1071.7367725372314
-------------------------------------------------------------------------
41/144
(3000, 2, 1e-05, 1e-05)
val_acc_mean = 0.9508564814814815
time: 1072.825632095337
-------------------------------------------------------------------------
42/144
(3000, 2, 1e-05, 1e-07)
val_acc_mean = 0.9459722222222222
time: 1080.072293996811
-------------------------------------------------------------------------
43/144
(3000, 2, 1e-07, 0.001)
val_acc_mean = 0.9620138888888888
time: 1078.7616329193115
-------------------------------------------------------------------------
44/144
(3000, 2, 1e-07, 1e-05)
val_acc_mean = 0.9841203703703704
time: 1076.2743887901306
-------------------------------------------------------------------------
45/144
(3000, 2, 1e-07, 1e-07)
val_acc_mean = 0.9844444444444445
time: 1067.9216282367706
-------------------------------------------------------------------------
46/144
(3000, 1, 0.001, 0.001)
val_acc_mean = 0.7461111111111112
time: 1066.7249488830566
-------------------------------------------------------------------------
47/144
(3000, 1, 0.001, 1e-05)
val_acc_mean = 0.7516666666666667
time: 1082.9021043777466
-------------------------------------------------------------------------
48/144
(3000, 1, 0.001, 1e-07)
val_acc_mean = 0.7511921296296296
time: 1073.404792547226
-------------------------------------------------------------------------
49/144
(3000, 1, 1e-05, 0.001)
val_acc_mean = 0.937349537037037
time: 1084.5150151252747
-------------------------------------------------------------------------
50/144
(3000, 1, 1e-05, 1e-05)
val_acc_mean = 0.965486111111111
time: 1072.9997136592865
-------------------------------------------------------------------------
51/144
(3000, 1, 1e-05, 1e-07)
val_acc_mean = 0.9658680555555555
time: 1077.1833653450012
-------------------------------------------------------------------------
52/144
(3000, 1, 1e-07, 0.001)
val_acc_mean = 0.9583101851851851
time: 1077.136911392212
-------------------------------------------------------------------------
53/144
(3000, 1, 1e-07, 1e-05)
val_acc_mean = 0.985335648148148
time: 1068.303611278534
-------------------------------------------------------------------------
54/144
(3000, 1, 1e-07, 1e-07)
val_acc_mean = 0.985613425925926
time: 1084.0061864852905
-------------------------------------------------------------------------
55/144
(3000, 0.1, 0.001, 0.001)
val_acc_mean = 0.8500347222222222
time: 1073.359935760498
-------------------------------------------------------------------------
56/144
(3000, 0.1, 0.001, 1e-05)
val_acc_mean = 0.8488541666666667
time: 1076.5898904800415
-------------------------------------------------------------------------
57/144
(3000, 0.1, 0.001, 1e-07)
val_acc_mean = 0.8508912037037037
time: 1072.3113377094269
-------------------------------------------------------------------------
58/144
(3000, 0.1, 1e-05, 0.001)
val_acc_mean = 0.9659027777777777
time: 1086.6631190776825
-------------------------------------------------------------------------
59/144
(3000, 0.1, 1e-05, 1e-05)
val_acc_mean = 0.9712268518518519
time: 1065.2412390708923
-------------------------------------------------------------------------
60/144
(3000, 0.1, 1e-05, 1e-07)
val_acc_mean = 0.970474537037037
time: 1068.980139017105
-------------------------------------------------------------------------
61/144
(3000, 0.1, 1e-07, 0.001)
val_acc_mean = 0.9676736111111112
time: 1068.8739709854126
-------------------------------------------------------------------------
62/144
(3000, 0.1, 1e-07, 1e-05)
val_acc_mean = 0.9746875000000002
time: 1077.4354939460754
-------------------------------------------------------------------------
63/144
(3000, 0.1, 1e-07, 1e-07)
val_acc_mean = 0.9737731481481482
time: 1074.574944972992
-------------------------------------------------------------------------
64/144
(3000, 0.01, 0.001, 0.001)
val_acc_mean = 0.8505902777777777
time: 1068.0567984580994
-------------------------------------------------------------------------
65/144
(3000, 0.01, 0.001, 1e-05)
val_acc_mean = 0.8373263888888889
time: 1075.1246275901794
-------------------------------------------------------------------------
66/144
(3000, 0.01, 0.001, 1e-07)
val_acc_mean = 0.8375231481481482
time: 1068.9556262493134
-------------------------------------------------------------------------
67/144
(3000, 0.01, 1e-05, 0.001)
val_acc_mean = 0.9211111111111112
time: 1082.3688147068024
-------------------------------------------------------------------------
68/144
(3000, 0.01, 1e-05, 1e-05)
val_acc_mean = 0.9028703703703703
time: 1077.8254539966583
-------------------------------------------------------------------------
69/144
(3000, 0.01, 1e-05, 1e-07)
val_acc_mean = 0.9003009259259258
time: 1076.4950387477875
-------------------------------------------------------------------------
70/144
(3000, 0.01, 1e-07, 0.001)
val_acc_mean = 0.921712962962963
time: 1053.6143066883087
-------------------------------------------------------------------------
71/144
(3000, 0.01, 1e-07, 1e-05)
val_acc_mean = 0.9032870370370372
time: 1055.3822469711304
-------------------------------------------------------------------------
72/144
(3000, 0.01, 1e-07, 1e-07)
val_acc_mean = 0.9002083333333333
time: 1054.8162205219269
-------------------------------------------------------------------------
73/144
(5000, 2, 0.001, 0.001)
val_acc_mean = 0.6536342592592592
time: 1056.8001296520233
-------------------------------------------------------------------------
74/144
(5000, 2, 0.001, 1e-05)
val_acc_mean = 0.6189814814814815
time: 1044.569658756256
-------------------------------------------------------------------------
75/144
(5000, 2, 0.001, 1e-07)
val_acc_mean = 0.6670486111111111
time: 1052.1323018074036
-------------------------------------------------------------------------
76/144
(5000, 2, 1e-05, 0.001)
val_acc_mean = 0.8161574074074075
time: 1055.8198864459991
-------------------------------------------------------------------------
77/144
(5000, 2, 1e-05, 1e-05)
val_acc_mean = 0.9497800925925926
time: 1057.5263214111328
-------------------------------------------------------------------------
78/144
(5000, 2, 1e-05, 1e-07)
val_acc_mean = 0.9484143518518519
time: 1044.156268119812
-------------------------------------------------------------------------
79/144
(5000, 2, 1e-07, 0.001)
val_acc_mean = 0.9656365740740741
time: 1043.701277256012
-------------------------------------------------------------------------
80/144
(5000, 2, 1e-07, 1e-05)
val_acc_mean = 0.9819212962962963
time: 1052.6470801830292
-------------------------------------------------------------------------
81/144
(5000, 2, 1e-07, 1e-07)
val_acc_mean = 0.9856134259259258
time: 1054.4022057056427
-------------------------------------------------------------------------
82/144
(5000, 1, 0.001, 0.001)
val_acc_mean = 0.7435532407407408
time: 1049.0286021232605
-------------------------------------------------------------------------
83/144
(5000, 1, 0.001, 1e-05)
val_acc_mean = 0.7445486111111111
time: 1049.2831375598907
-------------------------------------------------------------------------
84/144
(5000, 1, 0.001, 1e-07)
val_acc_mean = 0.7492361111111111
time: 1057.170577764511
-------------------------------------------------------------------------
85/144
(5000, 1, 1e-05, 0.001)
val_acc_mean = 0.9360416666666668
time: 1059.5115218162537
-------------------------------------------------------------------------
86/144
(5000, 1, 1e-05, 1e-05)
val_acc_mean = 0.9658333333333333
time: 1047.8406188488007
-------------------------------------------------------------------------
87/144
(5000, 1, 1e-05, 1e-07)
val_acc_mean = 0.9657060185185186
time: 1062.7889370918274
-------------------------------------------------------------------------
88/144
(5000, 1, 1e-07, 0.001)
val_acc_mean = 0.9639004629629631
time: 1062.0007483959198
-------------------------------------------------------------------------
89/144
(5000, 1, 1e-07, 1e-05)
val_acc_mean = 0.9858449074074074
time: 1053.879618883133
-------------------------------------------------------------------------
90/144
(5000, 1, 1e-07, 1e-07)
val_acc_mean = 0.9861342592592592
time: 1064.6494109630585
-------------------------------------------------------------------------
91/144
(5000, 0.1, 0.001, 0.001)
val_acc_mean = 0.8517708333333334
time: 1054.0891454219818
-------------------------------------------------------------------------
92/144
(5000, 0.1, 0.001, 1e-05)
val_acc_mean = 0.849861111111111
time: 1042.944611787796
-------------------------------------------------------------------------
93/144
(5000, 0.1, 0.001, 1e-07)
val_acc_mean = 0.851087962962963
time: 1047.7473781108856
-------------------------------------------------------------------------
94/144
(5000, 0.1, 1e-05, 0.001)
val_acc_mean = 0.9673726851851852
time: 1054.4085755348206
-------------------------------------------------------------------------
95/144
(5000, 0.1, 1e-05, 1e-05)
val_acc_mean = 0.9709953703703704
time: 1043.3767611980438
-------------------------------------------------------------------------
96/144
(5000, 0.1, 1e-05, 1e-07)
val_acc_mean = 0.9705092592592592
time: 1059.4811375141144
-------------------------------------------------------------------------
97/144
(5000, 0.1, 1e-07, 0.001)
val_acc_mean = 0.9708680555555554
time: 1052.9272537231445
-------------------------------------------------------------------------
98/144
(5000, 0.1, 1e-07, 1e-05)
val_acc_mean = 0.9746296296296295
time: 1044.3710815906525
-------------------------------------------------------------------------
99/144
(5000, 0.1, 1e-07, 1e-07)
val_acc_mean = 0.9749537037037037
time: 1048.0076549053192
-------------------------------------------------------------------------
100/144
(5000, 0.01, 0.001, 0.001)
val_acc_mean = 0.8514814814814814
time: 1050.5687894821167
-------------------------------------------------------------------------
101/144
(5000, 0.01, 0.001, 1e-05)
val_acc_mean = 0.8383449074074074
time: 1051.8726682662964
-------------------------------------------------------------------------
102/144
(5000, 0.01, 0.001, 1e-07)
val_acc_mean = 0.8389583333333335
time: 1041.4208171367645
-------------------------------------------------------------------------
103/144
(5000, 0.01, 1e-05, 0.001)
val_acc_mean = 0.9216550925925926
time: 1052.8376846313477
-------------------------------------------------------------------------
104/144
(5000, 0.01, 1e-05, 1e-05)
val_acc_mean = 0.9016087962962963
time: 1054.6928143501282
-------------------------------------------------------------------------
105/144
(5000, 0.01, 1e-05, 1e-07)
val_acc_mean = 0.9008333333333333
time: 1040.2958588600159
-------------------------------------------------------------------------
106/144
(5000, 0.01, 1e-07, 0.001)
val_acc_mean = 0.9234259259259259
time: 1041.6751191616058
-------------------------------------------------------------------------
107/144
(5000, 0.01, 1e-07, 1e-05)
val_acc_mean = 0.9011805555555554
time: 1055.2547898292542
-------------------------------------------------------------------------
108/144
(5000, 0.01, 1e-07, 1e-07)
val_acc_mean = 0.9014583333333333
time: 1051.8951122760773
-------------------------------------------------------------------------
109/144
(7000, 2, 0.001, 0.001)
val_acc_mean = 0.5237499999999999
time: 1058.9723031520844
-------------------------------------------------------------------------
110/144
(7000, 2, 0.001, 1e-05)
val_acc_mean = 0.6267476851851852
time: 1057.4369246959686
-------------------------------------------------------------------------
111/144
(7000, 2, 0.001, 1e-07)
val_acc_mean = 0.6608680555555556
time: 1061.5163478851318
-------------------------------------------------------------------------
112/144
(7000, 2, 1e-05, 0.001)
val_acc_mean = 0.9335648148148149
time: 1061.0739114284515
-------------------------------------------------------------------------
113/144
(7000, 2, 1e-05, 1e-05)
val_acc_mean = 0.9425347222222223
time: 1056.4703319072723
-------------------------------------------------------------------------
114/144
(7000, 2, 1e-05, 1e-07)
val_acc_mean = 0.9518402777777778
time: 1057.865153312683
-------------------------------------------------------------------------
115/144
(7000, 2, 1e-07, 0.001)
val_acc_mean = 0.967662037037037
time: 1059.9324593544006
-------------------------------------------------------------------------
116/144
(7000, 2, 1e-07, 1e-05)
val_acc_mean = 0.9773958333333332
time: 1058.7940282821655
-------------------------------------------------------------------------
117/144
(7000, 2, 1e-07, 1e-07)
val_acc_mean = 0.9816087962962964
time: 1064.1070697307587
-------------------------------------------------------------------------
118/144
(7000, 1, 0.001, 0.001)
val_acc_mean = 0.742824074074074
time: 1064.0438196659088
-------------------------------------------------------------------------
119/144
(7000, 1, 0.001, 1e-05)
val_acc_mean = 0.7517592592592592
time: 1045.0659458637238
-------------------------------------------------------------------------
120/144
(7000, 1, 0.001, 1e-07)
val_acc_mean = 0.7543402777777779
time: 1053.5326735973358
-------------------------------------------------------------------------
121/144
(7000, 1, 1e-05, 0.001)
val_acc_mean = 0.946585648148148
time: 1052.424991607666
-------------------------------------------------------------------------
122/144
(7000, 1, 1e-05, 1e-05)
val_acc_mean = 0.965127314814815
time: 1049.7083539962769
-------------------------------------------------------------------------
123/144
(7000, 1, 1e-05, 1e-07)
val_acc_mean = 0.9665162037037037
time: 1041.2422120571136
-------------------------------------------------------------------------
124/144
(7000, 1, 1e-07, 0.001)
val_acc_mean = 0.9637615740740741
time: 1047.6461386680603
-------------------------------------------------------------------------
125/144
(7000, 1, 1e-07, 1e-05)
val_acc_mean = 0.9857291666666665
time: 1052.1572585105896
-------------------------------------------------------------------------
126/144
(7000, 1, 1e-07, 1e-07)
val_acc_mean = 0.9841087962962962
time: 1041.699891090393
-------------------------------------------------------------------------
127/144
(7000, 0.1, 0.001, 0.001)
val_acc_mean = 0.8517939814814814
time: 1055.3557369709015
-------------------------------------------------------------------------
128/144
(7000, 0.1, 0.001, 1e-05)
val_acc_mean = 0.8509837962962962
time: 1060.0920507907867
-------------------------------------------------------------------------
129/144
(7000, 0.1, 0.001, 1e-07)
val_acc_mean = 0.8488078703703703
time: 1045.0157723426819
-------------------------------------------------------------------------
130/144
(7000, 0.1, 1e-05, 0.001)
val_acc_mean = 0.9696527777777778
time: 1050.7422907352448
-------------------------------------------------------------------------
131/144
(7000, 0.1, 1e-05, 1e-05)
val_acc_mean = 0.9707638888888889
time: 1040.659963130951
-------------------------------------------------------------------------
132/144
(7000, 0.1, 1e-05, 1e-07)
val_acc_mean = 0.9709143518518519
time: 1054.8838968276978
-------------------------------------------------------------------------
133/144
(7000, 0.1, 1e-07, 0.001)
val_acc_mean = 0.9729745370370371
time: 1049.95010304451
-------------------------------------------------------------------------
134/144
(7000, 0.1, 1e-07, 1e-05)
val_acc_mean = 0.9746296296296297
time: 1045.0749878883362
-------------------------------------------------------------------------
135/144
(7000, 0.1, 1e-07, 1e-07)
val_acc_mean = 0.9742939814814815
time: 1054.7139196395874
-------------------------------------------------------------------------
136/144
(7000, 0.01, 0.001, 0.001)
val_acc_mean = 0.8522453703703704
time: 1049.6213386058807
-------------------------------------------------------------------------
137/144
(7000, 0.01, 0.001, 1e-05)
val_acc_mean = 0.8378240740740741
time: 1053.9503691196442
-------------------------------------------------------------------------
138/144
(7000, 0.01, 0.001, 1e-07)
val_acc_mean = 0.8379050925925926
time: 1042.2784876823425
-------------------------------------------------------------------------
139/144
(7000, 0.01, 1e-05, 0.001)
val_acc_mean = 0.9230208333333334
time: 1045.7845947742462
-------------------------------------------------------------------------
140/144
(7000, 0.01, 1e-05, 1e-05)
val_acc_mean = 0.9010532407407407
time: 1056.2899987697601
-------------------------------------------------------------------------
141/144
(7000, 0.01, 1e-05, 1e-07)
val_acc_mean = 0.9011226851851852
time: 1048.6847064495087
-------------------------------------------------------------------------
142/144
(7000, 0.01, 1e-07, 0.001)
val_acc_mean = 0.923599537037037
time: 1048.0380477905273
-------------------------------------------------------------------------
143/144
(7000, 0.01, 1e-07, 1e-05)
val_acc_mean = 0.9023726851851851
time: 1054.4076902866364
-------------------------------------------------------------------------
144/144
(7000, 0.01, 1e-07, 1e-07)
val_acc_mean = 0.9006828703703704
time: 1041.376256942749
-------------------------------------------------------------------------
best param
(5000, 1, 1e-07, 1e-07)
max_val_acc = 0.9861342592592592
