nn_ntk_kfold_gs.py start!
1/48
(1000, 1, 0.001)
val_acc_mean = 0.11236666666666668
time: 647.1640248298645
-------------------------------------------------------------------------
2/48
(1000, 1, 1e-05)
val_acc_mean = 0.09035
time: 640.74161195755
-------------------------------------------------------------------------
3/48
(1000, 1, 1e-07)
val_acc_mean = 0.26905000000000007
time: 645.6006405353546
-------------------------------------------------------------------------
4/48
(1000, 0.1, 0.001)
val_acc_mean = 0.9782833333333333
time: 646.3105583190918
-------------------------------------------------------------------------
5/48
(1000, 0.1, 1e-05)
val_acc_mean = 0.9958
time: 645.8238744735718
-------------------------------------------------------------------------
6/48
(1000, 0.1, 1e-07)
val_acc_mean = 0.9959166666666667
time: 646.935117483139
-------------------------------------------------------------------------
7/48
(1000, 0.01, 0.001)
val_acc_mean = 0.9788166666666666
time: 648.4012999534607
-------------------------------------------------------------------------
8/48
(1000, 0.01, 1e-05)
val_acc_mean = 0.9916333333333334
time: 643.0491156578064
-------------------------------------------------------------------------
9/48
(1000, 0.01, 1e-07)
val_acc_mean = 0.9925500000000002
time: 653.5680830478668
-------------------------------------------------------------------------
10/48
(1000, 0.001, 0.001)
val_acc_mean = 0.9510166666666666
time: 647.6250829696655
-------------------------------------------------------------------------
11/48
(1000, 0.001, 1e-05)
val_acc_mean = 0.9555333333333333
time: 654.4448034763336
-------------------------------------------------------------------------
12/48
(1000, 0.001, 1e-07)
val_acc_mean = 0.9559833333333334
time: 647.9431471824646
-------------------------------------------------------------------------
13/48
(3000, 1, 0.001)
val_acc_mean = 0.11236666666666666
time: 652.6122150421143
-------------------------------------------------------------------------
14/48
(3000, 1, 1e-05)
val_acc_mean = 0.2685666666666667
time: 658.9686374664307
-------------------------------------------------------------------------
15/48
(3000, 1, 1e-07)
val_acc_mean = 0.09035
time: 669.4389200210571
-------------------------------------------------------------------------
16/48
(3000, 0.1, 0.001)
val_acc_mean = 0.9780999999999999
time: 667.8414905071259
-------------------------------------------------------------------------
17/48
(3000, 0.1, 1e-05)
val_acc_mean = 0.9958666666666666
time: 667.8022158145905
-------------------------------------------------------------------------
18/48
(3000, 0.1, 1e-07)
val_acc_mean = 0.9963333333333333
time: 665.8544483184814
-------------------------------------------------------------------------
19/48
(3000, 0.01, 0.001)
val_acc_mean = 0.9792833333333334
time: 677.4777071475983
-------------------------------------------------------------------------
20/48
(3000, 0.01, 1e-05)
val_acc_mean = 0.9920166666666667
time: 665.4299755096436
-------------------------------------------------------------------------
21/48
(3000, 0.01, 1e-07)
val_acc_mean = 0.9921666666666666
time: 672.5577113628387
-------------------------------------------------------------------------
22/48
(3000, 0.001, 0.001)
val_acc_mean = 0.95185
time: 670.2794122695923
-------------------------------------------------------------------------
23/48
(3000, 0.001, 1e-05)
val_acc_mean = 0.95625
time: 674.3152627944946
-------------------------------------------------------------------------
24/48
(3000, 0.001, 1e-07)
val_acc_mean = 0.95645
time: 669.2913792133331
-------------------------------------------------------------------------
25/48
(5000, 1, 0.001)
val_acc_mean = 0.11236666666666666
time: 865.4486162662506
-------------------------------------------------------------------------
26/48
(5000, 1, 1e-05)
val_acc_mean = 0.09035
time: 864.5751330852509
-------------------------------------------------------------------------
27/48
(5000, 1, 1e-07)
val_acc_mean = 0.2690666666666667
time: 860.8047018051147
-------------------------------------------------------------------------
28/48
(5000, 0.1, 0.001)
val_acc_mean = 0.9786333333333334
time: 870.6034846305847
-------------------------------------------------------------------------
29/48
(5000, 0.1, 1e-05)
val_acc_mean = 0.9960000000000001
time: 871.1627006530762
-------------------------------------------------------------------------
30/48
(5000, 0.1, 1e-07)
val_acc_mean = 0.99605
time: 869.0065701007843
-------------------------------------------------------------------------
31/48
(5000, 0.01, 0.001)
val_acc_mean = 0.9794
time: 870.6578929424286
-------------------------------------------------------------------------
32/48
(5000, 0.01, 1e-05)
val_acc_mean = 0.9930666666666668
time: 874.0861675739288
-------------------------------------------------------------------------
33/48
(5000, 0.01, 1e-07)
val_acc_mean = 0.9924833333333332
time: 869.5559759140015
-------------------------------------------------------------------------
34/48
(5000, 0.001, 0.001)
val_acc_mean = 0.9517166666666667
time: 868.7877674102783
-------------------------------------------------------------------------
35/48
(5000, 0.001, 1e-05)
val_acc_mean = 0.9564333333333332
time: 870.5387563705444
-------------------------------------------------------------------------
36/48
(5000, 0.001, 1e-07)
val_acc_mean = 0.9569000000000001
time: 869.0892279148102
-------------------------------------------------------------------------
37/48
(7000, 1, 0.001)
val_acc_mean = 0.09035
time: 1463.674021244049
-------------------------------------------------------------------------
38/48
(7000, 1, 1e-05)
val_acc_mean = 0.26975
time: 1463.97820186615
-------------------------------------------------------------------------
39/48
(7000, 1, 1e-07)
val_acc_mean = 0.269
time: 1465.2055859565735
-------------------------------------------------------------------------
40/48
(7000, 0.1, 0.001)
val_acc_mean = 0.9787833333333333
time: 1476.70645403862
-------------------------------------------------------------------------
41/48
(7000, 0.1, 1e-05)
val_acc_mean = 0.9958666666666666
time: 1474.960228919983
-------------------------------------------------------------------------
42/48
(7000, 0.1, 1e-07)
val_acc_mean = 0.9960000000000001
time: 1487.666550397873
-------------------------------------------------------------------------
43/48
(7000, 0.01, 0.001)
val_acc_mean = 0.9790333333333333
time: 1477.1863272190094
-------------------------------------------------------------------------
44/48
(7000, 0.01, 1e-05)
val_acc_mean = 0.9923
time: 1476.5479233264923
-------------------------------------------------------------------------
45/48
(7000, 0.01, 1e-07)
val_acc_mean = 0.9923333333333334
time: 1478.194051027298
-------------------------------------------------------------------------
46/48
(7000, 0.001, 0.001)
val_acc_mean = 0.9517166666666667
time: 1487.5093641281128
-------------------------------------------------------------------------
47/48
(7000, 0.001, 1e-05)
val_acc_mean = 0.9572666666666667
time: 1492.0540144443512
-------------------------------------------------------------------------
48/48
(7000, 0.001, 1e-07)
val_acc_mean = 0.9566166666666668
time: 1512.845321893692
-------------------------------------------------------------------------
best param
(7000, 1, 1e-05)
max_val_acc = 0.26975
(3000, 0.1, 1e-07)
max_val_acc = 0.9963333333333333
(5000, 0.01, 1e-05)
max_val_acc = 0.9930666666666668
(7000, 0.001, 1e-05)
max_val_acc = 0.9572666666666667
