nn_mfld_kfold_gs.py start!
1/108
(1000, 1, 0.001, 0.001)
val_acc_mean = 0.9712942588517703
time: 679.4866778850555
-------------------------------------------------------------------------
2/108
(1000, 1, 0.001, 1e-05)
val_acc_mean = 0.9719143828765754
time: 654.3808858394623
-------------------------------------------------------------------------
3/108
(1000, 1, 0.001, 1e-07)
val_acc_mean = 0.9688937787557512
time: 642.7270812988281
-------------------------------------------------------------------------
4/108
(1000, 1, 1e-05, 0.001)
val_acc_mean = 0.9877175435087017
time: 755.7131531238556
-------------------------------------------------------------------------
5/108
(1000, 1, 1e-05, 1e-05)
val_acc_mean = 0.9895779155831166
time: 655.9030330181122
-------------------------------------------------------------------------
6/108
(1000, 1, 1e-05, 1e-07)
val_acc_mean = 0.9851770354070813
time: 653.7654032707214
-------------------------------------------------------------------------
7/108
(1000, 1, 1e-07, 0.001)
val_acc_mean = 0.9892178435687138
time: 653.5717601776123
-------------------------------------------------------------------------
8/108
(1000, 1, 1e-07, 1e-05)
val_acc_mean = 0.9914782956591317
time: 657.9497020244598
-------------------------------------------------------------------------
9/108
(1000, 1, 1e-07, 1e-07)
val_acc_mean = 0.9905581116223244
time: 666.6003432273865
-------------------------------------------------------------------------
10/108
(1000, 0.1, 0.001, 0.001)
val_acc_mean = 0.9794558911782356
time: 670.1856513023376
-------------------------------------------------------------------------
11/108
(1000, 0.1, 0.001, 1e-05)
val_acc_mean = 0.9779955991198239
time: 670.1457200050354
-------------------------------------------------------------------------
12/108
(1000, 0.1, 0.001, 1e-07)
val_acc_mean = 0.9674334866973394
time: 673.0829906463623
-------------------------------------------------------------------------
13/108
(1000, 0.1, 1e-05, 0.001)
val_acc_mean = 0.9906781356271255
time: 680.7722327709198
-------------------------------------------------------------------------
14/108
(1000, 0.1, 1e-05, 1e-05)
val_acc_mean = 0.988117623524705
time: 681.5763766765594
-------------------------------------------------------------------------
15/108
(1000, 0.1, 1e-05, 1e-07)
val_acc_mean = 0.988117623524705
time: 681.5608613491058
-------------------------------------------------------------------------
16/108
(1000, 0.1, 1e-07, 0.001)
val_acc_mean = 0.9907181436287257
time: 624.47190117836
-------------------------------------------------------------------------
17/108
(1000, 0.1, 1e-07, 1e-05)
val_acc_mean = 0.9888577715543109
time: 590.2790613174438
-------------------------------------------------------------------------
18/108
(1000, 0.1, 1e-07, 1e-07)
val_acc_mean = 0.987757551510302
time: 597.0213687419891
-------------------------------------------------------------------------
19/108
(1000, 0.01, 0.001, 0.001)
val_acc_mean = 0.9760952190438088
time: 597.9338138103485
-------------------------------------------------------------------------
20/108
(1000, 0.01, 0.001, 1e-05)
val_acc_mean = 0.9744148829765953
time: 597.8148453235626
-------------------------------------------------------------------------
21/108
(1000, 0.01, 0.001, 1e-07)
val_acc_mean = 0.974874974994999
time: 597.1546957492828
-------------------------------------------------------------------------
22/108
(1000, 0.01, 1e-05, 0.001)
val_acc_mean = 0.9837167433486698
time: 596.7010035514832
-------------------------------------------------------------------------
23/108
(1000, 0.01, 1e-05, 1e-05)
val_acc_mean = 0.9798559711942388
time: 576.3816876411438
-------------------------------------------------------------------------
24/108
(1000, 0.01, 1e-05, 1e-07)
val_acc_mean = 0.981376275255051
time: 581.7560107707977
-------------------------------------------------------------------------
25/108
(1000, 0.01, 1e-07, 0.001)
val_acc_mean = 0.9833366673334666
time: 596.0311017036438
-------------------------------------------------------------------------
26/108
(1000, 0.01, 1e-07, 1e-05)
val_acc_mean = 0.9813562712542507
time: 597.020539522171
-------------------------------------------------------------------------
27/108
(1000, 0.01, 1e-07, 1e-07)
val_acc_mean = 0.9699539907981597
time: 598.7544023990631
-------------------------------------------------------------------------
28/108
(3000, 1, 0.001, 0.001)
val_acc_mean = 0.9717143428685737
time: 600.799168586731
-------------------------------------------------------------------------
29/108
(3000, 1, 0.001, 1e-05)
val_acc_mean = 0.9695939187837567
time: 596.3767533302307
-------------------------------------------------------------------------
30/108
(3000, 1, 0.001, 1e-07)
val_acc_mean = 0.9713142628525706
time: 594.3805048465729
-------------------------------------------------------------------------
31/108
(3000, 1, 1e-05, 0.001)
val_acc_mean = 0.988137627525505
time: 593.8232593536377
-------------------------------------------------------------------------
32/108
(3000, 1, 1e-05, 1e-05)
val_acc_mean = 0.9890978195639129
time: 593.0729587078094
-------------------------------------------------------------------------
33/108
(3000, 1, 1e-05, 1e-07)
val_acc_mean = 0.9893378675735146
time: 580.7723708152771
-------------------------------------------------------------------------
34/108
(3000, 1, 1e-07, 0.001)
val_acc_mean = 0.9895379075815163
time: 573.0701835155487
-------------------------------------------------------------------------
35/108
(3000, 1, 1e-07, 1e-05)
val_acc_mean = 0.9921384276855371
time: 574.6610524654388
-------------------------------------------------------------------------
36/108
(3000, 1, 1e-07, 1e-07)
val_acc_mean = 0.9906781356271255
time: 574.2456769943237
-------------------------------------------------------------------------
37/108
(3000, 0.1, 0.001, 0.001)
val_acc_mean = 0.9788957791558313
time: 573.5293509960175
-------------------------------------------------------------------------
38/108
(3000, 0.1, 0.001, 1e-05)
val_acc_mean = 0.97749549909982
time: 573.5359575748444
-------------------------------------------------------------------------
39/108
(3000, 0.1, 0.001, 1e-07)
val_acc_mean = 0.9782556511302261
time: 574.6091413497925
-------------------------------------------------------------------------
40/108
(3000, 0.1, 1e-05, 0.001)
val_acc_mean = 0.9913182636527305
time: 573.6079905033112
-------------------------------------------------------------------------
41/108
(3000, 0.1, 1e-05, 1e-05)
val_acc_mean = 0.9897579515903182
time: 573.6759536266327
-------------------------------------------------------------------------
42/108
(3000, 0.1, 1e-05, 1e-07)
val_acc_mean = 0.9883176635327067
time: 574.4252817630768
-------------------------------------------------------------------------
43/108
(3000, 0.1, 1e-07, 0.001)
val_acc_mean = 0.9915383076615323
time: 575.7157237529755
-------------------------------------------------------------------------
44/108
(3000, 0.1, 1e-07, 1e-05)
val_acc_mean = 0.9895379075815164
time: 574.7173337936401
-------------------------------------------------------------------------
45/108
(3000, 0.1, 1e-07, 1e-07)
val_acc_mean = 0.9892578515703141
time: 573.7741007804871
-------------------------------------------------------------------------
46/108
(3000, 0.01, 0.001, 0.001)
val_acc_mean = 0.9764352870574114
time: 574.2882304191589
-------------------------------------------------------------------------
47/108
(3000, 0.01, 0.001, 1e-05)
val_acc_mean = 0.9754550910182036
time: 574.1845827102661
-------------------------------------------------------------------------
48/108
(3000, 0.01, 0.001, 1e-07)
val_acc_mean = 0.9747949589917984
time: 573.7693598270416
-------------------------------------------------------------------------
49/108
(3000, 0.01, 1e-05, 0.001)
val_acc_mean = 0.9830366073214643
time: 574.5101244449615
-------------------------------------------------------------------------
50/108
(3000, 0.01, 1e-05, 1e-05)
val_acc_mean = 0.981356271254251
time: 573.8379304409027
-------------------------------------------------------------------------
51/108
(3000, 0.01, 1e-05, 1e-07)
val_acc_mean = 0.9813362672534506
time: 573.8739647865295
-------------------------------------------------------------------------
52/108
(3000, 0.01, 1e-07, 0.001)
val_acc_mean = 0.9836767353470695
time: 574.6404016017914
-------------------------------------------------------------------------
53/108
(3000, 0.01, 1e-07, 1e-05)
val_acc_mean = 0.9802960592118424
time: 574.62775182724
-------------------------------------------------------------------------
54/108
(3000, 0.01, 1e-07, 1e-07)
val_acc_mean = 0.981876375275055
time: 574.7068526744843
-------------------------------------------------------------------------
55/108
(5000, 1, 0.001, 0.001)
val_acc_mean = 0.9695339067813562
time: 574.9493231773376
-------------------------------------------------------------------------
56/108
(5000, 1, 0.001, 1e-05)
val_acc_mean = 0.9710942188437688
time: 575.5259025096893
-------------------------------------------------------------------------
57/108
(5000, 1, 0.001, 1e-07)
val_acc_mean = 0.9698139627925585
time: 573.0514883995056
-------------------------------------------------------------------------
58/108
(5000, 1, 1e-05, 0.001)
val_acc_mean = 0.9885777155431086
time: 572.6586294174194
-------------------------------------------------------------------------
59/108
(5000, 1, 1e-05, 1e-05)
val_acc_mean = 0.9900380076015203
time: 572.9341325759888
-------------------------------------------------------------------------
60/108
(5000, 1, 1e-05, 1e-07)
val_acc_mean = 0.9892378475695139
time: 572.1266567707062
-------------------------------------------------------------------------
61/108
(5000, 1, 1e-07, 0.001)
val_acc_mean = 0.9894378875775155
time: 572.8226022720337
-------------------------------------------------------------------------
62/108
(5000, 1, 1e-07, 1e-05)
val_acc_mean = 0.9922584516903381
time: 571.6750741004944
-------------------------------------------------------------------------
63/108
(5000, 1, 1e-07, 1e-07)
val_acc_mean = 0.9909181836367275
time: 572.928365945816
-------------------------------------------------------------------------
64/108
(5000, 0.1, 0.001, 0.001)
val_acc_mean = 0.9792358471694339
time: 572.8184094429016
-------------------------------------------------------------------------
65/108
(5000, 0.1, 0.001, 1e-05)
val_acc_mean = 0.9786757351470294
time: 572.1297647953033
-------------------------------------------------------------------------
66/108
(5000, 0.1, 0.001, 1e-07)
val_acc_mean = 0.9784156831366273
time: 577.8491706848145
-------------------------------------------------------------------------
67/108
(5000, 0.1, 1e-05, 0.001)
val_acc_mean = 0.991758351670334
time: 585.4492263793945
-------------------------------------------------------------------------
68/108
(5000, 0.1, 1e-05, 1e-05)
val_acc_mean = 0.9895779155831166
time: 585.335419178009
-------------------------------------------------------------------------
69/108
(5000, 0.1, 1e-05, 1e-07)
val_acc_mean = 0.9895979195839167
time: 585.4763658046722
-------------------------------------------------------------------------
70/108
(5000, 0.1, 1e-07, 0.001)
val_acc_mean = 0.9917583516703342
time: 584.8544907569885
-------------------------------------------------------------------------
71/108
(5000, 0.1, 1e-07, 1e-05)
val_acc_mean = 0.9899779955991198
time: 585.8725998401642
-------------------------------------------------------------------------
72/108
(5000, 0.1, 1e-07, 1e-07)
val_acc_mean = 0.9906581316263253
time: 585.0497190952301
-------------------------------------------------------------------------
73/108
(5000, 0.01, 0.001, 0.001)
val_acc_mean = 0.9764552910582116
time: 584.5701906681061
-------------------------------------------------------------------------
74/108
(5000, 0.01, 0.001, 1e-05)
val_acc_mean = 0.9752150430086017
time: 584.8650872707367
-------------------------------------------------------------------------
75/108
(5000, 0.01, 0.001, 1e-07)
val_acc_mean = 0.9750750150030006
time: 585.514847278595
-------------------------------------------------------------------------
76/108
(5000, 0.01, 1e-05, 0.001)
val_acc_mean = 0.9834766953390677
time: 585.3065755367279
-------------------------------------------------------------------------
77/108
(5000, 0.01, 1e-05, 1e-05)
val_acc_mean = 0.981756351270254
time: 585.0321197509766
-------------------------------------------------------------------------
78/108
(5000, 0.01, 1e-05, 1e-07)
val_acc_mean = 0.9821364272854571
time: 584.1782760620117
-------------------------------------------------------------------------
79/108
(5000, 0.01, 1e-07, 0.001)
val_acc_mean = 0.9836967393478696
time: 584.5882880687714
-------------------------------------------------------------------------
80/108
(5000, 0.01, 1e-07, 1e-05)
val_acc_mean = 0.981756351270254
time: 584.4284796714783
-------------------------------------------------------------------------
81/108
(5000, 0.01, 1e-07, 1e-07)
val_acc_mean = 0.980496099219844
time: 585.0266053676605
-------------------------------------------------------------------------
82/108
(7000, 1, 0.001, 0.001)
val_acc_mean = 0.9665333066613323
time: 587.5927295684814
-------------------------------------------------------------------------
83/108
(7000, 1, 0.001, 1e-05)
val_acc_mean = 0.9720744148829766
time: 587.0752990245819
-------------------------------------------------------------------------
84/108
(7000, 1, 0.001, 1e-07)
val_acc_mean = 0.9719143828765754
time: 587.9524841308594
-------------------------------------------------------------------------
85/108
(7000, 1, 1e-05, 0.001)
val_acc_mean = 0.9898979795959193
time: 587.2824335098267
-------------------------------------------------------------------------
86/108
(7000, 1, 1e-05, 1e-05)
val_acc_mean = 0.990758151630326
time: 580.946197271347
-------------------------------------------------------------------------
87/108
(7000, 1, 1e-05, 1e-07)
val_acc_mean = 0.9888177635527106
time: 574.0708210468292
-------------------------------------------------------------------------
88/108
(7000, 1, 1e-07, 0.001)
val_acc_mean = 0.9897379475895178
time: 574.4772090911865
-------------------------------------------------------------------------
89/108
(7000, 1, 1e-07, 1e-05)
val_acc_mean = 0.9919783956791358
time: 586.2999565601349
-------------------------------------------------------------------------
90/108
(7000, 1, 1e-07, 1e-07)
val_acc_mean = 0.990758151630326
time: 588.6990101337433
-------------------------------------------------------------------------
91/108
(7000, 0.1, 0.001, 0.001)
val_acc_mean = 0.9790958191638328
time: 587.3810496330261
-------------------------------------------------------------------------
92/108
(7000, 0.1, 0.001, 1e-05)
val_acc_mean = 0.9781756351270253
time: 587.240471124649
-------------------------------------------------------------------------
93/108
(7000, 0.1, 0.001, 1e-07)
val_acc_mean = 0.9780356071214242
time: 587.5441648960114
-------------------------------------------------------------------------
94/108
(7000, 0.1, 1e-05, 0.001)
val_acc_mean = 0.9915983196639327
time: 586.7011938095093
-------------------------------------------------------------------------
95/108
(7000, 0.1, 1e-05, 1e-05)
val_acc_mean = 0.9902380476095219
time: 586.618390083313
-------------------------------------------------------------------------
96/108
(7000, 0.1, 1e-05, 1e-07)
val_acc_mean = 0.9901780356071214
time: 586.9878268241882
-------------------------------------------------------------------------
97/108
(7000, 0.1, 1e-07, 0.001)
val_acc_mean = 0.9918583716743349
time: 587.057550907135
-------------------------------------------------------------------------
98/108
(7000, 0.1, 1e-07, 1e-05)
val_acc_mean = 0.9901180236047209
time: 586.9700031280518
-------------------------------------------------------------------------
99/108
(7000, 0.1, 1e-07, 1e-07)
val_acc_mean = 0.9905181036207242
time: 589.2790079116821
-------------------------------------------------------------------------
100/108
(7000, 0.01, 0.001, 0.001)
val_acc_mean = 0.9765553110622125
time: 588.5782587528229
-------------------------------------------------------------------------
101/108
(7000, 0.01, 0.001, 1e-05)
val_acc_mean = 0.9759551910382076
time: 578.2758250236511
-------------------------------------------------------------------------
102/108
(7000, 0.01, 0.001, 1e-07)
val_acc_mean = 0.9755751150230045
time: 590.3215754032135
-------------------------------------------------------------------------
103/108
(7000, 0.01, 1e-05, 0.001)
val_acc_mean = 0.9840368073614723
time: 591.7816889286041
-------------------------------------------------------------------------
104/108
(7000, 0.01, 1e-05, 1e-05)
val_acc_mean = 0.9824764952990597
time: 588.4683392047882
-------------------------------------------------------------------------
105/108
(7000, 0.01, 1e-05, 1e-07)
val_acc_mean = 0.9830366073214643
time: 585.737096786499
-------------------------------------------------------------------------
106/108
(7000, 0.01, 1e-07, 0.001)
val_acc_mean = 0.9839967993598722
time: 591.7333364486694
-------------------------------------------------------------------------
107/108
(7000, 0.01, 1e-07, 1e-05)
val_acc_mean = 0.9816563312662531
time: 594.1636605262756
-------------------------------------------------------------------------
108/108
(7000, 0.01, 1e-07, 1e-07)
val_acc_mean = 0.9828565713142627
time: 593.6131892204285
-------------------------------------------------------------------------
best param
(5000, 1, 1e-07, 1e-05)
max_val_acc = 0.9922584516903381
(7000, 0.1, 1e-07, 0.001)
max_val_acc = 0.9918583716743349
(7000, 0.01, 1e-05, 0.001)
max_val_acc = 0.9840368073614723
