nn_mfld_kfold_gs.py start!
1/144
(1000, 2, 0.001, 0.001)
val_acc_mean = 0.37542591649106327
time: 22309.287327051163
-------------------------------------------------------------------------
2/144
(1000, 2, 0.001, 1e-05)
val_acc_mean = 0.5828164537337533
time: 21263.42839241028
-------------------------------------------------------------------------
3/144
(1000, 2, 0.001, 1e-07)
val_acc_mean = 0.6746565856398871
time: 11376.033220767975
-------------------------------------------------------------------------
4/144
(1000, 2, 1e-05, 0.001)
val_acc_mean = 0.8353310967980418
time: 4741.325616598129
-------------------------------------------------------------------------
5/144
(1000, 2, 1e-05, 1e-05)
val_acc_mean = 0.9731878409976616
time: 4802.798406362534
-------------------------------------------------------------------------
6/144
(1000, 2, 1e-05, 1e-07)
val_acc_mean = 0.9708495713172253
time: 7943.401695489883
-------------------------------------------------------------------------
