nn_mfld_kfold_gs.py start!
1/108
(1000, 1, 0.001, 0.001)
val_acc_mean = 0.6473333333333333
time: 208.4490349292755
-------------------------------------------------------------------------
2/108
(1000, 1, 0.001, 1e-05)
val_acc_mean = 0.6728
time: 205.9743196964264
-------------------------------------------------------------------------
3/108
(1000, 1, 0.001, 1e-07)
val_acc_mean = 0.6509333333333334
time: 204.50514554977417
-------------------------------------------------------------------------
4/108
(1000, 1, 1e-05, 0.001)
val_acc_mean = 0.9602666666666668
time: 206.57685112953186
-------------------------------------------------------------------------
5/108
(1000, 1, 1e-05, 1e-05)
val_acc_mean = 0.9598000000000001
time: 199.77243399620056
-------------------------------------------------------------------------
6/108
(1000, 1, 1e-05, 1e-07)
val_acc_mean = 0.9588000000000001
time: 190.57976722717285
-------------------------------------------------------------------------
7/108
(1000, 1, 1e-07, 0.001)
val_acc_mean = 0.9729999999999999
time: 196.7174699306488
-------------------------------------------------------------------------
8/108
(1000, 1, 1e-07, 1e-05)
val_acc_mean = 0.9736666666666667
time: 190.84475302696228
-------------------------------------------------------------------------
9/108
(1000, 1, 1e-07, 1e-07)
val_acc_mean = 0.9700666666666666
time: 191.09550833702087
-------------------------------------------------------------------------
10/108
(1000, 0.1, 0.001, 0.001)
val_acc_mean = 0.7485333333333333
time: 192.5069227218628
-------------------------------------------------------------------------
11/108
(1000, 0.1, 0.001, 1e-05)
val_acc_mean = 0.7469333333333333
time: 191.42393445968628
-------------------------------------------------------------------------
12/108
(1000, 0.1, 0.001, 1e-07)
val_acc_mean = 0.7453999999999998
time: 192.98467302322388
-------------------------------------------------------------------------
13/108
(1000, 0.1, 1e-05, 0.001)
val_acc_mean = 0.8603333333333334
time: 294.6575312614441
-------------------------------------------------------------------------
14/108
(1000, 0.1, 1e-05, 1e-05)
val_acc_mean = 0.8497333333333333
time: 210.74593806266785
-------------------------------------------------------------------------
15/108
(1000, 0.1, 1e-05, 1e-07)
val_acc_mean = 0.8466666666666667
time: 197.87984371185303
-------------------------------------------------------------------------
16/108
(1000, 0.1, 1e-07, 0.001)
val_acc_mean = 0.8603333333333334
time: 197.72135663032532
-------------------------------------------------------------------------
17/108
(1000, 0.1, 1e-07, 1e-05)
val_acc_mean = 0.8487333333333333
time: 195.7235085964203
-------------------------------------------------------------------------
18/108
(1000, 0.1, 1e-07, 1e-07)
val_acc_mean = 0.8507333333333333
time: 196.49937868118286
-------------------------------------------------------------------------
19/108
(1000, 0.01, 0.001, 0.001)
val_acc_mean = 0.5564
time: 196.8460865020752
-------------------------------------------------------------------------
20/108
(1000, 0.01, 0.001, 1e-05)
val_acc_mean = 0.47673333333333334
time: 195.34277176856995
-------------------------------------------------------------------------
21/108
(1000, 0.01, 0.001, 1e-07)
val_acc_mean = 0.4679333333333333
time: 195.5577051639557
-------------------------------------------------------------------------
22/108
(1000, 0.01, 1e-05, 0.001)
val_acc_mean = 0.5902666666666667
time: 197.2419605255127
-------------------------------------------------------------------------
23/108
(1000, 0.01, 1e-05, 1e-05)
val_acc_mean = 0.5034666666666666
time: 197.55959248542786
-------------------------------------------------------------------------
24/108
(1000, 0.01, 1e-05, 1e-07)
val_acc_mean = 0.5134000000000001
time: 197.51609349250793
-------------------------------------------------------------------------
25/108
(1000, 0.01, 1e-07, 0.001)
val_acc_mean = 0.5917999999999999
time: 197.29615712165833
-------------------------------------------------------------------------
26/108
(1000, 0.01, 1e-07, 1e-05)
val_acc_mean = 0.5158666666666666
time: 198.39793705940247
-------------------------------------------------------------------------
27/108
(1000, 0.01, 1e-07, 1e-07)
val_acc_mean = 0.5077333333333333
time: 200.04515719413757
-------------------------------------------------------------------------
28/108
(3000, 1, 0.001, 0.001)
val_acc_mean = 0.6688666666666667
time: 199.8757827281952
-------------------------------------------------------------------------
29/108
(3000, 1, 0.001, 1e-05)
val_acc_mean = 0.6702
time: 201.1318657398224
-------------------------------------------------------------------------
30/108
(3000, 1, 0.001, 1e-07)
val_acc_mean = 0.6408666666666666
time: 200.74328470230103
-------------------------------------------------------------------------
31/108
(3000, 1, 1e-05, 0.001)
val_acc_mean = 0.9614666666666667
time: 200.9359929561615
-------------------------------------------------------------------------
32/108
(3000, 1, 1e-05, 1e-05)
val_acc_mean = 0.9643333333333333
time: 202.369220495224
-------------------------------------------------------------------------
33/108
(3000, 1, 1e-05, 1e-07)
val_acc_mean = 0.9338000000000001
time: 201.42763471603394
-------------------------------------------------------------------------
34/108
(3000, 1, 1e-07, 0.001)
val_acc_mean = 0.9707333333333332
time: 201.01549243927002
-------------------------------------------------------------------------
35/108
(3000, 1, 1e-07, 1e-05)
val_acc_mean = 0.9706666666666667
time: 201.52755403518677
-------------------------------------------------------------------------
36/108
(3000, 1, 1e-07, 1e-07)
val_acc_mean = 0.9722
time: 201.28999614715576
-------------------------------------------------------------------------
37/108
(3000, 0.1, 0.001, 0.001)
val_acc_mean = 0.7546666666666666
time: 201.03752088546753
-------------------------------------------------------------------------
38/108
(3000, 0.1, 0.001, 1e-05)
val_acc_mean = 0.7452
time: 200.94060039520264
-------------------------------------------------------------------------
39/108
(3000, 0.1, 0.001, 1e-07)
val_acc_mean = 0.748
time: 202.4181923866272
-------------------------------------------------------------------------
40/108
(3000, 0.1, 1e-05, 0.001)
val_acc_mean = 0.8593333333333334
time: 203.35172319412231
-------------------------------------------------------------------------
41/108
(3000, 0.1, 1e-05, 1e-05)
val_acc_mean = 0.8481333333333334
time: 203.65045261383057
-------------------------------------------------------------------------
42/108
(3000, 0.1, 1e-05, 1e-07)
val_acc_mean = 0.8503999999999999
time: 204.65096259117126
-------------------------------------------------------------------------
43/108
(3000, 0.1, 1e-07, 0.001)
val_acc_mean = 0.8618
time: 205.50114107131958
-------------------------------------------------------------------------
44/108
(3000, 0.1, 1e-07, 1e-05)
val_acc_mean = 0.8534666666666666
time: 204.37993025779724
-------------------------------------------------------------------------
45/108
(3000, 0.1, 1e-07, 1e-07)
val_acc_mean = 0.8510666666666667
time: 204.41977047920227
-------------------------------------------------------------------------
46/108
(3000, 0.01, 0.001, 0.001)
val_acc_mean = 0.5532666666666667
time: 205.65340089797974
-------------------------------------------------------------------------
47/108
(3000, 0.01, 0.001, 1e-05)
val_acc_mean = 0.4754666666666666
time: 205.13402581214905
-------------------------------------------------------------------------
48/108
(3000, 0.01, 0.001, 1e-07)
val_acc_mean = 0.4722666666666666
time: 204.35188937187195
-------------------------------------------------------------------------
49/108
(3000, 0.01, 1e-05, 0.001)
val_acc_mean = 0.5942000000000001
time: 204.7599582672119
-------------------------------------------------------------------------
50/108
(3000, 0.01, 1e-05, 1e-05)
val_acc_mean = 0.5118
time: 204.22153735160828
-------------------------------------------------------------------------
51/108
(3000, 0.01, 1e-05, 1e-07)
val_acc_mean = 0.5108666666666666
time: 203.15449213981628
-------------------------------------------------------------------------
52/108
(3000, 0.01, 1e-07, 0.001)
val_acc_mean = 0.5906
time: 183.10896468162537
-------------------------------------------------------------------------
53/108
(3000, 0.01, 1e-07, 1e-05)
val_acc_mean = 0.5090666666666668
time: 172.8905177116394
-------------------------------------------------------------------------
54/108
(3000, 0.01, 1e-07, 1e-07)
val_acc_mean = 0.5045333333333334
time: 172.93145322799683
-------------------------------------------------------------------------
55/108
(5000, 1, 0.001, 0.001)
val_acc_mean = 0.6859333333333333
time: 178.60000681877136
-------------------------------------------------------------------------
56/108
(5000, 1, 0.001, 1e-05)
val_acc_mean = 0.6506666666666667
time: 180.38812017440796
-------------------------------------------------------------------------
57/108
(5000, 1, 0.001, 1e-07)
val_acc_mean = 0.6613333333333333
time: 179.75988006591797
-------------------------------------------------------------------------
58/108
(5000, 1, 1e-05, 0.001)
val_acc_mean = 0.9656
time: 180.41042470932007
-------------------------------------------------------------------------
59/108
(5000, 1, 1e-05, 1e-05)
val_acc_mean = 0.9648666666666668
time: 179.71498703956604
-------------------------------------------------------------------------
60/108
(5000, 1, 1e-05, 1e-07)
val_acc_mean = 0.9618
time: 180.28441166877747
-------------------------------------------------------------------------
61/108
(5000, 1, 1e-07, 0.001)
val_acc_mean = 0.9677333333333333
time: 179.88235759735107
-------------------------------------------------------------------------
62/108
(5000, 1, 1e-07, 1e-05)
val_acc_mean = 0.9734
time: 180.2820680141449
-------------------------------------------------------------------------
63/108
(5000, 1, 1e-07, 1e-07)
val_acc_mean = 0.9711333333333334
time: 180.9780397415161
-------------------------------------------------------------------------
64/108
(5000, 0.1, 0.001, 0.001)
val_acc_mean = 0.7544666666666667
time: 179.87993669509888
-------------------------------------------------------------------------
65/108
(5000, 0.1, 0.001, 1e-05)
val_acc_mean = 0.7447333333333332
time: 180.52679753303528
-------------------------------------------------------------------------
66/108
(5000, 0.1, 0.001, 1e-07)
val_acc_mean = 0.7453333333333334
time: 181.15370869636536
-------------------------------------------------------------------------
67/108
(5000, 0.1, 1e-05, 0.001)
val_acc_mean = 0.8588000000000001
time: 180.3256549835205
-------------------------------------------------------------------------
68/108
(5000, 0.1, 1e-05, 1e-05)
val_acc_mean = 0.8492
time: 180.35802483558655
-------------------------------------------------------------------------
69/108
(5000, 0.1, 1e-05, 1e-07)
val_acc_mean = 0.8476666666666667
time: 179.84718346595764
-------------------------------------------------------------------------
70/108
(5000, 0.1, 1e-07, 0.001)
val_acc_mean = 0.8622666666666665
time: 179.52696204185486
-------------------------------------------------------------------------
71/108
(5000, 0.1, 1e-07, 1e-05)
val_acc_mean = 0.8549333333333333
time: 179.28080558776855
-------------------------------------------------------------------------
72/108
(5000, 0.1, 1e-07, 1e-07)
val_acc_mean = 0.8488666666666667
time: 179.43500399589539
-------------------------------------------------------------------------
73/108
(5000, 0.01, 0.001, 0.001)
val_acc_mean = 0.5640000000000001
time: 179.39500451087952
-------------------------------------------------------------------------
74/108
(5000, 0.01, 0.001, 1e-05)
val_acc_mean = 0.4769333333333333
time: 175.53310298919678
-------------------------------------------------------------------------
75/108
(5000, 0.01, 0.001, 1e-07)
val_acc_mean = 0.4716666666666667
time: 172.25469779968262
-------------------------------------------------------------------------
76/108
(5000, 0.01, 1e-05, 0.001)
val_acc_mean = 0.5911333333333333
time: 171.86342644691467
-------------------------------------------------------------------------
77/108
(5000, 0.01, 1e-05, 1e-05)
val_acc_mean = 0.5074
time: 172.07643866539001
-------------------------------------------------------------------------
78/108
(5000, 0.01, 1e-05, 1e-07)
val_acc_mean = 0.5105999999999999
time: 173.0939018726349
-------------------------------------------------------------------------
79/108
(5000, 0.01, 1e-07, 0.001)
val_acc_mean = 0.5863333333333334
time: 176.1035373210907
-------------------------------------------------------------------------
80/108
(5000, 0.01, 1e-07, 1e-05)
val_acc_mean = 0.5075333333333333
time: 178.9530713558197
-------------------------------------------------------------------------
81/108
(5000, 0.01, 1e-07, 1e-07)
val_acc_mean = 0.5061333333333333
time: 178.99620842933655
-------------------------------------------------------------------------
82/108
(7000, 1, 0.001, 0.001)
val_acc_mean = 0.6681333333333332
time: 179.41847968101501
-------------------------------------------------------------------------
83/108
(7000, 1, 0.001, 1e-05)
val_acc_mean = 0.6646666666666666
time: 178.94517827033997
-------------------------------------------------------------------------
84/108
(7000, 1, 0.001, 1e-07)
val_acc_mean = 0.6961333333333334
time: 179.37815523147583
-------------------------------------------------------------------------
85/108
(7000, 1, 1e-05, 0.001)
val_acc_mean = 0.9643333333333333
time: 179.41249680519104
-------------------------------------------------------------------------
86/108
(7000, 1, 1e-05, 1e-05)
val_acc_mean = 0.9643333333333333
time: 179.4693524837494
-------------------------------------------------------------------------
87/108
(7000, 1, 1e-05, 1e-07)
val_acc_mean = 0.9658000000000001
time: 179.5151104927063
-------------------------------------------------------------------------
88/108
(7000, 1, 1e-07, 0.001)
val_acc_mean = 0.9721333333333334
time: 179.84061312675476
-------------------------------------------------------------------------
89/108
(7000, 1, 1e-07, 1e-05)
val_acc_mean = 0.9751333333333333
time: 179.88501262664795
-------------------------------------------------------------------------
90/108
(7000, 1, 1e-07, 1e-07)
val_acc_mean = 0.9722666666666667
time: 179.81151795387268
-------------------------------------------------------------------------
91/108
(7000, 0.1, 0.001, 0.001)
val_acc_mean = 0.7512666666666667
time: 180.76492142677307
-------------------------------------------------------------------------
92/108
(7000, 0.1, 0.001, 1e-05)
val_acc_mean = 0.7470000000000001
time: 180.9955780506134
-------------------------------------------------------------------------
93/108
(7000, 0.1, 0.001, 1e-07)
val_acc_mean = 0.7479333333333333
time: 179.90760803222656
-------------------------------------------------------------------------
94/108
(7000, 0.1, 1e-05, 0.001)
val_acc_mean = 0.8585333333333335
time: 179.59413075447083
-------------------------------------------------------------------------
95/108
(7000, 0.1, 1e-05, 1e-05)
val_acc_mean = 0.8499333333333332
time: 178.61594581604004
-------------------------------------------------------------------------
96/108
(7000, 0.1, 1e-05, 1e-07)
val_acc_mean = 0.8548000000000002
time: 177.78790497779846
-------------------------------------------------------------------------
97/108
(7000, 0.1, 1e-07, 0.001)
val_acc_mean = 0.8629333333333333
time: 178.24957847595215
-------------------------------------------------------------------------
98/108
(7000, 0.1, 1e-07, 1e-05)
val_acc_mean = 0.8555333333333334
time: 177.46681475639343
-------------------------------------------------------------------------
99/108
(7000, 0.1, 1e-07, 1e-07)
val_acc_mean = 0.8505333333333335
time: 177.32834887504578
-------------------------------------------------------------------------
100/108
(7000, 0.01, 0.001, 0.001)
val_acc_mean = 0.5639333333333333
time: 177.60516953468323
-------------------------------------------------------------------------
101/108
(7000, 0.01, 0.001, 1e-05)
val_acc_mean = 0.47766666666666674
time: 177.31815028190613
-------------------------------------------------------------------------
102/108
(7000, 0.01, 0.001, 1e-07)
val_acc_mean = 0.47800000000000004
time: 177.46767902374268
-------------------------------------------------------------------------
103/108
(7000, 0.01, 1e-05, 0.001)
val_acc_mean = 0.5897333333333334
time: 177.24786615371704
-------------------------------------------------------------------------
104/108
(7000, 0.01, 1e-05, 1e-05)
val_acc_mean = 0.5086
time: 177.27102518081665
-------------------------------------------------------------------------
105/108
(7000, 0.01, 1e-05, 1e-07)
val_acc_mean = 0.5086
time: 178.09415531158447
-------------------------------------------------------------------------
106/108
(7000, 0.01, 1e-07, 0.001)
val_acc_mean = 0.5880666666666666
time: 177.9125440120697
-------------------------------------------------------------------------
107/108
(7000, 0.01, 1e-07, 1e-05)
val_acc_mean = 0.5138666666666667
time: 177.80276942253113
-------------------------------------------------------------------------
108/108
(7000, 0.01, 1e-07, 1e-07)
val_acc_mean = 0.5011333333333333
time: 177.83258605003357
-------------------------------------------------------------------------
best param
(7000, 1, 1e-07, 1e-05)
max_val_acc = 0.9751333333333333
(7000, 0.1, 1e-07, 0.001)
max_val_acc = 0.8629333333333333
(3000, 0.01, 1e-05, 0.001)
max_val_acc = 0.5942000000000001
