nn_mfld_kfold_gs.py start!
1/108
(1000, 1, 0.001, 0.001)
val_acc_mean = 0.9456834312544717
time: 88.69909381866455
-------------------------------------------------------------------------
2/108
(1000, 1, 0.001, 1e-05)
val_acc_mean = 0.9595396249192609
time: 98.04549193382263
-------------------------------------------------------------------------
3/108
(1000, 1, 0.001, 1e-07)
val_acc_mean = 0.9444489573725733
time: 97.7003219127655
-------------------------------------------------------------------------
4/108
(1000, 1, 1e-05, 0.001)
val_acc_mean = 0.9905375179459407
time: 97.74301481246948
-------------------------------------------------------------------------
5/108
(1000, 1, 1e-05, 1e-05)
val_acc_mean = 0.9897158829684913
time: 97.85084533691406
-------------------------------------------------------------------------
6/108
(1000, 1, 1e-05, 1e-07)
val_acc_mean = 0.9927340916932976
time: 98.03480458259583
-------------------------------------------------------------------------
7/108
(1000, 1, 1e-07, 0.001)
val_acc_mean = 0.9909493226376936
time: 97.42404103279114
-------------------------------------------------------------------------
8/108
(1000, 1, 1e-07, 1e-05)
val_acc_mean = 0.993967437343164
time: 98.62010765075684
-------------------------------------------------------------------------
9/108
(1000, 1, 1e-07, 1e-07)
val_acc_mean = 0.9942416917463245
time: 97.35611248016357
-------------------------------------------------------------------------
10/108
(1000, 0.1, 0.001, 0.001)
val_acc_mean = 0.9707871580869322
time: 98.22858500480652
-------------------------------------------------------------------------
11/108
(1000, 0.1, 0.001, 1e-05)
val_acc_mean = 0.9690039873600405
time: 93.65083956718445
-------------------------------------------------------------------------
12/108
(1000, 0.1, 0.001, 1e-07)
val_acc_mean = 0.9690048335340645
time: 92.53576683998108
-------------------------------------------------------------------------
13/108
(1000, 0.1, 1e-05, 0.001)
val_acc_mean = 0.9854635764391304
time: 92.64795017242432
-------------------------------------------------------------------------
14/108
(1000, 0.1, 1e-05, 1e-05)
val_acc_mean = 0.9846409072489848
time: 92.57389879226685
-------------------------------------------------------------------------
15/108
(1000, 0.1, 1e-05, 1e-07)
val_acc_mean = 0.9839554122700875
time: 97.47778677940369
-------------------------------------------------------------------------
16/108
(1000, 0.1, 1e-07, 0.001)
val_acc_mean = 0.9850520538053855
time: 92.97540616989136
-------------------------------------------------------------------------
17/108
(1000, 0.1, 1e-07, 1e-05)
val_acc_mean = 0.983681157866927
time: 92.4228618144989
-------------------------------------------------------------------------
18/108
(1000, 0.1, 1e-07, 1e-07)
val_acc_mean = 0.9835450178683747
time: 92.56642150878906
-------------------------------------------------------------------------
19/108
(1000, 0.01, 0.001, 0.001)
val_acc_mean = 0.948159054391126
time: 92.93737363815308
-------------------------------------------------------------------------
20/108
(1000, 0.01, 0.001, 1e-05)
val_acc_mean = 0.9443182704955101
time: 92.67386531829834
-------------------------------------------------------------------------
21/108
(1000, 0.01, 0.001, 1e-07)
val_acc_mean = 0.9443204329402384
time: 92.79515528678894
-------------------------------------------------------------------------
22/108
(1000, 0.01, 1e-05, 0.001)
val_acc_mean = 0.9513125569404604
time: 92.1777515411377
-------------------------------------------------------------------------
23/108
(1000, 0.01, 1e-05, 1e-05)
val_acc_mean = 0.9458271868192412
time: 90.59893298149109
-------------------------------------------------------------------------
24/108
(1000, 0.01, 1e-05, 1e-07)
val_acc_mean = 0.9458270927999053
time: 90.64589977264404
-------------------------------------------------------------------------
25/108
(1000, 0.01, 1e-07, 0.001)
val_acc_mean = 0.9541931213573382
time: 91.70775294303894
-------------------------------------------------------------------------
26/108
(1000, 0.01, 1e-07, 1e-05)
val_acc_mean = 0.9465126817981385
time: 92.98188209533691
-------------------------------------------------------------------------
27/108
(1000, 0.01, 1e-07, 1e-07)
val_acc_mean = 0.9488442673120154
time: 104.20811247825623
-------------------------------------------------------------------------
28/108
(3000, 1, 0.001, 0.001)
val_acc_mean = 0.9632427645069483
time: 197.3658413887024
-------------------------------------------------------------------------
29/108
(3000, 1, 0.001, 1e-05)
val_acc_mean = 0.9588515914182911
time: 94.29236841201782
-------------------------------------------------------------------------
30/108
(3000, 1, 0.001, 1e-07)
val_acc_mean = 0.9576188098844408
time: 94.28997778892517
-------------------------------------------------------------------------
31/108
(3000, 1, 1e-05, 0.001)
val_acc_mean = 0.990537705984613
time: 94.25465607643127
-------------------------------------------------------------------------
32/108
(3000, 1, 1e-05, 1e-05)
val_acc_mean = 0.9935562907867632
time: 94.11214065551758
-------------------------------------------------------------------------
33/108
(3000, 1, 1e-05, 1e-07)
val_acc_mean = 0.9956127757234553
time: 94.51835417747498
-------------------------------------------------------------------------
34/108
(3000, 1, 1e-07, 0.001)
val_acc_mean = 0.9883434827206564
time: 94.42073607444763
-------------------------------------------------------------------------
35/108
(3000, 1, 1e-07, 1e-05)
val_acc_mean = 0.9954759775895511
time: 95.33606791496277
-------------------------------------------------------------------------
36/108
(3000, 1, 1e-07, 1e-07)
val_acc_mean = 0.9954759775895511
time: 94.36477088928223
-------------------------------------------------------------------------
37/108
(3000, 0.1, 0.001, 0.001)
val_acc_mean = 0.9707882863189642
time: 94.7483139038086
-------------------------------------------------------------------------
38/108
(3000, 0.1, 0.001, 1e-05)
val_acc_mean = 0.9703765756465474
time: 94.84572911262512
-------------------------------------------------------------------------
39/108
(3000, 0.1, 0.001, 1e-07)
val_acc_mean = 0.9702394954546352
time: 95.32893967628479
-------------------------------------------------------------------------
40/108
(3000, 0.1, 1e-05, 0.001)
val_acc_mean = 0.9845031689217205
time: 95.14957022666931
-------------------------------------------------------------------------
41/108
(3000, 0.1, 1e-05, 1e-05)
val_acc_mean = 0.9834074675797824
time: 94.21923327445984
-------------------------------------------------------------------------
42/108
(3000, 0.1, 1e-05, 1e-07)
val_acc_mean = 0.9851896040939779
time: 93.85650730133057
-------------------------------------------------------------------------
43/108
(3000, 0.1, 1e-07, 0.001)
val_acc_mean = 0.9862867157259562
time: 92.85422897338867
-------------------------------------------------------------------------
44/108
(3000, 0.1, 1e-07, 1e-05)
val_acc_mean = 0.9831325550412696
time: 93.85692119598389
-------------------------------------------------------------------------
45/108
(3000, 0.1, 1e-07, 1e-07)
val_acc_mean = 0.9832695412138461
time: 94.32961893081665
-------------------------------------------------------------------------
46/108
(3000, 0.01, 0.001, 0.001)
val_acc_mean = 0.9503522434423864
time: 94.41759729385376
-------------------------------------------------------------------------
47/108
(3000, 0.01, 0.001, 1e-05)
val_acc_mean = 0.9462383333756421
time: 94.15253615379333
-------------------------------------------------------------------------
48/108
(3000, 0.01, 0.001, 1e-07)
val_acc_mean = 0.9430847368069717
time: 94.41501998901367
-------------------------------------------------------------------------
49/108
(3000, 0.01, 1e-05, 0.001)
val_acc_mean = 0.9502169496178585
time: 94.2636947631836
-------------------------------------------------------------------------
50/108
(3000, 0.01, 1e-05, 1e-05)
val_acc_mean = 0.9478854581233177
time: 93.92847537994385
-------------------------------------------------------------------------
51/108
(3000, 0.01, 1e-05, 1e-07)
val_acc_mean = 0.9477472496993731
time: 94.31250429153442
-------------------------------------------------------------------------
52/108
(3000, 0.01, 1e-07, 0.001)
val_acc_mean = 0.9511758528258921
time: 94.4675064086914
-------------------------------------------------------------------------
53/108
(3000, 0.01, 1e-07, 1e-05)
val_acc_mean = 0.9448678135145274
time: 94.75045943260193
-------------------------------------------------------------------------
54/108
(3000, 0.01, 1e-07, 1e-07)
val_acc_mean = 0.9473357270656283
time: 94.62613105773926
-------------------------------------------------------------------------
55/108
(5000, 1, 0.001, 0.001)
val_acc_mean = 0.9677694194588058
time: 95.89526176452637
-------------------------------------------------------------------------
56/108
(5000, 1, 0.001, 1e-05)
val_acc_mean = 0.9599514296110139
time: 95.42360401153564
-------------------------------------------------------------------------
57/108
(5000, 1, 0.001, 1e-07)
val_acc_mean = 0.961183458990176
time: 95.39764308929443
-------------------------------------------------------------------------
58/108
(5000, 1, 1e-05, 0.001)
val_acc_mean = 0.9913611273294466
time: 95.87654304504395
-------------------------------------------------------------------------
59/108
(5000, 1, 1e-05, 1e-05)
val_acc_mean = 0.9946530263413974
time: 95.88712882995605
-------------------------------------------------------------------------
60/108
(5000, 1, 1e-05, 1e-07)
val_acc_mean = 0.9924580509227529
time: 95.8048927783966
-------------------------------------------------------------------------
61/108
(5000, 1, 1e-07, 0.001)
val_acc_mean = 0.9906758203892213
time: 95.86418652534485
-------------------------------------------------------------------------
62/108
(5000, 1, 1e-07, 1e-05)
val_acc_mean = 0.9931453322690345
time: 95.54882073402405
-------------------------------------------------------------------------
63/108
(5000, 1, 1e-07, 1e-07)
val_acc_mean = 0.9952019112250626
time: 95.88773846626282
-------------------------------------------------------------------------
64/108
(5000, 0.1, 0.001, 0.001)
val_acc_mean = 0.9713354788545813
time: 95.68846106529236
-------------------------------------------------------------------------
65/108
(5000, 0.1, 0.001, 1e-05)
val_acc_mean = 0.971746343352974
time: 95.73681902885437
-------------------------------------------------------------------------
66/108
(5000, 0.1, 0.001, 1e-07)
val_acc_mean = 0.9694158860711294
time: 95.5697648525238
-------------------------------------------------------------------------
67/108
(5000, 0.1, 1e-05, 0.001)
val_acc_mean = 0.9853269663438983
time: 95.67239737510681
-------------------------------------------------------------------------
68/108
(5000, 0.1, 1e-05, 1e-05)
val_acc_mean = 0.9840923984426638
time: 96.31646847724915
-------------------------------------------------------------------------
69/108
(5000, 0.1, 1e-05, 1e-07)
val_acc_mean = 0.9843665588264882
time: 95.82809209823608
-------------------------------------------------------------------------
70/108
(5000, 0.1, 1e-07, 0.001)
val_acc_mean = 0.986149635534044
time: 96.78694462776184
-------------------------------------------------------------------------
71/108
(5000, 0.1, 1e-07, 1e-05)
val_acc_mean = 0.9849149736134735
time: 96.11900353431702
-------------------------------------------------------------------------
72/108
(5000, 0.1, 1e-07, 1e-07)
val_acc_mean = 0.9835431374816543
time: 96.3272385597229
-------------------------------------------------------------------------
73/108
(5000, 0.01, 0.001, 0.001)
val_acc_mean = 0.9511752887098762
time: 95.99172711372375
-------------------------------------------------------------------------
74/108
(5000, 0.01, 0.001, 1e-05)
val_acc_mean = 0.944182130496958
time: 96.1530089378357
-------------------------------------------------------------------------
75/108
(5000, 0.01, 0.001, 1e-07)
val_acc_mean = 0.9444554447067584
time: 96.225661277771
-------------------------------------------------------------------------
76/108
(5000, 0.01, 1e-05, 0.001)
val_acc_mean = 0.9513135911531565
time: 96.20690774917603
-------------------------------------------------------------------------
77/108
(5000, 0.01, 1e-05, 1e-05)
val_acc_mean = 0.9443191166695343
time: 96.35505819320679
-------------------------------------------------------------------------
78/108
(5000, 0.01, 1e-05, 1e-07)
val_acc_mean = 0.9452786780129202
time: 96.27679061889648
-------------------------------------------------------------------------
79/108
(5000, 0.01, 1e-07, 0.001)
val_acc_mean = 0.9525467487643509
time: 95.79955959320068
-------------------------------------------------------------------------
80/108
(5000, 0.01, 1e-07, 1e-05)
val_acc_mean = 0.9429477506343954
time: 96.69308662414551
-------------------------------------------------------------------------
81/108
(5000, 0.01, 1e-07, 1e-07)
val_acc_mean = 0.9440438280536776
time: 95.8344144821167
-------------------------------------------------------------------------
82/108
(7000, 1, 0.001, 0.001)
val_acc_mean = 0.9399224904593879
time: 97.83316445350647
-------------------------------------------------------------------------
83/108
(7000, 1, 0.001, 1e-05)
val_acc_mean = 0.9606359843965511
time: 97.46731185913086
-------------------------------------------------------------------------
84/108
(7000, 1, 0.001, 1e-07)
val_acc_mean = 0.9624192491427787
time: 97.38154864311218
-------------------------------------------------------------------------
85/108
(7000, 1, 1e-05, 0.001)
val_acc_mean = 0.9935550685353951
time: 97.54153275489807
-------------------------------------------------------------------------
86/108
(7000, 1, 1e-05, 1e-05)
val_acc_mean = 0.9946532143800694
time: 97.4408586025238
-------------------------------------------------------------------------
87/108
(7000, 1, 1e-05, 1e-07)
val_acc_mean = 0.9924598372901372
time: 97.49744629859924
-------------------------------------------------------------------------
88/108
(7000, 1, 1e-07, 0.001)
val_acc_mean = 0.9899903254103238
time: 97.9156985282898
-------------------------------------------------------------------------
89/108
(7000, 1, 1e-07, 1e-05)
val_acc_mean = 0.9930076879611061
time: 97.61438655853271
-------------------------------------------------------------------------
90/108
(7000, 1, 1e-07, 1e-07)
val_acc_mean = 0.9931456143270424
time: 97.45151019096375
-------------------------------------------------------------------------
91/108
(7000, 0.1, 0.001, 0.001)
val_acc_mean = 0.9713351967965732
time: 98.15520405769348
-------------------------------------------------------------------------
92/108
(7000, 0.1, 0.001, 1e-05)
val_acc_mean = 0.9720211618721507
time: 97.78609132766724
-------------------------------------------------------------------------
93/108
(7000, 0.1, 0.001, 1e-07)
val_acc_mean = 0.9713356668932531
time: 97.97759199142456
-------------------------------------------------------------------------
94/108
(7000, 0.1, 1e-05, 0.001)
val_acc_mean = 0.9861494474953719
time: 97.93618512153625
-------------------------------------------------------------------------
95/108
(7000, 0.1, 1e-05, 1e-05)
val_acc_mean = 0.9820363836026518
time: 97.65134406089783
-------------------------------------------------------------------------
96/108
(7000, 0.1, 1e-05, 1e-07)
val_acc_mean = 0.982722348678229
time: 98.03607034683228
-------------------------------------------------------------------------
97/108
(7000, 0.1, 1e-07, 0.001)
val_acc_mean = 0.9834076556184546
time: 97.81837010383606
-------------------------------------------------------------------------
98/108
(7000, 0.1, 1e-07, 1e-05)
val_acc_mean = 0.9853264962472184
time: 98.51248049736023
-------------------------------------------------------------------------
99/108
(7000, 0.1, 1e-07, 1e-07)
val_acc_mean = 0.9834072795411105
time: 98.01938486099243
-------------------------------------------------------------------------
100/108
(7000, 0.01, 0.001, 0.001)
val_acc_mean = 0.9487059648687349
time: 97.98251390457153
-------------------------------------------------------------------------
101/108
(7000, 0.01, 0.001, 1e-05)
val_acc_mean = 0.9434956953247005
time: 97.76991200447083
-------------------------------------------------------------------------
102/108
(7000, 0.01, 0.001, 1e-07)
val_acc_mean = 0.9443185525535182
time: 97.87104725837708
-------------------------------------------------------------------------
103/108
(7000, 0.01, 1e-05, 0.001)
val_acc_mean = 0.9498036406167293
time: 97.95401573181152
-------------------------------------------------------------------------
104/108
(7000, 0.01, 1e-05, 1e-05)
val_acc_mean = 0.9459652072045136
time: 97.79977917671204
-------------------------------------------------------------------------
105/108
(7000, 0.01, 1e-05, 1e-07)
val_acc_mean = 0.9476106396041409
time: 97.98788022994995
-------------------------------------------------------------------------
106/108
(7000, 0.01, 1e-07, 0.001)
val_acc_mean = 0.9529601517848161
time: 98.02955389022827
-------------------------------------------------------------------------
107/108
(7000, 0.01, 1e-07, 1e-05)
val_acc_mean = 0.9455521802613924
time: 97.31609010696411
-------------------------------------------------------------------------
108/108
(7000, 0.01, 1e-07, 1e-07)
val_acc_mean = 0.9439064658037573
time: 96.58111476898193
-------------------------------------------------------------------------
best param
(3000, 1, 1e-05, 1e-07)
max_val_acc = 0.9956127757234553
(3000, 0.1, 1e-07, 0.001)
max_val_acc = 0.9862867157259562
(1000, 0.01, 1e-07, 0.001)
max_val_acc = 0.9541931213573382
