nn_mfld_kfold_gs.py start!
1/108
(1000, 1, 0.001, 0.001)
val_acc_mean = 0.6374683888547157
time: 6196.423947095871
-------------------------------------------------------------------------
2/108
(1000, 1, 0.001, 1e-05)
val_acc_mean = 0.6655057463024345
time: 5953.331688165665
-------------------------------------------------------------------------
3/108
(1000, 1, 0.001, 1e-07)
val_acc_mean = 0.6485030104030564
time: 5611.79375576973
-------------------------------------------------------------------------
4/108
(1000, 1, 1e-05, 0.001)
val_acc_mean = 0.8288415438724132
time: 5511.665477991104
-------------------------------------------------------------------------
5/108
(1000, 1, 1e-05, 1e-05)
val_acc_mean = 0.8133211864347395
time: 5385.5969269275665
-------------------------------------------------------------------------
6/108
(1000, 1, 1e-05, 1e-07)
val_acc_mean = 0.8420834935055215
time: 5370.8787434101105
-------------------------------------------------------------------------
7/108
(1000, 1, 1e-07, 0.001)
val_acc_mean = 0.8892039734829253
time: 5397.872621059418
-------------------------------------------------------------------------
8/108
(1000, 1, 1e-07, 1e-05)
val_acc_mean = 0.8941716309037513
time: 5544.990428924561
-------------------------------------------------------------------------
9/108
(1000, 1, 1e-07, 1e-07)
val_acc_mean = 0.9084140068717366
time: 5550.831739902496
-------------------------------------------------------------------------
10/108
(1000, 0.1, 0.001, 0.001)
val_acc_mean = 0.7367735687625714
time: 5533.407167434692
-------------------------------------------------------------------------
11/108
(1000, 0.1, 0.001, 1e-05)
val_acc_mean = 0.7692837533910868
time: 5585.711142778397
-------------------------------------------------------------------------
12/108
(1000, 0.1, 0.001, 1e-07)
val_acc_mean = 0.7495487789541913
time: 5427.886785984039
-------------------------------------------------------------------------
13/108
(1000, 0.1, 1e-05, 0.001)
val_acc_mean = 0.8361303432122297
time: 5269.6944217681885
-------------------------------------------------------------------------
14/108
(1000, 0.1, 1e-05, 1e-05)
val_acc_mean = 0.8068431329093816
time: 5145.636049032211
-------------------------------------------------------------------------
15/108
(1000, 0.1, 1e-05, 1e-07)
val_acc_mean = 0.7845848521877402
time: 4307.5625586509705
-------------------------------------------------------------------------
16/108
(1000, 0.1, 1e-07, 0.001)
val_acc_mean = 0.8651059782892206
time: 4261.554251432419
-------------------------------------------------------------------------
17/108
(1000, 0.1, 1e-07, 1e-05)
val_acc_mean = 0.848073200942012
time: 4227.358562707901
-------------------------------------------------------------------------
18/108
(1000, 0.1, 1e-07, 1e-07)
val_acc_mean = 0.8577090692241731
time: 4425.63495349884
-------------------------------------------------------------------------
19/108
(1000, 0.01, 0.001, 0.001)
val_acc_mean = 0.8055825094087868
time: 4401.943983078003
-------------------------------------------------------------------------
20/108
(1000, 0.01, 0.001, 1e-05)
val_acc_mean = 0.8027275800159812
time: 4197.362254619598
-------------------------------------------------------------------------
21/108
(1000, 0.01, 0.001, 1e-07)
val_acc_mean = 0.80265443233392
time: 4090.861215353012
-------------------------------------------------------------------------
22/108
(1000, 0.01, 1e-05, 0.001)
val_acc_mean = 0.8850797541023159
time: 4086.062951564789
-------------------------------------------------------------------------
23/108
(1000, 0.01, 1e-05, 1e-05)
val_acc_mean = 0.8621283849335463
time: 4108.221126317978
-------------------------------------------------------------------------
24/108
(1000, 0.01, 1e-05, 1e-07)
val_acc_mean = 0.8596498748933978
time: 4091.062523126602
-------------------------------------------------------------------------
25/108
(1000, 0.01, 1e-07, 0.001)
val_acc_mean = 0.8930571933461431
time: 4101.342378139496
-------------------------------------------------------------------------
26/108
(1000, 0.01, 1e-07, 1e-05)
val_acc_mean = 0.8812846333212381
time: 4078.8735048770905
-------------------------------------------------------------------------
27/108
(1000, 0.01, 1e-07, 1e-07)
val_acc_mean = 0.8706543984087393
time: 4088.812110900879
-------------------------------------------------------------------------
28/108
(3000, 1, 0.001, 0.001)
val_acc_mean = 0.6291637808548941
time: 4130.2470989227295
-------------------------------------------------------------------------
29/108
(3000, 1, 0.001, 1e-05)
val_acc_mean = 0.6476811650317152
time: 4142.198065519333
-------------------------------------------------------------------------
30/108
(3000, 1, 0.001, 1e-07)
val_acc_mean = 0.6394797511375773
time: 4137.938477516174
-------------------------------------------------------------------------
31/108
(3000, 1, 1e-05, 0.001)
val_acc_mean = 0.8169549356650576
time: 4127.820593833923
-------------------------------------------------------------------------
32/108
(3000, 1, 1e-05, 1e-05)
val_acc_mean = 0.8346417454040665
time: 4149.624397993088
-------------------------------------------------------------------------
33/108
(3000, 1, 1e-05, 1e-07)
val_acc_mean = 0.8245817626051386
time: 4143.034130811691
-------------------------------------------------------------------------
34/108
(3000, 1, 1e-07, 0.001)
val_acc_mean = 0.9043736173652736
time: 4140.152577638626
-------------------------------------------------------------------------
35/108
(3000, 1, 1e-07, 1e-05)
val_acc_mean = 0.9108042404617948
time: 4233.796289920807
-------------------------------------------------------------------------
36/108
(3000, 1, 1e-07, 1e-07)
val_acc_mean = 0.9081407389023823
time: 4221.7767968177795
-------------------------------------------------------------------------
37/108
(3000, 0.1, 0.001, 0.001)
val_acc_mean = 0.7464808119794221
time: 4223.872725009918
-------------------------------------------------------------------------
38/108
(3000, 0.1, 0.001, 1e-05)
val_acc_mean = 0.7473930398337107
time: 4232.118674755096
-------------------------------------------------------------------------
39/108
(3000, 0.1, 0.001, 1e-07)
val_acc_mean = 0.7485978765605269
time: 4198.425580024719
-------------------------------------------------------------------------
40/108
(3000, 0.1, 1e-05, 0.001)
val_acc_mean = 0.8512164568788207
time: 4176.717033863068
-------------------------------------------------------------------------
41/108
(3000, 0.1, 1e-05, 1e-05)
val_acc_mean = 0.8067052222406434
time: 4199.893792629242
-------------------------------------------------------------------------
42/108
(3000, 0.1, 1e-05, 1e-07)
val_acc_mean = 0.828409249871178
time: 4219.455801725388
-------------------------------------------------------------------------
43/108
(3000, 0.1, 1e-07, 0.001)
val_acc_mean = 0.8330238876769862
time: 4366.833657979965
-------------------------------------------------------------------------
44/108
(3000, 0.1, 1e-07, 1e-05)
val_acc_mean = 0.8295105116012254
time: 4381.648308992386
-------------------------------------------------------------------------
45/108
(3000, 0.1, 1e-07, 1e-07)
val_acc_mean = 0.8910972190287184
time: 4357.696895360947
-------------------------------------------------------------------------
46/108
(3000, 0.01, 0.001, 0.001)
val_acc_mean = 0.8077468435733618
time: 4357.248516321182
-------------------------------------------------------------------------
47/108
(3000, 0.01, 0.001, 1e-05)
val_acc_mean = 0.8048897497342165
time: 4356.358370304108
-------------------------------------------------------------------------
48/108
(3000, 0.01, 0.001, 1e-07)
val_acc_mean = 0.8043906154110377
time: 4373.3902378082275
-------------------------------------------------------------------------
49/108
(3000, 0.01, 1e-05, 0.001)
val_acc_mean = 0.892452647426685
time: 4367.008673429489
-------------------------------------------------------------------------
50/108
(3000, 0.01, 1e-05, 1e-05)
val_acc_mean = 0.8728188437533346
time: 4338.1522879600525
-------------------------------------------------------------------------
51/108
(3000, 0.01, 1e-05, 1e-07)
val_acc_mean = 0.8677693829248352
time: 4384.684434890747
-------------------------------------------------------------------------
52/108
(3000, 0.01, 1e-07, 0.001)
val_acc_mean = 0.8693356989923664
time: 4374.097150802612
-------------------------------------------------------------------------
53/108
(3000, 0.01, 1e-07, 1e-05)
val_acc_mean = 0.8785867844951041
time: 4366.740568161011
-------------------------------------------------------------------------
54/108
(3000, 0.01, 1e-07, 1e-07)
val_acc_mean = 0.8374256684873623
time: 4382.423901319504
-------------------------------------------------------------------------
55/108
(5000, 1, 0.001, 0.001)
val_acc_mean = 0.6235979683754593
time: 4358.113164186478
-------------------------------------------------------------------------
56/108
(5000, 1, 0.001, 1e-05)
val_acc_mean = 0.6350242258035699
time: 4386.69649887085
-------------------------------------------------------------------------
57/108
(5000, 1, 0.001, 1e-07)
val_acc_mean = 0.6358848637909861
time: 4388.612584114075
-------------------------------------------------------------------------
58/108
(5000, 1, 1e-05, 0.001)
val_acc_mean = 0.811679715404402
time: 4391.761573791504
-------------------------------------------------------------------------
59/108
(5000, 1, 1e-05, 1e-05)
val_acc_mean = 0.8233339124021105
time: 4371.6094489097595
-------------------------------------------------------------------------
60/108
(5000, 1, 1e-05, 1e-07)
val_acc_mean = 0.8457323386173561
time: 4419.368225812912
-------------------------------------------------------------------------
61/108
(5000, 1, 1e-07, 0.001)
val_acc_mean = 0.9045565218522625
time: 4353.664473295212
-------------------------------------------------------------------------
62/108
(5000, 1, 1e-07, 1e-05)
val_acc_mean = 0.912635120727747
time: 4444.429193019867
-------------------------------------------------------------------------
63/108
(5000, 1, 1e-07, 1e-07)
val_acc_mean = 0.9094166003144235
time: 4466.730094432831
-------------------------------------------------------------------------
64/108
(5000, 0.1, 0.001, 0.001)
val_acc_mean = 0.7482686515527377
time: 4480.727906227112
-------------------------------------------------------------------------
65/108
(5000, 0.1, 0.001, 1e-05)
val_acc_mean = 0.7457966320975652
time: 4476.258458614349
-------------------------------------------------------------------------
66/108
(5000, 0.1, 0.001, 1e-07)
val_acc_mean = 0.7371200723119296
time: 4491.535551786423
-------------------------------------------------------------------------
67/108
(5000, 0.1, 1e-05, 0.001)
val_acc_mean = 0.8791224393951964
time: 4470.435065031052
-------------------------------------------------------------------------
68/108
(5000, 0.1, 1e-05, 1e-05)
val_acc_mean = 0.8469650183714187
time: 4476.893071174622
-------------------------------------------------------------------------
69/108
(5000, 0.1, 1e-05, 1e-07)
val_acc_mean = 0.7686681482996622
time: 4466.103077888489
-------------------------------------------------------------------------
70/108
(5000, 0.1, 1e-07, 0.001)
val_acc_mean = 0.8743785391015738
time: 4472.910466909409
-------------------------------------------------------------------------
71/108
(5000, 0.1, 1e-07, 1e-05)
val_acc_mean = 0.8731243471707488
time: 4465.499251842499
-------------------------------------------------------------------------
72/108
(5000, 0.1, 1e-07, 1e-07)
val_acc_mean = 0.8597791029209605
time: 4417.104196310043
-------------------------------------------------------------------------
73/108
(5000, 0.01, 0.001, 0.001)
val_acc_mean = 0.8071874789553654
time: 4357.062249183655
-------------------------------------------------------------------------
74/108
(5000, 0.01, 0.001, 1e-05)
val_acc_mean = 0.8075166408053122
time: 4441.764075756073
-------------------------------------------------------------------------
75/108
(5000, 0.01, 0.001, 1e-07)
val_acc_mean = 0.8073337699917058
time: 4346.555392026901
-------------------------------------------------------------------------
76/108
(5000, 0.01, 1e-05, 0.001)
val_acc_mean = 0.8769322650637651
time: 4770.22651052475
-------------------------------------------------------------------------
77/108
(5000, 0.01, 1e-05, 1e-05)
val_acc_mean = 0.8872182425225192
time: 7933.64177274704
-------------------------------------------------------------------------
78/108
(5000, 0.01, 1e-05, 1e-07)
val_acc_mean = 0.859798351922414
time: 7340.092925310135
-------------------------------------------------------------------------
79/108
(5000, 0.01, 1e-07, 0.001)
val_acc_mean = 0.9091928688067631
time: 7279.728314638138
-------------------------------------------------------------------------
80/108
(5000, 0.01, 1e-07, 1e-05)
val_acc_mean = 0.8808156708579246
time: 6350.625464439392
-------------------------------------------------------------------------
81/108
(5000, 0.01, 1e-07, 1e-07)
val_acc_mean = 0.8849076532398785
time: 6246.097664833069
-------------------------------------------------------------------------
82/108
(7000, 1, 0.001, 0.001)
val_acc_mean = 0.5935685847574061
time: 6037.34047460556
-------------------------------------------------------------------------
83/108
(7000, 1, 0.001, 1e-05)
val_acc_mean = 0.654245183994823
time: 6079.310151100159
-------------------------------------------------------------------------
84/108
(7000, 1, 0.001, 1e-07)
val_acc_mean = 0.6485265998225123
time: 6057.854995727539
-------------------------------------------------------------------------
85/108
(7000, 1, 1e-05, 0.001)
val_acc_mean = 0.8379205350159575
time: 6361.444942235947
-------------------------------------------------------------------------
86/108
(7000, 1, 1e-05, 1e-05)
val_acc_mean = 0.840235416740709
time: 7058.453193187714
-------------------------------------------------------------------------
87/108
(7000, 1, 1e-05, 1e-07)
val_acc_mean = 0.8342029019877943
time: 8051.352322101593
-------------------------------------------------------------------------
