nn_mfld_kfold_gs.py start!
1/81
(1000, 1, 0.001, 0.001)
M: 1000
val_acc_mean = 0.1551264367816092
time: 188.89331817626953
-------------------------------------------------------------------------
2/81
(1000, 1, 0.001, 1e-05)
M: 1000
val_acc_mean = 0.1551264367816092
time: 185.1751308441162
-------------------------------------------------------------------------
3/81
(1000, 1, 0.001, 1e-07)
M: 1000
val_acc_mean = 0.1551264367816092
time: 184.69931173324585
-------------------------------------------------------------------------
4/81
(1000, 1, 1e-05, 0.001)
M: 1000
val_acc_mean = 0.7840919540229886
time: 184.57426500320435
-------------------------------------------------------------------------
5/81
(1000, 1, 1e-05, 1e-05)
M: 1000
val_acc_mean = 0.7840919540229886
time: 183.92926025390625
-------------------------------------------------------------------------
6/81
(1000, 1, 1e-05, 1e-07)
M: 1000
val_acc_mean = 0.7840919540229886
time: 184.32537150382996
-------------------------------------------------------------------------
7/81
(1000, 1, 1e-07, 0.001)
M: 1000
val_acc_mean = 0.7840919540229884
time: 184.67785263061523
-------------------------------------------------------------------------
8/81
(1000, 1, 1e-07, 1e-05)
M: 1000
val_acc_mean = 0.7840919540229886
time: 184.04737663269043
-------------------------------------------------------------------------
9/81
(1000, 1, 1e-07, 1e-07)
M: 1000
val_acc_mean = 0.5745747126436781
time: 184.55269312858582
-------------------------------------------------------------------------
10/81
(1000, 0.1, 0.001, 0.001)
M: 1000
val_acc_mean = 0.9918850574712644
time: 185.42517924308777
-------------------------------------------------------------------------
11/81
(1000, 0.1, 0.001, 1e-05)
M: 1000
val_acc_mean = 0.9930804597701149
time: 184.06399488449097
-------------------------------------------------------------------------
12/81
(1000, 0.1, 0.001, 1e-07)
M: 1000
val_acc_mean = 0.9900689655172413
time: 184.18558382987976
-------------------------------------------------------------------------
