nn_ntk_kfold_gs.py start!
1/48
(1000, 1, 0.001)
val_acc_mean = 0.09107051356181912
time: 78.16681504249573
-------------------------------------------------------------------------
2/48
(1000, 1, 1e-05)
val_acc_mean = 0.2650248070018079
time: 74.36355757713318
-------------------------------------------------------------------------
3/48
(1000, 1, 1e-07)
val_acc_mean = 0.09107117169717124
time: 74.38384962081909
-------------------------------------------------------------------------
4/48
(1000, 0.1, 0.001)
val_acc_mean = 0.9787436384166769
time: 74.04706382751465
-------------------------------------------------------------------------
5/48
(1000, 0.1, 1e-05)
val_acc_mean = 0.9939670612658199
time: 74.06404948234558
-------------------------------------------------------------------------
6/48
(1000, 0.1, 1e-07)
val_acc_mean = 0.9908136527358217
time: 74.06646347045898
-------------------------------------------------------------------------
7/48
(1000, 0.01, 0.001)
val_acc_mean = 0.9668103282121001
time: 73.78454089164734
-------------------------------------------------------------------------
8/48
(1000, 0.01, 1e-05)
val_acc_mean = 0.9702395894739713
time: 74.08720707893372
-------------------------------------------------------------------------
9/48
(1000, 0.01, 1e-07)
val_acc_mean = 0.9724325904865596
time: 74.16610312461853
-------------------------------------------------------------------------
10/48
(1000, 0.001, 0.001)
val_acc_mean = 0.9215522404337676
time: 74.00692105293274
-------------------------------------------------------------------------
11/48
(1000, 0.001, 1e-05)
val_acc_mean = 0.9218287513009926
time: 74.29510998725891
-------------------------------------------------------------------------
12/48
(1000, 0.001, 1e-07)
val_acc_mean = 0.9210054239754948
time: 74.16433095932007
-------------------------------------------------------------------------
13/48
(3000, 1, 0.001)
val_acc_mean = 0.33890379095364753
time: 75.03255915641785
-------------------------------------------------------------------------
14/48
(3000, 1, 1e-05)
val_acc_mean = 0.2677667869173974
time: 74.85564064979553
-------------------------------------------------------------------------
15/48
(3000, 1, 1e-07)
val_acc_mean = 0.09107060758115514
time: 74.88311767578125
-------------------------------------------------------------------------
16/48
(3000, 0.1, 0.001)
val_acc_mean = 0.9798395277972869
time: 75.09951329231262
-------------------------------------------------------------------------
17/48
(3000, 0.1, 1e-05)
val_acc_mean = 0.9941039534190601
time: 75.20492386817932
-------------------------------------------------------------------------
18/48
(3000, 0.1, 1e-07)
val_acc_mean = 0.9934193986335229
time: 75.24091625213623
-------------------------------------------------------------------------
19/48
(3000, 0.01, 0.001)
val_acc_mean = 0.9654396203123135
time: 75.0403664112091
-------------------------------------------------------------------------
20/48
(3000, 0.01, 1e-05)
val_acc_mean = 0.9714736872785258
time: 75.77672576904297
-------------------------------------------------------------------------
21/48
(3000, 0.01, 1e-07)
val_acc_mean = 0.9720229482395351
time: 76.18809700012207
-------------------------------------------------------------------------
22/48
(3000, 0.001, 0.001)
val_acc_mean = 0.9253924602133676
time: 76.0365641117096
-------------------------------------------------------------------------
23/48
(3000, 0.001, 1e-05)
val_acc_mean = 0.9256653983458237
time: 75.98785042762756
-------------------------------------------------------------------------
24/48
(3000, 0.001, 1e-07)
val_acc_mean = 0.9245691328878698
time: 75.9759578704834
-------------------------------------------------------------------------
25/48
(5000, 1, 0.001)
val_acc_mean = 0.09107229992920345
time: 100.0016987323761
-------------------------------------------------------------------------
26/48
(5000, 1, 1e-05)
val_acc_mean = 0.09107107767783522
time: 99.96814894676208
-------------------------------------------------------------------------
27/48
(5000, 1, 1e-07)
val_acc_mean = 0.2672185601690843
time: 100.11045002937317
-------------------------------------------------------------------------
28/48
(5000, 0.1, 0.001)
val_acc_mean = 0.9791534687023734
time: 102.7976381778717
-------------------------------------------------------------------------
29/48
(5000, 0.1, 1e-05)
val_acc_mean = 0.9925958832693531
time: 103.06597232818604
-------------------------------------------------------------------------
30/48
(5000, 0.1, 1e-07)
val_acc_mean = 0.9924591791547849
time: 103.05673289299011
-------------------------------------------------------------------------
31/48
(5000, 0.01, 0.001)
val_acc_mean = 0.9673594011344374
time: 101.99504160881042
-------------------------------------------------------------------------
32/48
(5000, 0.01, 1e-05)
val_acc_mean = 0.9713378293379815
time: 101.939768075943
-------------------------------------------------------------------------
33/48
(5000, 0.01, 1e-07)
val_acc_mean = 0.9717492579523904
time: 101.4643976688385
-------------------------------------------------------------------------
34/48
(5000, 0.001, 0.001)
val_acc_mean = 0.9234729614492517
time: 101.44255113601685
-------------------------------------------------------------------------
35/48
(5000, 0.001, 1e-05)
val_acc_mean = 0.9245683807331815
time: 101.40208220481873
-------------------------------------------------------------------------
36/48
(5000, 0.001, 1e-07)
val_acc_mean = 0.9270392088836991
time: 101.40899586677551
-------------------------------------------------------------------------
37/48
(7000, 1, 0.001)
val_acc_mean = 0.09107023150381108
time: 172.17051124572754
-------------------------------------------------------------------------
38/48
(7000, 1, 1e-05)
val_acc_mean = 0.09107088963916318
time: 172.2418496608734
-------------------------------------------------------------------------
39/48
(7000, 1, 1e-07)
val_acc_mean = 0.09107192385185937
time: 172.23647785186768
-------------------------------------------------------------------------
40/48
(7000, 0.1, 0.001)
val_acc_mean = 0.9810723093311371
time: 176.95708870887756
-------------------------------------------------------------------------
41/48
(7000, 0.1, 1e-05)
val_acc_mean = 0.992322663078889
time: 177.66497611999512
-------------------------------------------------------------------------
42/48
(7000, 0.1, 1e-07)
val_acc_mean = 0.9932820363836026
time: 177.89951753616333
-------------------------------------------------------------------------
43/48
(7000, 0.01, 0.001)
val_acc_mean = 0.9673586489797492
time: 177.9926881790161
-------------------------------------------------------------------------
44/48
(7000, 0.01, 1e-05)
val_acc_mean = 0.9701019451660429
time: 179.23306727409363
-------------------------------------------------------------------------
45/48
(7000, 0.01, 1e-07)
val_acc_mean = 0.9738053668117385
time: 179.8414318561554
-------------------------------------------------------------------------
46/48
(7000, 0.001, 0.001)
val_acc_mean = 0.9251181117908709
time: 183.34200763702393
-------------------------------------------------------------------------
47/48
(7000, 0.001, 1e-05)
val_acc_mean = 0.9244328048506457
time: 187.21286296844482
-------------------------------------------------------------------------
48/48
(7000, 0.001, 1e-07)
val_acc_mean = 0.9248432932716941
time: 187.65570044517517
-------------------------------------------------------------------------
best param
(3000, 1, 0.001)
max_val_acc = 0.33890379095364753
(3000, 0.1, 1e-05)
max_val_acc = 0.9941039534190601
(7000, 0.01, 1e-07)
max_val_acc = 0.9738053668117385
(5000, 0.001, 1e-07)
max_val_acc = 0.9270392088836991
