nn_mfld_kfold_gs.py start!
1/81
(1000, 1, 0.001, 0.001)
val_acc_mean = 0.9032
time: 493.9184012413025
-------------------------------------------------------------------------
2/81
(1000, 1, 0.001, 1e-05)
val_acc_mean = 0.9049666666666667
time: 471.41936016082764
-------------------------------------------------------------------------
3/81
(1000, 1, 0.001, 1e-07)
val_acc_mean = 0.9044500000000001
time: 482.145058631897
-------------------------------------------------------------------------
4/81
(1000, 1, 1e-05, 0.001)
val_acc_mean = 0.9664666666666666
time: 611.8157131671906
-------------------------------------------------------------------------
5/81
(1000, 1, 1e-05, 1e-05)
val_acc_mean = 0.9734
time: 613.2159650325775
-------------------------------------------------------------------------
6/81
(1000, 1, 1e-05, 1e-07)
val_acc_mean = 0.9733666666666668
time: 626.0394024848938
-------------------------------------------------------------------------
7/81
(1000, 1, 1e-07, 0.001)
val_acc_mean = 0.9778
time: 737.0105037689209
-------------------------------------------------------------------------
8/81
(1000, 1, 1e-07, 1e-05)
val_acc_mean = 0.9855166666666667
time: 764.3357939720154
-------------------------------------------------------------------------
9/81
(1000, 1, 1e-07, 1e-07)
val_acc_mean = 0.9858666666666668
time: 745.8679020404816
-------------------------------------------------------------------------
10/81
(1000, 0.1, 0.001, 0.001)
val_acc_mean = 0.9079666666666666
time: 746.594523191452
-------------------------------------------------------------------------
11/81
(1000, 0.1, 0.001, 1e-05)
val_acc_mean = 0.91205
time: 741.2686629295349
-------------------------------------------------------------------------
12/81
(1000, 0.1, 0.001, 1e-07)
val_acc_mean = 0.91245
time: 752.0195269584656
-------------------------------------------------------------------------
13/81
(1000, 0.1, 1e-05, 0.001)
val_acc_mean = 0.9526333333333333
time: 751.7220873832703
-------------------------------------------------------------------------
14/81
(1000, 0.1, 1e-05, 1e-05)
val_acc_mean = 0.9652666666666667
time: 745.385071516037
-------------------------------------------------------------------------
15/81
(1000, 0.1, 1e-05, 1e-07)
val_acc_mean = 0.9658666666666667
time: 745.0051774978638
-------------------------------------------------------------------------
16/81
(1000, 0.1, 1e-07, 0.001)
val_acc_mean = 0.9557166666666668
time: 745.4603414535522
-------------------------------------------------------------------------
17/81
(1000, 0.1, 1e-07, 1e-05)
val_acc_mean = 0.9678166666666665
time: 739.7632484436035
-------------------------------------------------------------------------
18/81
(1000, 0.1, 1e-07, 1e-07)
val_acc_mean = 0.9681000000000001
time: 745.6908643245697
-------------------------------------------------------------------------
19/81
(1000, 0.01, 0.001, 0.001)
val_acc_mean = 0.9011166666666666
time: 743.5625424385071
-------------------------------------------------------------------------
20/81
(1000, 0.01, 0.001, 1e-05)
val_acc_mean = 0.9039333333333334
time: 770.1511542797089
-------------------------------------------------------------------------
21/81
(1000, 0.01, 0.001, 1e-07)
val_acc_mean = 0.9030666666666667
time: 781.9775426387787
-------------------------------------------------------------------------
22/81
(1000, 0.01, 1e-05, 0.001)
val_acc_mean = 0.9176333333333334
time: 769.3379576206207
-------------------------------------------------------------------------
23/81
(1000, 0.01, 1e-05, 1e-05)
val_acc_mean = 0.9251999999999999
time: 764.1365883350372
-------------------------------------------------------------------------
24/81
(1000, 0.01, 1e-05, 1e-07)
val_acc_mean = 0.92415
time: 775.089269399643
-------------------------------------------------------------------------
25/81
(1000, 0.01, 1e-07, 0.001)
val_acc_mean = 0.9174999999999999
time: 778.2394788265228
-------------------------------------------------------------------------
26/81
(1000, 0.01, 1e-07, 1e-05)
val_acc_mean = 0.9241666666666667
time: 768.1767320632935
-------------------------------------------------------------------------
27/81
(1000, 0.01, 1e-07, 1e-07)
val_acc_mean = 0.9249666666666666
time: 752.7047004699707
-------------------------------------------------------------------------
28/81
(3000, 1, 0.001, 0.001)
val_acc_mean = 0.9054333333333334
time: 793.2219076156616
-------------------------------------------------------------------------
29/81
(3000, 1, 0.001, 1e-05)
val_acc_mean = 0.9073166666666668
time: 785.2696719169617
-------------------------------------------------------------------------
30/81
(3000, 1, 0.001, 1e-07)
val_acc_mean = 0.9045333333333334
time: 784.8979902267456
-------------------------------------------------------------------------
31/81
(3000, 1, 1e-05, 0.001)
val_acc_mean = 0.9666333333333332
time: 789.6692774295807
-------------------------------------------------------------------------
32/81
(3000, 1, 1e-05, 1e-05)
val_acc_mean = 0.9733
time: 786.8632705211639
-------------------------------------------------------------------------
33/81
(3000, 1, 1e-05, 1e-07)
val_acc_mean = 0.9720333333333333
time: 791.0032784938812
-------------------------------------------------------------------------
34/81
(3000, 1, 1e-07, 0.001)
val_acc_mean = 0.9788166666666667
time: 789.6680638790131
-------------------------------------------------------------------------
35/81
(3000, 1, 1e-07, 1e-05)
val_acc_mean = 0.9857166666666666
time: 781.9899191856384
-------------------------------------------------------------------------
36/81
(3000, 1, 1e-07, 1e-07)
val_acc_mean = 0.9871333333333332
time: 786.8454117774963
-------------------------------------------------------------------------
37/81
(3000, 0.1, 0.001, 0.001)
val_acc_mean = 0.9082333333333332
time: 789.5919075012207
-------------------------------------------------------------------------
38/81
(3000, 0.1, 0.001, 1e-05)
val_acc_mean = 0.9124833333333333
time: 786.2423894405365
-------------------------------------------------------------------------
39/81
(3000, 0.1, 0.001, 1e-07)
val_acc_mean = 0.9125833333333333
time: 775.6147320270538
-------------------------------------------------------------------------
40/81
(3000, 0.1, 1e-05, 0.001)
val_acc_mean = 0.9526666666666668
time: 794.0066084861755
-------------------------------------------------------------------------
41/81
(3000, 0.1, 1e-05, 1e-05)
val_acc_mean = 0.9650833333333333
time: 788.2954926490784
-------------------------------------------------------------------------
42/81
(3000, 0.1, 1e-05, 1e-07)
val_acc_mean = 0.9648833333333334
time: 778.4370663166046
-------------------------------------------------------------------------
43/81
(3000, 0.1, 1e-07, 0.001)
val_acc_mean = 0.9558333333333333
time: 783.3436169624329
-------------------------------------------------------------------------
44/81
(3000, 0.1, 1e-07, 1e-05)
val_acc_mean = 0.9685333333333332
time: 785.842791557312
-------------------------------------------------------------------------
45/81
(3000, 0.1, 1e-07, 1e-07)
val_acc_mean = 0.9678333333333333
time: 791.8440783023834
-------------------------------------------------------------------------
46/81
(3000, 0.01, 0.001, 0.001)
val_acc_mean = 0.9012333333333332
time: 799.0897948741913
-------------------------------------------------------------------------
47/81
(3000, 0.01, 0.001, 1e-05)
val_acc_mean = 0.9031833333333333
time: 790.2066395282745
-------------------------------------------------------------------------
48/81
(3000, 0.01, 0.001, 1e-07)
val_acc_mean = 0.9008166666666668
time: 788.6343162059784
-------------------------------------------------------------------------
49/81
(3000, 0.01, 1e-05, 0.001)
val_acc_mean = 0.9183999999999999
time: 785.8107450008392
-------------------------------------------------------------------------
50/81
(3000, 0.01, 1e-05, 1e-05)
val_acc_mean = 0.9251000000000001
time: 788.9908924102783
-------------------------------------------------------------------------
51/81
(3000, 0.01, 1e-05, 1e-07)
val_acc_mean = 0.924
time: 782.992833852768
-------------------------------------------------------------------------
52/81
(3000, 0.01, 1e-07, 0.001)
val_acc_mean = 0.91815
time: 781.847639799118
-------------------------------------------------------------------------
53/81
(3000, 0.01, 1e-07, 1e-05)
val_acc_mean = 0.9266666666666667
time: 795.4071171283722
-------------------------------------------------------------------------
54/81
(3000, 0.01, 1e-07, 1e-07)
val_acc_mean = 0.9238666666666667
time: 779.594603061676
-------------------------------------------------------------------------
55/81
(5000, 1, 0.001, 0.001)
val_acc_mean = 0.90535
time: 791.5259976387024
-------------------------------------------------------------------------
56/81
(5000, 1, 0.001, 1e-05)
val_acc_mean = 0.9052333333333333
time: 787.4919855594635
-------------------------------------------------------------------------
57/81
(5000, 1, 0.001, 1e-07)
val_acc_mean = 0.9045666666666665
time: 779.7688117027283
-------------------------------------------------------------------------
58/81
(5000, 1, 1e-05, 0.001)
val_acc_mean = 0.9670166666666666
time: 778.8571140766144
-------------------------------------------------------------------------
59/81
(5000, 1, 1e-05, 1e-05)
val_acc_mean = 0.9727499999999999
time: 775.9818382263184
-------------------------------------------------------------------------
60/81
(5000, 1, 1e-05, 1e-07)
val_acc_mean = 0.9747999999999999
time: 780.2338705062866
-------------------------------------------------------------------------
61/81
(5000, 1, 1e-07, 0.001)
val_acc_mean = 0.9789166666666667
time: 780.8913006782532
-------------------------------------------------------------------------
62/81
(5000, 1, 1e-07, 1e-05)
val_acc_mean = 0.9866166666666667
time: 777.970630645752
-------------------------------------------------------------------------
63/81
(5000, 1, 1e-07, 1e-07)
val_acc_mean = 0.9878
time: 788.6382610797882
-------------------------------------------------------------------------
64/81
(5000, 0.1, 0.001, 0.001)
val_acc_mean = 0.9084166666666667
time: 779.0395104885101
-------------------------------------------------------------------------
65/81
(5000, 0.1, 0.001, 1e-05)
val_acc_mean = 0.9126333333333333
time: 787.2414190769196
-------------------------------------------------------------------------
66/81
(5000, 0.1, 0.001, 1e-07)
val_acc_mean = 0.9126666666666667
time: 788.7970848083496
-------------------------------------------------------------------------
67/81
(5000, 0.1, 1e-05, 0.001)
val_acc_mean = 0.9531166666666667
time: 783.9614064693451
-------------------------------------------------------------------------
68/81
(5000, 0.1, 1e-05, 1e-05)
val_acc_mean = 0.9648833333333334
time: 771.9647490978241
-------------------------------------------------------------------------
69/81
(5000, 0.1, 1e-05, 1e-07)
val_acc_mean = 0.9657666666666668
time: 772.255574464798
-------------------------------------------------------------------------
70/81
(5000, 0.1, 1e-07, 0.001)
val_acc_mean = 0.9558666666666668
time: 784.7812452316284
-------------------------------------------------------------------------
71/81
(5000, 0.1, 1e-07, 1e-05)
val_acc_mean = 0.9681
time: 783.4446320533752
-------------------------------------------------------------------------
72/81
(5000, 0.1, 1e-07, 1e-07)
val_acc_mean = 0.9688500000000001
time: 783.9864377975464
-------------------------------------------------------------------------
73/81
(5000, 0.01, 0.001, 0.001)
val_acc_mean = 0.9024333333333334
time: 785.1142983436584
-------------------------------------------------------------------------
74/81
(5000, 0.01, 0.001, 1e-05)
val_acc_mean = 0.9045499999999999
time: 785.0130300521851
-------------------------------------------------------------------------
75/81
(5000, 0.01, 0.001, 1e-07)
val_acc_mean = 0.9038166666666667
time: 783.732470035553
-------------------------------------------------------------------------
76/81
(5000, 0.01, 1e-05, 0.001)
val_acc_mean = 0.9183333333333333
time: 778.7688443660736
-------------------------------------------------------------------------
77/81
(5000, 0.01, 1e-05, 1e-05)
val_acc_mean = 0.9259666666666666
time: 778.1489059925079
-------------------------------------------------------------------------
78/81
(5000, 0.01, 1e-05, 1e-07)
val_acc_mean = 0.9238500000000001
time: 782.656622171402
-------------------------------------------------------------------------
79/81
(5000, 0.01, 1e-07, 0.001)
val_acc_mean = 0.9186166666666666
time: 776.2128095626831
-------------------------------------------------------------------------
80/81
(5000, 0.01, 1e-07, 1e-05)
val_acc_mean = 0.9253499999999999
time: 784.8195774555206
-------------------------------------------------------------------------
81/81
(5000, 0.01, 1e-07, 1e-07)
val_acc_mean = 0.9249333333333333
time: 789.1763379573822
-------------------------------------------------------------------------
best param
(5000, 1, 1e-07, 1e-07)
max_val_acc = 0.9878
